2023-08-11 17:43:24.074 +0530 [debug] ([34mconfigs.js[0m) [31mloaded default configs as "{"updates":{"manifest_url":"https://cdn.freshdev.io/assets/fdk/updates.json","period":24},"log":{"level":"info"},"javascript":{"ecma_version":2020},"request":{"timeout":5000}}"[0m
2023-08-11 17:43:24.076 +0530 [debug] ([34mfile.js[0m) [31mError while requiring C:\Users\Hariharan/.fdk/configs.json: Cannot find module 'C:\Users\Hariharan/.fdk/configs.json'
Require stack:
- C:\Users\Hariharan\AppData\Roaming\npm\node_modules\fdk\lib\utils\file.js
- C:\Users\Hariharan\AppData\Roaming\npm\node_modules\fdk\lib\configs.js
- C:\Users\Hariharan\AppData\Roaming\npm\node_modules\fdk\lib\logger.js
- C:\Users\Hariharan\AppData\Roaming\npm\node_modules\fdk\index.js[0m
2023-08-11 17:43:24.076 +0530 [debug] ([34mconfigs.js[0m) [31mloaded global configs as "{}"[0m
2023-08-11 17:43:24.076 +0530 [debug] ([34mfile.js[0m) [31mError while requiring C:\Users\Hariharan\Documents\freshdeskConfigurationPage\dynamic_iparams/.fdk/configs.json: Cannot find module 'C:\Users\Hariharan\Documents\freshdeskConfigurationPage\dynamic_iparams/.fdk/configs.json'
Require stack:
- C:\Users\Hariharan\AppData\Roaming\npm\node_modules\fdk\lib\utils\file.js
- C:\Users\Hariharan\AppData\Roaming\npm\node_modules\fdk\lib\configs.js
- C:\Users\Hariharan\AppData\Roaming\npm\node_modules\fdk\lib\logger.js
- C:\Users\Hariharan\AppData\Roaming\npm\node_modules\fdk\index.js[0m
2023-08-11 17:43:24.077 +0530 [debug] ([34mconfigs.js[0m) [31mloaded local configs as "{}"[0m
2023-08-11 17:43:24.077 +0530 [debug] ([34mconfigs.js[0m) [31mloaded env configs as "{"updates":{},"log":{},"javascript":{},"request":{"timeout":5000}}"[0m
2023-08-11 17:43:24.077 +0530 [debug] ([34mconfigs.js[0m) [31mloaded resolved configs as "{"updates":{"manifest_url":"https://cdn.freshdev.io/assets/fdk/updates.json","period":24},"log":{"level":"info"},"javascript":{"ecma_version":2020},"request":{"timeout":5000}}"[0m
2023-08-11 17:43:24.077 +0530 [debug] ([34mlogger.js[0m) [31mStarting FDK in node v18.16.1 on win32[0m
2023-08-11 17:43:24.077 +0530 [debug] ([34msequelize.js[0m) [31msetting up sqilite at "C:\Users\Hariharan\Documents\freshdeskConfigurationPage\dynamic_iparams/.fdk/store.sqlite"[0m
2023-08-11 17:43:24.077 +0530 [debug] ([34mdata.js[0m) [31mRead {"version_details":{"cli":{"deprecated":{"version":"<9","message":"This FDK version will be deprecated by September 30, 2023 There will be no further feature updates to this version. For a seamless app building experience, ensure to move to the latest FDK version. For more information, see https://developers.freshdesk.com/v2/docs/migration-overview/#latest_platform_version_migration."},"forced":{"version":"7.0.0","command":"npm install https://dl.freshdev.io/cli/fdk-7.0.0.tgz -g","message":"Your FDK version has been forced updated to v7.0.0, please visit https://community.developers.freshworks.com/t/fdk-v7-0-announcing-node-js-v12-and-es6-support/3606 to know more"},"latest":{"version":"9.0.4","command":"npm install https://cdn.freshdev.io/fdk/latest.tgz -g","message":"You are on the latest FDK version. For information on the features available as part of this FDK version, see https://developers.freshdesk.com/v2/docs/what's-new/ ."}},"addon":{"version":"1.13.5","url":"https://cdn.freshdev.io/assets/fdk/addons/addon.zip"}},"last_updated":{"time_stamp":1691752013848}}[0m
2023-08-11 17:43:24.077 +0530 [debug] ([34mupdater.js[0m) [31mlast check less than 24 hours ago, not looking for updates[0m
2023-08-11 17:43:24.080 +0530 [debug] ([34mindex.js[0m) [31mrunning with opts {}[0m
2023-08-11 17:43:24.260 +0530 [debug] ([34mmanifest.js[0m) [31mReloading manifest with {"platform-version":"2.0","product":{"freshdesk":{"location":{"ticket_sidebar":{"url":"template.html","icon":"./assets/img/icon.svg"}}}},"whitelisted-domains":["https://httpbin.org"]}.[0m
2023-08-11 17:43:24.261 +0530 [debug] ([34mmanifest.js[0m) [31mInferred db as features.[0m
2023-08-11 17:43:24.262 +0530 [debug] ([34mdata.js[0m) [31mRead {"version_details":{"cli":{"deprecated":{"version":"<9","message":"This FDK version will be deprecated by September 30, 2023 There will be no further feature updates to this version. For a seamless app building experience, ensure to move to the latest FDK version. For more information, see https://developers.freshdesk.com/v2/docs/migration-overview/#latest_platform_version_migration."},"forced":{"version":"7.0.0","command":"npm install https://dl.freshdev.io/cli/fdk-7.0.0.tgz -g","message":"Your FDK version has been forced updated to v7.0.0, please visit https://community.developers.freshworks.com/t/fdk-v7-0-announcing-node-js-v12-and-es6-support/3606 to know more"},"latest":{"version":"9.0.4","command":"npm install https://cdn.freshdev.io/fdk/latest.tgz -g","message":"You are on the latest FDK version. For information on the features available as part of this FDK version, see https://developers.freshdesk.com/v2/docs/what's-new/ ."}},"addon":{"version":"1.13.5","url":"https://cdn.freshdev.io/assets/fdk/addons/addon.zip"}},"last_updated":{"time_stamp":1691752013848}}[0m
2023-08-11 17:43:24.275 +0530 [debug] ([34mdata.js[0m) [31mRead {"version_details":{"cli":{"deprecated":{"version":"<9","message":"This FDK version will be deprecated by September 30, 2023 There will be no further feature updates to this version. For a seamless app building experience, ensure to move to the latest FDK version. For more information, see https://developers.freshdesk.com/v2/docs/migration-overview/#latest_platform_version_migration."},"forced":{"version":"7.0.0","command":"npm install https://dl.freshdev.io/cli/fdk-7.0.0.tgz -g","message":"Your FDK version has been forced updated to v7.0.0, please visit https://community.developers.freshworks.com/t/fdk-v7-0-announcing-node-js-v12-and-es6-support/3606 to know more"},"latest":{"version":"9.0.4","command":"npm install https://cdn.freshdev.io/fdk/latest.tgz -g","message":"You are on the latest FDK version. For information on the features available as part of this FDK version, see https://developers.freshdesk.com/v2/docs/what's-new/ ."}},"addon":{"version":"1.13.5","url":"https://cdn.freshdev.io/assets/fdk/addons/addon.zip"}},"last_updated":{"time_stamp":1691752013848}}[0m
2023-08-11 17:43:24.444 +0530 [debug] ([34mfile.js[0m) [31mError while requiring C:\Users\Hariharan\Documents\freshdeskConfigurationPage\dynamic_iparams/.report.json: Cannot find module 'C:\Users\Hariharan\Documents\freshdeskConfigurationPage\dynamic_iparams/.report.json'
Require stack:
- C:\Users\Hariharan\AppData\Roaming\npm\node_modules\fdk\lib\utils\file.js
- C:\Users\Hariharan\AppData\Roaming\npm\node_modules\fdk\lib\configs.js
- C:\Users\Hariharan\AppData\Roaming\npm\node_modules\fdk\lib\logger.js
- C:\Users\Hariharan\AppData\Roaming\npm\node_modules\fdk\index.js[0m
2023-08-11 17:43:25.171 +0530 [debug] ([34mdata.js[0m) [31mRead {"version_details":{"cli":{"deprecated":{"version":"<9","message":"This FDK version will be deprecated by September 30, 2023 There will be no further feature updates to this version. For a seamless app building experience, ensure to move to the latest FDK version. For more information, see https://developers.freshdesk.com/v2/docs/migration-overview/#latest_platform_version_migration."},"forced":{"version":"7.0.0","command":"npm install https://dl.freshdev.io/cli/fdk-7.0.0.tgz -g","message":"Your FDK version has been forced updated to v7.0.0, please visit https://community.developers.freshworks.com/t/fdk-v7-0-announcing-node-js-v12-and-es6-support/3606 to know more"},"latest":{"version":"9.0.4","command":"npm install https://cdn.freshdev.io/fdk/latest.tgz -g","message":"You are on the latest FDK version. For information on the features available as part of this FDK version, see https://developers.freshdesk.com/v2/docs/what's-new/ ."}},"addon":{"version":"1.13.5","url":"https://cdn.freshdev.io/assets/fdk/addons/addon.zip"}},"last_updated":{"time_stamp":1691752013848}}[0m
2023-08-11 17:43:25.985 +0530 [debug] ([34mvalidate.js[0m) [31masked to skip the following validations, [0m
2023-08-11 17:43:25.986 +0530 [debug] ([34mvalidate.js[0m) [31mrunning validator actions[0m
2023-08-11 17:43:25.986 +0530 [debug] ([34mvalidate.js[0m) [31mrunning validator requests[0m
2023-08-11 17:43:25.986 +0530 [debug] ([34mvalidate.js[0m) [31mrunning validator app-dir[0m
2023-08-11 17:43:25.987 +0530 [debug] ([34mvalidate.js[0m) [31mrunning validator config-dir[0m
2023-08-11 17:43:25.987 +0530 [debug] ([34mconfig-dir.js[0m) [31mChecking to see if C:\Users\Hariharan\Documents\freshdeskConfigurationPage\dynamic_iparams/config/ exists.[0m
2023-08-11 17:43:25.987 +0530 [debug] ([34mconfig-dir.js[0m) [31mFetched the following config files assets,iparams.json[0m
2023-08-11 17:43:25.987 +0530 [debug] ([34mvalidate.js[0m) [31mrunning validator custom-objects[0m
2023-08-11 17:43:25.987 +0530 [debug] ([34mvalidate.js[0m) [31mrunning validator event[0m
2023-08-11 17:43:25.987 +0530 [debug] ([34mvalidate.js[0m) [31mrunning validator iparam[0m
2023-08-11 17:43:26.000 +0530 [debug] ([34mvalidate.js[0m) [31mrunning validator lint[0m
2023-08-11 17:43:26.000 +0530 [debug] ([34mlint.js[0m) [31mpassed fix flag: undefined[0m
2023-08-11 17:43:26.001 +0530 [debug] ([34mvalidate.js[0m) [31mrunning validator manifest[0m
2023-08-11 17:43:26.001 +0530 [debug] ([34mvalidate.js[0m) [31mskipping validator manifest-dependency[0m
2023-08-11 17:43:26.001 +0530 [debug] ([34mvalidate.js[0m) [31mrunning validator oauth[0m
2023-08-11 17:43:26.001 +0530 [debug] ([34mvalidate.js[0m) [31mskipping validator pkgsize[0m
2023-08-11 17:43:26.001 +0530 [debug] ([34mvalidate.js[0m) [31mrunning validator schema[0m
2023-08-11 17:43:26.002 +0530 [debug] ([34mvalidate.js[0m) [31mrunning validator version-check[0m
2023-08-11 17:43:26.002 +0530 [warn] [33m[WARN][0m App was developed in Node.js runtime 10 or below, and is currently being executed in v18.16.1
2023-08-11 17:44:08.662 +0530 [error] The local server could not be started due to the following issue(s):
2023-08-11 17:45:14.467 +0530 [debug] ([34mconfigs.js[0m) [31mloaded default configs as "{"updates":{"manifest_url":"https://cdn.freshdev.io/assets/fdk/updates.json","period":24},"log":{"level":"info"},"javascript":{"ecma_version":2020},"request":{"timeout":5000}}"[0m
2023-08-11 17:45:14.468 +0530 [debug] ([34mfile.js[0m) [31mError while requiring C:\Users\Hariharan/.fdk/configs.json: Cannot find module 'C:\Users\Hariharan/.fdk/configs.json'
Require stack:
- C:\Users\Hariharan\AppData\Roaming\npm\node_modules\fdk\lib\utils\file.js
- C:\Users\Hariharan\AppData\Roaming\npm\node_modules\fdk\lib\configs.js
- C:\Users\Hariharan\AppData\Roaming\npm\node_modules\fdk\lib\logger.js
- C:\Users\Hariharan\AppData\Roaming\npm\node_modules\fdk\index.js[0m
2023-08-11 17:45:14.468 +0530 [debug] ([34mconfigs.js[0m) [31mloaded global configs as "{}"[0m
2023-08-11 17:45:14.469 +0530 [debug] ([34mfile.js[0m) [31mError while requiring C:\Users\Hariharan\Documents\freshdeskConfigurationPage\dynamic_iparams/.fdk/configs.json: Cannot find module 'C:\Users\Hariharan\Documents\freshdeskConfigurationPage\dynamic_iparams/.fdk/configs.json'
Require stack:
- C:\Users\Hariharan\AppData\Roaming\npm\node_modules\fdk\lib\utils\file.js
- C:\Users\Hariharan\AppData\Roaming\npm\node_modules\fdk\lib\configs.js
- C:\Users\Hariharan\AppData\Roaming\npm\node_modules\fdk\lib\logger.js
- C:\Users\Hariharan\AppData\Roaming\npm\node_modules\fdk\index.js[0m
2023-08-11 17:45:14.469 +0530 [debug] ([34mconfigs.js[0m) [31mloaded local configs as "{}"[0m
2023-08-11 17:45:14.469 +0530 [debug] ([34mconfigs.js[0m) [31mloaded env configs as "{"updates":{},"log":{},"javascript":{},"request":{"timeout":5000}}"[0m
2023-08-11 17:45:14.469 +0530 [debug] ([34mconfigs.js[0m) [31mloaded resolved configs as "{"updates":{"manifest_url":"https://cdn.freshdev.io/assets/fdk/updates.json","period":24},"log":{"level":"info"},"javascript":{"ecma_version":2020},"request":{"timeout":5000}}"[0m
2023-08-11 17:45:14.469 +0530 [debug] ([34mlogger.js[0m) [31mStarting FDK in node v18.16.1 on win32[0m
2023-08-11 17:45:14.469 +0530 [debug] ([34msequelize.js[0m) [31msetting up sqilite at "C:\Users\Hariharan\Documents\freshdeskConfigurationPage\dynamic_iparams/.fdk/store.sqlite"[0m
2023-08-11 17:45:14.469 +0530 [debug] ([34mdata.js[0m) [31mRead {"version_details":{"cli":{"deprecated":{"version":"<9","message":"This FDK version will be deprecated by September 30, 2023 There will be no further feature updates to this version. For a seamless app building experience, ensure to move to the latest FDK version. For more information, see https://developers.freshdesk.com/v2/docs/migration-overview/#latest_platform_version_migration."},"forced":{"version":"7.0.0","command":"npm install https://dl.freshdev.io/cli/fdk-7.0.0.tgz -g","message":"Your FDK version has been forced updated to v7.0.0, please visit https://community.developers.freshworks.com/t/fdk-v7-0-announcing-node-js-v12-and-es6-support/3606 to know more"},"latest":{"version":"9.0.4","command":"npm install https://cdn.freshdev.io/fdk/latest.tgz -g","message":"You are on the latest FDK version. For information on the features available as part of this FDK version, see https://developers.freshdesk.com/v2/docs/what's-new/ ."}},"addon":{"version":"1.13.5","url":"https://cdn.freshdev.io/assets/fdk/addons/addon.zip"}},"last_updated":{"time_stamp":1691752013848}}[0m
2023-08-11 17:45:14.469 +0530 [debug] ([34mupdater.js[0m) [31mlast check less than 24 hours ago, not looking for updates[0m
2023-08-11 17:45:14.472 +0530 [debug] ([34mindex.js[0m) [31mrunning with opts {}[0m
2023-08-11 17:45:14.644 +0530 [debug] ([34mmanifest.js[0m) [31mReloading manifest with {"platform-version":"2.3","product":{"freshdesk":{"location":{"ticket_sidebar":{"url":"template.html","icon":"./assets/img/icon.svg"}}}}}.[0m
2023-08-11 17:45:14.644 +0530 [debug] ([34mmanifest.js[0m) [31mInferred db as features.[0m
2023-08-11 17:45:14.646 +0530 [debug] ([34mdata.js[0m) [31mRead {"version_details":{"cli":{"deprecated":{"version":"<9","message":"This FDK version will be deprecated by September 30, 2023 There will be no further feature updates to this version. For a seamless app building experience, ensure to move to the latest FDK version. For more information, see https://developers.freshdesk.com/v2/docs/migration-overview/#latest_platform_version_migration."},"forced":{"version":"7.0.0","command":"npm install https://dl.freshdev.io/cli/fdk-7.0.0.tgz -g","message":"Your FDK version has been forced updated to v7.0.0, please visit https://community.developers.freshworks.com/t/fdk-v7-0-announcing-node-js-v12-and-es6-support/3606 to know more"},"latest":{"version":"9.0.4","command":"npm install https://cdn.freshdev.io/fdk/latest.tgz -g","message":"You are on the latest FDK version. For information on the features available as part of this FDK version, see https://developers.freshdesk.com/v2/docs/what's-new/ ."}},"addon":{"version":"1.13.5","url":"https://cdn.freshdev.io/assets/fdk/addons/addon.zip"}},"last_updated":{"time_stamp":1691752013848}}[0m
2023-08-11 17:45:14.659 +0530 [debug] ([34mdata.js[0m) [31mRead {"version_details":{"cli":{"deprecated":{"version":"<9","message":"This FDK version will be deprecated by September 30, 2023 There will be no further feature updates to this version. For a seamless app building experience, ensure to move to the latest FDK version. For more information, see https://developers.freshdesk.com/v2/docs/migration-overview/#latest_platform_version_migration."},"forced":{"version":"7.0.0","command":"npm install https://dl.freshdev.io/cli/fdk-7.0.0.tgz -g","message":"Your FDK version has been forced updated to v7.0.0, please visit https://community.developers.freshworks.com/t/fdk-v7-0-announcing-node-js-v12-and-es6-support/3606 to know more"},"latest":{"version":"9.0.4","command":"npm install https://cdn.freshdev.io/fdk/latest.tgz -g","message":"You are on the latest FDK version. For information on the features available as part of this FDK version, see https://developers.freshdesk.com/v2/docs/what's-new/ ."}},"addon":{"version":"1.13.5","url":"https://cdn.freshdev.io/assets/fdk/addons/addon.zip"}},"last_updated":{"time_stamp":1691752013848}}[0m
2023-08-11 17:45:15.518 +0530 [debug] ([34mdata.js[0m) [31mRead {"version_details":{"cli":{"deprecated":{"version":"<9","message":"This FDK version will be deprecated by September 30, 2023 There will be no further feature updates to this version. For a seamless app building experience, ensure to move to the latest FDK version. For more information, see https://developers.freshdesk.com/v2/docs/migration-overview/#latest_platform_version_migration."},"forced":{"version":"7.0.0","command":"npm install https://dl.freshdev.io/cli/fdk-7.0.0.tgz -g","message":"Your FDK version has been forced updated to v7.0.0, please visit https://community.developers.freshworks.com/t/fdk-v7-0-announcing-node-js-v12-and-es6-support/3606 to know more"},"latest":{"version":"9.0.4","command":"npm install https://cdn.freshdev.io/fdk/latest.tgz -g","message":"You are on the latest FDK version. For information on the features available as part of this FDK version, see https://developers.freshdesk.com/v2/docs/what's-new/ ."}},"addon":{"version":"1.13.5","url":"https://cdn.freshdev.io/assets/fdk/addons/addon.zip"}},"last_updated":{"time_stamp":1691752013848}}[0m
2023-08-11 17:45:16.317 +0530 [debug] ([34mvalidate.js[0m) [31masked to skip the following validations, [0m
2023-08-11 17:45:16.317 +0530 [debug] ([34mvalidate.js[0m) [31mrunning validator actions[0m
2023-08-11 17:45:16.317 +0530 [debug] ([34mvalidate.js[0m) [31mrunning validator requests[0m
2023-08-11 17:45:16.317 +0530 [debug] ([34mvalidate.js[0m) [31mrunning validator app-dir[0m
2023-08-11 17:45:16.318 +0530 [debug] ([34mvalidate.js[0m) [31mrunning validator config-dir[0m
2023-08-11 17:45:16.318 +0530 [debug] ([34mconfig-dir.js[0m) [31mChecking to see if C:\Users\Hariharan\Documents\freshdeskConfigurationPage\dynamic_iparams/config/ exists.[0m
2023-08-11 17:45:16.318 +0530 [debug] ([34mconfig-dir.js[0m) [31mFetched the following config files assets,iparams.json[0m
2023-08-11 17:45:16.318 +0530 [debug] ([34mvalidate.js[0m) [31mrunning validator custom-objects[0m
2023-08-11 17:45:16.319 +0530 [debug] ([34mvalidate.js[0m) [31mrunning validator event[0m
2023-08-11 17:45:16.319 +0530 [debug] ([34mvalidate.js[0m) [31mrunning validator iparam[0m
2023-08-11 17:45:16.331 +0530 [debug] ([34mvalidate.js[0m) [31mrunning validator lint[0m
2023-08-11 17:45:16.331 +0530 [debug] ([34mlint.js[0m) [31mpassed fix flag: undefined[0m
2023-08-11 17:45:16.333 +0530 [debug] ([34mvalidate.js[0m) [31mrunning validator manifest[0m
2023-08-11 17:45:16.333 +0530 [debug] ([34mvalidate.js[0m) [31mskipping validator manifest-dependency[0m
2023-08-11 17:45:16.333 +0530 [debug] ([34mvalidate.js[0m) [31mrunning validator oauth[0m
2023-08-11 17:45:16.333 +0530 [debug] ([34mvalidate.js[0m) [31mskipping validator pkgsize[0m
2023-08-11 17:45:16.333 +0530 [debug] ([34mvalidate.js[0m) [31mrunning validator schema[0m
2023-08-11 17:45:16.333 +0530 [debug] ([34mvalidate.js[0m) [31mrunning validator version-check[0m
2023-08-11 17:45:16.334 +0530 [warn] [33m[WARN][0m App was developed in Node.js runtime 10 or below, and is currently being executed in v18.16.1
2023-08-11 17:45:18.500 +0530 [error] The local server could not be started due to the following issue(s):
2023-08-11 17:48:45.165 +0530 [debug] ([34mconfigs.js[0m) [31mloaded default configs as "{"updates":{"manifest_url":"https://cdn.freshdev.io/assets/fdk/updates.json","period":24},"log":{"level":"info"},"javascript":{"ecma_version":2020},"request":{"timeout":5000}}"[0m
2023-08-11 17:48:45.167 +0530 [debug] ([34mfile.js[0m) [31mError while requiring C:\Users\Hariharan/.fdk/configs.json: Cannot find module 'C:\Users\Hariharan/.fdk/configs.json'
Require stack:
- C:\Users\Hariharan\AppData\Roaming\npm\node_modules\fdk\lib\utils\file.js
- C:\Users\Hariharan\AppData\Roaming\npm\node_modules\fdk\lib\configs.js
- C:\Users\Hariharan\AppData\Roaming\npm\node_modules\fdk\lib\logger.js
- C:\Users\Hariharan\AppData\Roaming\npm\node_modules\fdk\index.js[0m
2023-08-11 17:48:45.167 +0530 [debug] ([34mconfigs.js[0m) [31mloaded global configs as "{}"[0m
2023-08-11 17:48:45.167 +0530 [debug] ([34mfile.js[0m) [31mError while requiring C:\Users\Hariharan\Documents\freshdeskConfigurationPage\dynamic_iparams/.fdk/configs.json: Cannot find module 'C:\Users\Hariharan\Documents\freshdeskConfigurationPage\dynamic_iparams/.fdk/configs.json'
Require stack:
- C:\Users\Hariharan\AppData\Roaming\npm\node_modules\fdk\lib\utils\file.js
- C:\Users\Hariharan\AppData\Roaming\npm\node_modules\fdk\lib\configs.js
- C:\Users\Hariharan\AppData\Roaming\npm\node_modules\fdk\lib\logger.js
- C:\Users\Hariharan\AppData\Roaming\npm\node_modules\fdk\index.js[0m
2023-08-11 17:48:45.167 +0530 [debug] ([34mconfigs.js[0m) [31mloaded local configs as "{}"[0m
2023-08-11 17:48:45.167 +0530 [debug] ([34mconfigs.js[0m) [31mloaded env configs as "{"updates":{},"log":{},"javascript":{},"request":{"timeout":5000}}"[0m
2023-08-11 17:48:45.167 +0530 [debug] ([34mconfigs.js[0m) [31mloaded resolved configs as "{"updates":{"manifest_url":"https://cdn.freshdev.io/assets/fdk/updates.json","period":24},"log":{"level":"info"},"javascript":{"ecma_version":2020},"request":{"timeout":5000}}"[0m
2023-08-11 17:48:45.167 +0530 [debug] ([34mlogger.js[0m) [31mStarting FDK in node v18.16.1 on win32[0m
2023-08-11 17:48:45.167 +0530 [debug] ([34msequelize.js[0m) [31msetting up sqilite at "C:\Users\Hariharan\Documents\freshdeskConfigurationPage\dynamic_iparams/.fdk/store.sqlite"[0m
2023-08-11 17:48:45.168 +0530 [debug] ([34mdata.js[0m) [31mRead {"version_details":{"cli":{"deprecated":{"version":"<9","message":"This FDK version will be deprecated by September 30, 2023 There will be no further feature updates to this version. For a seamless app building experience, ensure to move to the latest FDK version. For more information, see https://developers.freshdesk.com/v2/docs/migration-overview/#latest_platform_version_migration."},"forced":{"version":"7.0.0","command":"npm install https://dl.freshdev.io/cli/fdk-7.0.0.tgz -g","message":"Your FDK version has been forced updated to v7.0.0, please visit https://community.developers.freshworks.com/t/fdk-v7-0-announcing-node-js-v12-and-es6-support/3606 to know more"},"latest":{"version":"9.0.4","command":"npm install https://cdn.freshdev.io/fdk/latest.tgz -g","message":"You are on the latest FDK version. For information on the features available as part of this FDK version, see https://developers.freshdesk.com/v2/docs/what's-new/ ."}},"addon":{"version":"1.13.5","url":"https://cdn.freshdev.io/assets/fdk/addons/addon.zip"}},"last_updated":{"time_stamp":1691752013848}}[0m
2023-08-11 17:48:45.168 +0530 [debug] ([34mupdater.js[0m) [31mlast check less than 24 hours ago, not looking for updates[0m
2023-08-11 17:48:45.171 +0530 [debug] ([34mindex.js[0m) [31mrunning with opts {}[0m
2023-08-11 17:48:45.355 +0530 [debug] ([34mmanifest.js[0m) [31mReloading manifest with {"platform-version":"2.3","product":{"freshdesk":{"location":{"ticket_sidebar":{"url":"template.html","icon":"./assets/img/icon.svg"}}}},"engines":{"node":"18.16.1","fdk":"8.6.6"}}.[0m
2023-08-11 17:48:45.355 +0530 [debug] ([34mmanifest.js[0m) [31mInferred db as features.[0m
2023-08-11 17:48:45.357 +0530 [debug] ([34mdata.js[0m) [31mRead {"version_details":{"cli":{"deprecated":{"version":"<9","message":"This FDK version will be deprecated by September 30, 2023 There will be no further feature updates to this version. For a seamless app building experience, ensure to move to the latest FDK version. For more information, see https://developers.freshdesk.com/v2/docs/migration-overview/#latest_platform_version_migration."},"forced":{"version":"7.0.0","command":"npm install https://dl.freshdev.io/cli/fdk-7.0.0.tgz -g","message":"Your FDK version has been forced updated to v7.0.0, please visit https://community.developers.freshworks.com/t/fdk-v7-0-announcing-node-js-v12-and-es6-support/3606 to know more"},"latest":{"version":"9.0.4","command":"npm install https://cdn.freshdev.io/fdk/latest.tgz -g","message":"You are on the latest FDK version. For information on the features available as part of this FDK version, see https://developers.freshdesk.com/v2/docs/what's-new/ ."}},"addon":{"version":"1.13.5","url":"https://cdn.freshdev.io/assets/fdk/addons/addon.zip"}},"last_updated":{"time_stamp":1691752013848}}[0m
2023-08-11 17:48:45.370 +0530 [debug] ([34mdata.js[0m) [31mRead {"version_details":{"cli":{"deprecated":{"version":"<9","message":"This FDK version will be deprecated by September 30, 2023 There will be no further feature updates to this version. For a seamless app building experience, ensure to move to the latest FDK version. For more information, see https://developers.freshdesk.com/v2/docs/migration-overview/#latest_platform_version_migration."},"forced":{"version":"7.0.0","command":"npm install https://dl.freshdev.io/cli/fdk-7.0.0.tgz -g","message":"Your FDK version has been forced updated to v7.0.0, please visit https://community.developers.freshworks.com/t/fdk-v7-0-announcing-node-js-v12-and-es6-support/3606 to know more"},"latest":{"version":"9.0.4","command":"npm install https://cdn.freshdev.io/fdk/latest.tgz -g","message":"You are on the latest FDK version. For information on the features available as part of this FDK version, see https://developers.freshdesk.com/v2/docs/what's-new/ ."}},"addon":{"version":"1.13.5","url":"https://cdn.freshdev.io/assets/fdk/addons/addon.zip"}},"last_updated":{"time_stamp":1691752013848}}[0m
2023-08-11 17:48:46.232 +0530 [debug] ([34mdata.js[0m) [31mRead {"version_details":{"cli":{"deprecated":{"version":"<9","message":"This FDK version will be deprecated by September 30, 2023 There will be no further feature updates to this version. For a seamless app building experience, ensure to move to the latest FDK version. For more information, see https://developers.freshdesk.com/v2/docs/migration-overview/#latest_platform_version_migration."},"forced":{"version":"7.0.0","command":"npm install https://dl.freshdev.io/cli/fdk-7.0.0.tgz -g","message":"Your FDK version has been forced updated to v7.0.0, please visit https://community.developers.freshworks.com/t/fdk-v7-0-announcing-node-js-v12-and-es6-support/3606 to know more"},"latest":{"version":"9.0.4","command":"npm install https://cdn.freshdev.io/fdk/latest.tgz -g","message":"You are on the latest FDK version. For information on the features available as part of this FDK version, see https://developers.freshdesk.com/v2/docs/what's-new/ ."}},"addon":{"version":"1.13.5","url":"https://cdn.freshdev.io/assets/fdk/addons/addon.zip"}},"last_updated":{"time_stamp":1691752013848}}[0m
2023-08-11 17:48:47.065 +0530 [debug] ([34mvalidate.js[0m) [31masked to skip the following validations, [0m
2023-08-11 17:48:47.065 +0530 [debug] ([34mvalidate.js[0m) [31mrunning validator actions[0m
2023-08-11 17:48:47.065 +0530 [debug] ([34mvalidate.js[0m) [31mrunning validator requests[0m
2023-08-11 17:48:47.065 +0530 [debug] ([34mvalidate.js[0m) [31mrunning validator app-dir[0m
2023-08-11 17:48:47.066 +0530 [debug] ([34mvalidate.js[0m) [31mrunning validator config-dir[0m
2023-08-11 17:48:47.066 +0530 [debug] ([34mconfig-dir.js[0m) [31mChecking to see if C:\Users\Hariharan\Documents\freshdeskConfigurationPage\dynamic_iparams/config/ exists.[0m
2023-08-11 17:48:47.066 +0530 [debug] ([34mconfig-dir.js[0m) [31mFetched the following config files assets,iparams.json[0m
2023-08-11 17:48:47.067 +0530 [debug] ([34mvalidate.js[0m) [31mrunning validator custom-objects[0m
2023-08-11 17:48:47.067 +0530 [debug] ([34mvalidate.js[0m) [31mrunning validator event[0m
2023-08-11 17:48:47.067 +0530 [debug] ([34mvalidate.js[0m) [31mrunning validator iparam[0m
2023-08-11 17:48:47.079 +0530 [debug] ([34mvalidate.js[0m) [31mrunning validator lint[0m
2023-08-11 17:48:47.079 +0530 [debug] ([34mlint.js[0m) [31mpassed fix flag: undefined[0m
2023-08-11 17:48:47.080 +0530 [debug] ([34mvalidate.js[0m) [31mrunning validator manifest[0m
2023-08-11 17:48:47.080 +0530 [debug] ([34mvalidate.js[0m) [31mskipping validator manifest-dependency[0m
2023-08-11 17:48:47.080 +0530 [debug] ([34mvalidate.js[0m) [31mrunning validator oauth[0m
2023-08-11 17:48:47.080 +0530 [debug] ([34mvalidate.js[0m) [31mskipping validator pkgsize[0m
2023-08-11 17:48:47.080 +0530 [debug] ([34mvalidate.js[0m) [31mrunning validator schema[0m
2023-08-11 17:48:47.081 +0530 [debug] ([34mvalidate.js[0m) [31mrunning validator version-check[0m
2023-08-11 17:48:47.083 +0530 [debug] ([34mwatcher.js[0m) [31mPreparing to watch the following files ./app,./config,./manifest.json[0m
2023-08-11 17:48:47.087 +0530 [debug] ([34mdata.js[0m) [31mRead {}[0m
2023-08-11 17:48:47.088 +0530 [debug] ([34mcustom-objects.js[0m) [31mto force or not? undefined[0m
2023-08-11 17:48:47.088 +0530 [debug] ([34mcustom-objects.js[0m) [31mbeginning to re-sync db[0m
2023-08-11 17:48:47.206 +0530 [debug] ([34mindex.js[0m) [31mloading model at "C:\Users\Hariharan\AppData\Roaming\npm\node_modules\fdk\lib\models\bigint-pivot.js"[0m
2023-08-11 17:48:47.207 +0530 [debug] ([34mindex.js[0m) [31mloading model at "C:\Users\Hariharan\AppData\Roaming\npm\node_modules\fdk\lib\models\entity-field-choice.js"[0m
2023-08-11 17:48:47.208 +0530 [debug] ([34mindex.js[0m) [31mloading model at "C:\Users\Hariharan\AppData\Roaming\npm\node_modules\fdk\lib\models\entity-field.js"[0m
2023-08-11 17:48:47.208 +0530 [debug] ([34mindex.js[0m) [31mloading model at "C:\Users\Hariharan\AppData\Roaming\npm\node_modules\fdk\lib\models\entity.js"[0m
2023-08-11 17:48:47.209 +0530 [debug] ([34mindex.js[0m) [31mloading model at "C:\Users\Hariharan\AppData\Roaming\npm\node_modules\fdk\lib\models\record.js"[0m
2023-08-11 17:48:47.210 +0530 [debug] ([34mindex.js[0m) [31mloading model at "C:\Users\Hariharan\AppData\Roaming\npm\node_modules\fdk\lib\models\string-pivot.js"[0m
2023-08-11 17:48:47.222 +0530 [debug] ([34mdata.js[0m) [31mRead {}[0m
2023-08-11 17:48:47.223 +0530 [debug] ([34mcustom-objects.js[0m) [31mupdated local store with latest entity hash[0m
2023-08-11 17:48:47.224 +0530 [info] Starting local testing server at http://*:10001/    
Append 'dev=true' to your Freshdesk account URL to start testing    
e.g. https://domain.freshdesk.com/a/tickets/1?dev=true    
Quit the server with Control-C.
2023-08-11 17:48:47.225 +0530 [info] To test the installation page, visit - http://localhost:10001/custom_configs
2023-08-11 17:51:42.488 +0530 [debug] ([34mdata.js[0m) [31mRead {}[0m
2023-08-11 17:51:42.489 +0530 [debug] ([34mdata.js[0m) [31mRead {}[0m
2023-08-11 17:51:42.490 +0530 [debug] ([34miframe.js[0m) [31mResponding to product with {"configs":{},"displayName":"dynamic_iparams","product":{"freshdesk":{"location":{"ticket_sidebar":{"url":"agent/template.html","icon":"agent/./assets/img/icon.svg"}}}},"features":["db"],"actions":false,"omni":false,"products":["freshdesk"],"platform":"2.3","isInstall":true,"v2":[]}[0m
2023-08-11 17:51:42.741 +0530 [debug] ([34mdata.js[0m) [31mRead {}[0m
2023-08-11 17:51:42.743 +0530 [debug] ([34mdata.js[0m) [31mRead {}[0m
2023-08-11 17:51:42.743 +0530 [debug] ([34miframe.js[0m) [31mResponding to product with {"configs":{},"displayName":"dynamic_iparams","product":{"freshdesk":{"location":{"ticket_sidebar":{"url":"agent/template.html","icon":"agent/./assets/img/icon.svg"}}}},"features":["db"],"actions":false,"omni":false,"products":["freshdesk"],"platform":"2.3","isInstall":true,"v2":[]}[0m
2023-08-11 17:51:43.014 +0530 [debug] ([34mdata.js[0m) [31mRead {}[0m
2023-08-11 17:51:43.016 +0530 [debug] ([34mdata.js[0m) [31mRead {}[0m
2023-08-11 17:51:43.016 +0530 [debug] ([34miframe.js[0m) [31mResponding to product with {"configs":{},"displayName":"dynamic_iparams","product":{"freshdesk":{"location":{"ticket_sidebar":{"url":"agent/template.html","icon":"agent/./assets/img/icon.svg"}}}},"features":["db"],"actions":false,"omni":false,"products":["freshdesk"],"platform":"2.3","isInstall":true,"v2":[]}[0m
2023-08-11 17:51:54.178 +0530 [debug] ([34mdata.js[0m) [31mRead {}[0m
2023-08-11 17:51:54.180 +0530 [debug] ([34mdata.js[0m) [31mRead {}[0m
2023-08-11 17:51:54.180 +0530 [debug] ([34miframe.js[0m) [31mResponding to product with {"configs":{},"displayName":"dynamic_iparams","product":{"freshdesk":{"location":{"ticket_sidebar":{"url":"agent/template.html","icon":"agent/./assets/img/icon.svg"}}}},"features":["db"],"actions":false,"omni":false,"products":["freshdesk"],"platform":"2.3","isInstall":true,"v2":[]}[0m
2023-08-11 17:51:54.702 +0530 [debug] ([34mdata.js[0m) [31mRead {}[0m
2023-08-11 17:51:54.703 +0530 [debug] ([34mdata.js[0m) [31mRead {}[0m
2023-08-11 17:51:54.703 +0530 [debug] ([34miframe.js[0m) [31mResponding to product with {"configs":{},"displayName":"dynamic_iparams","product":{"freshdesk":{"location":{"ticket_sidebar":{"url":"agent/template.html","icon":"agent/./assets/img/icon.svg"}}}},"features":["db"],"actions":false,"omni":false,"products":["freshdesk"],"platform":"2.3","isInstall":true,"v2":[]}[0m
2023-08-11 17:51:55.004 +0530 [debug] ([34mdata.js[0m) [31mRead {}[0m
2023-08-11 17:51:55.005 +0530 [debug] ([34mdata.js[0m) [31mRead {}[0m
2023-08-11 17:51:55.005 +0530 [debug] ([34miframe.js[0m) [31mResponding to product with {"configs":{},"displayName":"dynamic_iparams","product":{"freshdesk":{"location":{"ticket_sidebar":{"url":"agent/template.html","icon":"agent/./assets/img/icon.svg"}}}},"features":["db"],"actions":false,"omni":false,"products":["freshdesk"],"platform":"2.3","isInstall":true,"v2":[]}[0m
2023-08-11 17:51:55.250 +0530 [debug] ([34mdata.js[0m) [31mRead {}[0m
2023-08-11 17:51:55.252 +0530 [debug] ([34mdata.js[0m) [31mRead {}[0m
2023-08-11 17:51:55.252 +0530 [debug] ([34miframe.js[0m) [31mResponding to product with {"configs":{},"displayName":"dynamic_iparams","product":{"freshdesk":{"location":{"ticket_sidebar":{"url":"agent/template.html","icon":"agent/./assets/img/icon.svg"}}}},"features":["db"],"actions":false,"omni":false,"products":["freshdesk"],"platform":"2.3","isInstall":true,"v2":[]}[0m
2023-08-11 17:51:55.520 +0530 [debug] ([34mdata.js[0m) [31mRead {}[0m
2023-08-11 17:51:55.523 +0530 [debug] ([34mdata.js[0m) [31mRead {}[0m
2023-08-11 17:51:55.523 +0530 [debug] ([34miframe.js[0m) [31mResponding to product with {"configs":{},"displayName":"dynamic_iparams","product":{"freshdesk":{"location":{"ticket_sidebar":{"url":"agent/template.html","icon":"agent/./assets/img/icon.svg"}}}},"features":["db"],"actions":false,"omni":false,"products":["freshdesk"],"platform":"2.3","isInstall":true,"v2":[]}[0m
2023-08-11 17:51:55.769 +0530 [debug] ([34mdata.js[0m) [31mRead {}[0m
2023-08-11 17:51:55.770 +0530 [debug] ([34mdata.js[0m) [31mRead {}[0m
2023-08-11 17:51:55.770 +0530 [debug] ([34miframe.js[0m) [31mResponding to product with {"configs":{},"displayName":"dynamic_iparams","product":{"freshdesk":{"location":{"ticket_sidebar":{"url":"agent/template.html","icon":"agent/./assets/img/icon.svg"}}}},"features":["db"],"actions":false,"omni":false,"products":["freshdesk"],"platform":"2.3","isInstall":true,"v2":[]}[0m
2023-08-11 17:51:56.016 +0530 [debug] ([34mdata.js[0m) [31mRead {}[0m
2023-08-11 17:51:56.019 +0530 [debug] ([34mdata.js[0m) [31mRead {}[0m
2023-08-11 17:51:56.019 +0530 [debug] ([34miframe.js[0m) [31mResponding to product with {"configs":{},"displayName":"dynamic_iparams","product":{"freshdesk":{"location":{"ticket_sidebar":{"url":"agent/template.html","icon":"agent/./assets/img/icon.svg"}}}},"features":["db"],"actions":false,"omni":false,"products":["freshdesk"],"platform":"2.3","isInstall":true,"v2":[]}[0m
2023-08-11 17:51:56.270 +0530 [debug] ([34mdata.js[0m) [31mRead {}[0m
2023-08-11 17:51:56.272 +0530 [debug] ([34mdata.js[0m) [31mRead {}[0m
2023-08-11 17:51:56.272 +0530 [debug] ([34miframe.js[0m) [31mResponding to product with {"configs":{},"displayName":"dynamic_iparams","product":{"freshdesk":{"location":{"ticket_sidebar":{"url":"agent/template.html","icon":"agent/./assets/img/icon.svg"}}}},"features":["db"],"actions":false,"omni":false,"products":["freshdesk"],"platform":"2.3","isInstall":true,"v2":[]}[0m
2023-08-11 17:51:56.520 +0530 [debug] ([34mdata.js[0m) [31mRead {}[0m
2023-08-11 17:51:56.522 +0530 [debug] ([34mdata.js[0m) [31mRead {}[0m
2023-08-11 17:51:56.522 +0530 [debug] ([34miframe.js[0m) [31mResponding to product with {"configs":{},"displayName":"dynamic_iparams","product":{"freshdesk":{"location":{"ticket_sidebar":{"url":"agent/template.html","icon":"agent/./assets/img/icon.svg"}}}},"features":["db"],"actions":false,"omni":false,"products":["freshdesk"],"platform":"2.3","isInstall":true,"v2":[]}[0m
2023-08-11 17:51:56.546 +0530 [debug] ([34miframe.js[0m) [31mResponding with contents of /template.html[0m
2023-08-17 19:39:09.022 +0530 [debug] ([34mconfigs.js[0m) [31mloaded default configs as "{"updates":{"manifest_url":"https://cdn.freshdev.io/assets/fdk/updates.json","period":24},"log":{"level":"info"},"javascript":{"ecma_version":2020},"request":{"timeout":5000}}"[0m
2023-08-17 19:39:09.023 +0530 [debug] ([34mfile.js[0m) [31mError while requiring C:\Users\Hariharan/.fdk/configs.json: Cannot find module 'C:\Users\Hariharan/.fdk/configs.json'
Require stack:
- C:\Users\Hariharan\AppData\Roaming\npm\node_modules\fdk\lib\utils\file.js
- C:\Users\Hariharan\AppData\Roaming\npm\node_modules\fdk\lib\configs.js
- C:\Users\Hariharan\AppData\Roaming\npm\node_modules\fdk\lib\logger.js
- C:\Users\Hariharan\AppData\Roaming\npm\node_modules\fdk\index.js[0m
2023-08-17 19:39:09.024 +0530 [debug] ([34mconfigs.js[0m) [31mloaded global configs as "{}"[0m
2023-08-17 19:39:09.024 +0530 [debug] ([34mfile.js[0m) [31mError while requiring C:\Users\Hariharan\Documents\freshdeskConfigurationPage\dynamic_iparams/.fdk/configs.json: Cannot find module 'C:\Users\Hariharan\Documents\freshdeskConfigurationPage\dynamic_iparams/.fdk/configs.json'
Require stack:
- C:\Users\Hariharan\AppData\Roaming\npm\node_modules\fdk\lib\utils\file.js
- C:\Users\Hariharan\AppData\Roaming\npm\node_modules\fdk\lib\configs.js
- C:\Users\Hariharan\AppData\Roaming\npm\node_modules\fdk\lib\logger.js
- C:\Users\Hariharan\AppData\Roaming\npm\node_modules\fdk\index.js[0m
2023-08-17 19:39:09.024 +0530 [debug] ([34mconfigs.js[0m) [31mloaded local configs as "{}"[0m
2023-08-17 19:39:09.024 +0530 [debug] ([34mconfigs.js[0m) [31mloaded env configs as "{"updates":{},"log":{},"javascript":{},"request":{"timeout":5000}}"[0m
2023-08-17 19:39:09.024 +0530 [debug] ([34mconfigs.js[0m) [31mloaded resolved configs as "{"updates":{"manifest_url":"https://cdn.freshdev.io/assets/fdk/updates.json","period":24},"log":{"level":"info"},"javascript":{"ecma_version":2020},"request":{"timeout":5000}}"[0m
2023-08-17 19:39:09.024 +0530 [debug] ([34mlogger.js[0m) [31mStarting FDK in node v18.16.1 on win32[0m
2023-08-17 19:39:09.024 +0530 [debug] ([34msequelize.js[0m) [31msetting up sqilite at "C:\Users\Hariharan\Documents\freshdeskConfigurationPage\dynamic_iparams/.fdk/store.sqlite"[0m
2023-08-17 19:39:09.025 +0530 [debug] ([34mdata.js[0m) [31mRead {"version_details":{"cli":{"deprecated":{"version":"<9","message":"This FDK version will be deprecated by September 30, 2023 There will be no further feature updates to this version. For a seamless app building experience, ensure to move to the latest FDK version. For more information, see https://developers.freshdesk.com/v2/docs/migration-overview/#latest_platform_version_migration."},"forced":{"version":"7.0.0","command":"npm install https://dl.freshdev.io/cli/fdk-7.0.0.tgz -g","message":"Your FDK version has been forced updated to v7.0.0, please visit https://community.developers.freshworks.com/t/fdk-v7-0-announcing-node-js-v12-and-es6-support/3606 to know more"},"latest":{"version":"9.0.4","command":"npm install https://cdn.freshdev.io/fdk/latest.tgz -g","message":"You are on the latest FDK version. For information on the features available as part of this FDK version, see https://developers.freshdesk.com/v2/docs/what's-new/ ."}},"addon":{"version":"1.13.5","url":"https://cdn.freshdev.io/assets/fdk/addons/addon.zip"}},"last_updated":{"time_stamp":1692254042377}}[0m
2023-08-17 19:39:09.025 +0530 [debug] ([34mupdater.js[0m) [31mlast check less than 24 hours ago, not looking for updates[0m
2023-08-17 19:39:09.027 +0530 [debug] ([34mindex.js[0m) [31mrunning with opts {}[0m
2023-08-17 19:39:09.194 +0530 [debug] ([34mmanifest.js[0m) [31mReloading manifest with {"platform-version":"2.3","product":{"freshdesk":{"location":{"ticket_sidebar":{"url":"template.html","icon":"./assets/img/icon.svg"}}}},"engines":{"node":"18.16.1","fdk":"8.6.6"}}.[0m
2023-08-17 19:39:09.194 +0530 [debug] ([34mmanifest.js[0m) [31mInferred db as features.[0m
2023-08-17 19:39:09.196 +0530 [debug] ([34mdata.js[0m) [31mRead {"version_details":{"cli":{"deprecated":{"version":"<9","message":"This FDK version will be deprecated by September 30, 2023 There will be no further feature updates to this version. For a seamless app building experience, ensure to move to the latest FDK version. For more information, see https://developers.freshdesk.com/v2/docs/migration-overview/#latest_platform_version_migration."},"forced":{"version":"7.0.0","command":"npm install https://dl.freshdev.io/cli/fdk-7.0.0.tgz -g","message":"Your FDK version has been forced updated to v7.0.0, please visit https://community.developers.freshworks.com/t/fdk-v7-0-announcing-node-js-v12-and-es6-support/3606 to know more"},"latest":{"version":"9.0.4","command":"npm install https://cdn.freshdev.io/fdk/latest.tgz -g","message":"You are on the latest FDK version. For information on the features available as part of this FDK version, see https://developers.freshdesk.com/v2/docs/what's-new/ ."}},"addon":{"version":"1.13.5","url":"https://cdn.freshdev.io/assets/fdk/addons/addon.zip"}},"last_updated":{"time_stamp":1692254042377}}[0m
2023-08-17 19:39:09.208 +0530 [debug] ([34mdata.js[0m) [31mRead {"version_details":{"cli":{"deprecated":{"version":"<9","message":"This FDK version will be deprecated by September 30, 2023 There will be no further feature updates to this version. For a seamless app building experience, ensure to move to the latest FDK version. For more information, see https://developers.freshdesk.com/v2/docs/migration-overview/#latest_platform_version_migration."},"forced":{"version":"7.0.0","command":"npm install https://dl.freshdev.io/cli/fdk-7.0.0.tgz -g","message":"Your FDK version has been forced updated to v7.0.0, please visit https://community.developers.freshworks.com/t/fdk-v7-0-announcing-node-js-v12-and-es6-support/3606 to know more"},"latest":{"version":"9.0.4","command":"npm install https://cdn.freshdev.io/fdk/latest.tgz -g","message":"You are on the latest FDK version. For information on the features available as part of this FDK version, see https://developers.freshdesk.com/v2/docs/what's-new/ ."}},"addon":{"version":"1.13.5","url":"https://cdn.freshdev.io/assets/fdk/addons/addon.zip"}},"last_updated":{"time_stamp":1692254042377}}[0m
2023-08-17 19:39:10.030 +0530 [debug] ([34mdata.js[0m) [31mRead {"version_details":{"cli":{"deprecated":{"version":"<9","message":"This FDK version will be deprecated by September 30, 2023 There will be no further feature updates to this version. For a seamless app building experience, ensure to move to the latest FDK version. For more information, see https://developers.freshdesk.com/v2/docs/migration-overview/#latest_platform_version_migration."},"forced":{"version":"7.0.0","command":"npm install https://dl.freshdev.io/cli/fdk-7.0.0.tgz -g","message":"Your FDK version has been forced updated to v7.0.0, please visit https://community.developers.freshworks.com/t/fdk-v7-0-announcing-node-js-v12-and-es6-support/3606 to know more"},"latest":{"version":"9.0.4","command":"npm install https://cdn.freshdev.io/fdk/latest.tgz -g","message":"You are on the latest FDK version. For information on the features available as part of this FDK version, see https://developers.freshdesk.com/v2/docs/what's-new/ ."}},"addon":{"version":"1.13.5","url":"https://cdn.freshdev.io/assets/fdk/addons/addon.zip"}},"last_updated":{"time_stamp":1692254042377}}[0m
2023-08-17 19:39:10.774 +0530 [debug] ([34mvalidate.js[0m) [31masked to skip the following validations, [0m
2023-08-17 19:39:10.774 +0530 [debug] ([34mvalidate.js[0m) [31mrunning validator actions[0m
2023-08-17 19:39:10.774 +0530 [debug] ([34mvalidate.js[0m) [31mrunning validator requests[0m
2023-08-17 19:39:10.774 +0530 [debug] ([34mvalidate.js[0m) [31mrunning validator app-dir[0m
2023-08-17 19:39:10.776 +0530 [debug] ([34mvalidate.js[0m) [31mrunning validator config-dir[0m
2023-08-17 19:39:10.776 +0530 [debug] ([34mconfig-dir.js[0m) [31mChecking to see if C:\Users\Hariharan\Documents\freshdeskConfigurationPage\dynamic_iparams/config/ exists.[0m
2023-08-17 19:39:10.777 +0530 [debug] ([34mconfig-dir.js[0m) [31mFetched the following config files assets,iparams.json[0m
2023-08-17 19:39:10.777 +0530 [debug] ([34mvalidate.js[0m) [31mrunning validator custom-objects[0m
2023-08-17 19:39:10.777 +0530 [debug] ([34mvalidate.js[0m) [31mrunning validator event[0m
2023-08-17 19:39:10.777 +0530 [debug] ([34mvalidate.js[0m) [31mrunning validator iparam[0m
2023-08-17 19:39:10.791 +0530 [debug] ([34mvalidate.js[0m) [31mrunning validator lint[0m
2023-08-17 19:39:10.791 +0530 [debug] ([34mlint.js[0m) [31mpassed fix flag: undefined[0m
2023-08-17 19:39:10.793 +0530 [debug] ([34mvalidate.js[0m) [31mrunning validator manifest[0m
2023-08-17 19:39:10.793 +0530 [debug] ([34mvalidate.js[0m) [31mskipping validator manifest-dependency[0m
2023-08-17 19:39:10.793 +0530 [debug] ([34mvalidate.js[0m) [31mrunning validator oauth[0m
2023-08-17 19:39:10.793 +0530 [debug] ([34mvalidate.js[0m) [31mskipping validator pkgsize[0m
2023-08-17 19:39:10.793 +0530 [debug] ([34mvalidate.js[0m) [31mrunning validator schema[0m
2023-08-17 19:39:10.793 +0530 [debug] ([34mvalidate.js[0m) [31mrunning validator version-check[0m
2023-08-17 19:39:10.796 +0530 [debug] ([34mwatcher.js[0m) [31mPreparing to watch the following files ./app,./config,./manifest.json[0m
2023-08-17 19:39:10.800 +0530 [debug] ([34mdata.js[0m) [31mRead {}[0m
2023-08-17 19:39:10.800 +0530 [debug] ([34mcustom-objects.js[0m) [31mto force or not? undefined[0m
2023-08-17 19:39:10.800 +0530 [debug] ([34mcustom-objects.js[0m) [31mbeginning to re-sync db[0m
2023-08-17 19:39:10.986 +0530 [debug] ([34mindex.js[0m) [31mloading model at "C:\Users\Hariharan\AppData\Roaming\npm\node_modules\fdk\lib\models\bigint-pivot.js"[0m
2023-08-17 19:39:10.988 +0530 [debug] ([34mindex.js[0m) [31mloading model at "C:\Users\Hariharan\AppData\Roaming\npm\node_modules\fdk\lib\models\entity-field-choice.js"[0m
2023-08-17 19:39:10.988 +0530 [debug] ([34mindex.js[0m) [31mloading model at "C:\Users\Hariharan\AppData\Roaming\npm\node_modules\fdk\lib\models\entity-field.js"[0m
2023-08-17 19:39:10.989 +0530 [debug] ([34mindex.js[0m) [31mloading model at "C:\Users\Hariharan\AppData\Roaming\npm\node_modules\fdk\lib\models\entity.js"[0m
2023-08-17 19:39:10.990 +0530 [debug] ([34mindex.js[0m) [31mloading model at "C:\Users\Hariharan\AppData\Roaming\npm\node_modules\fdk\lib\models\record.js"[0m
2023-08-17 19:39:10.991 +0530 [debug] ([34mindex.js[0m) [31mloading model at "C:\Users\Hariharan\AppData\Roaming\npm\node_modules\fdk\lib\models\string-pivot.js"[0m
2023-08-17 19:39:11.002 +0530 [debug] ([34mdata.js[0m) [31mRead {}[0m
2023-08-17 19:39:11.002 +0530 [debug] ([34mcustom-objects.js[0m) [31mupdated local store with latest entity hash[0m
2023-08-17 19:39:11.003 +0530 [info] Starting local testing server at http://*:10001/    
Append 'dev=true' to your Freshdesk account URL to start testing    
e.g. https://domain.freshdesk.com/a/tickets/1?dev=true    
Quit the server with Control-C.
2023-08-17 19:39:11.004 +0530 [info] To test the installation page, visit - http://localhost:10001/custom_configs
