2023-08-16 17:25:48.593 +0530 [debug] ([34mconfigs.js[0m) [31mloaded default configs as "{"updates":{"manifest_url":"https://cdn.freshdev.io/assets/fdk/updates.json","period":24},"log":{"level":"info"},"javascript":{"ecma_version":2020},"request":{"timeout":5000}}"[0m
2023-08-16 17:25:48.598 +0530 [debug] ([34mfile.js[0m) [31mError while requiring C:\Users\Hariharan/.fdk/configs.json: Cannot find module 'C:\Users\Hariharan/.fdk/configs.json'
Require stack:
- C:\Users\Hariharan\AppData\Roaming\npm\node_modules\fdk\lib\utils\file.js
- C:\Users\Hariharan\AppData\Roaming\npm\node_modules\fdk\lib\configs.js
- C:\Users\Hariharan\AppData\Roaming\npm\node_modules\fdk\lib\logger.js
- C:\Users\Hariharan\AppData\Roaming\npm\node_modules\fdk\index.js[0m
2023-08-16 17:25:48.599 +0530 [debug] ([34mconfigs.js[0m) [31mloaded global configs as "{}"[0m
2023-08-16 17:25:48.599 +0530 [debug] ([34mfile.js[0m) [31mError while requiring C:\Users\Hariharan\Documents\freshdeskRequestSampleMethods\request-method-samples\product-samples\freshdesk/.fdk/configs.json: Cannot find module 'C:\Users\Hariharan\Documents\freshdeskRequestSampleMethods\request-method-samples\product-samples\freshdesk/.fdk/configs.json'
Require stack:
- C:\Users\Hariharan\AppData\Roaming\npm\node_modules\fdk\lib\utils\file.js
- C:\Users\Hariharan\AppData\Roaming\npm\node_modules\fdk\lib\configs.js
- C:\Users\Hariharan\AppData\Roaming\npm\node_modules\fdk\lib\logger.js
- C:\Users\Hariharan\AppData\Roaming\npm\node_modules\fdk\index.js[0m
2023-08-16 17:25:48.600 +0530 [debug] ([34mconfigs.js[0m) [31mloaded local configs as "{}"[0m
2023-08-16 17:25:48.600 +0530 [debug] ([34mconfigs.js[0m) [31mloaded env configs as "{"updates":{},"log":{},"javascript":{},"request":{"timeout":5000}}"[0m
2023-08-16 17:25:48.600 +0530 [debug] ([34mconfigs.js[0m) [31mloaded resolved configs as "{"updates":{"manifest_url":"https://cdn.freshdev.io/assets/fdk/updates.json","period":24},"log":{"level":"info"},"javascript":{"ecma_version":2020},"request":{"timeout":5000}}"[0m
2023-08-16 17:25:48.601 +0530 [debug] ([34mlogger.js[0m) [31mStarting FDK in node v18.16.1 on win32[0m
2023-08-16 17:25:48.601 +0530 [debug] ([34msequelize.js[0m) [31msetting up sqilite at "C:\Users\Hariharan\Documents\freshdeskRequestSampleMethods\request-method-samples\product-samples\freshdesk/.fdk/store.sqlite"[0m
2023-08-16 17:25:48.607 +0530 [debug] ([34mdata.js[0m) [31mRead {"version_details":{"cli":{"deprecated":{"version":"<9","message":"This FDK version will be deprecated by September 30, 2023 There will be no further feature updates to this version. For a seamless app building experience, ensure to move to the latest FDK version. For more information, see https://developers.freshdesk.com/v2/docs/migration-overview/#latest_platform_version_migration."},"forced":{"version":"7.0.0","command":"npm install https://dl.freshdev.io/cli/fdk-7.0.0.tgz -g","message":"Your FDK version has been forced updated to v7.0.0, please visit https://community.developers.freshworks.com/t/fdk-v7-0-announcing-node-js-v12-and-es6-support/3606 to know more"},"latest":{"version":"9.0.4","command":"npm install https://cdn.freshdev.io/fdk/latest.tgz -g","message":"You are on the latest FDK version. For information on the features available as part of this FDK version, see https://developers.freshdesk.com/v2/docs/what's-new/ ."}},"addon":{"version":"1.13.5","url":"https://cdn.freshdev.io/assets/fdk/addons/addon.zip"}},"last_updated":{"time_stamp":1692165748434}}[0m
2023-08-16 17:25:48.607 +0530 [debug] ([34mupdater.js[0m) [31mlast check less than 24 hours ago, not looking for updates[0m
2023-08-16 17:25:48.617 +0530 [debug] ([34mindex.js[0m) [31mrunning with opts {}[0m
2023-08-16 17:25:49.073 +0530 [debug] ([34mmanifest.js[0m) [31mReloading manifest with {"platform-version":"2.3","product":{"freshdesk":{"location":{"ticket_sidebar":{"url":"index.html","icon":"styles/images/icon.svg"},"ticket_requester_info":{"url":"views/contact_details.html","icon":"styles/images/icon.svg"}},"requests":{"getStarWarsPeople":{},"getStarWarsPeopleDetails":{},"starwarsStarshipSearch":{},"getContacts":{}}}},"engines":{"node":"14.19.3","fdk":"9.0.0"}}.[0m
2023-08-16 17:25:49.074 +0530 [debug] ([34mmanifest.js[0m) [31mInferred db as features.[0m
2023-08-16 17:25:49.080 +0530 [debug] ([34mdata.js[0m) [31mRead {"version_details":{"cli":{"deprecated":{"version":"<9","message":"This FDK version will be deprecated by September 30, 2023 There will be no further feature updates to this version. For a seamless app building experience, ensure to move to the latest FDK version. For more information, see https://developers.freshdesk.com/v2/docs/migration-overview/#latest_platform_version_migration."},"forced":{"version":"7.0.0","command":"npm install https://dl.freshdev.io/cli/fdk-7.0.0.tgz -g","message":"Your FDK version has been forced updated to v7.0.0, please visit https://community.developers.freshworks.com/t/fdk-v7-0-announcing-node-js-v12-and-es6-support/3606 to know more"},"latest":{"version":"9.0.4","command":"npm install https://cdn.freshdev.io/fdk/latest.tgz -g","message":"You are on the latest FDK version. For information on the features available as part of this FDK version, see https://developers.freshdesk.com/v2/docs/what's-new/ ."}},"addon":{"version":"1.13.5","url":"https://cdn.freshdev.io/assets/fdk/addons/addon.zip"}},"last_updated":{"time_stamp":1692165748434}}[0m
2023-08-16 17:25:49.122 +0530 [debug] ([34mdata.js[0m) [31mRead {"version_details":{"cli":{"deprecated":{"version":"<9","message":"This FDK version will be deprecated by September 30, 2023 There will be no further feature updates to this version. For a seamless app building experience, ensure to move to the latest FDK version. For more information, see https://developers.freshdesk.com/v2/docs/migration-overview/#latest_platform_version_migration."},"forced":{"version":"7.0.0","command":"npm install https://dl.freshdev.io/cli/fdk-7.0.0.tgz -g","message":"Your FDK version has been forced updated to v7.0.0, please visit https://community.developers.freshworks.com/t/fdk-v7-0-announcing-node-js-v12-and-es6-support/3606 to know more"},"latest":{"version":"9.0.4","command":"npm install https://cdn.freshdev.io/fdk/latest.tgz -g","message":"You are on the latest FDK version. For information on the features available as part of this FDK version, see https://developers.freshdesk.com/v2/docs/what's-new/ ."}},"addon":{"version":"1.13.5","url":"https://cdn.freshdev.io/assets/fdk/addons/addon.zip"}},"last_updated":{"time_stamp":1692165748434}}[0m
2023-08-16 17:25:49.503 +0530 [debug] ([34mfile.js[0m) [31mError while requiring C:\Users\Hariharan\Documents\freshdeskRequestSampleMethods\request-method-samples\product-samples\freshdesk/.report.json: Cannot find module 'C:\Users\Hariharan\Documents\freshdeskRequestSampleMethods\request-method-samples\product-samples\freshdesk/.report.json'
Require stack:
- C:\Users\Hariharan\AppData\Roaming\npm\node_modules\fdk\lib\utils\file.js
- C:\Users\Hariharan\AppData\Roaming\npm\node_modules\fdk\lib\configs.js
- C:\Users\Hariharan\AppData\Roaming\npm\node_modules\fdk\lib\logger.js
- C:\Users\Hariharan\AppData\Roaming\npm\node_modules\fdk\index.js[0m
2023-08-16 17:25:50.685 +0530 [debug] ([34mdata.js[0m) [31mRead {"version_details":{"cli":{"deprecated":{"version":"<9","message":"This FDK version will be deprecated by September 30, 2023 There will be no further feature updates to this version. For a seamless app building experience, ensure to move to the latest FDK version. For more information, see https://developers.freshdesk.com/v2/docs/migration-overview/#latest_platform_version_migration."},"forced":{"version":"7.0.0","command":"npm install https://dl.freshdev.io/cli/fdk-7.0.0.tgz -g","message":"Your FDK version has been forced updated to v7.0.0, please visit https://community.developers.freshworks.com/t/fdk-v7-0-announcing-node-js-v12-and-es6-support/3606 to know more"},"latest":{"version":"9.0.4","command":"npm install https://cdn.freshdev.io/fdk/latest.tgz -g","message":"You are on the latest FDK version. For information on the features available as part of this FDK version, see https://developers.freshdesk.com/v2/docs/what's-new/ ."}},"addon":{"version":"1.13.5","url":"https://cdn.freshdev.io/assets/fdk/addons/addon.zip"}},"last_updated":{"time_stamp":1692165748434}}[0m
2023-08-16 17:25:51.969 +0530 [debug] ([34mvalidate.js[0m) [31masked to skip the following validations, [0m
2023-08-16 17:25:51.970 +0530 [debug] ([34mvalidate.js[0m) [31mrunning validator actions[0m
2023-08-16 17:25:51.970 +0530 [debug] ([34mvalidate.js[0m) [31mrunning validator requests[0m
2023-08-16 17:25:51.970 +0530 [debug] ([34mrequests.js[0m) [31mvalidating request template for "getStarWarsPeople"[0m
2023-08-16 17:25:51.970 +0530 [debug] ([34mvalidate.js[0m) [31mrunning validator app-dir[0m
2023-08-16 17:25:51.972 +0530 [debug] ([34mvalidate.js[0m) [31mrunning validator config-dir[0m
2023-08-16 17:25:51.972 +0530 [debug] ([34mconfig-dir.js[0m) [31mChecking to see if C:\Users\Hariharan\Documents\freshdeskRequestSampleMethods\request-method-samples\product-samples\freshdesk/config/ exists.[0m
2023-08-16 17:25:51.972 +0530 [debug] ([34mconfig-dir.js[0m) [31mFetched the following config files iparams.json,requests.json[0m
2023-08-16 17:25:51.972 +0530 [debug] ([34mvalidate.js[0m) [31mrunning validator custom-objects[0m
2023-08-16 17:25:51.972 +0530 [debug] ([34mvalidate.js[0m) [31mrunning validator event[0m
2023-08-16 17:25:51.973 +0530 [debug] ([34mvalidate.js[0m) [31mrunning validator iparam[0m
2023-08-16 17:25:51.976 +0530 [debug] ([34mvalidate.js[0m) [31mrunning validator lint[0m
2023-08-16 17:25:51.976 +0530 [debug] ([34mlint.js[0m) [31mpassed fix flag: undefined[0m
2023-08-16 17:25:51.978 +0530 [debug] ([34mlint.js[0m) [31mRunning the following lints on the file app\scripts\app.js : no-caller,no-process-env,complexity,max-nested-callbacks,handle-callback-err,no-eval,no-alert,no-debugger,no-unreachable,no-unhandled-promise,no-logging-rejections,no-non-client-request-model,no-deprecated-apis,no-proxy-requests,no-cross-scope-assign,no-empty-function,no-unused-vars[0m
2023-08-16 17:25:52.023 +0530 [debug] ([34mlint.js[0m) [31mRunning the following lints on the file app\scripts\contact_details.js : no-caller,no-process-env,complexity,max-nested-callbacks,handle-callback-err,no-eval,no-alert,no-debugger,no-unreachable,no-unhandled-promise,no-logging-rejections,no-non-client-request-model,no-deprecated-apis,no-proxy-requests,no-cross-scope-assign,no-empty-function,no-unused-vars[0m
2023-08-16 17:25:52.030 +0530 [debug] ([34mvalidate.js[0m) [31mrunning validator manifest[0m
2023-08-16 17:25:52.030 +0530 [debug] ([34mvalidate.js[0m) [31mskipping validator manifest-dependency[0m
2023-08-16 17:25:52.030 +0530 [debug] ([34mvalidate.js[0m) [31mrunning validator oauth[0m
2023-08-16 17:25:52.030 +0530 [debug] ([34mvalidate.js[0m) [31mskipping validator pkgsize[0m
2023-08-16 17:25:52.030 +0530 [debug] ([34mvalidate.js[0m) [31mrunning validator schema[0m
2023-08-16 17:25:52.030 +0530 [debug] ([34mvalidate.js[0m) [31mrunning validator version-check[0m
2023-08-16 17:25:52.031 +0530 [warn] [33m[WARN][0m App was developed in Node.js runtime 14.19.3, and is currently being executed in v18.16.1
2023-08-16 17:25:52.047 +0530 [debug] ([34mrequests.js[0m) [31mvalidating request template for "getStarWarsPeopleDetails"[0m
2023-08-16 17:25:52.048 +0530 [debug] ([34mrequests.js[0m) [31mvalidating request template for "starwarsStarshipSearch"[0m
2023-08-16 17:25:52.049 +0530 [debug] ([34mrequests.js[0m) [31mvalidating request template for "getContacts"[0m
2023-08-16 17:26:52.926 +0530 [debug] ([34mversion-check.js[0m) [31mabout to delete coverage folder[0m
2023-08-16 17:26:52.926 +0530 [debug] ([34mversion-check.js[0m) [31mskipping coverage deletion given this is a frontend app[0m
2023-08-16 17:26:52.926 +0530 [debug] ([34mversion-check.js[0m) [31mabout to delete report json[0m
2023-08-16 17:26:52.927 +0530 [debug] ([34mversion-check.js[0m) [31mabout to delete node_modules folder[0m
2023-08-16 17:26:52.927 +0530 [debug] ([34mversion-check.js[0m) [31mabout to modify node version in manifest[0m
2023-08-16 17:26:52.929 +0530 [debug] ([34mmanifest.js[0m) [31mReloading manifest with {"platform-version":"2.3","product":{"freshdesk":{"location":{"ticket_sidebar":{"url":"index.html","icon":"styles/images/icon.svg"},"ticket_requester_info":{"url":"views/contact_details.html","icon":"styles/images/icon.svg"}},"requests":{"getStarWarsPeople":{},"getStarWarsPeopleDetails":{},"starwarsStarshipSearch":{},"getContacts":{}}}},"engines":{"node":"18.16.1","fdk":"9.0.3"}}.[0m
2023-08-16 17:26:52.930 +0530 [debug] ([34mmanifest.js[0m) [31mInferred db as features.[0m
2023-08-16 17:26:52.931 +0530 [warn] Please ensure that the following are addressed for quick review process:
2023-08-16 17:26:52.931 +0530 [warn] [33m‼[39m app\scripts\app.js::4: 'client' declared and assigned in different scopes. Possible asynchronous race condition.
2023-08-16 17:26:52.931 +0530 [warn] [33m‼[39m app\scripts\contact_details.js::4: 'client' declared and assigned in different scopes. Possible asynchronous race condition.
2023-08-16 17:26:52.931 +0530 [error] 
2023-08-16 17:26:52.933 +0530 [debug] ([34mwatcher.js[0m) [31mPreparing to watch the following files ./app,./config,./manifest.json[0m
2023-08-16 17:26:52.945 +0530 [debug] ([34mdata.js[0m) [31mRead {}[0m
2023-08-16 17:26:52.945 +0530 [debug] ([34mcustom-objects.js[0m) [31mto force or not? undefined[0m
2023-08-16 17:26:52.945 +0530 [debug] ([34mcustom-objects.js[0m) [31mbeginning to re-sync db[0m
2023-08-16 17:26:53.140 +0530 [debug] ([34mindex.js[0m) [31mloading model at "C:\Users\Hariharan\AppData\Roaming\npm\node_modules\fdk\lib\models\bigint-pivot.js"[0m
2023-08-16 17:26:53.142 +0530 [debug] ([34mindex.js[0m) [31mloading model at "C:\Users\Hariharan\AppData\Roaming\npm\node_modules\fdk\lib\models\entity-field-choice.js"[0m
2023-08-16 17:26:53.144 +0530 [debug] ([34mindex.js[0m) [31mloading model at "C:\Users\Hariharan\AppData\Roaming\npm\node_modules\fdk\lib\models\entity-field.js"[0m
2023-08-16 17:26:53.145 +0530 [debug] ([34mindex.js[0m) [31mloading model at "C:\Users\Hariharan\AppData\Roaming\npm\node_modules\fdk\lib\models\entity.js"[0m
2023-08-16 17:26:53.146 +0530 [debug] ([34mindex.js[0m) [31mloading model at "C:\Users\Hariharan\AppData\Roaming\npm\node_modules\fdk\lib\models\record.js"[0m
2023-08-16 17:26:53.148 +0530 [debug] ([34mindex.js[0m) [31mloading model at "C:\Users\Hariharan\AppData\Roaming\npm\node_modules\fdk\lib\models\string-pivot.js"[0m
2023-08-16 17:26:53.172 +0530 [debug] ([34mdata.js[0m) [31mRead {}[0m
2023-08-16 17:26:53.173 +0530 [debug] ([34mcustom-objects.js[0m) [31mupdated local store with latest entity hash[0m
2023-08-16 17:26:53.174 +0530 [info] Starting local testing server at http://*:10001/    
Append 'dev=true' to your Freshdesk account URL to start testing    
e.g. https://domain.freshdesk.com/a/tickets/1?dev=true    
Quit the server with Control-C.
2023-08-16 17:26:53.175 +0530 [info] To test the installation page, visit - http://localhost:10001/custom_configs
2023-08-16 17:27:36.527 +0530 [debug] ([34mdata.js[0m) [31mRead {}[0m
2023-08-16 17:27:36.529 +0530 [debug] ([34mdata.js[0m) [31mRead {}[0m
2023-08-16 17:27:36.531 +0530 [debug] ([34miframe.js[0m) [31mResponding to product with {"configs":{},"displayName":"freshdesk","product":{"freshdesk":{"location":{"ticket_sidebar":{"url":"agent/index.html","icon":"agent/styles/images/icon.svg"},"ticket_requester_info":{"url":"agent/views/contact_details.html","icon":"agent/styles/images/icon.svg"}},"requests":{"getStarWarsPeople":{},"getStarWarsPeopleDetails":{},"starwarsStarshipSearch":{},"getContacts":{}}}},"features":["db"],"actions":false,"omni":false,"products":["freshdesk"],"platform":"2.3","isInstall":true,"v2":[]}[0m
2023-08-16 17:27:38.219 +0530 [debug] ([34mdata.js[0m) [31mRead {}[0m
2023-08-16 17:27:38.221 +0530 [debug] ([34mdata.js[0m) [31mRead {}[0m
2023-08-16 17:27:38.222 +0530 [debug] ([34miframe.js[0m) [31mResponding to product with {"configs":{},"displayName":"freshdesk","product":{"freshdesk":{"location":{"ticket_sidebar":{"url":"agent/index.html","icon":"agent/styles/images/icon.svg"},"ticket_requester_info":{"url":"agent/views/contact_details.html","icon":"agent/styles/images/icon.svg"}},"requests":{"getStarWarsPeople":{},"getStarWarsPeopleDetails":{},"starwarsStarshipSearch":{},"getContacts":{}}}},"features":["db"],"actions":false,"omni":false,"products":["freshdesk"],"platform":"2.3","isInstall":true,"v2":[]}[0m
2023-08-16 17:27:38.699 +0530 [debug] ([34mdata.js[0m) [31mRead {}[0m
2023-08-16 17:27:38.700 +0530 [debug] ([34mdata.js[0m) [31mRead {}[0m
2023-08-16 17:27:38.701 +0530 [debug] ([34miframe.js[0m) [31mResponding to product with {"configs":{},"displayName":"freshdesk","product":{"freshdesk":{"location":{"ticket_sidebar":{"url":"agent/index.html","icon":"agent/styles/images/icon.svg"},"ticket_requester_info":{"url":"agent/views/contact_details.html","icon":"agent/styles/images/icon.svg"}},"requests":{"getStarWarsPeople":{},"getStarWarsPeopleDetails":{},"starwarsStarshipSearch":{},"getContacts":{}}}},"features":["db"],"actions":false,"omni":false,"products":["freshdesk"],"platform":"2.3","isInstall":true,"v2":[]}[0m
2023-08-16 17:27:39.218 +0530 [debug] ([34mdata.js[0m) [31mRead {}[0m
2023-08-16 17:27:39.221 +0530 [debug] ([34mdata.js[0m) [31mRead {}[0m
2023-08-16 17:27:39.221 +0530 [debug] ([34miframe.js[0m) [31mResponding to product with {"configs":{},"displayName":"freshdesk","product":{"freshdesk":{"location":{"ticket_sidebar":{"url":"agent/index.html","icon":"agent/styles/images/icon.svg"},"ticket_requester_info":{"url":"agent/views/contact_details.html","icon":"agent/styles/images/icon.svg"}},"requests":{"getStarWarsPeople":{},"getStarWarsPeopleDetails":{},"starwarsStarshipSearch":{},"getContacts":{}}}},"features":["db"],"actions":false,"omni":false,"products":["freshdesk"],"platform":"2.3","isInstall":true,"v2":[]}[0m
2023-08-16 17:27:39.722 +0530 [debug] ([34mdata.js[0m) [31mRead {}[0m
2023-08-16 17:27:39.723 +0530 [debug] ([34mdata.js[0m) [31mRead {}[0m
2023-08-16 17:27:39.723 +0530 [debug] ([34miframe.js[0m) [31mResponding to product with {"configs":{},"displayName":"freshdesk","product":{"freshdesk":{"location":{"ticket_sidebar":{"url":"agent/index.html","icon":"agent/styles/images/icon.svg"},"ticket_requester_info":{"url":"agent/views/contact_details.html","icon":"agent/styles/images/icon.svg"}},"requests":{"getStarWarsPeople":{},"getStarWarsPeopleDetails":{},"starwarsStarshipSearch":{},"getContacts":{}}}},"features":["db"],"actions":false,"omni":false,"products":["freshdesk"],"platform":"2.3","isInstall":true,"v2":[]}[0m
2023-08-16 17:27:40.596 +0530 [debug] ([34mdata.js[0m) [31mRead {}[0m
2023-08-16 17:27:40.597 +0530 [debug] ([34mdata.js[0m) [31mRead {}[0m
2023-08-16 17:27:40.598 +0530 [debug] ([34miframe.js[0m) [31mResponding to product with {"configs":{},"displayName":"freshdesk","product":{"freshdesk":{"location":{"ticket_sidebar":{"url":"agent/index.html","icon":"agent/styles/images/icon.svg"},"ticket_requester_info":{"url":"agent/views/contact_details.html","icon":"agent/styles/images/icon.svg"}},"requests":{"getStarWarsPeople":{},"getStarWarsPeopleDetails":{},"starwarsStarshipSearch":{},"getContacts":{}}}},"features":["db"],"actions":false,"omni":false,"products":["freshdesk"],"platform":"2.3","isInstall":true,"v2":[]}[0m
2023-08-16 17:27:41.157 +0530 [debug] ([34mdata.js[0m) [31mRead {}[0m
2023-08-16 17:27:41.158 +0530 [debug] ([34mdata.js[0m) [31mRead {}[0m
2023-08-16 17:27:41.158 +0530 [debug] ([34miframe.js[0m) [31mResponding to product with {"configs":{},"displayName":"freshdesk","product":{"freshdesk":{"location":{"ticket_sidebar":{"url":"agent/index.html","icon":"agent/styles/images/icon.svg"},"ticket_requester_info":{"url":"agent/views/contact_details.html","icon":"agent/styles/images/icon.svg"}},"requests":{"getStarWarsPeople":{},"getStarWarsPeopleDetails":{},"starwarsStarshipSearch":{},"getContacts":{}}}},"features":["db"],"actions":false,"omni":false,"products":["freshdesk"],"platform":"2.3","isInstall":true,"v2":[]}[0m
2023-08-16 17:27:41.181 +0530 [debug] ([34miframe.js[0m) [31mResponding with contents of /views/contact_details.html[0m
2023-08-16 17:27:41.682 +0530 [debug] ([34miframe.js[0m) [31mResponding with contents of /scripts/contact_details.js[0m
2023-08-16 17:27:41.683 +0530 [debug] ([34mcoverage.js[0m) [31mInstrumenting C:\Users\Hariharan\Documents\freshdeskRequestSampleMethods\request-method-samples\product-samples\freshdesk\app\scripts\contact_details.js[0m
2023-08-16 17:27:41.948 +0530 [debug] ([34mdata.js[0m) [31mRead {}[0m
2023-08-16 17:27:41.949 +0530 [debug] ([34mdata.js[0m) [31mRead {}[0m
2023-08-16 17:27:41.949 +0530 [debug] ([34miframe.js[0m) [31mResponding to product with {"configs":{},"displayName":"freshdesk","product":{"freshdesk":{"location":{"ticket_sidebar":{"url":"agent/index.html","icon":"agent/styles/images/icon.svg"},"ticket_requester_info":{"url":"agent/views/contact_details.html","icon":"agent/styles/images/icon.svg"}},"requests":{"getStarWarsPeople":{},"getStarWarsPeopleDetails":{},"starwarsStarshipSearch":{},"getContacts":{}}}},"features":["db"],"actions":false,"omni":false,"products":["freshdesk"],"platform":"2.3","isInstall":true,"v2":[]}[0m
2023-08-16 17:27:41.981 +0530 [debug] ([34miframe.js[0m) [31mResponding with contents of /index.html[0m
2023-08-16 17:27:42.039 +0530 [debug] ([34miframe.js[0m) [31mResponding with contents of /scripts/app.js[0m
2023-08-16 17:27:42.040 +0530 [debug] ([34mcoverage.js[0m) [31mInstrumenting C:\Users\Hariharan\Documents\freshdeskRequestSampleMethods\request-method-samples\product-samples\freshdesk\app\scripts\app.js[0m
2023-08-16 17:27:42.654 +0530 [debug] ([34mdata.js[0m) [31mRead {}[0m
2023-08-16 17:27:42.655 +0530 [debug] ([34mdata.js[0m) [31mRead {}[0m
2023-08-16 17:27:42.655 +0530 [debug] ([34miframe.js[0m) [31mResponding to product with {"configs":{},"displayName":"freshdesk","product":{"freshdesk":{"location":{"ticket_sidebar":{"url":"agent/index.html","icon":"agent/styles/images/icon.svg"},"ticket_requester_info":{"url":"agent/views/contact_details.html","icon":"agent/styles/images/icon.svg"}},"requests":{"getStarWarsPeople":{},"getStarWarsPeopleDetails":{},"starwarsStarshipSearch":{},"getContacts":{}}}},"features":["db"],"actions":false,"omni":false,"products":["freshdesk"],"platform":"2.3","isInstall":true,"v2":[]}[0m
2023-08-16 17:27:42.728 +0530 [debug] ([34mdata-pipe.js[0m) [31mreceived call for route "request" with action "execute" and body {"action":"execute","data":{"name":"getContacts","isOAuth":true}}[0m
2023-08-16 17:27:42.729 +0530 [debug] ([34mdata.js[0m) [31mRead {}[0m
2023-08-16 17:27:42.734 +0530 [debug] ([34mdata.js[0m) [31mRead {}[0m
2023-08-16 17:27:42.735 +0530 [debug] ([34mdata.js[0m) [31mRead {}[0m
2023-08-16 17:27:42.739 +0530 [debug] ([34mrequest.js[0m) [31merror while validating schema for getContacts[0m
2023-08-16 17:27:43.833 +0530 [debug] ([34mcoverage.js[0m) [31mWriting coverage.[0m
2023-08-16 17:27:45.155 +0530 [debug] ([34mcoverage.js[0m) [31mWriting coverage.[0m
2023-08-16 17:28:32.804 +0530 [debug] ([34mdata-pipe.js[0m) [31mreceived call for route "request" with action "execute" and body {"action":"execute","data":{"name":"getStarWarsPeople","isOAuth":true}}[0m
2023-08-16 17:28:32.805 +0530 [debug] ([34mdata.js[0m) [31mRead {}[0m
2023-08-16 17:28:32.809 +0530 [debug] ([34mdata.js[0m) [31mRead {}[0m
2023-08-16 17:28:32.811 +0530 [debug] ([34mdata.js[0m) [31mRead {}[0m
2023-08-16 17:28:32.812 +0530 [debug] ([34mrequest.js[0m) [31mMaking request with options as {"method":"GET","url":"https://swapi.dev/api/people","headers":{},"qs":{},"body":null,"maxAttempts":1,"retryDelay":0,"timeout":5000}[0m
2023-08-16 17:28:32.888 +0530 [debug] ([34mcoverage.js[0m) [31mWriting coverage.[0m
2023-08-16 17:28:34.780 +0530 [debug] ([34mrequest.js[0m) [31mLooking for "application/json" in application/json,application/xml,text/html,text/xml,application/jsonp,text/plain,application/javascript,application/vnd.api+json[0m
2023-08-16 17:28:34.798 +0530 [debug] ([34mdata-pipe.js[0m) [31mreceived call for route "request" with action "execute" and body {"action":"execute","data":{"context":{"id":"1"},"name":"getStarWarsPeopleDetails","isOAuth":true}}[0m
2023-08-16 17:28:34.799 +0530 [debug] ([34mdata.js[0m) [31mRead {}[0m
2023-08-16 17:28:34.800 +0530 [debug] ([34mdata.js[0m) [31mRead {}[0m
2023-08-16 17:28:34.801 +0530 [debug] ([34mdata.js[0m) [31mRead {}[0m
2023-08-16 17:28:34.803 +0530 [debug] ([34mrequest.js[0m) [31mMaking request with options as {"method":"GET","url":"https://swapi.dev/api/people/1","headers":{},"qs":{},"body":null,"maxAttempts":1,"retryDelay":0,"timeout":5000}[0m
2023-08-16 17:28:35.382 +0530 [debug] ([34mrequest.js[0m) [31mLooking for "application/json" in application/json,application/xml,text/html,text/xml,application/jsonp,text/plain,application/javascript,application/vnd.api+json[0m
2023-08-16 17:28:35.404 +0530 [debug] ([34mdata-pipe.js[0m) [31mreceived call for route "request" with action "execute" and body {"action":"execute","data":{"context":{"starshipname":"Death Star"},"name":"starwarsStarshipSearch","isOAuth":true}}[0m
2023-08-16 17:28:35.406 +0530 [debug] ([34mdata.js[0m) [31mRead {}[0m
2023-08-16 17:28:35.407 +0530 [debug] ([34mdata.js[0m) [31mRead {}[0m
2023-08-16 17:28:35.409 +0530 [debug] ([34mdata.js[0m) [31mRead {}[0m
2023-08-16 17:28:35.410 +0530 [debug] ([34mrequest.js[0m) [31mMaking request with options as {"method":"GET","url":"https://swapi.dev/api/starships","headers":{},"qs":{"search":"Death Star"},"body":null,"maxAttempts":1,"retryDelay":0,"timeout":5000}[0m
2023-08-16 17:28:36.092 +0530 [debug] ([34mrequest.js[0m) [31mLooking for "application/json" in application/json,application/xml,text/html,text/xml,application/jsonp,text/plain,application/javascript,application/vnd.api+json[0m
2023-08-16 17:28:36.355 +0530 [debug] ([34mcoverage.js[0m) [31mWriting coverage.[0m
2023-08-16 17:50:32.841 +0530 [debug] ([34mwatcher.js[0m) [31mBroadcasted "{"file":"app\\index.html"}" to all listeners.[0m
2023-08-16 17:50:32.868 +0530 [debug] ([34miframe.js[0m) [31mResponding with contents of /index.html[0m
2023-08-16 17:50:32.870 +0530 [debug] ([34miframe.js[0m) [31mResponding with contents of /views/contact_details.html[0m
2023-08-16 17:50:33.089 +0530 [debug] ([34miframe.js[0m) [31mResponding with contents of /scripts/app.js[0m
2023-08-16 17:50:33.090 +0530 [debug] ([34mcoverage.js[0m) [31mInstrumenting C:\Users\Hariharan\Documents\freshdeskRequestSampleMethods\request-method-samples\product-samples\freshdesk\app\scripts\app.js[0m
2023-08-16 17:50:33.133 +0530 [debug] ([34miframe.js[0m) [31mResponding with contents of /scripts/contact_details.js[0m
2023-08-16 17:50:33.134 +0530 [debug] ([34mcoverage.js[0m) [31mInstrumenting C:\Users\Hariharan\Documents\freshdeskRequestSampleMethods\request-method-samples\product-samples\freshdesk\app\scripts\contact_details.js[0m
2023-08-16 17:50:33.181 +0530 [debug] ([34mdata-pipe.js[0m) [31mreceived call for route "request" with action "execute" and body {"action":"execute","data":{"name":"getContacts","isOAuth":true}}[0m
2023-08-16 17:50:33.182 +0530 [debug] ([34mdata.js[0m) [31mRead {}[0m
2023-08-16 17:50:33.183 +0530 [debug] ([34mdata.js[0m) [31mRead {}[0m
2023-08-16 17:50:33.184 +0530 [debug] ([34mdata.js[0m) [31mRead {}[0m
2023-08-16 17:50:33.185 +0530 [debug] ([34mrequest.js[0m) [31merror while validating schema for getContacts[0m
2023-08-16 17:50:33.259 +0530 [debug] ([34mwatcher.js[0m) [31mBroadcasted "{"file":"app\\index.html"}" to all listeners.[0m
2023-08-16 17:50:33.271 +0530 [debug] ([34miframe.js[0m) [31mResponding with contents of /index.html[0m
2023-08-16 17:50:33.273 +0530 [debug] ([34miframe.js[0m) [31mResponding with contents of /views/contact_details.html[0m
2023-08-16 17:50:33.375 +0530 [debug] ([34miframe.js[0m) [31mResponding with contents of /scripts/contact_details.js[0m
2023-08-16 17:50:33.376 +0530 [debug] ([34mcoverage.js[0m) [31mInstrumenting C:\Users\Hariharan\Documents\freshdeskRequestSampleMethods\request-method-samples\product-samples\freshdesk\app\scripts\contact_details.js[0m
2023-08-16 17:50:33.401 +0530 [debug] ([34miframe.js[0m) [31mResponding with contents of /scripts/app.js[0m
2023-08-16 17:50:33.402 +0530 [debug] ([34mcoverage.js[0m) [31mInstrumenting C:\Users\Hariharan\Documents\freshdeskRequestSampleMethods\request-method-samples\product-samples\freshdesk\app\scripts\app.js[0m
2023-08-16 17:50:33.449 +0530 [debug] ([34mdata-pipe.js[0m) [31mreceived call for route "request" with action "execute" and body {"action":"execute","data":{"name":"getContacts","isOAuth":true}}[0m
2023-08-16 17:50:33.451 +0530 [debug] ([34mdata.js[0m) [31mRead {}[0m
2023-08-16 17:50:33.452 +0530 [debug] ([34mdata.js[0m) [31mRead {}[0m
2023-08-16 17:50:33.453 +0530 [debug] ([34mdata.js[0m) [31mRead {}[0m
2023-08-16 17:50:33.453 +0530 [debug] ([34mrequest.js[0m) [31merror while validating schema for getContacts[0m
2023-08-16 17:50:36.144 +0530 [debug] ([34mcoverage.js[0m) [31mWriting coverage.[0m
2023-08-16 17:50:36.161 +0530 [debug] ([34mcoverage.js[0m) [31mWriting coverage.[0m
2023-08-16 17:50:50.893 +0530 [debug] ([34mdata.js[0m) [31mRead {}[0m
2023-08-16 17:50:50.894 +0530 [debug] ([34mdata.js[0m) [31mRead {}[0m
2023-08-16 17:50:50.894 +0530 [debug] ([34miframe.js[0m) [31mResponding to product with {"configs":{},"displayName":"freshdesk","product":{"freshdesk":{"location":{"ticket_sidebar":{"url":"agent/index.html","icon":"agent/styles/images/icon.svg"},"ticket_requester_info":{"url":"agent/views/contact_details.html","icon":"agent/styles/images/icon.svg"}},"requests":{"getStarWarsPeople":{},"getStarWarsPeopleDetails":{},"starwarsStarshipSearch":{},"getContacts":{}}}},"features":["db"],"actions":false,"omni":false,"products":["freshdesk"],"platform":"2.3","isInstall":true,"v2":[]}[0m
2023-08-16 17:50:51.780 +0530 [debug] ([34mdata.js[0m) [31mRead {}[0m
2023-08-16 17:50:51.781 +0530 [debug] ([34mdata.js[0m) [31mRead {}[0m
2023-08-16 17:50:51.781 +0530 [debug] ([34miframe.js[0m) [31mResponding to product with {"configs":{},"displayName":"freshdesk","product":{"freshdesk":{"location":{"ticket_sidebar":{"url":"agent/index.html","icon":"agent/styles/images/icon.svg"},"ticket_requester_info":{"url":"agent/views/contact_details.html","icon":"agent/styles/images/icon.svg"}},"requests":{"getStarWarsPeople":{},"getStarWarsPeopleDetails":{},"starwarsStarshipSearch":{},"getContacts":{}}}},"features":["db"],"actions":false,"omni":false,"products":["freshdesk"],"platform":"2.3","isInstall":true,"v2":[]}[0m
2023-08-16 17:50:52.329 +0530 [debug] ([34mdata.js[0m) [31mRead {}[0m
2023-08-16 17:50:52.329 +0530 [debug] ([34mdata.js[0m) [31mRead {}[0m
2023-08-16 17:50:52.330 +0530 [debug] ([34miframe.js[0m) [31mResponding to product with {"configs":{},"displayName":"freshdesk","product":{"freshdesk":{"location":{"ticket_sidebar":{"url":"agent/index.html","icon":"agent/styles/images/icon.svg"},"ticket_requester_info":{"url":"agent/views/contact_details.html","icon":"agent/styles/images/icon.svg"}},"requests":{"getStarWarsPeople":{},"getStarWarsPeopleDetails":{},"starwarsStarshipSearch":{},"getContacts":{}}}},"features":["db"],"actions":false,"omni":false,"products":["freshdesk"],"platform":"2.3","isInstall":true,"v2":[]}[0m
2023-08-16 17:50:52.816 +0530 [debug] ([34mdata.js[0m) [31mRead {}[0m
2023-08-16 17:50:52.817 +0530 [debug] ([34mdata.js[0m) [31mRead {}[0m
2023-08-16 17:50:52.818 +0530 [debug] ([34miframe.js[0m) [31mResponding to product with {"configs":{},"displayName":"freshdesk","product":{"freshdesk":{"location":{"ticket_sidebar":{"url":"agent/index.html","icon":"agent/styles/images/icon.svg"},"ticket_requester_info":{"url":"agent/views/contact_details.html","icon":"agent/styles/images/icon.svg"}},"requests":{"getStarWarsPeople":{},"getStarWarsPeopleDetails":{},"starwarsStarshipSearch":{},"getContacts":{}}}},"features":["db"],"actions":false,"omni":false,"products":["freshdesk"],"platform":"2.3","isInstall":true,"v2":[]}[0m
2023-08-16 17:50:53.413 +0530 [debug] ([34mdata.js[0m) [31mRead {}[0m
2023-08-16 17:50:53.414 +0530 [debug] ([34mdata.js[0m) [31mRead {}[0m
2023-08-16 17:50:53.414 +0530 [debug] ([34miframe.js[0m) [31mResponding to product with {"configs":{},"displayName":"freshdesk","product":{"freshdesk":{"location":{"ticket_sidebar":{"url":"agent/index.html","icon":"agent/styles/images/icon.svg"},"ticket_requester_info":{"url":"agent/views/contact_details.html","icon":"agent/styles/images/icon.svg"}},"requests":{"getStarWarsPeople":{},"getStarWarsPeopleDetails":{},"starwarsStarshipSearch":{},"getContacts":{}}}},"features":["db"],"actions":false,"omni":false,"products":["freshdesk"],"platform":"2.3","isInstall":true,"v2":[]}[0m
2023-08-16 17:50:53.902 +0530 [debug] ([34mdata.js[0m) [31mRead {}[0m
2023-08-16 17:50:53.902 +0530 [debug] ([34mdata.js[0m) [31mRead {}[0m
2023-08-16 17:50:53.903 +0530 [debug] ([34miframe.js[0m) [31mResponding to product with {"configs":{},"displayName":"freshdesk","product":{"freshdesk":{"location":{"ticket_sidebar":{"url":"agent/index.html","icon":"agent/styles/images/icon.svg"},"ticket_requester_info":{"url":"agent/views/contact_details.html","icon":"agent/styles/images/icon.svg"}},"requests":{"getStarWarsPeople":{},"getStarWarsPeopleDetails":{},"starwarsStarshipSearch":{},"getContacts":{}}}},"features":["db"],"actions":false,"omni":false,"products":["freshdesk"],"platform":"2.3","isInstall":true,"v2":[]}[0m
2023-08-16 17:50:54.433 +0530 [debug] ([34mdata.js[0m) [31mRead {}[0m
2023-08-16 17:50:54.434 +0530 [debug] ([34mdata.js[0m) [31mRead {}[0m
2023-08-16 17:50:54.434 +0530 [debug] ([34miframe.js[0m) [31mResponding to product with {"configs":{},"displayName":"freshdesk","product":{"freshdesk":{"location":{"ticket_sidebar":{"url":"agent/index.html","icon":"agent/styles/images/icon.svg"},"ticket_requester_info":{"url":"agent/views/contact_details.html","icon":"agent/styles/images/icon.svg"}},"requests":{"getStarWarsPeople":{},"getStarWarsPeopleDetails":{},"starwarsStarshipSearch":{},"getContacts":{}}}},"features":["db"],"actions":false,"omni":false,"products":["freshdesk"],"platform":"2.3","isInstall":true,"v2":[]}[0m
2023-08-16 17:50:54.903 +0530 [debug] ([34mdata.js[0m) [31mRead {}[0m
2023-08-16 17:50:54.904 +0530 [debug] ([34mdata.js[0m) [31mRead {}[0m
2023-08-16 17:50:54.904 +0530 [debug] ([34miframe.js[0m) [31mResponding to product with {"configs":{},"displayName":"freshdesk","product":{"freshdesk":{"location":{"ticket_sidebar":{"url":"agent/index.html","icon":"agent/styles/images/icon.svg"},"ticket_requester_info":{"url":"agent/views/contact_details.html","icon":"agent/styles/images/icon.svg"}},"requests":{"getStarWarsPeople":{},"getStarWarsPeopleDetails":{},"starwarsStarshipSearch":{},"getContacts":{}}}},"features":["db"],"actions":false,"omni":false,"products":["freshdesk"],"platform":"2.3","isInstall":true,"v2":[]}[0m
2023-08-16 17:50:54.928 +0530 [debug] ([34miframe.js[0m) [31mResponding with contents of /views/contact_details.html[0m
2023-08-16 17:50:54.973 +0530 [debug] ([34miframe.js[0m) [31mResponding with contents of /scripts/contact_details.js[0m
2023-08-16 17:50:54.974 +0530 [debug] ([34mcoverage.js[0m) [31mInstrumenting C:\Users\Hariharan\Documents\freshdeskRequestSampleMethods\request-method-samples\product-samples\freshdesk\app\scripts\contact_details.js[0m
2023-08-16 17:50:55.401 +0530 [debug] ([34mdata.js[0m) [31mRead {}[0m
2023-08-16 17:50:55.402 +0530 [debug] ([34mdata.js[0m) [31mRead {}[0m
2023-08-16 17:50:55.402 +0530 [debug] ([34miframe.js[0m) [31mResponding to product with {"configs":{},"displayName":"freshdesk","product":{"freshdesk":{"location":{"ticket_sidebar":{"url":"agent/index.html","icon":"agent/styles/images/icon.svg"},"ticket_requester_info":{"url":"agent/views/contact_details.html","icon":"agent/styles/images/icon.svg"}},"requests":{"getStarWarsPeople":{},"getStarWarsPeopleDetails":{},"starwarsStarshipSearch":{},"getContacts":{}}}},"features":["db"],"actions":false,"omni":false,"products":["freshdesk"],"platform":"2.3","isInstall":true,"v2":[]}[0m
2023-08-16 17:50:55.433 +0530 [debug] ([34miframe.js[0m) [31mResponding with contents of /index.html[0m
2023-08-16 17:50:55.483 +0530 [debug] ([34miframe.js[0m) [31mResponding with contents of /scripts/app.js[0m
2023-08-16 17:50:55.484 +0530 [debug] ([34mcoverage.js[0m) [31mInstrumenting C:\Users\Hariharan\Documents\freshdeskRequestSampleMethods\request-method-samples\product-samples\freshdesk\app\scripts\app.js[0m
2023-08-16 17:50:55.631 +0530 [debug] ([34mdata-pipe.js[0m) [31mreceived call for route "request" with action "execute" and body {"action":"execute","data":{"name":"getContacts","isOAuth":true}}[0m
2023-08-16 17:50:55.632 +0530 [debug] ([34mdata.js[0m) [31mRead {}[0m
2023-08-16 17:50:55.634 +0530 [debug] ([34mdata.js[0m) [31mRead {}[0m
2023-08-16 17:50:55.634 +0530 [debug] ([34mdata.js[0m) [31mRead {}[0m
2023-08-16 17:50:55.635 +0530 [debug] ([34mrequest.js[0m) [31merror while validating schema for getContacts[0m
2023-08-16 17:50:56.994 +0530 [debug] ([34mcoverage.js[0m) [31mWriting coverage.[0m
2023-08-16 17:50:58.148 +0530 [debug] ([34mcoverage.js[0m) [31mWriting coverage.[0m
2023-08-16 17:51:06.481 +0530 [debug] ([34mdata-pipe.js[0m) [31mreceived call for route "request" with action "execute" and body {"action":"execute","data":{"name":"getStarWarsPeople","isOAuth":true}}[0m
2023-08-16 17:51:06.482 +0530 [debug] ([34mdata.js[0m) [31mRead {}[0m
2023-08-16 17:51:06.484 +0530 [debug] ([34mdata.js[0m) [31mRead {}[0m
2023-08-16 17:51:06.484 +0530 [debug] ([34mdata.js[0m) [31mRead {}[0m
2023-08-16 17:51:06.485 +0530 [debug] ([34mrequest.js[0m) [31mMaking request with options as {"method":"GET","url":"https://swapi.dev/api/people","headers":{},"qs":{},"body":null,"maxAttempts":1,"retryDelay":0,"timeout":5000}[0m
2023-08-16 17:51:07.561 +0530 [debug] ([34mcoverage.js[0m) [31mWriting coverage.[0m
2023-08-16 17:51:10.341 +0530 [debug] ([34mrequest.js[0m) [31mLooking for "application/json" in application/json,application/xml,text/html,text/xml,application/jsonp,text/plain,application/javascript,application/vnd.api+json[0m
2023-08-16 17:51:10.382 +0530 [debug] ([34mdata-pipe.js[0m) [31mreceived call for route "request" with action "execute" and body {"action":"execute","data":{"context":{"id":"1"},"name":"getStarWarsPeopleDetails","isOAuth":true}}[0m
2023-08-16 17:51:10.383 +0530 [debug] ([34mdata.js[0m) [31mRead {}[0m
2023-08-16 17:51:10.384 +0530 [debug] ([34mdata.js[0m) [31mRead {}[0m
2023-08-16 17:51:10.385 +0530 [debug] ([34mdata.js[0m) [31mRead {}[0m
2023-08-16 17:51:10.387 +0530 [debug] ([34mrequest.js[0m) [31mMaking request with options as {"method":"GET","url":"https://swapi.dev/api/people/1","headers":{},"qs":{},"body":null,"maxAttempts":1,"retryDelay":0,"timeout":5000}[0m
2023-08-16 17:51:11.506 +0530 [debug] ([34mrequest.js[0m) [31mLooking for "application/json" in application/json,application/xml,text/html,text/xml,application/jsonp,text/plain,application/javascript,application/vnd.api+json[0m
2023-08-16 17:51:11.522 +0530 [debug] ([34mdata-pipe.js[0m) [31mreceived call for route "request" with action "execute" and body {"action":"execute","data":{"context":{"starshipname":"Death Star"},"name":"starwarsStarshipSearch","isOAuth":true}}[0m
2023-08-16 17:51:11.524 +0530 [debug] ([34mdata.js[0m) [31mRead {}[0m
2023-08-16 17:51:11.525 +0530 [debug] ([34mdata.js[0m) [31mRead {}[0m
2023-08-16 17:51:11.526 +0530 [debug] ([34mdata.js[0m) [31mRead {}[0m
2023-08-16 17:51:11.526 +0530 [debug] ([34mrequest.js[0m) [31mMaking request with options as {"method":"GET","url":"https://swapi.dev/api/starships","headers":{},"qs":{"search":"Death Star"},"body":null,"maxAttempts":1,"retryDelay":0,"timeout":5000}[0m
2023-08-16 17:51:11.547 +0530 [debug] ([34mcoverage.js[0m) [31mWriting coverage.[0m
2023-08-16 17:51:12.531 +0530 [debug] ([34mrequest.js[0m) [31mLooking for "application/json" in application/json,application/xml,text/html,text/xml,application/jsonp,text/plain,application/javascript,application/vnd.api+json[0m
2023-08-16 17:51:13.554 +0530 [debug] ([34mcoverage.js[0m) [31mWriting coverage.[0m
2023-08-16 17:55:50.681 +0530 [debug] ([34mdata.js[0m) [31mRead {}[0m
2023-08-16 17:55:50.682 +0530 [debug] ([34mdata.js[0m) [31mRead {}[0m
2023-08-16 17:55:50.682 +0530 [debug] ([34miframe.js[0m) [31mResponding to product with {"configs":{},"displayName":"freshdesk","product":{"freshdesk":{"location":{"ticket_sidebar":{"url":"agent/index.html","icon":"agent/styles/images/icon.svg"},"ticket_requester_info":{"url":"agent/views/contact_details.html","icon":"agent/styles/images/icon.svg"}},"requests":{"getStarWarsPeople":{},"getStarWarsPeopleDetails":{},"starwarsStarshipSearch":{},"getContacts":{}}}},"features":["db"],"actions":false,"omni":false,"products":["freshdesk"],"platform":"2.3","isInstall":true,"v2":[]}[0m
2023-08-16 17:55:51.158 +0530 [debug] ([34mdata.js[0m) [31mRead {}[0m
2023-08-16 17:55:51.159 +0530 [debug] ([34mdata.js[0m) [31mRead {}[0m
2023-08-16 17:55:51.159 +0530 [debug] ([34miframe.js[0m) [31mResponding to product with {"configs":{},"displayName":"freshdesk","product":{"freshdesk":{"location":{"ticket_sidebar":{"url":"agent/index.html","icon":"agent/styles/images/icon.svg"},"ticket_requester_info":{"url":"agent/views/contact_details.html","icon":"agent/styles/images/icon.svg"}},"requests":{"getStarWarsPeople":{},"getStarWarsPeopleDetails":{},"starwarsStarshipSearch":{},"getContacts":{}}}},"features":["db"],"actions":false,"omni":false,"products":["freshdesk"],"platform":"2.3","isInstall":true,"v2":[]}[0m
2023-08-16 17:55:51.673 +0530 [debug] ([34mdata.js[0m) [31mRead {}[0m
2023-08-16 17:55:51.674 +0530 [debug] ([34mdata.js[0m) [31mRead {}[0m
2023-08-16 17:55:51.674 +0530 [debug] ([34miframe.js[0m) [31mResponding to product with {"configs":{},"displayName":"freshdesk","product":{"freshdesk":{"location":{"ticket_sidebar":{"url":"agent/index.html","icon":"agent/styles/images/icon.svg"},"ticket_requester_info":{"url":"agent/views/contact_details.html","icon":"agent/styles/images/icon.svg"}},"requests":{"getStarWarsPeople":{},"getStarWarsPeopleDetails":{},"starwarsStarshipSearch":{},"getContacts":{}}}},"features":["db"],"actions":false,"omni":false,"products":["freshdesk"],"platform":"2.3","isInstall":true,"v2":[]}[0m
2023-08-16 17:55:52.149 +0530 [debug] ([34mdata.js[0m) [31mRead {}[0m
2023-08-16 17:55:52.151 +0530 [debug] ([34mdata.js[0m) [31mRead {}[0m
2023-08-16 17:55:52.151 +0530 [debug] ([34miframe.js[0m) [31mResponding to product with {"configs":{},"displayName":"freshdesk","product":{"freshdesk":{"location":{"ticket_sidebar":{"url":"agent/index.html","icon":"agent/styles/images/icon.svg"},"ticket_requester_info":{"url":"agent/views/contact_details.html","icon":"agent/styles/images/icon.svg"}},"requests":{"getStarWarsPeople":{},"getStarWarsPeopleDetails":{},"starwarsStarshipSearch":{},"getContacts":{}}}},"features":["db"],"actions":false,"omni":false,"products":["freshdesk"],"platform":"2.3","isInstall":true,"v2":[]}[0m
2023-08-16 17:55:52.622 +0530 [debug] ([34mdata.js[0m) [31mRead {}[0m
2023-08-16 17:55:52.623 +0530 [debug] ([34mdata.js[0m) [31mRead {}[0m
2023-08-16 17:55:52.623 +0530 [debug] ([34miframe.js[0m) [31mResponding to product with {"configs":{},"displayName":"freshdesk","product":{"freshdesk":{"location":{"ticket_sidebar":{"url":"agent/index.html","icon":"agent/styles/images/icon.svg"},"ticket_requester_info":{"url":"agent/views/contact_details.html","icon":"agent/styles/images/icon.svg"}},"requests":{"getStarWarsPeople":{},"getStarWarsPeopleDetails":{},"starwarsStarshipSearch":{},"getContacts":{}}}},"features":["db"],"actions":false,"omni":false,"products":["freshdesk"],"platform":"2.3","isInstall":true,"v2":[]}[0m
2023-08-16 17:57:18.673 +0530 [debug] ([34mdata.js[0m) [31mRead {}[0m
2023-08-16 17:57:18.674 +0530 [debug] ([34mdata.js[0m) [31mRead {}[0m
2023-08-16 17:57:18.674 +0530 [debug] ([34miframe.js[0m) [31mResponding to product with {"configs":{},"displayName":"freshdesk","product":{"freshdesk":{"location":{"ticket_sidebar":{"url":"agent/index.html","icon":"agent/styles/images/icon.svg"},"ticket_requester_info":{"url":"agent/views/contact_details.html","icon":"agent/styles/images/icon.svg"}},"requests":{"getStarWarsPeople":{},"getStarWarsPeopleDetails":{},"starwarsStarshipSearch":{},"getContacts":{}}}},"features":["db"],"actions":false,"omni":false,"products":["freshdesk"],"platform":"2.3","isInstall":true,"v2":[]}[0m
2023-08-16 17:57:19.430 +0530 [debug] ([34mdata.js[0m) [31mRead {}[0m
2023-08-16 17:57:19.430 +0530 [debug] ([34mdata.js[0m) [31mRead {}[0m
2023-08-16 17:57:19.430 +0530 [debug] ([34miframe.js[0m) [31mResponding to product with {"configs":{},"displayName":"freshdesk","product":{"freshdesk":{"location":{"ticket_sidebar":{"url":"agent/index.html","icon":"agent/styles/images/icon.svg"},"ticket_requester_info":{"url":"agent/views/contact_details.html","icon":"agent/styles/images/icon.svg"}},"requests":{"getStarWarsPeople":{},"getStarWarsPeopleDetails":{},"starwarsStarshipSearch":{},"getContacts":{}}}},"features":["db"],"actions":false,"omni":false,"products":["freshdesk"],"platform":"2.3","isInstall":true,"v2":[]}[0m
2023-08-16 17:57:19.965 +0530 [debug] ([34mdata.js[0m) [31mRead {}[0m
2023-08-16 17:57:19.966 +0530 [debug] ([34mdata.js[0m) [31mRead {}[0m
2023-08-16 17:57:19.966 +0530 [debug] ([34miframe.js[0m) [31mResponding to product with {"configs":{},"displayName":"freshdesk","product":{"freshdesk":{"location":{"ticket_sidebar":{"url":"agent/index.html","icon":"agent/styles/images/icon.svg"},"ticket_requester_info":{"url":"agent/views/contact_details.html","icon":"agent/styles/images/icon.svg"}},"requests":{"getStarWarsPeople":{},"getStarWarsPeopleDetails":{},"starwarsStarshipSearch":{},"getContacts":{}}}},"features":["db"],"actions":false,"omni":false,"products":["freshdesk"],"platform":"2.3","isInstall":true,"v2":[]}[0m
2023-08-16 17:57:20.432 +0530 [debug] ([34mdata.js[0m) [31mRead {}[0m
2023-08-16 17:57:20.433 +0530 [debug] ([34mdata.js[0m) [31mRead {}[0m
2023-08-16 17:57:20.433 +0530 [debug] ([34miframe.js[0m) [31mResponding to product with {"configs":{},"displayName":"freshdesk","product":{"freshdesk":{"location":{"ticket_sidebar":{"url":"agent/index.html","icon":"agent/styles/images/icon.svg"},"ticket_requester_info":{"url":"agent/views/contact_details.html","icon":"agent/styles/images/icon.svg"}},"requests":{"getStarWarsPeople":{},"getStarWarsPeopleDetails":{},"starwarsStarshipSearch":{},"getContacts":{}}}},"features":["db"],"actions":false,"omni":false,"products":["freshdesk"],"platform":"2.3","isInstall":true,"v2":[]}[0m
2023-08-16 17:57:20.943 +0530 [debug] ([34mdata.js[0m) [31mRead {}[0m
2023-08-16 17:57:20.944 +0530 [debug] ([34mdata.js[0m) [31mRead {}[0m
2023-08-16 17:57:20.944 +0530 [debug] ([34miframe.js[0m) [31mResponding to product with {"configs":{},"displayName":"freshdesk","product":{"freshdesk":{"location":{"ticket_sidebar":{"url":"agent/index.html","icon":"agent/styles/images/icon.svg"},"ticket_requester_info":{"url":"agent/views/contact_details.html","icon":"agent/styles/images/icon.svg"}},"requests":{"getStarWarsPeople":{},"getStarWarsPeopleDetails":{},"starwarsStarshipSearch":{},"getContacts":{}}}},"features":["db"],"actions":false,"omni":false,"products":["freshdesk"],"platform":"2.3","isInstall":true,"v2":[]}[0m
2023-08-16 17:57:21.398 +0530 [debug] ([34mdata.js[0m) [31mRead {}[0m
2023-08-16 17:57:21.399 +0530 [debug] ([34mdata.js[0m) [31mRead {}[0m
2023-08-16 17:57:21.399 +0530 [debug] ([34miframe.js[0m) [31mResponding to product with {"configs":{},"displayName":"freshdesk","product":{"freshdesk":{"location":{"ticket_sidebar":{"url":"agent/index.html","icon":"agent/styles/images/icon.svg"},"ticket_requester_info":{"url":"agent/views/contact_details.html","icon":"agent/styles/images/icon.svg"}},"requests":{"getStarWarsPeople":{},"getStarWarsPeopleDetails":{},"starwarsStarshipSearch":{},"getContacts":{}}}},"features":["db"],"actions":false,"omni":false,"products":["freshdesk"],"platform":"2.3","isInstall":true,"v2":[]}[0m
2023-08-16 17:57:21.867 +0530 [debug] ([34mdata.js[0m) [31mRead {}[0m
2023-08-16 17:57:21.868 +0530 [debug] ([34mdata.js[0m) [31mRead {}[0m
2023-08-16 17:57:21.868 +0530 [debug] ([34miframe.js[0m) [31mResponding to product with {"configs":{},"displayName":"freshdesk","product":{"freshdesk":{"location":{"ticket_sidebar":{"url":"agent/index.html","icon":"agent/styles/images/icon.svg"},"ticket_requester_info":{"url":"agent/views/contact_details.html","icon":"agent/styles/images/icon.svg"}},"requests":{"getStarWarsPeople":{},"getStarWarsPeopleDetails":{},"starwarsStarshipSearch":{},"getContacts":{}}}},"features":["db"],"actions":false,"omni":false,"products":["freshdesk"],"platform":"2.3","isInstall":true,"v2":[]}[0m
2023-08-16 17:57:22.317 +0530 [debug] ([34mdata.js[0m) [31mRead {}[0m
2023-08-16 17:57:22.318 +0530 [debug] ([34mdata.js[0m) [31mRead {}[0m
2023-08-16 17:57:22.318 +0530 [debug] ([34miframe.js[0m) [31mResponding to product with {"configs":{},"displayName":"freshdesk","product":{"freshdesk":{"location":{"ticket_sidebar":{"url":"agent/index.html","icon":"agent/styles/images/icon.svg"},"ticket_requester_info":{"url":"agent/views/contact_details.html","icon":"agent/styles/images/icon.svg"}},"requests":{"getStarWarsPeople":{},"getStarWarsPeopleDetails":{},"starwarsStarshipSearch":{},"getContacts":{}}}},"features":["db"],"actions":false,"omni":false,"products":["freshdesk"],"platform":"2.3","isInstall":true,"v2":[]}[0m
2023-08-16 17:57:22.342 +0530 [debug] ([34miframe.js[0m) [31mResponding with contents of /views/contact_details.html[0m
2023-08-16 17:57:22.386 +0530 [debug] ([34miframe.js[0m) [31mResponding with contents of /scripts/contact_details.js[0m
2023-08-16 17:57:22.386 +0530 [debug] ([34mcoverage.js[0m) [31mInstrumenting C:\Users\Hariharan\Documents\freshdeskRequestSampleMethods\request-method-samples\product-samples\freshdesk\app\scripts\contact_details.js[0m
2023-08-16 17:57:22.789 +0530 [debug] ([34mdata.js[0m) [31mRead {}[0m
2023-08-16 17:57:22.790 +0530 [debug] ([34mdata.js[0m) [31mRead {}[0m
2023-08-16 17:57:22.790 +0530 [debug] ([34miframe.js[0m) [31mResponding to product with {"configs":{},"displayName":"freshdesk","product":{"freshdesk":{"location":{"ticket_sidebar":{"url":"agent/index.html","icon":"agent/styles/images/icon.svg"},"ticket_requester_info":{"url":"agent/views/contact_details.html","icon":"agent/styles/images/icon.svg"}},"requests":{"getStarWarsPeople":{},"getStarWarsPeopleDetails":{},"starwarsStarshipSearch":{},"getContacts":{}}}},"features":["db"],"actions":false,"omni":false,"products":["freshdesk"],"platform":"2.3","isInstall":true,"v2":[]}[0m
2023-08-16 17:57:22.811 +0530 [debug] ([34miframe.js[0m) [31mResponding with contents of /index.html[0m
2023-08-16 17:57:22.882 +0530 [debug] ([34miframe.js[0m) [31mResponding with contents of /scripts/app.js[0m
2023-08-16 17:57:22.883 +0530 [debug] ([34mcoverage.js[0m) [31mInstrumenting C:\Users\Hariharan\Documents\freshdeskRequestSampleMethods\request-method-samples\product-samples\freshdesk\app\scripts\app.js[0m
2023-08-16 17:57:23.503 +0530 [debug] ([34mdata-pipe.js[0m) [31mreceived call for route "request" with action "execute" and body {"action":"execute","data":{"name":"getContacts","isOAuth":true}}[0m
2023-08-16 17:57:23.505 +0530 [debug] ([34mdata.js[0m) [31mRead {}[0m
2023-08-16 17:57:23.506 +0530 [debug] ([34mdata.js[0m) [31mRead {}[0m
2023-08-16 17:57:23.507 +0530 [debug] ([34mdata.js[0m) [31mRead {}[0m
2023-08-16 17:57:23.508 +0530 [debug] ([34mrequest.js[0m) [31merror while validating schema for getContacts[0m
2023-08-16 17:57:25.152 +0530 [debug] ([34mcoverage.js[0m) [31mWriting coverage.[0m
2023-08-16 17:57:25.175 +0530 [debug] ([34mcoverage.js[0m) [31mWriting coverage.[0m
2023-08-16 17:58:21.635 +0530 [debug] ([34mwatcher.js[0m) [31mBroadcasted "{"file":"app\\scripts\\contact_details.js"}" to all listeners.[0m
2023-08-16 17:58:21.649 +0530 [debug] ([34miframe.js[0m) [31mResponding with contents of /views/contact_details.html[0m
2023-08-16 17:58:21.651 +0530 [debug] ([34miframe.js[0m) [31mResponding with contents of /index.html[0m
2023-08-16 17:58:21.711 +0530 [debug] ([34miframe.js[0m) [31mResponding with contents of /scripts/contact_details.js[0m
2023-08-16 17:58:21.711 +0530 [debug] ([34mcoverage.js[0m) [31mInstrumenting C:\Users\Hariharan\Documents\freshdeskRequestSampleMethods\request-method-samples\product-samples\freshdesk\app\scripts\contact_details.js[0m
2023-08-16 17:58:21.729 +0530 [debug] ([34miframe.js[0m) [31mResponding with contents of /scripts/app.js[0m
2023-08-16 17:58:21.730 +0530 [debug] ([34mcoverage.js[0m) [31mInstrumenting C:\Users\Hariharan\Documents\freshdeskRequestSampleMethods\request-method-samples\product-samples\freshdesk\app\scripts\app.js[0m
2023-08-16 17:58:21.758 +0530 [debug] ([34mdata-pipe.js[0m) [31mreceived call for route "request" with action "execute" and body {"action":"execute","data":{"name":"getContacts","isOAuth":true}}[0m
2023-08-16 17:58:21.759 +0530 [debug] ([34mdata.js[0m) [31mRead {}[0m
2023-08-16 17:58:21.760 +0530 [debug] ([34mdata.js[0m) [31mRead {}[0m
2023-08-16 17:58:21.761 +0530 [debug] ([34mdata.js[0m) [31mRead {}[0m
2023-08-16 17:58:21.762 +0530 [debug] ([34mrequest.js[0m) [31merror while validating schema for getContacts[0m
2023-08-16 17:58:24.152 +0530 [debug] ([34mcoverage.js[0m) [31mWriting coverage.[0m
2023-08-16 17:58:24.177 +0530 [debug] ([34mcoverage.js[0m) [31mWriting coverage.[0m
2023-08-16 17:58:32.795 +0530 [debug] ([34mdata.js[0m) [31mRead {}[0m
2023-08-16 17:58:32.795 +0530 [debug] ([34mdata.js[0m) [31mRead {}[0m
2023-08-16 17:58:32.796 +0530 [debug] ([34miframe.js[0m) [31mResponding to product with {"configs":{},"displayName":"freshdesk","product":{"freshdesk":{"location":{"ticket_sidebar":{"url":"agent/index.html","icon":"agent/styles/images/icon.svg"},"ticket_requester_info":{"url":"agent/views/contact_details.html","icon":"agent/styles/images/icon.svg"}},"requests":{"getStarWarsPeople":{},"getStarWarsPeopleDetails":{},"starwarsStarshipSearch":{},"getContacts":{}}}},"features":["db"],"actions":false,"omni":false,"products":["freshdesk"],"platform":"2.3","isInstall":true,"v2":[]}[0m
2023-08-16 17:58:33.605 +0530 [debug] ([34mdata.js[0m) [31mRead {}[0m
2023-08-16 17:58:33.605 +0530 [debug] ([34mdata.js[0m) [31mRead {}[0m
2023-08-16 17:58:33.605 +0530 [debug] ([34miframe.js[0m) [31mResponding to product with {"configs":{},"displayName":"freshdesk","product":{"freshdesk":{"location":{"ticket_sidebar":{"url":"agent/index.html","icon":"agent/styles/images/icon.svg"},"ticket_requester_info":{"url":"agent/views/contact_details.html","icon":"agent/styles/images/icon.svg"}},"requests":{"getStarWarsPeople":{},"getStarWarsPeopleDetails":{},"starwarsStarshipSearch":{},"getContacts":{}}}},"features":["db"],"actions":false,"omni":false,"products":["freshdesk"],"platform":"2.3","isInstall":true,"v2":[]}[0m
2023-08-16 17:58:34.155 +0530 [debug] ([34mdata.js[0m) [31mRead {}[0m
2023-08-16 17:58:34.156 +0530 [debug] ([34mdata.js[0m) [31mRead {}[0m
2023-08-16 17:58:34.156 +0530 [debug] ([34miframe.js[0m) [31mResponding to product with {"configs":{},"displayName":"freshdesk","product":{"freshdesk":{"location":{"ticket_sidebar":{"url":"agent/index.html","icon":"agent/styles/images/icon.svg"},"ticket_requester_info":{"url":"agent/views/contact_details.html","icon":"agent/styles/images/icon.svg"}},"requests":{"getStarWarsPeople":{},"getStarWarsPeopleDetails":{},"starwarsStarshipSearch":{},"getContacts":{}}}},"features":["db"],"actions":false,"omni":false,"products":["freshdesk"],"platform":"2.3","isInstall":true,"v2":[]}[0m
2023-08-16 17:58:34.617 +0530 [debug] ([34mdata.js[0m) [31mRead {}[0m
2023-08-16 17:58:34.618 +0530 [debug] ([34mdata.js[0m) [31mRead {}[0m
2023-08-16 17:58:34.618 +0530 [debug] ([34miframe.js[0m) [31mResponding to product with {"configs":{},"displayName":"freshdesk","product":{"freshdesk":{"location":{"ticket_sidebar":{"url":"agent/index.html","icon":"agent/styles/images/icon.svg"},"ticket_requester_info":{"url":"agent/views/contact_details.html","icon":"agent/styles/images/icon.svg"}},"requests":{"getStarWarsPeople":{},"getStarWarsPeopleDetails":{},"starwarsStarshipSearch":{},"getContacts":{}}}},"features":["db"],"actions":false,"omni":false,"products":["freshdesk"],"platform":"2.3","isInstall":true,"v2":[]}[0m
2023-08-16 17:58:35.115 +0530 [debug] ([34mdata.js[0m) [31mRead {}[0m
2023-08-16 17:58:35.117 +0530 [debug] ([34mdata.js[0m) [31mRead {}[0m
2023-08-16 17:58:35.117 +0530 [debug] ([34miframe.js[0m) [31mResponding to product with {"configs":{},"displayName":"freshdesk","product":{"freshdesk":{"location":{"ticket_sidebar":{"url":"agent/index.html","icon":"agent/styles/images/icon.svg"},"ticket_requester_info":{"url":"agent/views/contact_details.html","icon":"agent/styles/images/icon.svg"}},"requests":{"getStarWarsPeople":{},"getStarWarsPeopleDetails":{},"starwarsStarshipSearch":{},"getContacts":{}}}},"features":["db"],"actions":false,"omni":false,"products":["freshdesk"],"platform":"2.3","isInstall":true,"v2":[]}[0m
2023-08-16 17:58:35.591 +0530 [debug] ([34mdata.js[0m) [31mRead {}[0m
2023-08-16 17:58:35.591 +0530 [debug] ([34mdata.js[0m) [31mRead {}[0m
2023-08-16 17:58:35.591 +0530 [debug] ([34miframe.js[0m) [31mResponding to product with {"configs":{},"displayName":"freshdesk","product":{"freshdesk":{"location":{"ticket_sidebar":{"url":"agent/index.html","icon":"agent/styles/images/icon.svg"},"ticket_requester_info":{"url":"agent/views/contact_details.html","icon":"agent/styles/images/icon.svg"}},"requests":{"getStarWarsPeople":{},"getStarWarsPeopleDetails":{},"starwarsStarshipSearch":{},"getContacts":{}}}},"features":["db"],"actions":false,"omni":false,"products":["freshdesk"],"platform":"2.3","isInstall":true,"v2":[]}[0m
2023-08-16 17:58:36.073 +0530 [debug] ([34mdata.js[0m) [31mRead {}[0m
2023-08-16 17:58:36.074 +0530 [debug] ([34mdata.js[0m) [31mRead {}[0m
2023-08-16 17:58:36.074 +0530 [debug] ([34miframe.js[0m) [31mResponding to product with {"configs":{},"displayName":"freshdesk","product":{"freshdesk":{"location":{"ticket_sidebar":{"url":"agent/index.html","icon":"agent/styles/images/icon.svg"},"ticket_requester_info":{"url":"agent/views/contact_details.html","icon":"agent/styles/images/icon.svg"}},"requests":{"getStarWarsPeople":{},"getStarWarsPeopleDetails":{},"starwarsStarshipSearch":{},"getContacts":{}}}},"features":["db"],"actions":false,"omni":false,"products":["freshdesk"],"platform":"2.3","isInstall":true,"v2":[]}[0m
2023-08-16 17:58:36.596 +0530 [debug] ([34mdata.js[0m) [31mRead {}[0m
2023-08-16 17:58:36.597 +0530 [debug] ([34mdata.js[0m) [31mRead {}[0m
2023-08-16 17:58:36.597 +0530 [debug] ([34miframe.js[0m) [31mResponding to product with {"configs":{},"displayName":"freshdesk","product":{"freshdesk":{"location":{"ticket_sidebar":{"url":"agent/index.html","icon":"agent/styles/images/icon.svg"},"ticket_requester_info":{"url":"agent/views/contact_details.html","icon":"agent/styles/images/icon.svg"}},"requests":{"getStarWarsPeople":{},"getStarWarsPeopleDetails":{},"starwarsStarshipSearch":{},"getContacts":{}}}},"features":["db"],"actions":false,"omni":false,"products":["freshdesk"],"platform":"2.3","isInstall":true,"v2":[]}[0m
2023-08-16 17:58:36.616 +0530 [debug] ([34miframe.js[0m) [31mResponding with contents of /views/contact_details.html[0m
2023-08-16 17:58:36.729 +0530 [debug] ([34miframe.js[0m) [31mResponding with contents of /scripts/contact_details.js[0m
2023-08-16 17:58:36.729 +0530 [debug] ([34mcoverage.js[0m) [31mInstrumenting C:\Users\Hariharan\Documents\freshdeskRequestSampleMethods\request-method-samples\product-samples\freshdesk\app\scripts\contact_details.js[0m
2023-08-16 17:58:37.105 +0530 [debug] ([34mdata.js[0m) [31mRead {}[0m
2023-08-16 17:58:37.106 +0530 [debug] ([34mdata.js[0m) [31mRead {}[0m
2023-08-16 17:58:37.106 +0530 [debug] ([34miframe.js[0m) [31mResponding to product with {"configs":{},"displayName":"freshdesk","product":{"freshdesk":{"location":{"ticket_sidebar":{"url":"agent/index.html","icon":"agent/styles/images/icon.svg"},"ticket_requester_info":{"url":"agent/views/contact_details.html","icon":"agent/styles/images/icon.svg"}},"requests":{"getStarWarsPeople":{},"getStarWarsPeopleDetails":{},"starwarsStarshipSearch":{},"getContacts":{}}}},"features":["db"],"actions":false,"omni":false,"products":["freshdesk"],"platform":"2.3","isInstall":true,"v2":[]}[0m
2023-08-16 17:58:37.129 +0530 [debug] ([34miframe.js[0m) [31mResponding with contents of /index.html[0m
2023-08-16 17:58:37.178 +0530 [debug] ([34miframe.js[0m) [31mResponding with contents of /scripts/app.js[0m
2023-08-16 17:58:37.179 +0530 [debug] ([34mcoverage.js[0m) [31mInstrumenting C:\Users\Hariharan\Documents\freshdeskRequestSampleMethods\request-method-samples\product-samples\freshdesk\app\scripts\app.js[0m
2023-08-16 17:58:37.686 +0530 [debug] ([34mdata-pipe.js[0m) [31mreceived call for route "request" with action "execute" and body {"action":"execute","data":{"name":"getContacts","isOAuth":true}}[0m
2023-08-16 17:58:37.688 +0530 [debug] ([34mdata.js[0m) [31mRead {}[0m
2023-08-16 17:58:37.689 +0530 [debug] ([34mdata.js[0m) [31mRead {}[0m
2023-08-16 17:58:37.690 +0530 [debug] ([34mdata.js[0m) [31mRead {}[0m
2023-08-16 17:58:37.690 +0530 [debug] ([34mrequest.js[0m) [31merror while validating schema for getContacts[0m
2023-08-16 17:58:39.152 +0530 [debug] ([34mcoverage.js[0m) [31mWriting coverage.[0m
2023-08-16 17:58:40.156 +0530 [debug] ([34mcoverage.js[0m) [31mWriting coverage.[0m
2023-08-16 17:59:18.825 +0530 [debug] ([34mwatcher.js[0m) [31mBroadcasted "{"file":"app\\scripts\\contact_details.js"}" to all listeners.[0m
2023-08-16 17:59:18.840 +0530 [debug] ([34miframe.js[0m) [31mResponding with contents of /views/contact_details.html[0m
2023-08-16 17:59:18.842 +0530 [debug] ([34miframe.js[0m) [31mResponding with contents of /index.html[0m
2023-08-16 17:59:18.911 +0530 [debug] ([34miframe.js[0m) [31mResponding with contents of /scripts/contact_details.js[0m
2023-08-16 17:59:18.912 +0530 [debug] ([34mcoverage.js[0m) [31mInstrumenting C:\Users\Hariharan\Documents\freshdeskRequestSampleMethods\request-method-samples\product-samples\freshdesk\app\scripts\contact_details.js[0m
2023-08-16 17:59:18.937 +0530 [debug] ([34miframe.js[0m) [31mResponding with contents of /scripts/app.js[0m
2023-08-16 17:59:18.938 +0530 [debug] ([34mcoverage.js[0m) [31mInstrumenting C:\Users\Hariharan\Documents\freshdeskRequestSampleMethods\request-method-samples\product-samples\freshdesk\app\scripts\app.js[0m
2023-08-16 17:59:18.963 +0530 [debug] ([34mdata-pipe.js[0m) [31mreceived call for route "request" with action "execute" and body {"action":"execute","data":{"name":"getContacts","isOAuth":true}}[0m
2023-08-16 17:59:18.964 +0530 [debug] ([34mdata.js[0m) [31mRead {}[0m
2023-08-16 17:59:18.965 +0530 [debug] ([34mdata.js[0m) [31mRead {}[0m
2023-08-16 17:59:18.965 +0530 [debug] ([34mdata.js[0m) [31mRead {}[0m
2023-08-16 17:59:18.966 +0530 [debug] ([34mrequest.js[0m) [31merror while validating schema for getContacts[0m
2023-08-16 17:59:21.141 +0530 [debug] ([34mcoverage.js[0m) [31mWriting coverage.[0m
2023-08-16 17:59:21.172 +0530 [debug] ([34mcoverage.js[0m) [31mWriting coverage.[0m
2023-08-16 18:00:38.690 +0530 [debug] ([34mwatcher.js[0m) [31mBroadcasted "{"file":"app\\scripts\\contact_details.js"}" to all listeners.[0m
2023-08-16 18:00:38.706 +0530 [debug] ([34miframe.js[0m) [31mResponding with contents of /views/contact_details.html[0m
2023-08-16 18:00:38.710 +0530 [debug] ([34miframe.js[0m) [31mResponding with contents of /index.html[0m
2023-08-16 18:00:38.788 +0530 [debug] ([34miframe.js[0m) [31mResponding with contents of /scripts/contact_details.js[0m
2023-08-16 18:00:38.788 +0530 [debug] ([34mcoverage.js[0m) [31mInstrumenting C:\Users\Hariharan\Documents\freshdeskRequestSampleMethods\request-method-samples\product-samples\freshdesk\app\scripts\contact_details.js[0m
2023-08-16 18:00:38.818 +0530 [debug] ([34miframe.js[0m) [31mResponding with contents of /scripts/app.js[0m
2023-08-16 18:00:38.819 +0530 [debug] ([34mcoverage.js[0m) [31mInstrumenting C:\Users\Hariharan\Documents\freshdeskRequestSampleMethods\request-method-samples\product-samples\freshdesk\app\scripts\app.js[0m
2023-08-16 18:00:38.850 +0530 [debug] ([34mdata-pipe.js[0m) [31mreceived call for route "request" with action "execute" and body {"action":"execute","data":{"name":"getContacts","isOAuth":true}}[0m
2023-08-16 18:00:38.852 +0530 [debug] ([34mdata.js[0m) [31mRead {}[0m
2023-08-16 18:00:38.854 +0530 [debug] ([34mdata.js[0m) [31mRead {}[0m
2023-08-16 18:00:38.855 +0530 [debug] ([34mdata.js[0m) [31mRead {}[0m
2023-08-16 18:00:38.856 +0530 [debug] ([34mrequest.js[0m) [31merror while validating schema for getContacts[0m
2023-08-16 18:00:39.143 +0530 [debug] ([34mwatcher.js[0m) [31mBroadcasted "{"file":"app\\scripts\\contact_details.js"}" to all listeners.[0m
2023-08-16 18:00:39.153 +0530 [debug] ([34miframe.js[0m) [31mResponding with contents of /views/contact_details.html[0m
2023-08-16 18:00:39.154 +0530 [debug] ([34miframe.js[0m) [31mResponding with contents of /index.html[0m
2023-08-16 18:00:39.252 +0530 [debug] ([34mwatcher.js[0m) [31mBroadcasted "{"file":"app\\scripts\\contact_details.js"}" to all listeners.[0m
2023-08-16 18:00:39.282 +0530 [debug] ([34miframe.js[0m) [31mResponding with contents of /scripts/contact_details.js[0m
2023-08-16 18:00:39.283 +0530 [debug] ([34mcoverage.js[0m) [31mInstrumenting C:\Users\Hariharan\Documents\freshdeskRequestSampleMethods\request-method-samples\product-samples\freshdesk\app\scripts\contact_details.js[0m
2023-08-16 18:00:39.309 +0530 [debug] ([34miframe.js[0m) [31mResponding with contents of /scripts/app.js[0m
2023-08-16 18:00:39.311 +0530 [debug] ([34mcoverage.js[0m) [31mInstrumenting C:\Users\Hariharan\Documents\freshdeskRequestSampleMethods\request-method-samples\product-samples\freshdesk\app\scripts\app.js[0m
2023-08-16 18:00:39.349 +0530 [debug] ([34mdata-pipe.js[0m) [31mreceived call for route "request" with action "execute" and body {"action":"execute","data":{"name":"getContacts","isOAuth":true}}[0m
2023-08-16 18:00:39.351 +0530 [debug] ([34mdata.js[0m) [31mRead {}[0m
2023-08-16 18:00:39.352 +0530 [debug] ([34mdata.js[0m) [31mRead {}[0m
2023-08-16 18:00:39.353 +0530 [debug] ([34mdata.js[0m) [31mRead {}[0m
2023-08-16 18:00:39.354 +0530 [debug] ([34mrequest.js[0m) [31merror while validating schema for getContacts[0m
2023-08-16 18:00:42.153 +0530 [debug] ([34mcoverage.js[0m) [31mWriting coverage.[0m
2023-08-16 18:00:42.183 +0530 [debug] ([34mcoverage.js[0m) [31mWriting coverage.[0m
2023-08-16 18:00:58.579 +0530 [debug] ([34mdata.js[0m) [31mRead {}[0m
2023-08-16 18:00:58.581 +0530 [debug] ([34mdata.js[0m) [31mRead {}[0m
2023-08-16 18:00:58.581 +0530 [debug] ([34miframe.js[0m) [31mResponding to product with {"configs":{},"displayName":"freshdesk","product":{"freshdesk":{"location":{"ticket_sidebar":{"url":"agent/index.html","icon":"agent/styles/images/icon.svg"},"ticket_requester_info":{"url":"agent/views/contact_details.html","icon":"agent/styles/images/icon.svg"}},"requests":{"getStarWarsPeople":{},"getStarWarsPeopleDetails":{},"starwarsStarshipSearch":{},"getContacts":{}}}},"features":["db"],"actions":false,"omni":false,"products":["freshdesk"],"platform":"2.3","isInstall":true,"v2":[]}[0m
2023-08-16 18:00:59.388 +0530 [debug] ([34mdata.js[0m) [31mRead {}[0m
2023-08-16 18:00:59.389 +0530 [debug] ([34mdata.js[0m) [31mRead {}[0m
2023-08-16 18:00:59.389 +0530 [debug] ([34miframe.js[0m) [31mResponding to product with {"configs":{},"displayName":"freshdesk","product":{"freshdesk":{"location":{"ticket_sidebar":{"url":"agent/index.html","icon":"agent/styles/images/icon.svg"},"ticket_requester_info":{"url":"agent/views/contact_details.html","icon":"agent/styles/images/icon.svg"}},"requests":{"getStarWarsPeople":{},"getStarWarsPeopleDetails":{},"starwarsStarshipSearch":{},"getContacts":{}}}},"features":["db"],"actions":false,"omni":false,"products":["freshdesk"],"platform":"2.3","isInstall":true,"v2":[]}[0m
2023-08-16 18:00:59.943 +0530 [debug] ([34mdata.js[0m) [31mRead {}[0m
2023-08-16 18:00:59.943 +0530 [debug] ([34mdata.js[0m) [31mRead {}[0m
2023-08-16 18:00:59.943 +0530 [debug] ([34miframe.js[0m) [31mResponding to product with {"configs":{},"displayName":"freshdesk","product":{"freshdesk":{"location":{"ticket_sidebar":{"url":"agent/index.html","icon":"agent/styles/images/icon.svg"},"ticket_requester_info":{"url":"agent/views/contact_details.html","icon":"agent/styles/images/icon.svg"}},"requests":{"getStarWarsPeople":{},"getStarWarsPeopleDetails":{},"starwarsStarshipSearch":{},"getContacts":{}}}},"features":["db"],"actions":false,"omni":false,"products":["freshdesk"],"platform":"2.3","isInstall":true,"v2":[]}[0m
2023-08-16 18:01:00.428 +0530 [debug] ([34mdata.js[0m) [31mRead {}[0m
2023-08-16 18:01:00.429 +0530 [debug] ([34mdata.js[0m) [31mRead {}[0m
2023-08-16 18:01:00.429 +0530 [debug] ([34miframe.js[0m) [31mResponding to product with {"configs":{},"displayName":"freshdesk","product":{"freshdesk":{"location":{"ticket_sidebar":{"url":"agent/index.html","icon":"agent/styles/images/icon.svg"},"ticket_requester_info":{"url":"agent/views/contact_details.html","icon":"agent/styles/images/icon.svg"}},"requests":{"getStarWarsPeople":{},"getStarWarsPeopleDetails":{},"starwarsStarshipSearch":{},"getContacts":{}}}},"features":["db"],"actions":false,"omni":false,"products":["freshdesk"],"platform":"2.3","isInstall":true,"v2":[]}[0m
2023-08-16 18:01:00.933 +0530 [debug] ([34mdata.js[0m) [31mRead {}[0m
2023-08-16 18:01:00.934 +0530 [debug] ([34mdata.js[0m) [31mRead {}[0m
2023-08-16 18:01:00.934 +0530 [debug] ([34miframe.js[0m) [31mResponding to product with {"configs":{},"displayName":"freshdesk","product":{"freshdesk":{"location":{"ticket_sidebar":{"url":"agent/index.html","icon":"agent/styles/images/icon.svg"},"ticket_requester_info":{"url":"agent/views/contact_details.html","icon":"agent/styles/images/icon.svg"}},"requests":{"getStarWarsPeople":{},"getStarWarsPeopleDetails":{},"starwarsStarshipSearch":{},"getContacts":{}}}},"features":["db"],"actions":false,"omni":false,"products":["freshdesk"],"platform":"2.3","isInstall":true,"v2":[]}[0m
2023-08-16 18:01:01.423 +0530 [debug] ([34mdata.js[0m) [31mRead {}[0m
2023-08-16 18:01:01.424 +0530 [debug] ([34mdata.js[0m) [31mRead {}[0m
2023-08-16 18:01:01.424 +0530 [debug] ([34miframe.js[0m) [31mResponding to product with {"configs":{},"displayName":"freshdesk","product":{"freshdesk":{"location":{"ticket_sidebar":{"url":"agent/index.html","icon":"agent/styles/images/icon.svg"},"ticket_requester_info":{"url":"agent/views/contact_details.html","icon":"agent/styles/images/icon.svg"}},"requests":{"getStarWarsPeople":{},"getStarWarsPeopleDetails":{},"starwarsStarshipSearch":{},"getContacts":{}}}},"features":["db"],"actions":false,"omni":false,"products":["freshdesk"],"platform":"2.3","isInstall":true,"v2":[]}[0m
2023-08-16 18:01:01.903 +0530 [debug] ([34mdata.js[0m) [31mRead {}[0m
2023-08-16 18:01:01.903 +0530 [debug] ([34mdata.js[0m) [31mRead {}[0m
2023-08-16 18:01:01.903 +0530 [debug] ([34miframe.js[0m) [31mResponding to product with {"configs":{},"displayName":"freshdesk","product":{"freshdesk":{"location":{"ticket_sidebar":{"url":"agent/index.html","icon":"agent/styles/images/icon.svg"},"ticket_requester_info":{"url":"agent/views/contact_details.html","icon":"agent/styles/images/icon.svg"}},"requests":{"getStarWarsPeople":{},"getStarWarsPeopleDetails":{},"starwarsStarshipSearch":{},"getContacts":{}}}},"features":["db"],"actions":false,"omni":false,"products":["freshdesk"],"platform":"2.3","isInstall":true,"v2":[]}[0m
2023-08-16 18:01:02.388 +0530 [debug] ([34mdata.js[0m) [31mRead {}[0m
2023-08-16 18:01:02.389 +0530 [debug] ([34mdata.js[0m) [31mRead {}[0m
2023-08-16 18:01:02.389 +0530 [debug] ([34miframe.js[0m) [31mResponding to product with {"configs":{},"displayName":"freshdesk","product":{"freshdesk":{"location":{"ticket_sidebar":{"url":"agent/index.html","icon":"agent/styles/images/icon.svg"},"ticket_requester_info":{"url":"agent/views/contact_details.html","icon":"agent/styles/images/icon.svg"}},"requests":{"getStarWarsPeople":{},"getStarWarsPeopleDetails":{},"starwarsStarshipSearch":{},"getContacts":{}}}},"features":["db"],"actions":false,"omni":false,"products":["freshdesk"],"platform":"2.3","isInstall":true,"v2":[]}[0m
2023-08-16 18:01:02.408 +0530 [debug] ([34miframe.js[0m) [31mResponding with contents of /views/contact_details.html[0m
2023-08-16 18:01:02.537 +0530 [debug] ([34miframe.js[0m) [31mResponding with contents of /scripts/contact_details.js[0m
2023-08-16 18:01:02.537 +0530 [debug] ([34mcoverage.js[0m) [31mInstrumenting C:\Users\Hariharan\Documents\freshdeskRequestSampleMethods\request-method-samples\product-samples\freshdesk\app\scripts\contact_details.js[0m
2023-08-16 18:01:02.886 +0530 [debug] ([34mdata.js[0m) [31mRead {}[0m
2023-08-16 18:01:02.887 +0530 [debug] ([34mdata.js[0m) [31mRead {}[0m
2023-08-16 18:01:02.887 +0530 [debug] ([34miframe.js[0m) [31mResponding to product with {"configs":{},"displayName":"freshdesk","product":{"freshdesk":{"location":{"ticket_sidebar":{"url":"agent/index.html","icon":"agent/styles/images/icon.svg"},"ticket_requester_info":{"url":"agent/views/contact_details.html","icon":"agent/styles/images/icon.svg"}},"requests":{"getStarWarsPeople":{},"getStarWarsPeopleDetails":{},"starwarsStarshipSearch":{},"getContacts":{}}}},"features":["db"],"actions":false,"omni":false,"products":["freshdesk"],"platform":"2.3","isInstall":true,"v2":[]}[0m
2023-08-16 18:01:02.909 +0530 [debug] ([34miframe.js[0m) [31mResponding with contents of /index.html[0m
2023-08-16 18:01:02.976 +0530 [debug] ([34miframe.js[0m) [31mResponding with contents of /scripts/app.js[0m
2023-08-16 18:01:02.977 +0530 [debug] ([34mcoverage.js[0m) [31mInstrumenting C:\Users\Hariharan\Documents\freshdeskRequestSampleMethods\request-method-samples\product-samples\freshdesk\app\scripts\app.js[0m
2023-08-16 18:01:03.645 +0530 [debug] ([34mdata-pipe.js[0m) [31mreceived call for route "request" with action "execute" and body {"action":"execute","data":{"name":"getContacts","isOAuth":true}}[0m
2023-08-16 18:01:03.646 +0530 [debug] ([34mdata.js[0m) [31mRead {}[0m
2023-08-16 18:01:03.647 +0530 [debug] ([34mdata.js[0m) [31mRead {}[0m
2023-08-16 18:01:03.648 +0530 [debug] ([34mdata.js[0m) [31mRead {}[0m
2023-08-16 18:01:03.648 +0530 [debug] ([34mrequest.js[0m) [31merror while validating schema for getContacts[0m
2023-08-16 18:01:04.570 +0530 [debug] ([34mcoverage.js[0m) [31mWriting coverage.[0m
2023-08-16 18:01:05.148 +0530 [debug] ([34mcoverage.js[0m) [31mWriting coverage.[0m
2023-08-16 18:01:37.196 +0530 [debug] ([34mwatcher.js[0m) [31mBroadcasted "{"file":"app\\scripts\\contact_details.js"}" to all listeners.[0m
2023-08-16 18:01:37.220 +0530 [debug] ([34miframe.js[0m) [31mResponding with contents of /views/contact_details.html[0m
2023-08-16 18:01:37.221 +0530 [debug] ([34miframe.js[0m) [31mResponding with contents of /index.html[0m
2023-08-16 18:01:37.294 +0530 [debug] ([34miframe.js[0m) [31mResponding with contents of /scripts/contact_details.js[0m
2023-08-16 18:01:37.295 +0530 [debug] ([34mcoverage.js[0m) [31mInstrumenting C:\Users\Hariharan\Documents\freshdeskRequestSampleMethods\request-method-samples\product-samples\freshdesk\app\scripts\contact_details.js[0m
2023-08-16 18:01:37.316 +0530 [debug] ([34miframe.js[0m) [31mResponding with contents of /scripts/app.js[0m
2023-08-16 18:01:37.317 +0530 [debug] ([34mcoverage.js[0m) [31mInstrumenting C:\Users\Hariharan\Documents\freshdeskRequestSampleMethods\request-method-samples\product-samples\freshdesk\app\scripts\app.js[0m
2023-08-16 18:01:37.339 +0530 [debug] ([34mdata-pipe.js[0m) [31mreceived call for route "request" with action "execute" and body {"action":"execute","data":{"name":"getContacts","isOAuth":true}}[0m
2023-08-16 18:01:37.340 +0530 [debug] ([34mdata.js[0m) [31mRead {}[0m
2023-08-16 18:01:37.340 +0530 [debug] ([34mdata.js[0m) [31mRead {}[0m
2023-08-16 18:01:37.341 +0530 [debug] ([34mdata.js[0m) [31mRead {}[0m
2023-08-16 18:01:37.342 +0530 [debug] ([34mrequest.js[0m) [31merror while validating schema for getContacts[0m
2023-08-16 18:01:39.336 +0530 [debug] ([34mcoverage.js[0m) [31mWriting coverage.[0m
2023-08-16 18:01:40.141 +0530 [debug] ([34mcoverage.js[0m) [31mWriting coverage.[0m
2023-08-17 19:41:38.404 +0530 [debug] ([34mconfigs.js[0m) [31mloaded default configs as "{"updates":{"manifest_url":"https://cdn.freshdev.io/assets/fdk/updates.json","period":24},"log":{"level":"info"},"javascript":{"ecma_version":2020},"request":{"timeout":5000}}"[0m
2023-08-17 19:41:38.405 +0530 [debug] ([34mfile.js[0m) [31mError while requiring C:\Users\Hariharan/.fdk/configs.json: Cannot find module 'C:\Users\Hariharan/.fdk/configs.json'
Require stack:
- C:\Users\Hariharan\AppData\Roaming\npm\node_modules\fdk\lib\utils\file.js
- C:\Users\Hariharan\AppData\Roaming\npm\node_modules\fdk\lib\configs.js
- C:\Users\Hariharan\AppData\Roaming\npm\node_modules\fdk\lib\logger.js
- C:\Users\Hariharan\AppData\Roaming\npm\node_modules\fdk\index.js[0m
2023-08-17 19:41:38.406 +0530 [debug] ([34mconfigs.js[0m) [31mloaded global configs as "{}"[0m
2023-08-17 19:41:38.406 +0530 [debug] ([34mfile.js[0m) [31mError while requiring C:\Users\Hariharan\Documents\freshdeskRequestSampleMethods/.fdk/configs.json: Cannot find module 'C:\Users\Hariharan\Documents\freshdeskRequestSampleMethods/.fdk/configs.json'
Require stack:
- C:\Users\Hariharan\AppData\Roaming\npm\node_modules\fdk\lib\utils\file.js
- C:\Users\Hariharan\AppData\Roaming\npm\node_modules\fdk\lib\configs.js
- C:\Users\Hariharan\AppData\Roaming\npm\node_modules\fdk\lib\logger.js
- C:\Users\Hariharan\AppData\Roaming\npm\node_modules\fdk\index.js[0m
2023-08-17 19:41:38.406 +0530 [debug] ([34mconfigs.js[0m) [31mloaded local configs as "{}"[0m
2023-08-17 19:41:38.406 +0530 [debug] ([34mconfigs.js[0m) [31mloaded env configs as "{"updates":{},"log":{},"javascript":{},"request":{"timeout":5000}}"[0m
2023-08-17 19:41:38.406 +0530 [debug] ([34mconfigs.js[0m) [31mloaded resolved configs as "{"updates":{"manifest_url":"https://cdn.freshdev.io/assets/fdk/updates.json","period":24},"log":{"level":"info"},"javascript":{"ecma_version":2020},"request":{"timeout":5000}}"[0m
2023-08-17 19:41:38.406 +0530 [debug] ([34mlogger.js[0m) [31mStarting FDK in node v18.16.1 on win32[0m
2023-08-17 19:41:38.406 +0530 [debug] ([34msequelize.js[0m) [31msetting up sqilite at "C:\Users\Hariharan\Documents\freshdeskRequestSampleMethods/.fdk/store.sqlite"[0m
2023-08-17 19:41:38.407 +0530 [debug] ([34mdata.js[0m) [31mRead {"version_details":{"cli":{"deprecated":{"version":"<9","message":"This FDK version will be deprecated by September 30, 2023 There will be no further feature updates to this version. For a seamless app building experience, ensure to move to the latest FDK version. For more information, see https://developers.freshdesk.com/v2/docs/migration-overview/#latest_platform_version_migration."},"forced":{"version":"7.0.0","command":"npm install https://dl.freshdev.io/cli/fdk-7.0.0.tgz -g","message":"Your FDK version has been forced updated to v7.0.0, please visit https://community.developers.freshworks.com/t/fdk-v7-0-announcing-node-js-v12-and-es6-support/3606 to know more"},"latest":{"version":"9.0.4","command":"npm install https://cdn.freshdev.io/fdk/latest.tgz -g","message":"You are on the latest FDK version. For information on the features available as part of this FDK version, see https://developers.freshdesk.com/v2/docs/what's-new/ ."}},"addon":{"version":"1.13.5","url":"https://cdn.freshdev.io/assets/fdk/addons/addon.zip"}},"last_updated":{"time_stamp":1692254042377}}[0m
2023-08-17 19:41:38.407 +0530 [debug] ([34mupdater.js[0m) [31mlast check less than 24 hours ago, not looking for updates[0m
2023-08-17 19:41:38.409 +0530 [debug] ([34mindex.js[0m) [31mrunning with opts {}[0m
2023-08-17 19:41:38.580 +0530 [debug] ([34mmanifest.js[0m) [31mReloading manifest with {"platform-version":"2.3","product":{"freshdesk":{"location":{"ticket_sidebar":{"url":"index.html","icon":"styles/images/icon.svg"},"ticket_requester_info":{"url":"views/contact_details.html","icon":"styles/images/icon.svg"}},"requests":{"getStarWarsPeople":{},"getStarWarsPeopleDetails":{},"starwarsStarshipSearch":{},"getContacts":{}}}},"engines":{"node":"18.16.1","fdk":"9.0.3"}}.[0m
2023-08-17 19:41:38.580 +0530 [debug] ([34mmanifest.js[0m) [31mInferred db as features.[0m
2023-08-17 19:41:38.584 +0530 [debug] ([34mdata.js[0m) [31mRead {"version_details":{"cli":{"deprecated":{"version":"<9","message":"This FDK version will be deprecated by September 30, 2023 There will be no further feature updates to this version. For a seamless app building experience, ensure to move to the latest FDK version. For more information, see https://developers.freshdesk.com/v2/docs/migration-overview/#latest_platform_version_migration."},"forced":{"version":"7.0.0","command":"npm install https://dl.freshdev.io/cli/fdk-7.0.0.tgz -g","message":"Your FDK version has been forced updated to v7.0.0, please visit https://community.developers.freshworks.com/t/fdk-v7-0-announcing-node-js-v12-and-es6-support/3606 to know more"},"latest":{"version":"9.0.4","command":"npm install https://cdn.freshdev.io/fdk/latest.tgz -g","message":"You are on the latest FDK version. For information on the features available as part of this FDK version, see https://developers.freshdesk.com/v2/docs/what's-new/ ."}},"addon":{"version":"1.13.5","url":"https://cdn.freshdev.io/assets/fdk/addons/addon.zip"}},"last_updated":{"time_stamp":1692254042377}}[0m
2023-08-17 19:41:38.596 +0530 [debug] ([34mdata.js[0m) [31mRead {"version_details":{"cli":{"deprecated":{"version":"<9","message":"This FDK version will be deprecated by September 30, 2023 There will be no further feature updates to this version. For a seamless app building experience, ensure to move to the latest FDK version. For more information, see https://developers.freshdesk.com/v2/docs/migration-overview/#latest_platform_version_migration."},"forced":{"version":"7.0.0","command":"npm install https://dl.freshdev.io/cli/fdk-7.0.0.tgz -g","message":"Your FDK version has been forced updated to v7.0.0, please visit https://community.developers.freshworks.com/t/fdk-v7-0-announcing-node-js-v12-and-es6-support/3606 to know more"},"latest":{"version":"9.0.4","command":"npm install https://cdn.freshdev.io/fdk/latest.tgz -g","message":"You are on the latest FDK version. For information on the features available as part of this FDK version, see https://developers.freshdesk.com/v2/docs/what's-new/ ."}},"addon":{"version":"1.13.5","url":"https://cdn.freshdev.io/assets/fdk/addons/addon.zip"}},"last_updated":{"time_stamp":1692254042377}}[0m
2023-08-17 19:41:38.767 +0530 [debug] ([34mfile.js[0m) [31mError while requiring C:\Users\Hariharan\Documents\freshdeskRequestSampleMethods/.report.json: Cannot find module 'C:\Users\Hariharan\Documents\freshdeskRequestSampleMethods/.report.json'
Require stack:
- C:\Users\Hariharan\AppData\Roaming\npm\node_modules\fdk\lib\utils\file.js
- C:\Users\Hariharan\AppData\Roaming\npm\node_modules\fdk\lib\configs.js
- C:\Users\Hariharan\AppData\Roaming\npm\node_modules\fdk\lib\logger.js
- C:\Users\Hariharan\AppData\Roaming\npm\node_modules\fdk\index.js[0m
2023-08-17 19:41:39.416 +0530 [debug] ([34mdata.js[0m) [31mRead {"version_details":{"cli":{"deprecated":{"version":"<9","message":"This FDK version will be deprecated by September 30, 2023 There will be no further feature updates to this version. For a seamless app building experience, ensure to move to the latest FDK version. For more information, see https://developers.freshdesk.com/v2/docs/migration-overview/#latest_platform_version_migration."},"forced":{"version":"7.0.0","command":"npm install https://dl.freshdev.io/cli/fdk-7.0.0.tgz -g","message":"Your FDK version has been forced updated to v7.0.0, please visit https://community.developers.freshworks.com/t/fdk-v7-0-announcing-node-js-v12-and-es6-support/3606 to know more"},"latest":{"version":"9.0.4","command":"npm install https://cdn.freshdev.io/fdk/latest.tgz -g","message":"You are on the latest FDK version. For information on the features available as part of this FDK version, see https://developers.freshdesk.com/v2/docs/what's-new/ ."}},"addon":{"version":"1.13.5","url":"https://cdn.freshdev.io/assets/fdk/addons/addon.zip"}},"last_updated":{"time_stamp":1692254042377}}[0m
2023-08-17 19:41:40.159 +0530 [debug] ([34mvalidate.js[0m) [31masked to skip the following validations, [0m
2023-08-17 19:41:40.160 +0530 [debug] ([34mvalidate.js[0m) [31mrunning validator actions[0m
2023-08-17 19:41:40.160 +0530 [debug] ([34mvalidate.js[0m) [31mrunning validator requests[0m
2023-08-17 19:41:40.160 +0530 [debug] ([34mrequests.js[0m) [31mvalidating request template for "getStarWarsPeople"[0m
2023-08-17 19:41:40.160 +0530 [debug] ([34mvalidate.js[0m) [31mrunning validator app-dir[0m
2023-08-17 19:41:40.161 +0530 [debug] ([34mvalidate.js[0m) [31mrunning validator config-dir[0m
2023-08-17 19:41:40.161 +0530 [debug] ([34mconfig-dir.js[0m) [31mChecking to see if C:\Users\Hariharan\Documents\freshdeskRequestSampleMethods/config/ exists.[0m
2023-08-17 19:41:40.161 +0530 [debug] ([34mconfig-dir.js[0m) [31mFetched the following config files iparams.json,requests.json[0m
2023-08-17 19:41:40.161 +0530 [debug] ([34mvalidate.js[0m) [31mrunning validator custom-objects[0m
2023-08-17 19:41:40.161 +0530 [debug] ([34mvalidate.js[0m) [31mrunning validator event[0m
2023-08-17 19:41:40.162 +0530 [debug] ([34mvalidate.js[0m) [31mrunning validator iparam[0m
2023-08-17 19:41:40.165 +0530 [debug] ([34mvalidate.js[0m) [31mrunning validator lint[0m
2023-08-17 19:41:40.165 +0530 [debug] ([34mlint.js[0m) [31mpassed fix flag: undefined[0m
2023-08-17 19:41:40.167 +0530 [debug] ([34mlint.js[0m) [31mRunning the following lints on the file app\scripts\app.js : no-caller,no-process-env,complexity,max-nested-callbacks,handle-callback-err,no-eval,no-alert,no-debugger,no-unreachable,no-unhandled-promise,no-logging-rejections,no-non-client-request-model,no-deprecated-apis,no-proxy-requests,no-cross-scope-assign,no-empty-function,no-unused-vars[0m
2023-08-17 19:41:40.204 +0530 [debug] ([34mlint.js[0m) [31mRunning the following lints on the file app\scripts\contact_details.js : no-caller,no-process-env,complexity,max-nested-callbacks,handle-callback-err,no-eval,no-alert,no-debugger,no-unreachable,no-unhandled-promise,no-logging-rejections,no-non-client-request-model,no-deprecated-apis,no-proxy-requests,no-cross-scope-assign,no-empty-function,no-unused-vars[0m
2023-08-17 19:41:40.210 +0530 [debug] ([34mvalidate.js[0m) [31mrunning validator manifest[0m
2023-08-17 19:41:40.210 +0530 [debug] ([34mvalidate.js[0m) [31mskipping validator manifest-dependency[0m
2023-08-17 19:41:40.210 +0530 [debug] ([34mvalidate.js[0m) [31mrunning validator oauth[0m
2023-08-17 19:41:40.211 +0530 [debug] ([34mvalidate.js[0m) [31mskipping validator pkgsize[0m
2023-08-17 19:41:40.211 +0530 [debug] ([34mvalidate.js[0m) [31mrunning validator schema[0m
2023-08-17 19:41:40.211 +0530 [debug] ([34mvalidate.js[0m) [31mrunning validator version-check[0m
2023-08-17 19:41:40.216 +0530 [debug] ([34mrequests.js[0m) [31mvalidating request template for "getStarWarsPeopleDetails"[0m
2023-08-17 19:41:40.218 +0530 [debug] ([34mrequests.js[0m) [31mvalidating request template for "starwarsStarshipSearch"[0m
2023-08-17 19:41:40.218 +0530 [debug] ([34mrequests.js[0m) [31mvalidating request template for "getContacts"[0m
2023-08-17 19:41:40.219 +0530 [warn] Please ensure that the following are addressed for quick review process:
2023-08-17 19:41:40.219 +0530 [warn] [33m‼[39m app\scripts\app.js::4: 'client' declared and assigned in different scopes. Possible asynchronous race condition.
2023-08-17 19:41:40.220 +0530 [warn] [33m‼[39m app\scripts\contact_details.js::4: 'client' declared and assigned in different scopes. Possible asynchronous race condition.
2023-08-17 19:41:40.220 +0530 [error] 
2023-08-17 19:41:40.221 +0530 [debug] ([34mwatcher.js[0m) [31mPreparing to watch the following files ./app,./config,./manifest.json[0m
2023-08-17 19:41:40.225 +0530 [debug] ([34mdata.js[0m) [31mRead {}[0m
2023-08-17 19:41:40.225 +0530 [debug] ([34mcustom-objects.js[0m) [31mto force or not? undefined[0m
2023-08-17 19:41:40.225 +0530 [debug] ([34mcustom-objects.js[0m) [31mbeginning to re-sync db[0m
2023-08-17 19:41:40.404 +0530 [debug] ([34mindex.js[0m) [31mloading model at "C:\Users\Hariharan\AppData\Roaming\npm\node_modules\fdk\lib\models\bigint-pivot.js"[0m
2023-08-17 19:41:40.406 +0530 [debug] ([34mindex.js[0m) [31mloading model at "C:\Users\Hariharan\AppData\Roaming\npm\node_modules\fdk\lib\models\entity-field-choice.js"[0m
2023-08-17 19:41:40.407 +0530 [debug] ([34mindex.js[0m) [31mloading model at "C:\Users\Hariharan\AppData\Roaming\npm\node_modules\fdk\lib\models\entity-field.js"[0m
2023-08-17 19:41:40.408 +0530 [debug] ([34mindex.js[0m) [31mloading model at "C:\Users\Hariharan\AppData\Roaming\npm\node_modules\fdk\lib\models\entity.js"[0m
2023-08-17 19:41:40.408 +0530 [debug] ([34mindex.js[0m) [31mloading model at "C:\Users\Hariharan\AppData\Roaming\npm\node_modules\fdk\lib\models\record.js"[0m
2023-08-17 19:41:40.409 +0530 [debug] ([34mindex.js[0m) [31mloading model at "C:\Users\Hariharan\AppData\Roaming\npm\node_modules\fdk\lib\models\string-pivot.js"[0m
2023-08-17 19:41:40.421 +0530 [debug] ([34mdata.js[0m) [31mRead {}[0m
2023-08-17 19:41:40.421 +0530 [debug] ([34mcustom-objects.js[0m) [31mupdated local store with latest entity hash[0m
2023-08-17 19:41:40.422 +0530 [info] Starting local testing server at http://*:10001/    
Append 'dev=true' to your Freshdesk account URL to start testing    
e.g. https://domain.freshdesk.com/a/tickets/1?dev=true    
Quit the server with Control-C.
2023-08-17 19:41:40.422 +0530 [info] To test the installation page, visit - http://localhost:10001/custom_configs
2023-08-29 16:48:43.996 +0530 [error] Error: Please install sqlite3 package manually
    at ConnectionManager._loadDialectModule (C:\Users\Hariharan\AppData\Roaming\npm\node_modules\fdk\node_modules\sequelize\lib\dialects\abstract\connection-manager.js:55:15)
    at new ConnectionManager (C:\Users\Hariharan\AppData\Roaming\npm\node_modules\fdk\node_modules\sequelize\lib\dialects\sqlite\connection-manager.js:18:21)
    at new SqliteDialect (C:\Users\Hariharan\AppData\Roaming\npm\node_modules\fdk\node_modules\sequelize\lib\dialects\sqlite\index.js:13:30)
    at new Sequelize (C:\Users\Hariharan\AppData\Roaming\npm\node_modules\fdk\node_modules\sequelize\lib\sequelize.js:193:20)
    at Object.<anonymous> (C:\Users\Hariharan\AppData\Roaming\npm\node_modules\fdk\lib\instances\sequelize.js:26:18)
    at Module._compile (node:internal/modules/cjs/loader:1256:14)
    at Module._extensions..js (node:internal/modules/cjs/loader:1310:10)
    at Module.load (node:internal/modules/cjs/loader:1119:32)
    at Module._load (node:internal/modules/cjs/loader:960:12)
    at Module.require (node:internal/modules/cjs/loader:1143:19)
    at require (node:internal/modules/cjs/helpers:121:18)
    at Object.<anonymous> (C:\Users\Hariharan\AppData\Roaming\npm\node_modules\fdk\lib\utils\data.js:11:19)
    at Module._compile (node:internal/modules/cjs/loader:1256:14)
    at Module._extensions..js (node:internal/modules/cjs/loader:1310:10)
    at Module.load (node:internal/modules/cjs/loader:1119:32)
    at Module._load (node:internal/modules/cjs/loader:960:12)
undefined
2023-08-29 16:48:43.999 +0530 [debug] ([34mconfigs.js[0m) [31mloaded default configs as "{"updates":{"manifest_url":"https://cdn.freshdev.io/assets/fdk/updates.json","period":24},"log":{"level":"info"},"javascript":{"ecma_version":2020},"request":{"timeout":5000}}"[0m
2023-08-29 16:48:43.999 +0530 [debug] ([34mfile.js[0m) [31mError while requiring C:\Users\Hariharan/.fdk/configs.json: Cannot find module 'C:\Users\Hariharan/.fdk/configs.json'
Require stack:
- C:\Users\Hariharan\AppData\Roaming\npm\node_modules\fdk\lib\utils\file.js
- C:\Users\Hariharan\AppData\Roaming\npm\node_modules\fdk\lib\configs.js
- C:\Users\Hariharan\AppData\Roaming\npm\node_modules\fdk\lib\logger.js
- C:\Users\Hariharan\AppData\Roaming\npm\node_modules\fdk\index.js[0m
2023-08-29 16:48:44.000 +0530 [debug] ([34mconfigs.js[0m) [31mloaded global configs as "{}"[0m
2023-08-29 16:48:44.000 +0530 [debug] ([34mfile.js[0m) [31mError while requiring C:\Users\Hariharan\Documents\freshdeskRequestSampleMethods/.fdk/configs.json: Cannot find module 'C:\Users\Hariharan\Documents\freshdeskRequestSampleMethods/.fdk/configs.json'
Require stack:
- C:\Users\Hariharan\AppData\Roaming\npm\node_modules\fdk\lib\utils\file.js
- C:\Users\Hariharan\AppData\Roaming\npm\node_modules\fdk\lib\configs.js
- C:\Users\Hariharan\AppData\Roaming\npm\node_modules\fdk\lib\logger.js
- C:\Users\Hariharan\AppData\Roaming\npm\node_modules\fdk\index.js[0m
2023-08-29 16:48:44.000 +0530 [debug] ([34mconfigs.js[0m) [31mloaded local configs as "{}"[0m
2023-08-29 16:48:44.000 +0530 [debug] ([34mconfigs.js[0m) [31mloaded env configs as "{"updates":{},"log":{},"javascript":{},"request":{"timeout":5000}}"[0m
2023-08-29 16:48:44.000 +0530 [debug] ([34mconfigs.js[0m) [31mloaded resolved configs as "{"updates":{"manifest_url":"https://cdn.freshdev.io/assets/fdk/updates.json","period":24},"log":{"level":"info"},"javascript":{"ecma_version":2020},"request":{"timeout":5000}}"[0m
2023-08-29 16:48:44.000 +0530 [debug] ([34mlogger.js[0m) [31mStarting FDK in node v18.17.1 on win32[0m
2023-08-29 16:48:44.000 +0530 [debug] ([34msequelize.js[0m) [31msetting up sqilite at "C:\Users\Hariharan\Documents\freshdeskRequestSampleMethods/.fdk/store.sqlite"[0m
