2023-08-11 17:55:59.027 +0530 [debug] ([34mconfigs.js[0m) [31mloaded default configs as "{"updates":{"manifest_url":"https://cdn.freshdev.io/assets/fdk/updates.json","period":24},"log":{"level":"info"},"javascript":{"ecma_version":2020},"request":{"timeout":5000}}"[0m
2023-08-11 17:55:59.029 +0530 [debug] ([34mfile.js[0m) [31mError while requiring C:\Users\Hariharan/.fdk/configs.json: Cannot find module 'C:\Users\Hariharan/.fdk/configs.json'
Require stack:
- C:\Users\Hariharan\AppData\Roaming\npm\node_modules\fdk\lib\utils\file.js
- C:\Users\Hariharan\AppData\Roaming\npm\node_modules\fdk\lib\configs.js
- C:\Users\Hariharan\AppData\Roaming\npm\node_modules\fdk\lib\logger.js
- C:\Users\Hariharan\AppData\Roaming\npm\node_modules\fdk\index.js[0m
2023-08-11 17:55:59.029 +0530 [debug] ([34mconfigs.js[0m) [31mloaded global configs as "{}"[0m
2023-08-11 17:55:59.029 +0530 [debug] ([34mfile.js[0m) [31mError while requiring C:\Users\Hariharan\Documents\freshdeskConfigurationPage\iparams-html/.fdk/configs.json: Cannot find module 'C:\Users\Hariharan\Documents\freshdeskConfigurationPage\iparams-html/.fdk/configs.json'
Require stack:
- C:\Users\Hariharan\AppData\Roaming\npm\node_modules\fdk\lib\utils\file.js
- C:\Users\Hariharan\AppData\Roaming\npm\node_modules\fdk\lib\configs.js
- C:\Users\Hariharan\AppData\Roaming\npm\node_modules\fdk\lib\logger.js
- C:\Users\Hariharan\AppData\Roaming\npm\node_modules\fdk\index.js[0m
2023-08-11 17:55:59.029 +0530 [debug] ([34mconfigs.js[0m) [31mloaded local configs as "{}"[0m
2023-08-11 17:55:59.029 +0530 [debug] ([34mconfigs.js[0m) [31mloaded env configs as "{"updates":{},"log":{},"javascript":{},"request":{"timeout":5000}}"[0m
2023-08-11 17:55:59.029 +0530 [debug] ([34mconfigs.js[0m) [31mloaded resolved configs as "{"updates":{"manifest_url":"https://cdn.freshdev.io/assets/fdk/updates.json","period":24},"log":{"level":"info"},"javascript":{"ecma_version":2020},"request":{"timeout":5000}}"[0m
2023-08-11 17:55:59.030 +0530 [debug] ([34mlogger.js[0m) [31mStarting FDK in node v18.16.1 on win32[0m
2023-08-11 17:55:59.030 +0530 [debug] ([34msequelize.js[0m) [31msetting up sqilite at "C:\Users\Hariharan\Documents\freshdeskConfigurationPage\iparams-html/.fdk/store.sqlite"[0m
2023-08-11 17:55:59.030 +0530 [debug] ([34mdata.js[0m) [31mRead {"version_details":{"cli":{"deprecated":{"version":"<9","message":"This FDK version will be deprecated by September 30, 2023 There will be no further feature updates to this version. For a seamless app building experience, ensure to move to the latest FDK version. For more information, see https://developers.freshdesk.com/v2/docs/migration-overview/#latest_platform_version_migration."},"forced":{"version":"7.0.0","command":"npm install https://dl.freshdev.io/cli/fdk-7.0.0.tgz -g","message":"Your FDK version has been forced updated to v7.0.0, please visit https://community.developers.freshworks.com/t/fdk-v7-0-announcing-node-js-v12-and-es6-support/3606 to know more"},"latest":{"version":"9.0.4","command":"npm install https://cdn.freshdev.io/fdk/latest.tgz -g","message":"You are on the latest FDK version. For information on the features available as part of this FDK version, see https://developers.freshdesk.com/v2/docs/what's-new/ ."}},"addon":{"version":"1.13.5","url":"https://cdn.freshdev.io/assets/fdk/addons/addon.zip"}},"last_updated":{"time_stamp":1691752013848}}[0m
2023-08-11 17:55:59.030 +0530 [debug] ([34mupdater.js[0m) [31mlast check less than 24 hours ago, not looking for updates[0m
2023-08-11 17:55:59.033 +0530 [debug] ([34mindex.js[0m) [31mrunning with opts {}[0m
2023-08-11 17:55:59.205 +0530 [debug] ([34mmanifest.js[0m) [31mReloading manifest with {"platform-version":"2.3","product":{"freshdesk":{"location":{"full_page_app":{"url":"index.html","icon":"styles/images/aeroplane.svg"}}}},"engines":{"node":"18.16.1","fdk":"8.6.6"}}.[0m
2023-08-11 17:55:59.205 +0530 [debug] ([34mmanifest.js[0m) [31mInferred db as features.[0m
2023-08-11 17:55:59.207 +0530 [debug] ([34mdata.js[0m) [31mRead {"version_details":{"cli":{"deprecated":{"version":"<9","message":"This FDK version will be deprecated by September 30, 2023 There will be no further feature updates to this version. For a seamless app building experience, ensure to move to the latest FDK version. For more information, see https://developers.freshdesk.com/v2/docs/migration-overview/#latest_platform_version_migration."},"forced":{"version":"7.0.0","command":"npm install https://dl.freshdev.io/cli/fdk-7.0.0.tgz -g","message":"Your FDK version has been forced updated to v7.0.0, please visit https://community.developers.freshworks.com/t/fdk-v7-0-announcing-node-js-v12-and-es6-support/3606 to know more"},"latest":{"version":"9.0.4","command":"npm install https://cdn.freshdev.io/fdk/latest.tgz -g","message":"You are on the latest FDK version. For information on the features available as part of this FDK version, see https://developers.freshdesk.com/v2/docs/what's-new/ ."}},"addon":{"version":"1.13.5","url":"https://cdn.freshdev.io/assets/fdk/addons/addon.zip"}},"last_updated":{"time_stamp":1691752013848}}[0m
2023-08-11 17:55:59.219 +0530 [debug] ([34mdata.js[0m) [31mRead {"version_details":{"cli":{"deprecated":{"version":"<9","message":"This FDK version will be deprecated by September 30, 2023 There will be no further feature updates to this version. For a seamless app building experience, ensure to move to the latest FDK version. For more information, see https://developers.freshdesk.com/v2/docs/migration-overview/#latest_platform_version_migration."},"forced":{"version":"7.0.0","command":"npm install https://dl.freshdev.io/cli/fdk-7.0.0.tgz -g","message":"Your FDK version has been forced updated to v7.0.0, please visit https://community.developers.freshworks.com/t/fdk-v7-0-announcing-node-js-v12-and-es6-support/3606 to know more"},"latest":{"version":"9.0.4","command":"npm install https://cdn.freshdev.io/fdk/latest.tgz -g","message":"You are on the latest FDK version. For information on the features available as part of this FDK version, see https://developers.freshdesk.com/v2/docs/what's-new/ ."}},"addon":{"version":"1.13.5","url":"https://cdn.freshdev.io/assets/fdk/addons/addon.zip"}},"last_updated":{"time_stamp":1691752013848}}[0m
2023-08-11 17:56:00.067 +0530 [debug] ([34mdata.js[0m) [31mRead {"version_details":{"cli":{"deprecated":{"version":"<9","message":"This FDK version will be deprecated by September 30, 2023 There will be no further feature updates to this version. For a seamless app building experience, ensure to move to the latest FDK version. For more information, see https://developers.freshdesk.com/v2/docs/migration-overview/#latest_platform_version_migration."},"forced":{"version":"7.0.0","command":"npm install https://dl.freshdev.io/cli/fdk-7.0.0.tgz -g","message":"Your FDK version has been forced updated to v7.0.0, please visit https://community.developers.freshworks.com/t/fdk-v7-0-announcing-node-js-v12-and-es6-support/3606 to know more"},"latest":{"version":"9.0.4","command":"npm install https://cdn.freshdev.io/fdk/latest.tgz -g","message":"You are on the latest FDK version. For information on the features available as part of this FDK version, see https://developers.freshdesk.com/v2/docs/what's-new/ ."}},"addon":{"version":"1.13.5","url":"https://cdn.freshdev.io/assets/fdk/addons/addon.zip"}},"last_updated":{"time_stamp":1691752013848}}[0m
2023-08-11 17:56:00.852 +0530 [debug] ([34mvalidate.js[0m) [31masked to skip the following validations, [0m
2023-08-11 17:56:00.853 +0530 [debug] ([34mvalidate.js[0m) [31mrunning validator actions[0m
2023-08-11 17:56:00.853 +0530 [debug] ([34mvalidate.js[0m) [31mrunning validator requests[0m
2023-08-11 17:56:00.853 +0530 [debug] ([34mvalidate.js[0m) [31mrunning validator app-dir[0m
2023-08-11 17:56:00.854 +0530 [debug] ([34mvalidate.js[0m) [31mrunning validator config-dir[0m
2023-08-11 17:56:00.854 +0530 [debug] ([34mconfig-dir.js[0m) [31mChecking to see if C:\Users\Hariharan\Documents\freshdeskConfigurationPage\iparams-html/config/ exists.[0m
2023-08-11 17:56:00.854 +0530 [debug] ([34mconfig-dir.js[0m) [31mFetched the following config files assets,iparams.html[0m
2023-08-11 17:56:00.854 +0530 [debug] ([34mvalidate.js[0m) [31mrunning validator custom-objects[0m
2023-08-11 17:56:00.854 +0530 [debug] ([34mvalidate.js[0m) [31mrunning validator event[0m
2023-08-11 17:56:00.854 +0530 [debug] ([34mvalidate.js[0m) [31mrunning validator iparam[0m
2023-08-11 17:56:00.871 +0530 [debug] ([34mvalidate.js[0m) [31mrunning validator lint[0m
2023-08-11 17:56:00.871 +0530 [debug] ([34mlint.js[0m) [31mpassed fix flag: undefined[0m
2023-08-11 17:56:00.876 +0530 [debug] ([34mlint.js[0m) [31mRunning the following lints on the file app\scripts\app.js : no-caller,no-process-env,complexity,max-nested-callbacks,handle-callback-err,no-eval,no-alert,no-debugger,no-unreachable,no-unhandled-promise,no-logging-rejections,no-non-client-request-model,no-deprecated-apis,no-proxy-requests,no-cross-scope-assign,no-empty-function,no-unused-vars[0m
2023-08-11 17:56:00.904 +0530 [debug] ([34mvalidate.js[0m) [31mrunning validator manifest[0m
2023-08-11 17:56:00.904 +0530 [debug] ([34mvalidate.js[0m) [31mskipping validator manifest-dependency[0m
2023-08-11 17:56:00.904 +0530 [debug] ([34mvalidate.js[0m) [31mrunning validator oauth[0m
2023-08-11 17:56:00.905 +0530 [debug] ([34mvalidate.js[0m) [31mskipping validator pkgsize[0m
2023-08-11 17:56:00.905 +0530 [debug] ([34mvalidate.js[0m) [31mrunning validator schema[0m
2023-08-11 17:56:00.905 +0530 [debug] ([34mvalidate.js[0m) [31mrunning validator version-check[0m
2023-08-11 17:56:00.908 +0530 [warn] Please ensure that the following are addressed for quick review process:
2023-08-11 17:56:00.909 +0530 [warn] [33m‼[39m app\scripts\app.js::4: 'client' declared and assigned in different scopes. Possible asynchronous race condition.
2023-08-11 17:56:00.909 +0530 [error] 
2023-08-11 17:56:00.910 +0530 [debug] ([34mwatcher.js[0m) [31mPreparing to watch the following files ./app,./config,./manifest.json[0m
2023-08-11 17:56:00.914 +0530 [debug] ([34mdata.js[0m) [31mRead {}[0m
2023-08-11 17:56:00.914 +0530 [debug] ([34mcustom-objects.js[0m) [31mto force or not? undefined[0m
2023-08-11 17:56:00.914 +0530 [debug] ([34mcustom-objects.js[0m) [31mbeginning to re-sync db[0m
2023-08-11 17:56:01.036 +0530 [debug] ([34mindex.js[0m) [31mloading model at "C:\Users\Hariharan\AppData\Roaming\npm\node_modules\fdk\lib\models\bigint-pivot.js"[0m
2023-08-11 17:56:01.038 +0530 [debug] ([34mindex.js[0m) [31mloading model at "C:\Users\Hariharan\AppData\Roaming\npm\node_modules\fdk\lib\models\entity-field-choice.js"[0m
2023-08-11 17:56:01.038 +0530 [debug] ([34mindex.js[0m) [31mloading model at "C:\Users\Hariharan\AppData\Roaming\npm\node_modules\fdk\lib\models\entity-field.js"[0m
2023-08-11 17:56:01.039 +0530 [debug] ([34mindex.js[0m) [31mloading model at "C:\Users\Hariharan\AppData\Roaming\npm\node_modules\fdk\lib\models\entity.js"[0m
2023-08-11 17:56:01.040 +0530 [debug] ([34mindex.js[0m) [31mloading model at "C:\Users\Hariharan\AppData\Roaming\npm\node_modules\fdk\lib\models\record.js"[0m
2023-08-11 17:56:01.041 +0530 [debug] ([34mindex.js[0m) [31mloading model at "C:\Users\Hariharan\AppData\Roaming\npm\node_modules\fdk\lib\models\string-pivot.js"[0m
2023-08-11 17:56:01.058 +0530 [debug] ([34mdata.js[0m) [31mRead {}[0m
2023-08-11 17:56:01.059 +0530 [debug] ([34mcustom-objects.js[0m) [31mupdated local store with latest entity hash[0m
2023-08-11 17:56:01.059 +0530 [info] Starting local testing server at http://*:10001/    
Append 'dev=true' to your Freshdesk account URL to start testing    
e.g. https://domain.freshdesk.com/a/tickets/1?dev=true    
Quit the server with Control-C.
2023-08-11 17:56:01.060 +0530 [info] To test the installation page, visit - http://localhost:10001/custom_configs
2023-08-11 17:57:01.302 +0530 [debug] ([34mdata.js[0m) [31mRead {}[0m
2023-08-11 17:57:01.305 +0530 [debug] ([34mdata.js[0m) [31mRead {}[0m
2023-08-11 17:57:01.305 +0530 [debug] ([34miframe.js[0m) [31mResponding to product with {"configs":{},"displayName":"iparams-html","product":{"freshdesk":{"location":{"full_page_app":{"url":"agent/index.html","icon":"agent/styles/images/aeroplane.svg"}}}},"features":["db"],"actions":false,"omni":false,"products":["freshdesk"],"platform":"2.3","isInstall":true,"v2":[]}[0m
2023-08-11 17:57:01.559 +0530 [debug] ([34mdata.js[0m) [31mRead {}[0m
2023-08-11 17:57:01.561 +0530 [debug] ([34mdata.js[0m) [31mRead {}[0m
2023-08-11 17:57:01.561 +0530 [debug] ([34miframe.js[0m) [31mResponding to product with {"configs":{},"displayName":"iparams-html","product":{"freshdesk":{"location":{"full_page_app":{"url":"agent/index.html","icon":"agent/styles/images/aeroplane.svg"}}}},"features":["db"],"actions":false,"omni":false,"products":["freshdesk"],"platform":"2.3","isInstall":true,"v2":[]}[0m
2023-08-11 17:57:01.838 +0530 [debug] ([34mdata.js[0m) [31mRead {}[0m
2023-08-11 17:57:01.839 +0530 [debug] ([34mdata.js[0m) [31mRead {}[0m
2023-08-11 17:57:01.839 +0530 [debug] ([34miframe.js[0m) [31mResponding to product with {"configs":{},"displayName":"iparams-html","product":{"freshdesk":{"location":{"full_page_app":{"url":"agent/index.html","icon":"agent/styles/images/aeroplane.svg"}}}},"features":["db"],"actions":false,"omni":false,"products":["freshdesk"],"platform":"2.3","isInstall":true,"v2":[]}[0m
2023-08-11 17:57:08.763 +0530 [debug] ([34mdata.js[0m) [31mRead {}[0m
2023-08-11 17:57:08.765 +0530 [debug] ([34mdata.js[0m) [31mRead {}[0m
2023-08-11 17:57:08.765 +0530 [debug] ([34miframe.js[0m) [31mResponding to product with {"configs":{},"displayName":"iparams-html","product":{"freshdesk":{"location":{"full_page_app":{"url":"agent/index.html","icon":"agent/styles/images/aeroplane.svg"}}}},"features":["db"],"actions":false,"omni":false,"products":["freshdesk"],"platform":"2.3","isInstall":true,"v2":[]}[0m
2023-08-11 17:57:09.015 +0530 [debug] ([34mdata.js[0m) [31mRead {}[0m
2023-08-11 17:57:09.017 +0530 [debug] ([34mdata.js[0m) [31mRead {}[0m
2023-08-11 17:57:09.017 +0530 [debug] ([34miframe.js[0m) [31mResponding to product with {"configs":{},"displayName":"iparams-html","product":{"freshdesk":{"location":{"full_page_app":{"url":"agent/index.html","icon":"agent/styles/images/aeroplane.svg"}}}},"features":["db"],"actions":false,"omni":false,"products":["freshdesk"],"platform":"2.3","isInstall":true,"v2":[]}[0m
2023-08-11 17:57:09.311 +0530 [debug] ([34mdata.js[0m) [31mRead {}[0m
2023-08-11 17:57:09.312 +0530 [debug] ([34mdata.js[0m) [31mRead {}[0m
2023-08-11 17:57:09.313 +0530 [debug] ([34miframe.js[0m) [31mResponding to product with {"configs":{},"displayName":"iparams-html","product":{"freshdesk":{"location":{"full_page_app":{"url":"agent/index.html","icon":"agent/styles/images/aeroplane.svg"}}}},"features":["db"],"actions":false,"omni":false,"products":["freshdesk"],"platform":"2.3","isInstall":true,"v2":[]}[0m
2023-08-11 17:57:09.569 +0530 [debug] ([34mdata.js[0m) [31mRead {}[0m
2023-08-11 17:57:09.571 +0530 [debug] ([34mdata.js[0m) [31mRead {}[0m
2023-08-11 17:57:09.571 +0530 [debug] ([34miframe.js[0m) [31mResponding to product with {"configs":{},"displayName":"iparams-html","product":{"freshdesk":{"location":{"full_page_app":{"url":"agent/index.html","icon":"agent/styles/images/aeroplane.svg"}}}},"features":["db"],"actions":false,"omni":false,"products":["freshdesk"],"platform":"2.3","isInstall":true,"v2":[]}[0m
2023-08-11 17:57:09.823 +0530 [debug] ([34mdata.js[0m) [31mRead {}[0m
2023-08-11 17:57:09.825 +0530 [debug] ([34mdata.js[0m) [31mRead {}[0m
2023-08-11 17:57:09.825 +0530 [debug] ([34miframe.js[0m) [31mResponding to product with {"configs":{},"displayName":"iparams-html","product":{"freshdesk":{"location":{"full_page_app":{"url":"agent/index.html","icon":"agent/styles/images/aeroplane.svg"}}}},"features":["db"],"actions":false,"omni":false,"products":["freshdesk"],"platform":"2.3","isInstall":true,"v2":[]}[0m
2023-08-11 17:57:09.852 +0530 [debug] ([34miframe.js[0m) [31mResponding with contents of /index.html[0m
2023-08-11 17:57:09.935 +0530 [debug] ([34miframe.js[0m) [31mResponding with contents of /scripts/app.js[0m
2023-08-11 17:57:09.936 +0530 [debug] ([34mcoverage.js[0m) [31mInstrumenting C:\Users\Hariharan\Documents\freshdeskConfigurationPage\iparams-html\app\scripts\app.js[0m
2023-08-11 17:57:10.216 +0530 [debug] ([34mdata-pipe.js[0m) [31mreceived call for route "proxy" with action "execute" and body {"action":"execute","data":{"url":"https://official-joke-api.appspot.com/random_joke","method":"get"}}[0m
2023-08-11 17:57:10.218 +0530 [debug] ([34mdata.js[0m) [31mRead {}[0m
2023-08-11 17:57:12.190 +0530 [debug] ([34mcoverage.js[0m) [31mWriting coverage.[0m
2023-08-11 18:00:58.934 +0530 [debug] ([34mdata.js[0m) [31mRead {}[0m
2023-08-11 18:00:58.935 +0530 [debug] ([34mdata.js[0m) [31mRead {}[0m
2023-08-11 18:00:58.935 +0530 [debug] ([34miframe.js[0m) [31mResponding to product with {"configs":{},"displayName":"iparams-html","product":{"freshdesk":{"location":{"full_page_app":{"url":"agent/index.html","icon":"agent/styles/images/aeroplane.svg"}}}},"features":["db"],"actions":false,"omni":false,"products":["freshdesk"],"platform":"2.3","isInstall":true,"v2":[]}[0m
2023-08-11 18:00:59.478 +0530 [debug] ([34mdata.js[0m) [31mRead {}[0m
2023-08-11 18:00:59.478 +0530 [debug] ([34mdata.js[0m) [31mRead {}[0m
2023-08-11 18:00:59.479 +0530 [debug] ([34miframe.js[0m) [31mResponding to product with {"configs":{},"displayName":"iparams-html","product":{"freshdesk":{"location":{"full_page_app":{"url":"agent/index.html","icon":"agent/styles/images/aeroplane.svg"}}}},"features":["db"],"actions":false,"omni":false,"products":["freshdesk"],"platform":"2.3","isInstall":true,"v2":[]}[0m
2023-08-11 18:01:00.041 +0530 [debug] ([34mdata.js[0m) [31mRead {}[0m
2023-08-11 18:01:00.042 +0530 [debug] ([34mdata.js[0m) [31mRead {}[0m
2023-08-11 18:01:00.042 +0530 [debug] ([34miframe.js[0m) [31mResponding to product with {"configs":{},"displayName":"iparams-html","product":{"freshdesk":{"location":{"full_page_app":{"url":"agent/index.html","icon":"agent/styles/images/aeroplane.svg"}}}},"features":["db"],"actions":false,"omni":false,"products":["freshdesk"],"platform":"2.3","isInstall":true,"v2":[]}[0m
2023-08-11 18:01:00.066 +0530 [debug] ([34miframe.js[0m) [31mResponding with contents of /index.html[0m
2023-08-11 18:01:00.229 +0530 [debug] ([34miframe.js[0m) [31mResponding with contents of /scripts/app.js[0m
2023-08-11 18:01:00.230 +0530 [debug] ([34mcoverage.js[0m) [31mInstrumenting C:\Users\Hariharan\Documents\freshdeskConfigurationPage\iparams-html\app\scripts\app.js[0m
2023-08-11 18:01:00.388 +0530 [debug] ([34mdata-pipe.js[0m) [31mreceived call for route "proxy" with action "execute" and body {"action":"execute","data":{"url":"https://official-joke-api.appspot.com/random_joke","method":"get"}}[0m
2023-08-11 18:01:00.389 +0530 [debug] ([34mdata.js[0m) [31mRead {}[0m
2023-08-11 18:01:02.393 +0530 [debug] ([34mcoverage.js[0m) [31mWriting coverage.[0m
2023-08-11 18:01:03.088 +0530 [debug] ([34mdata.js[0m) [31mRead {}[0m
2023-08-11 18:01:03.088 +0530 [debug] ([34mdata.js[0m) [31mRead {}[0m
2023-08-11 18:01:03.089 +0530 [debug] ([34miframe.js[0m) [31mResponding to product with {"configs":{},"displayName":"iparams-html","product":{"freshdesk":{"location":{"full_page_app":{"url":"agent/index.html","icon":"agent/styles/images/aeroplane.svg"}}}},"features":["db"],"actions":false,"omni":false,"products":["freshdesk"],"platform":"2.3","isInstall":true,"v2":[]}[0m
2023-08-11 19:06:29.742 +0530 [debug] ([34mconfigs.js[0m) [31mloaded default configs as "{"updates":{"manifest_url":"https://cdn.freshdev.io/assets/fdk/updates.json","period":24},"log":{"level":"info"},"javascript":{"ecma_version":2020},"request":{"timeout":5000}}"[0m
2023-08-11 19:06:29.744 +0530 [debug] ([34mfile.js[0m) [31mError while requiring C:\Users\Hariharan/.fdk/configs.json: Cannot find module 'C:\Users\Hariharan/.fdk/configs.json'
Require stack:
- C:\Users\Hariharan\AppData\Roaming\npm\node_modules\fdk\lib\utils\file.js
- C:\Users\Hariharan\AppData\Roaming\npm\node_modules\fdk\lib\configs.js
- C:\Users\Hariharan\AppData\Roaming\npm\node_modules\fdk\lib\logger.js
- C:\Users\Hariharan\AppData\Roaming\npm\node_modules\fdk\index.js[0m
2023-08-11 19:06:29.744 +0530 [debug] ([34mconfigs.js[0m) [31mloaded global configs as "{}"[0m
2023-08-11 19:06:29.744 +0530 [debug] ([34mfile.js[0m) [31mError while requiring C:\Users\Hariharan\Documents\freshdeskConfigurationPage\iparams-html/.fdk/configs.json: Cannot find module 'C:\Users\Hariharan\Documents\freshdeskConfigurationPage\iparams-html/.fdk/configs.json'
Require stack:
- C:\Users\Hariharan\AppData\Roaming\npm\node_modules\fdk\lib\utils\file.js
- C:\Users\Hariharan\AppData\Roaming\npm\node_modules\fdk\lib\configs.js
- C:\Users\Hariharan\AppData\Roaming\npm\node_modules\fdk\lib\logger.js
- C:\Users\Hariharan\AppData\Roaming\npm\node_modules\fdk\index.js[0m
2023-08-11 19:06:29.744 +0530 [debug] ([34mconfigs.js[0m) [31mloaded local configs as "{}"[0m
2023-08-11 19:06:29.744 +0530 [debug] ([34mconfigs.js[0m) [31mloaded env configs as "{"updates":{},"log":{},"javascript":{},"request":{"timeout":5000}}"[0m
2023-08-11 19:06:29.744 +0530 [debug] ([34mconfigs.js[0m) [31mloaded resolved configs as "{"updates":{"manifest_url":"https://cdn.freshdev.io/assets/fdk/updates.json","period":24},"log":{"level":"info"},"javascript":{"ecma_version":2020},"request":{"timeout":5000}}"[0m
2023-08-11 19:06:29.744 +0530 [debug] ([34mlogger.js[0m) [31mStarting FDK in node v18.16.1 on win32[0m
2023-08-11 19:06:29.744 +0530 [debug] ([34msequelize.js[0m) [31msetting up sqilite at "C:\Users\Hariharan\Documents\freshdeskConfigurationPage\iparams-html/.fdk/store.sqlite"[0m
2023-08-11 19:06:29.745 +0530 [debug] ([34mdata.js[0m) [31mRead {"version_details":{"cli":{"deprecated":{"version":"<9","message":"This FDK version will be deprecated by September 30, 2023 There will be no further feature updates to this version. For a seamless app building experience, ensure to move to the latest FDK version. For more information, see https://developers.freshdesk.com/v2/docs/migration-overview/#latest_platform_version_migration."},"forced":{"version":"7.0.0","command":"npm install https://dl.freshdev.io/cli/fdk-7.0.0.tgz -g","message":"Your FDK version has been forced updated to v7.0.0, please visit https://community.developers.freshworks.com/t/fdk-v7-0-announcing-node-js-v12-and-es6-support/3606 to know more"},"latest":{"version":"9.0.4","command":"npm install https://cdn.freshdev.io/fdk/latest.tgz -g","message":"You are on the latest FDK version. For information on the features available as part of this FDK version, see https://developers.freshdesk.com/v2/docs/what's-new/ ."}},"addon":{"version":"1.13.5","url":"https://cdn.freshdev.io/assets/fdk/addons/addon.zip"}},"last_updated":{"time_stamp":1691752013848}}[0m
2023-08-11 19:06:29.745 +0530 [debug] ([34mupdater.js[0m) [31mlast check less than 24 hours ago, not looking for updates[0m
2023-08-11 19:06:29.748 +0530 [debug] ([34mindex.js[0m) [31mrunning with opts {}[0m
2023-08-11 19:06:29.919 +0530 [debug] ([34mmanifest.js[0m) [31mReloading manifest with {"platform-version":"2.3","product":{"freshdesk":{"location":{"full_page_app":{"url":"index.html","icon":"styles/images/aeroplane.svg"}}}},"engines":{"node":"18.16.1","fdk":"8.6.6"}}.[0m
2023-08-11 19:06:29.919 +0530 [debug] ([34mmanifest.js[0m) [31mInferred db as features.[0m
2023-08-11 19:06:29.921 +0530 [debug] ([34mdata.js[0m) [31mRead {"version_details":{"cli":{"deprecated":{"version":"<9","message":"This FDK version will be deprecated by September 30, 2023 There will be no further feature updates to this version. For a seamless app building experience, ensure to move to the latest FDK version. For more information, see https://developers.freshdesk.com/v2/docs/migration-overview/#latest_platform_version_migration."},"forced":{"version":"7.0.0","command":"npm install https://dl.freshdev.io/cli/fdk-7.0.0.tgz -g","message":"Your FDK version has been forced updated to v7.0.0, please visit https://community.developers.freshworks.com/t/fdk-v7-0-announcing-node-js-v12-and-es6-support/3606 to know more"},"latest":{"version":"9.0.4","command":"npm install https://cdn.freshdev.io/fdk/latest.tgz -g","message":"You are on the latest FDK version. For information on the features available as part of this FDK version, see https://developers.freshdesk.com/v2/docs/what's-new/ ."}},"addon":{"version":"1.13.5","url":"https://cdn.freshdev.io/assets/fdk/addons/addon.zip"}},"last_updated":{"time_stamp":1691752013848}}[0m
2023-08-11 19:06:29.936 +0530 [debug] ([34mdata.js[0m) [31mRead {"version_details":{"cli":{"deprecated":{"version":"<9","message":"This FDK version will be deprecated by September 30, 2023 There will be no further feature updates to this version. For a seamless app building experience, ensure to move to the latest FDK version. For more information, see https://developers.freshdesk.com/v2/docs/migration-overview/#latest_platform_version_migration."},"forced":{"version":"7.0.0","command":"npm install https://dl.freshdev.io/cli/fdk-7.0.0.tgz -g","message":"Your FDK version has been forced updated to v7.0.0, please visit https://community.developers.freshworks.com/t/fdk-v7-0-announcing-node-js-v12-and-es6-support/3606 to know more"},"latest":{"version":"9.0.4","command":"npm install https://cdn.freshdev.io/fdk/latest.tgz -g","message":"You are on the latest FDK version. For information on the features available as part of this FDK version, see https://developers.freshdesk.com/v2/docs/what's-new/ ."}},"addon":{"version":"1.13.5","url":"https://cdn.freshdev.io/assets/fdk/addons/addon.zip"}},"last_updated":{"time_stamp":1691752013848}}[0m
2023-08-11 19:06:30.808 +0530 [debug] ([34mdata.js[0m) [31mRead {"version_details":{"cli":{"deprecated":{"version":"<9","message":"This FDK version will be deprecated by September 30, 2023 There will be no further feature updates to this version. For a seamless app building experience, ensure to move to the latest FDK version. For more information, see https://developers.freshdesk.com/v2/docs/migration-overview/#latest_platform_version_migration."},"forced":{"version":"7.0.0","command":"npm install https://dl.freshdev.io/cli/fdk-7.0.0.tgz -g","message":"Your FDK version has been forced updated to v7.0.0, please visit https://community.developers.freshworks.com/t/fdk-v7-0-announcing-node-js-v12-and-es6-support/3606 to know more"},"latest":{"version":"9.0.4","command":"npm install https://cdn.freshdev.io/fdk/latest.tgz -g","message":"You are on the latest FDK version. For information on the features available as part of this FDK version, see https://developers.freshdesk.com/v2/docs/what's-new/ ."}},"addon":{"version":"1.13.5","url":"https://cdn.freshdev.io/assets/fdk/addons/addon.zip"}},"last_updated":{"time_stamp":1691752013848}}[0m
2023-08-11 19:06:31.639 +0530 [debug] ([34mvalidate.js[0m) [31masked to skip the following validations, [0m
2023-08-11 19:06:31.639 +0530 [debug] ([34mvalidate.js[0m) [31mrunning validator actions[0m
2023-08-11 19:06:31.639 +0530 [debug] ([34mvalidate.js[0m) [31mrunning validator requests[0m
2023-08-11 19:06:31.640 +0530 [debug] ([34mvalidate.js[0m) [31mrunning validator app-dir[0m
2023-08-11 19:06:31.640 +0530 [debug] ([34mvalidate.js[0m) [31mrunning validator config-dir[0m
2023-08-11 19:06:31.641 +0530 [debug] ([34mconfig-dir.js[0m) [31mChecking to see if C:\Users\Hariharan\Documents\freshdeskConfigurationPage\iparams-html/config/ exists.[0m
2023-08-11 19:06:31.641 +0530 [debug] ([34mconfig-dir.js[0m) [31mFetched the following config files assets,iparams.html[0m
2023-08-11 19:06:31.641 +0530 [debug] ([34mvalidate.js[0m) [31mrunning validator custom-objects[0m
2023-08-11 19:06:31.641 +0530 [debug] ([34mvalidate.js[0m) [31mrunning validator event[0m
2023-08-11 19:06:31.641 +0530 [debug] ([34mvalidate.js[0m) [31mrunning validator iparam[0m
2023-08-11 19:06:31.658 +0530 [debug] ([34mvalidate.js[0m) [31mrunning validator lint[0m
2023-08-11 19:06:31.658 +0530 [debug] ([34mlint.js[0m) [31mpassed fix flag: undefined[0m
2023-08-11 19:06:31.662 +0530 [debug] ([34mlint.js[0m) [31mRunning the following lints on the file app\scripts\app.js : no-caller,no-process-env,complexity,max-nested-callbacks,handle-callback-err,no-eval,no-alert,no-debugger,no-unreachable,no-unhandled-promise,no-logging-rejections,no-non-client-request-model,no-deprecated-apis,no-proxy-requests,no-cross-scope-assign,no-empty-function,no-unused-vars[0m
2023-08-11 19:06:31.692 +0530 [debug] ([34mvalidate.js[0m) [31mrunning validator manifest[0m
2023-08-11 19:06:31.692 +0530 [debug] ([34mvalidate.js[0m) [31mskipping validator manifest-dependency[0m
2023-08-11 19:06:31.692 +0530 [debug] ([34mvalidate.js[0m) [31mrunning validator oauth[0m
2023-08-11 19:06:31.692 +0530 [debug] ([34mvalidate.js[0m) [31mskipping validator pkgsize[0m
2023-08-11 19:06:31.692 +0530 [debug] ([34mvalidate.js[0m) [31mrunning validator schema[0m
2023-08-11 19:06:31.692 +0530 [debug] ([34mvalidate.js[0m) [31mrunning validator version-check[0m
2023-08-11 19:06:31.696 +0530 [warn] Please ensure that the following are addressed for quick review process:
2023-08-11 19:06:31.696 +0530 [warn] [33m‼[39m app\scripts\app.js::4: 'client' declared and assigned in different scopes. Possible asynchronous race condition.
2023-08-11 19:06:31.697 +0530 [error] 
2023-08-11 19:06:31.698 +0530 [debug] ([34mwatcher.js[0m) [31mPreparing to watch the following files ./app,./config,./manifest.json[0m
2023-08-11 19:06:31.702 +0530 [debug] ([34mdata.js[0m) [31mRead {}[0m
2023-08-11 19:06:31.702 +0530 [debug] ([34mcustom-objects.js[0m) [31mto force or not? undefined[0m
2023-08-11 19:06:31.702 +0530 [debug] ([34mcustom-objects.js[0m) [31mbeginning to re-sync db[0m
2023-08-11 19:06:31.885 +0530 [debug] ([34mindex.js[0m) [31mloading model at "C:\Users\Hariharan\AppData\Roaming\npm\node_modules\fdk\lib\models\bigint-pivot.js"[0m
2023-08-11 19:06:31.887 +0530 [debug] ([34mindex.js[0m) [31mloading model at "C:\Users\Hariharan\AppData\Roaming\npm\node_modules\fdk\lib\models\entity-field-choice.js"[0m
2023-08-11 19:06:31.888 +0530 [debug] ([34mindex.js[0m) [31mloading model at "C:\Users\Hariharan\AppData\Roaming\npm\node_modules\fdk\lib\models\entity-field.js"[0m
2023-08-11 19:06:31.888 +0530 [debug] ([34mindex.js[0m) [31mloading model at "C:\Users\Hariharan\AppData\Roaming\npm\node_modules\fdk\lib\models\entity.js"[0m
2023-08-11 19:06:31.889 +0530 [debug] ([34mindex.js[0m) [31mloading model at "C:\Users\Hariharan\AppData\Roaming\npm\node_modules\fdk\lib\models\record.js"[0m
2023-08-11 19:06:31.890 +0530 [debug] ([34mindex.js[0m) [31mloading model at "C:\Users\Hariharan\AppData\Roaming\npm\node_modules\fdk\lib\models\string-pivot.js"[0m
2023-08-11 19:06:31.903 +0530 [debug] ([34mdata.js[0m) [31mRead {}[0m
2023-08-11 19:06:31.904 +0530 [debug] ([34mcustom-objects.js[0m) [31mupdated local store with latest entity hash[0m
2023-08-11 19:06:31.904 +0530 [info] Starting local testing server at http://*:10001/    
Append 'dev=true' to your Freshdesk account URL to start testing    
e.g. https://domain.freshdesk.com/a/tickets/1?dev=true    
Quit the server with Control-C.
2023-08-11 19:06:31.905 +0530 [info] To test the installation page, visit - http://localhost:10001/custom_configs
2023-08-11 19:06:55.389 +0530 [debug] ([34mdata.js[0m) [31mRead {}[0m
2023-08-11 19:06:55.391 +0530 [debug] ([34mdata.js[0m) [31mRead {}[0m
2023-08-11 19:06:55.392 +0530 [debug] ([34miframe.js[0m) [31mResponding to product with {"configs":{},"displayName":"iparams-html","product":{"freshdesk":{"location":{"full_page_app":{"url":"agent/index.html","icon":"agent/styles/images/aeroplane.svg"}}}},"features":["db"],"actions":false,"omni":false,"products":["freshdesk"],"platform":"2.3","isInstall":true,"v2":[]}[0m
2023-08-11 19:06:55.668 +0530 [debug] ([34mdata.js[0m) [31mRead {}[0m
2023-08-11 19:06:55.670 +0530 [debug] ([34mdata.js[0m) [31mRead {}[0m
2023-08-11 19:06:55.670 +0530 [debug] ([34miframe.js[0m) [31mResponding to product with {"configs":{},"displayName":"iparams-html","product":{"freshdesk":{"location":{"full_page_app":{"url":"agent/index.html","icon":"agent/styles/images/aeroplane.svg"}}}},"features":["db"],"actions":false,"omni":false,"products":["freshdesk"],"platform":"2.3","isInstall":true,"v2":[]}[0m
2023-08-11 19:06:55.971 +0530 [debug] ([34mdata.js[0m) [31mRead {}[0m
2023-08-11 19:06:55.972 +0530 [debug] ([34mdata.js[0m) [31mRead {}[0m
2023-08-11 19:06:55.972 +0530 [debug] ([34miframe.js[0m) [31mResponding to product with {"configs":{},"displayName":"iparams-html","product":{"freshdesk":{"location":{"full_page_app":{"url":"agent/index.html","icon":"agent/styles/images/aeroplane.svg"}}}},"features":["db"],"actions":false,"omni":false,"products":["freshdesk"],"platform":"2.3","isInstall":true,"v2":[]}[0m
2023-08-11 19:07:03.141 +0530 [debug] ([34mdata.js[0m) [31mRead {}[0m
2023-08-11 19:07:03.142 +0530 [debug] ([34mdata.js[0m) [31mRead {}[0m
2023-08-11 19:07:03.142 +0530 [debug] ([34miframe.js[0m) [31mResponding to product with {"configs":{},"displayName":"iparams-html","product":{"freshdesk":{"location":{"full_page_app":{"url":"agent/index.html","icon":"agent/styles/images/aeroplane.svg"}}}},"features":["db"],"actions":false,"omni":false,"products":["freshdesk"],"platform":"2.3","isInstall":true,"v2":[]}[0m
2023-08-11 19:07:03.417 +0530 [debug] ([34mdata.js[0m) [31mRead {}[0m
2023-08-11 19:07:03.418 +0530 [debug] ([34mdata.js[0m) [31mRead {}[0m
2023-08-11 19:07:03.418 +0530 [debug] ([34miframe.js[0m) [31mResponding to product with {"configs":{},"displayName":"iparams-html","product":{"freshdesk":{"location":{"full_page_app":{"url":"agent/index.html","icon":"agent/styles/images/aeroplane.svg"}}}},"features":["db"],"actions":false,"omni":false,"products":["freshdesk"],"platform":"2.3","isInstall":true,"v2":[]}[0m
2023-08-11 19:07:03.736 +0530 [debug] ([34mdata.js[0m) [31mRead {}[0m
2023-08-11 19:07:03.738 +0530 [debug] ([34mdata.js[0m) [31mRead {}[0m
2023-08-11 19:07:03.738 +0530 [debug] ([34miframe.js[0m) [31mResponding to product with {"configs":{},"displayName":"iparams-html","product":{"freshdesk":{"location":{"full_page_app":{"url":"agent/index.html","icon":"agent/styles/images/aeroplane.svg"}}}},"features":["db"],"actions":false,"omni":false,"products":["freshdesk"],"platform":"2.3","isInstall":true,"v2":[]}[0m
2023-08-11 19:07:04.025 +0530 [debug] ([34mdata.js[0m) [31mRead {}[0m
2023-08-11 19:07:04.026 +0530 [debug] ([34mdata.js[0m) [31mRead {}[0m
2023-08-11 19:07:04.026 +0530 [debug] ([34miframe.js[0m) [31mResponding to product with {"configs":{},"displayName":"iparams-html","product":{"freshdesk":{"location":{"full_page_app":{"url":"agent/index.html","icon":"agent/styles/images/aeroplane.svg"}}}},"features":["db"],"actions":false,"omni":false,"products":["freshdesk"],"platform":"2.3","isInstall":true,"v2":[]}[0m
2023-08-11 19:07:04.305 +0530 [debug] ([34mdata.js[0m) [31mRead {}[0m
2023-08-11 19:07:04.307 +0530 [debug] ([34mdata.js[0m) [31mRead {}[0m
2023-08-11 19:07:04.307 +0530 [debug] ([34miframe.js[0m) [31mResponding to product with {"configs":{},"displayName":"iparams-html","product":{"freshdesk":{"location":{"full_page_app":{"url":"agent/index.html","icon":"agent/styles/images/aeroplane.svg"}}}},"features":["db"],"actions":false,"omni":false,"products":["freshdesk"],"platform":"2.3","isInstall":true,"v2":[]}[0m
2023-08-11 19:07:04.334 +0530 [debug] ([34miframe.js[0m) [31mResponding with contents of /index.html[0m
2023-08-11 19:07:04.377 +0530 [debug] ([34miframe.js[0m) [31mResponding with contents of /scripts/app.js[0m
2023-08-11 19:07:04.378 +0530 [debug] ([34mcoverage.js[0m) [31mInstrumenting C:\Users\Hariharan\Documents\freshdeskConfigurationPage\iparams-html\app\scripts\app.js[0m
2023-08-11 19:07:04.544 +0530 [debug] ([34mdata-pipe.js[0m) [31mreceived call for route "proxy" with action "execute" and body {"action":"execute","data":{"url":"https://official-joke-api.appspot.com/random_joke","method":"get"}}[0m
2023-08-11 19:07:04.546 +0530 [debug] ([34mdata.js[0m) [31mRead {}[0m
2023-08-11 19:07:06.500 +0530 [debug] ([34mcoverage.js[0m) [31mWriting coverage.[0m
2023-08-11 19:07:44.245 +0530 [debug] ([34mdata.js[0m) [31mRead {}[0m
2023-08-11 19:07:44.246 +0530 [debug] ([34mdata.js[0m) [31mRead {}[0m
2023-08-11 19:07:44.246 +0530 [debug] ([34miframe.js[0m) [31mResponding to product with {"configs":{},"displayName":"iparams-html","product":{"freshdesk":{"location":{"full_page_app":{"url":"agent/index.html","icon":"agent/styles/images/aeroplane.svg"}}}},"features":["db"],"actions":false,"omni":false,"products":["freshdesk"],"platform":"2.3","isInstall":true,"v2":[]}[0m
2023-08-11 19:07:44.788 +0530 [debug] ([34mdata.js[0m) [31mRead {}[0m
2023-08-11 19:07:44.790 +0530 [debug] ([34mdata.js[0m) [31mRead {}[0m
2023-08-11 19:07:44.790 +0530 [debug] ([34miframe.js[0m) [31mResponding to product with {"configs":{},"displayName":"iparams-html","product":{"freshdesk":{"location":{"full_page_app":{"url":"agent/index.html","icon":"agent/styles/images/aeroplane.svg"}}}},"features":["db"],"actions":false,"omni":false,"products":["freshdesk"],"platform":"2.3","isInstall":true,"v2":[]}[0m
2023-08-11 19:07:45.341 +0530 [debug] ([34mdata.js[0m) [31mRead {}[0m
2023-08-11 19:07:45.341 +0530 [debug] ([34mdata.js[0m) [31mRead {}[0m
2023-08-11 19:07:45.341 +0530 [debug] ([34miframe.js[0m) [31mResponding to product with {"configs":{},"displayName":"iparams-html","product":{"freshdesk":{"location":{"full_page_app":{"url":"agent/index.html","icon":"agent/styles/images/aeroplane.svg"}}}},"features":["db"],"actions":false,"omni":false,"products":["freshdesk"],"platform":"2.3","isInstall":true,"v2":[]}[0m
2023-08-11 19:07:45.363 +0530 [debug] ([34miframe.js[0m) [31mResponding with contents of /index.html[0m
2023-08-11 19:07:45.423 +0530 [debug] ([34miframe.js[0m) [31mResponding with contents of /scripts/app.js[0m
2023-08-11 19:07:45.424 +0530 [debug] ([34mcoverage.js[0m) [31mInstrumenting C:\Users\Hariharan\Documents\freshdeskConfigurationPage\iparams-html\app\scripts\app.js[0m
2023-08-11 19:07:45.548 +0530 [debug] ([34mdata-pipe.js[0m) [31mreceived call for route "proxy" with action "execute" and body {"action":"execute","data":{"url":"https://official-joke-api.appspot.com/random_joke","method":"get"}}[0m
2023-08-11 19:07:45.549 +0530 [debug] ([34mdata.js[0m) [31mRead {}[0m
2023-08-11 19:07:47.538 +0530 [debug] ([34mcoverage.js[0m) [31mWriting coverage.[0m
2023-08-11 19:07:50.014 +0530 [debug] ([34mdata.js[0m) [31mRead {}[0m
2023-08-11 19:07:50.015 +0530 [debug] ([34mdata.js[0m) [31mRead {}[0m
2023-08-11 19:07:50.015 +0530 [debug] ([34miframe.js[0m) [31mResponding to product with {"configs":{},"displayName":"iparams-html","product":{"freshdesk":{"location":{"full_page_app":{"url":"agent/index.html","icon":"agent/styles/images/aeroplane.svg"}}}},"features":["db"],"actions":false,"omni":false,"products":["freshdesk"],"platform":"2.3","isInstall":true,"v2":[]}[0m
2023-08-17 19:39:28.633 +0530 [debug] ([34mconfigs.js[0m) [31mloaded default configs as "{"updates":{"manifest_url":"https://cdn.freshdev.io/assets/fdk/updates.json","period":24},"log":{"level":"info"},"javascript":{"ecma_version":2020},"request":{"timeout":5000}}"[0m
2023-08-17 19:39:28.635 +0530 [debug] ([34mfile.js[0m) [31mError while requiring C:\Users\Hariharan/.fdk/configs.json: Cannot find module 'C:\Users\Hariharan/.fdk/configs.json'
Require stack:
- C:\Users\Hariharan\AppData\Roaming\npm\node_modules\fdk\lib\utils\file.js
- C:\Users\Hariharan\AppData\Roaming\npm\node_modules\fdk\lib\configs.js
- C:\Users\Hariharan\AppData\Roaming\npm\node_modules\fdk\lib\logger.js
- C:\Users\Hariharan\AppData\Roaming\npm\node_modules\fdk\index.js[0m
2023-08-17 19:39:28.635 +0530 [debug] ([34mconfigs.js[0m) [31mloaded global configs as "{}"[0m
2023-08-17 19:39:28.635 +0530 [debug] ([34mfile.js[0m) [31mError while requiring C:\Users\Hariharan\Documents\freshdeskConfigurationPage\iparams-html/.fdk/configs.json: Cannot find module 'C:\Users\Hariharan\Documents\freshdeskConfigurationPage\iparams-html/.fdk/configs.json'
Require stack:
- C:\Users\Hariharan\AppData\Roaming\npm\node_modules\fdk\lib\utils\file.js
- C:\Users\Hariharan\AppData\Roaming\npm\node_modules\fdk\lib\configs.js
- C:\Users\Hariharan\AppData\Roaming\npm\node_modules\fdk\lib\logger.js
- C:\Users\Hariharan\AppData\Roaming\npm\node_modules\fdk\index.js[0m
2023-08-17 19:39:28.635 +0530 [debug] ([34mconfigs.js[0m) [31mloaded local configs as "{}"[0m
2023-08-17 19:39:28.636 +0530 [debug] ([34mconfigs.js[0m) [31mloaded env configs as "{"updates":{},"log":{},"javascript":{},"request":{"timeout":5000}}"[0m
2023-08-17 19:39:28.636 +0530 [debug] ([34mconfigs.js[0m) [31mloaded resolved configs as "{"updates":{"manifest_url":"https://cdn.freshdev.io/assets/fdk/updates.json","period":24},"log":{"level":"info"},"javascript":{"ecma_version":2020},"request":{"timeout":5000}}"[0m
2023-08-17 19:39:28.636 +0530 [debug] ([34mlogger.js[0m) [31mStarting FDK in node v18.16.1 on win32[0m
2023-08-17 19:39:28.636 +0530 [debug] ([34msequelize.js[0m) [31msetting up sqilite at "C:\Users\Hariharan\Documents\freshdeskConfigurationPage\iparams-html/.fdk/store.sqlite"[0m
2023-08-17 19:39:28.636 +0530 [debug] ([34mdata.js[0m) [31mRead {"version_details":{"cli":{"deprecated":{"version":"<9","message":"This FDK version will be deprecated by September 30, 2023 There will be no further feature updates to this version. For a seamless app building experience, ensure to move to the latest FDK version. For more information, see https://developers.freshdesk.com/v2/docs/migration-overview/#latest_platform_version_migration."},"forced":{"version":"7.0.0","command":"npm install https://dl.freshdev.io/cli/fdk-7.0.0.tgz -g","message":"Your FDK version has been forced updated to v7.0.0, please visit https://community.developers.freshworks.com/t/fdk-v7-0-announcing-node-js-v12-and-es6-support/3606 to know more"},"latest":{"version":"9.0.4","command":"npm install https://cdn.freshdev.io/fdk/latest.tgz -g","message":"You are on the latest FDK version. For information on the features available as part of this FDK version, see https://developers.freshdesk.com/v2/docs/what's-new/ ."}},"addon":{"version":"1.13.5","url":"https://cdn.freshdev.io/assets/fdk/addons/addon.zip"}},"last_updated":{"time_stamp":1692254042377}}[0m
2023-08-17 19:39:28.636 +0530 [debug] ([34mupdater.js[0m) [31mlast check less than 24 hours ago, not looking for updates[0m
2023-08-17 19:39:28.639 +0530 [debug] ([34mindex.js[0m) [31mrunning with opts {}[0m
2023-08-17 19:39:28.819 +0530 [debug] ([34mmanifest.js[0m) [31mReloading manifest with {"platform-version":"2.3","product":{"freshdesk":{"location":{"full_page_app":{"url":"index.html","icon":"styles/images/aeroplane.svg"}}}},"engines":{"node":"18.16.1","fdk":"8.6.6"}}.[0m
2023-08-17 19:39:28.819 +0530 [debug] ([34mmanifest.js[0m) [31mInferred db as features.[0m
2023-08-17 19:39:28.821 +0530 [debug] ([34mdata.js[0m) [31mRead {"version_details":{"cli":{"deprecated":{"version":"<9","message":"This FDK version will be deprecated by September 30, 2023 There will be no further feature updates to this version. For a seamless app building experience, ensure to move to the latest FDK version. For more information, see https://developers.freshdesk.com/v2/docs/migration-overview/#latest_platform_version_migration."},"forced":{"version":"7.0.0","command":"npm install https://dl.freshdev.io/cli/fdk-7.0.0.tgz -g","message":"Your FDK version has been forced updated to v7.0.0, please visit https://community.developers.freshworks.com/t/fdk-v7-0-announcing-node-js-v12-and-es6-support/3606 to know more"},"latest":{"version":"9.0.4","command":"npm install https://cdn.freshdev.io/fdk/latest.tgz -g","message":"You are on the latest FDK version. For information on the features available as part of this FDK version, see https://developers.freshdesk.com/v2/docs/what's-new/ ."}},"addon":{"version":"1.13.5","url":"https://cdn.freshdev.io/assets/fdk/addons/addon.zip"}},"last_updated":{"time_stamp":1692254042377}}[0m
2023-08-17 19:39:28.834 +0530 [debug] ([34mdata.js[0m) [31mRead {"version_details":{"cli":{"deprecated":{"version":"<9","message":"This FDK version will be deprecated by September 30, 2023 There will be no further feature updates to this version. For a seamless app building experience, ensure to move to the latest FDK version. For more information, see https://developers.freshdesk.com/v2/docs/migration-overview/#latest_platform_version_migration."},"forced":{"version":"7.0.0","command":"npm install https://dl.freshdev.io/cli/fdk-7.0.0.tgz -g","message":"Your FDK version has been forced updated to v7.0.0, please visit https://community.developers.freshworks.com/t/fdk-v7-0-announcing-node-js-v12-and-es6-support/3606 to know more"},"latest":{"version":"9.0.4","command":"npm install https://cdn.freshdev.io/fdk/latest.tgz -g","message":"You are on the latest FDK version. For information on the features available as part of this FDK version, see https://developers.freshdesk.com/v2/docs/what's-new/ ."}},"addon":{"version":"1.13.5","url":"https://cdn.freshdev.io/assets/fdk/addons/addon.zip"}},"last_updated":{"time_stamp":1692254042377}}[0m
2023-08-17 19:39:29.681 +0530 [debug] ([34mdata.js[0m) [31mRead {"version_details":{"cli":{"deprecated":{"version":"<9","message":"This FDK version will be deprecated by September 30, 2023 There will be no further feature updates to this version. For a seamless app building experience, ensure to move to the latest FDK version. For more information, see https://developers.freshdesk.com/v2/docs/migration-overview/#latest_platform_version_migration."},"forced":{"version":"7.0.0","command":"npm install https://dl.freshdev.io/cli/fdk-7.0.0.tgz -g","message":"Your FDK version has been forced updated to v7.0.0, please visit https://community.developers.freshworks.com/t/fdk-v7-0-announcing-node-js-v12-and-es6-support/3606 to know more"},"latest":{"version":"9.0.4","command":"npm install https://cdn.freshdev.io/fdk/latest.tgz -g","message":"You are on the latest FDK version. For information on the features available as part of this FDK version, see https://developers.freshdesk.com/v2/docs/what's-new/ ."}},"addon":{"version":"1.13.5","url":"https://cdn.freshdev.io/assets/fdk/addons/addon.zip"}},"last_updated":{"time_stamp":1692254042377}}[0m
2023-08-17 19:39:30.493 +0530 [debug] ([34mvalidate.js[0m) [31masked to skip the following validations, [0m
2023-08-17 19:39:30.493 +0530 [debug] ([34mvalidate.js[0m) [31mrunning validator actions[0m
2023-08-17 19:39:30.494 +0530 [debug] ([34mvalidate.js[0m) [31mrunning validator requests[0m
2023-08-17 19:39:30.494 +0530 [debug] ([34mvalidate.js[0m) [31mrunning validator app-dir[0m
2023-08-17 19:39:30.495 +0530 [debug] ([34mvalidate.js[0m) [31mrunning validator config-dir[0m
2023-08-17 19:39:30.495 +0530 [debug] ([34mconfig-dir.js[0m) [31mChecking to see if C:\Users\Hariharan\Documents\freshdeskConfigurationPage\iparams-html/config/ exists.[0m
2023-08-17 19:39:30.495 +0530 [debug] ([34mconfig-dir.js[0m) [31mFetched the following config files assets,iparams.html[0m
2023-08-17 19:39:30.495 +0530 [debug] ([34mvalidate.js[0m) [31mrunning validator custom-objects[0m
2023-08-17 19:39:30.495 +0530 [debug] ([34mvalidate.js[0m) [31mrunning validator event[0m
2023-08-17 19:39:30.495 +0530 [debug] ([34mvalidate.js[0m) [31mrunning validator iparam[0m
2023-08-17 19:39:30.514 +0530 [debug] ([34mvalidate.js[0m) [31mrunning validator lint[0m
2023-08-17 19:39:30.515 +0530 [debug] ([34mlint.js[0m) [31mpassed fix flag: undefined[0m
2023-08-17 19:39:30.523 +0530 [debug] ([34mlint.js[0m) [31mRunning the following lints on the file app\scripts\app.js : no-caller,no-process-env,complexity,max-nested-callbacks,handle-callback-err,no-eval,no-alert,no-debugger,no-unreachable,no-unhandled-promise,no-logging-rejections,no-non-client-request-model,no-deprecated-apis,no-proxy-requests,no-cross-scope-assign,no-empty-function,no-unused-vars[0m
2023-08-17 19:39:30.552 +0530 [debug] ([34mvalidate.js[0m) [31mrunning validator manifest[0m
2023-08-17 19:39:30.552 +0530 [debug] ([34mvalidate.js[0m) [31mskipping validator manifest-dependency[0m
2023-08-17 19:39:30.552 +0530 [debug] ([34mvalidate.js[0m) [31mrunning validator oauth[0m
2023-08-17 19:39:30.552 +0530 [debug] ([34mvalidate.js[0m) [31mskipping validator pkgsize[0m
2023-08-17 19:39:30.552 +0530 [debug] ([34mvalidate.js[0m) [31mrunning validator schema[0m
2023-08-17 19:39:30.552 +0530 [debug] ([34mvalidate.js[0m) [31mrunning validator version-check[0m
2023-08-17 19:39:30.556 +0530 [warn] Please ensure that the following are addressed for quick review process:
2023-08-17 19:39:30.556 +0530 [warn] [33m‼[39m app\scripts\app.js::4: 'client' declared and assigned in different scopes. Possible asynchronous race condition.
2023-08-17 19:39:30.557 +0530 [error] 
2023-08-17 19:39:30.558 +0530 [debug] ([34mwatcher.js[0m) [31mPreparing to watch the following files ./app,./config,./manifest.json[0m
2023-08-17 19:39:30.562 +0530 [debug] ([34mdata.js[0m) [31mRead {}[0m
2023-08-17 19:39:30.562 +0530 [debug] ([34mcustom-objects.js[0m) [31mto force or not? undefined[0m
2023-08-17 19:39:30.562 +0530 [debug] ([34mcustom-objects.js[0m) [31mbeginning to re-sync db[0m
2023-08-17 19:39:30.753 +0530 [debug] ([34mindex.js[0m) [31mloading model at "C:\Users\Hariharan\AppData\Roaming\npm\node_modules\fdk\lib\models\bigint-pivot.js"[0m
2023-08-17 19:39:30.754 +0530 [debug] ([34mindex.js[0m) [31mloading model at "C:\Users\Hariharan\AppData\Roaming\npm\node_modules\fdk\lib\models\entity-field-choice.js"[0m
2023-08-17 19:39:30.755 +0530 [debug] ([34mindex.js[0m) [31mloading model at "C:\Users\Hariharan\AppData\Roaming\npm\node_modules\fdk\lib\models\entity-field.js"[0m
2023-08-17 19:39:30.755 +0530 [debug] ([34mindex.js[0m) [31mloading model at "C:\Users\Hariharan\AppData\Roaming\npm\node_modules\fdk\lib\models\entity.js"[0m
2023-08-17 19:39:30.756 +0530 [debug] ([34mindex.js[0m) [31mloading model at "C:\Users\Hariharan\AppData\Roaming\npm\node_modules\fdk\lib\models\record.js"[0m
2023-08-17 19:39:30.757 +0530 [debug] ([34mindex.js[0m) [31mloading model at "C:\Users\Hariharan\AppData\Roaming\npm\node_modules\fdk\lib\models\string-pivot.js"[0m
2023-08-17 19:39:30.769 +0530 [debug] ([34mdata.js[0m) [31mRead {}[0m
2023-08-17 19:39:30.769 +0530 [debug] ([34mcustom-objects.js[0m) [31mupdated local store with latest entity hash[0m
2023-08-17 19:39:30.770 +0530 [info] Starting local testing server at http://*:10001/    
Append 'dev=true' to your Freshdesk account URL to start testing    
e.g. https://domain.freshdesk.com/a/tickets/1?dev=true    
Quit the server with Control-C.
2023-08-17 19:39:30.770 +0530 [info] To test the installation page, visit - http://localhost:10001/custom_configs
