2023-08-17 13:37:00.677 +0530 [debug] ([34mconfigs.js[0m) [31mloaded default configs as "{"updates":{"manifest_url":"https://cdn.freshdev.io/assets/fdk/updates.json","period":24},"log":{"level":"info"},"javascript":{"ecma_version":2020},"request":{"timeout":5000}}"[0m
2023-08-17 13:37:00.678 +0530 [debug] ([34mfile.js[0m) [31mError while requiring C:\Users\Hariharan/.fdk/configs.json: Cannot find module 'C:\Users\Hariharan/.fdk/configs.json'
Require stack:
- C:\Users\Hariharan\AppData\Roaming\npm\node_modules\fdk\lib\utils\file.js
- C:\Users\Hariharan\AppData\Roaming\npm\node_modules\fdk\lib\configs.js
- C:\Users\Hariharan\AppData\Roaming\npm\node_modules\fdk\lib\logger.js
- C:\Users\Hariharan\AppData\Roaming\npm\node_modules\fdk\index.js[0m
2023-08-17 13:37:00.678 +0530 [debug] ([34mconfigs.js[0m) [31mloaded global configs as "{}"[0m
2023-08-17 13:37:00.679 +0530 [debug] ([34mfile.js[0m) [31mError while requiring C:\Users\Hariharan\Documents\freshdeskServerLessSamples\product-events/.fdk/configs.json: Cannot find module 'C:\Users\Hariharan\Documents\freshdeskServerLessSamples\product-events/.fdk/configs.json'
Require stack:
- C:\Users\Hariharan\AppData\Roaming\npm\node_modules\fdk\lib\utils\file.js
- C:\Users\Hariharan\AppData\Roaming\npm\node_modules\fdk\lib\configs.js
- C:\Users\Hariharan\AppData\Roaming\npm\node_modules\fdk\lib\logger.js
- C:\Users\Hariharan\AppData\Roaming\npm\node_modules\fdk\index.js[0m
2023-08-17 13:37:00.679 +0530 [debug] ([34mconfigs.js[0m) [31mloaded local configs as "{}"[0m
2023-08-17 13:37:00.679 +0530 [debug] ([34mconfigs.js[0m) [31mloaded env configs as "{"updates":{},"log":{},"javascript":{},"request":{"timeout":5000}}"[0m
2023-08-17 13:37:00.679 +0530 [debug] ([34mconfigs.js[0m) [31mloaded resolved configs as "{"updates":{"manifest_url":"https://cdn.freshdev.io/assets/fdk/updates.json","period":24},"log":{"level":"info"},"javascript":{"ecma_version":2020},"request":{"timeout":5000}}"[0m
2023-08-17 13:37:00.679 +0530 [debug] ([34mlogger.js[0m) [31mStarting FDK in node v18.16.1 on win32[0m
2023-08-17 13:37:00.679 +0530 [debug] ([34msequelize.js[0m) [31msetting up sqilite at "C:\Users\Hariharan\Documents\freshdeskServerLessSamples\product-events/.fdk/store.sqlite"[0m
2023-08-17 13:37:00.679 +0530 [debug] ([34mdata.js[0m) [31mRead {"version_details":{"cli":{"deprecated":{"version":"<9","message":"This FDK version will be deprecated by September 30, 2023 There will be no further feature updates to this version. For a seamless app building experience, ensure to move to the latest FDK version. For more information, see https://developers.freshdesk.com/v2/docs/migration-overview/#latest_platform_version_migration."},"forced":{"version":"7.0.0","command":"npm install https://dl.freshdev.io/cli/fdk-7.0.0.tgz -g","message":"Your FDK version has been forced updated to v7.0.0, please visit https://community.developers.freshworks.com/t/fdk-v7-0-announcing-node-js-v12-and-es6-support/3606 to know more"},"latest":{"version":"9.0.4","command":"npm install https://cdn.freshdev.io/fdk/latest.tgz -g","message":"You are on the latest FDK version. For information on the features available as part of this FDK version, see https://developers.freshdesk.com/v2/docs/what's-new/ ."}},"addon":{"version":"1.13.5","url":"https://cdn.freshdev.io/assets/fdk/addons/addon.zip"}},"last_updated":{"time_stamp":1692254042377}}[0m
2023-08-17 13:37:00.679 +0530 [debug] ([34mupdater.js[0m) [31mlast check less than 24 hours ago, not looking for updates[0m
2023-08-17 13:37:00.682 +0530 [debug] ([34mindex.js[0m) [31mrunning with opts {}[0m
2023-08-17 13:37:00.859 +0530 [debug] ([34mmanifest.js[0m) [31mReloading manifest with {"platform-version":"2.3","product":{"freshdesk":{"events":{"onTicketCreate":{"handler":"onTicketCreateHandler"},"onTicketUpdate":{"handler":"onTicketUpdateHandler"},"onConversationCreate":{"handler":"onConversationCreateHandler"},"onContactCreate":{"handler":"onContactCreateHandler"},"onContactUpdate":{"handler":"onContactUpdateHandler"},"onCompanyCreate":{"handler":"onCompanyCreateHandler"},"onCompanyUpdate":{"handler":"onCompanyUpdateHandler"},"onCompanyDelete":{"handler":"onCompanyDeleteHandler"},"onTimeEntryCreate":{"handler":"onTimeEntryCreateHandler"},"onTimeEntryUpdate":{"handler":"onTimeEntryUpdateHandler"},"onTimeEntryDelete":{"handler":"onTimeEntryDeleteHandler"}}}},"whitelisted-domains":[]}.[0m
2023-08-17 13:37:00.860 +0530 [debug] ([34mmanifest.js[0m) [31mInferred db,backend as features.[0m
2023-08-17 13:37:00.862 +0530 [debug] ([34mdata.js[0m) [31mRead {"version_details":{"cli":{"deprecated":{"version":"<9","message":"This FDK version will be deprecated by September 30, 2023 There will be no further feature updates to this version. For a seamless app building experience, ensure to move to the latest FDK version. For more information, see https://developers.freshdesk.com/v2/docs/migration-overview/#latest_platform_version_migration."},"forced":{"version":"7.0.0","command":"npm install https://dl.freshdev.io/cli/fdk-7.0.0.tgz -g","message":"Your FDK version has been forced updated to v7.0.0, please visit https://community.developers.freshworks.com/t/fdk-v7-0-announcing-node-js-v12-and-es6-support/3606 to know more"},"latest":{"version":"9.0.4","command":"npm install https://cdn.freshdev.io/fdk/latest.tgz -g","message":"You are on the latest FDK version. For information on the features available as part of this FDK version, see https://developers.freshdesk.com/v2/docs/what's-new/ ."}},"addon":{"version":"1.13.5","url":"https://cdn.freshdev.io/assets/fdk/addons/addon.zip"}},"last_updated":{"time_stamp":1692254042377}}[0m
2023-08-17 13:37:00.875 +0530 [debug] ([34mdata.js[0m) [31mRead {"version_details":{"cli":{"deprecated":{"version":"<9","message":"This FDK version will be deprecated by September 30, 2023 There will be no further feature updates to this version. For a seamless app building experience, ensure to move to the latest FDK version. For more information, see https://developers.freshdesk.com/v2/docs/migration-overview/#latest_platform_version_migration."},"forced":{"version":"7.0.0","command":"npm install https://dl.freshdev.io/cli/fdk-7.0.0.tgz -g","message":"Your FDK version has been forced updated to v7.0.0, please visit https://community.developers.freshworks.com/t/fdk-v7-0-announcing-node-js-v12-and-es6-support/3606 to know more"},"latest":{"version":"9.0.4","command":"npm install https://cdn.freshdev.io/fdk/latest.tgz -g","message":"You are on the latest FDK version. For information on the features available as part of this FDK version, see https://developers.freshdesk.com/v2/docs/what's-new/ ."}},"addon":{"version":"1.13.5","url":"https://cdn.freshdev.io/assets/fdk/addons/addon.zip"}},"last_updated":{"time_stamp":1692254042377}}[0m
2023-08-17 13:37:01.052 +0530 [debug] ([34mfile.js[0m) [31mError while requiring C:\Users\Hariharan\Documents\freshdeskServerLessSamples\product-events/.report.json: Cannot find module 'C:\Users\Hariharan\Documents\freshdeskServerLessSamples\product-events/.report.json'
Require stack:
- C:\Users\Hariharan\AppData\Roaming\npm\node_modules\fdk\lib\utils\file.js
- C:\Users\Hariharan\AppData\Roaming\npm\node_modules\fdk\lib\configs.js
- C:\Users\Hariharan\AppData\Roaming\npm\node_modules\fdk\lib\logger.js
- C:\Users\Hariharan\AppData\Roaming\npm\node_modules\fdk\index.js[0m
2023-08-17 13:37:01.723 +0530 [debug] ([34mdata.js[0m) [31mRead {"version_details":{"cli":{"deprecated":{"version":"<9","message":"This FDK version will be deprecated by September 30, 2023 There will be no further feature updates to this version. For a seamless app building experience, ensure to move to the latest FDK version. For more information, see https://developers.freshdesk.com/v2/docs/migration-overview/#latest_platform_version_migration."},"forced":{"version":"7.0.0","command":"npm install https://dl.freshdev.io/cli/fdk-7.0.0.tgz -g","message":"Your FDK version has been forced updated to v7.0.0, please visit https://community.developers.freshworks.com/t/fdk-v7-0-announcing-node-js-v12-and-es6-support/3606 to know more"},"latest":{"version":"9.0.4","command":"npm install https://cdn.freshdev.io/fdk/latest.tgz -g","message":"You are on the latest FDK version. For information on the features available as part of this FDK version, see https://developers.freshdesk.com/v2/docs/what's-new/ ."}},"addon":{"version":"1.13.5","url":"https://cdn.freshdev.io/assets/fdk/addons/addon.zip"}},"last_updated":{"time_stamp":1692254042377}}[0m
2023-08-17 13:37:02.488 +0530 [debug] ([34mvalidate.js[0m) [31masked to skip the following validations, [0m
2023-08-17 13:37:02.488 +0530 [debug] ([34mvalidate.js[0m) [31mrunning validator actions[0m
2023-08-17 13:37:02.489 +0530 [debug] ([34mvalidate.js[0m) [31mrunning validator requests[0m
2023-08-17 13:37:02.489 +0530 [debug] ([34mvalidate.js[0m) [31mrunning validator app-dir[0m
2023-08-17 13:37:02.489 +0530 [debug] ([34mvalidate.js[0m) [31mrunning validator config-dir[0m
2023-08-17 13:37:02.489 +0530 [debug] ([34mconfig-dir.js[0m) [31mChecking to see if C:\Users\Hariharan\Documents\freshdeskServerLessSamples\product-events/config/ exists.[0m
2023-08-17 13:37:02.489 +0530 [debug] ([34mconfig-dir.js[0m) [31mFetched the following config files iparams.json[0m
2023-08-17 13:37:02.489 +0530 [debug] ([34mvalidate.js[0m) [31mrunning validator custom-objects[0m
2023-08-17 13:37:02.489 +0530 [debug] ([34mvalidate.js[0m) [31mrunning validator event[0m
2023-08-17 13:37:02.497 +0530 [debug] ([34mevent.js[0m) [31mFound ["onTicketCreateHandler","onTicketUpdateHandler","onConversationCreateHandler","onContactCreateHandler","onContactUpdateHandler","onCompanyCreateHandler","onCompanyUpdateHandler","onCompanyDeleteHandler","onTimeEntryCreateHandler","onTimeEntryUpdateHandler","onTimeEntryDeleteHandler"] as exported functions.[0m
2023-08-17 13:37:02.497 +0530 [debug] ([34mvalidate.js[0m) [31mrunning validator iparam[0m
2023-08-17 13:37:02.499 +0530 [debug] ([34mvalidate.js[0m) [31mrunning validator lint[0m
2023-08-17 13:37:02.499 +0530 [debug] ([34mlint.js[0m) [31mpassed fix flag: undefined[0m
2023-08-17 13:37:02.500 +0530 [debug] ([34mlint.js[0m) [31mRunning the following lints on the file server\server.js : no-caller,no-process-env,complexity,max-nested-callbacks,handle-callback-err,no-eval,no-alert,no-debugger,no-unreachable,no-unhandled-promise,no-logging-rejections,no-non-client-request-model,no-deprecated-apis,no-proxy-requests,no-dependency-mismatch,no-empty-function,no-unused-vars[0m
2023-08-17 13:37:02.528 +0530 [debug] ([34mvalidate.js[0m) [31mrunning validator manifest[0m
2023-08-17 13:37:02.528 +0530 [debug] ([34mvalidate.js[0m) [31mskipping validator manifest-dependency[0m
2023-08-17 13:37:02.528 +0530 [debug] ([34mvalidate.js[0m) [31mrunning validator oauth[0m
2023-08-17 13:37:02.528 +0530 [debug] ([34mvalidate.js[0m) [31mskipping validator pkgsize[0m
2023-08-17 13:37:02.529 +0530 [debug] ([34mvalidate.js[0m) [31mrunning validator schema[0m
2023-08-17 13:37:02.529 +0530 [debug] ([34mvalidate.js[0m) [31mrunning validator version-check[0m
2023-08-17 13:37:02.530 +0530 [warn] [33m[WARN][0m App was developed in Node.js runtime 10 or below, and is currently being executed in v18.16.1
2023-08-17 13:37:06.987 +0530 [error] The local server could not be started due to the following issue(s):
2023-08-17 13:37:31.846 +0530 [debug] ([34mconfigs.js[0m) [31mloaded default configs as "{"updates":{"manifest_url":"https://cdn.freshdev.io/assets/fdk/updates.json","period":24},"log":{"level":"info"},"javascript":{"ecma_version":2020},"request":{"timeout":5000}}"[0m
2023-08-17 13:37:31.847 +0530 [debug] ([34mfile.js[0m) [31mError while requiring C:\Users\Hariharan/.fdk/configs.json: Cannot find module 'C:\Users\Hariharan/.fdk/configs.json'
Require stack:
- C:\Users\Hariharan\AppData\Roaming\npm\node_modules\fdk\lib\utils\file.js
- C:\Users\Hariharan\AppData\Roaming\npm\node_modules\fdk\lib\configs.js
- C:\Users\Hariharan\AppData\Roaming\npm\node_modules\fdk\lib\logger.js
- C:\Users\Hariharan\AppData\Roaming\npm\node_modules\fdk\index.js[0m
2023-08-17 13:37:31.847 +0530 [debug] ([34mconfigs.js[0m) [31mloaded global configs as "{}"[0m
2023-08-17 13:37:31.847 +0530 [debug] ([34mfile.js[0m) [31mError while requiring C:\Users\Hariharan\Documents\freshdeskServerLessSamples\product-events/.fdk/configs.json: Cannot find module 'C:\Users\Hariharan\Documents\freshdeskServerLessSamples\product-events/.fdk/configs.json'
Require stack:
- C:\Users\Hariharan\AppData\Roaming\npm\node_modules\fdk\lib\utils\file.js
- C:\Users\Hariharan\AppData\Roaming\npm\node_modules\fdk\lib\configs.js
- C:\Users\Hariharan\AppData\Roaming\npm\node_modules\fdk\lib\logger.js
- C:\Users\Hariharan\AppData\Roaming\npm\node_modules\fdk\index.js[0m
2023-08-17 13:37:31.848 +0530 [debug] ([34mconfigs.js[0m) [31mloaded local configs as "{}"[0m
2023-08-17 13:37:31.848 +0530 [debug] ([34mconfigs.js[0m) [31mloaded env configs as "{"updates":{},"log":{},"javascript":{},"request":{"timeout":5000}}"[0m
2023-08-17 13:37:31.848 +0530 [debug] ([34mconfigs.js[0m) [31mloaded resolved configs as "{"updates":{"manifest_url":"https://cdn.freshdev.io/assets/fdk/updates.json","period":24},"log":{"level":"info"},"javascript":{"ecma_version":2020},"request":{"timeout":5000}}"[0m
2023-08-17 13:37:31.848 +0530 [debug] ([34mlogger.js[0m) [31mStarting FDK in node v18.16.1 on win32[0m
2023-08-17 13:37:31.848 +0530 [debug] ([34msequelize.js[0m) [31msetting up sqilite at "C:\Users\Hariharan\Documents\freshdeskServerLessSamples\product-events/.fdk/store.sqlite"[0m
2023-08-17 13:37:31.848 +0530 [debug] ([34mdata.js[0m) [31mRead {"version_details":{"cli":{"deprecated":{"version":"<9","message":"This FDK version will be deprecated by September 30, 2023 There will be no further feature updates to this version. For a seamless app building experience, ensure to move to the latest FDK version. For more information, see https://developers.freshdesk.com/v2/docs/migration-overview/#latest_platform_version_migration."},"forced":{"version":"7.0.0","command":"npm install https://dl.freshdev.io/cli/fdk-7.0.0.tgz -g","message":"Your FDK version has been forced updated to v7.0.0, please visit https://community.developers.freshworks.com/t/fdk-v7-0-announcing-node-js-v12-and-es6-support/3606 to know more"},"latest":{"version":"9.0.4","command":"npm install https://cdn.freshdev.io/fdk/latest.tgz -g","message":"You are on the latest FDK version. For information on the features available as part of this FDK version, see https://developers.freshdesk.com/v2/docs/what's-new/ ."}},"addon":{"version":"1.13.5","url":"https://cdn.freshdev.io/assets/fdk/addons/addon.zip"}},"last_updated":{"time_stamp":1692254042377}}[0m
2023-08-17 13:37:31.848 +0530 [debug] ([34mupdater.js[0m) [31mlast check less than 24 hours ago, not looking for updates[0m
2023-08-17 13:37:31.851 +0530 [debug] ([34mindex.js[0m) [31mrunning with opts {}[0m
2023-08-17 13:37:32.013 +0530 [debug] ([34mmanifest.js[0m) [31mReloading manifest with {"platform-version":"2.3","product":{"freshdesk":{"events":{"onTicketCreate":{"handler":"onTicketCreateHandler"},"onTicketUpdate":{"handler":"onTicketUpdateHandler"},"onConversationCreate":{"handler":"onConversationCreateHandler"},"onContactCreate":{"handler":"onContactCreateHandler"},"onContactUpdate":{"handler":"onContactUpdateHandler"},"onCompanyCreate":{"handler":"onCompanyCreateHandler"},"onCompanyUpdate":{"handler":"onCompanyUpdateHandler"},"onCompanyDelete":{"handler":"onCompanyDeleteHandler"},"onTimeEntryCreate":{"handler":"onTimeEntryCreateHandler"},"onTimeEntryUpdate":{"handler":"onTimeEntryUpdateHandler"},"onTimeEntryDelete":{"handler":"onTimeEntryDeleteHandler"}}}},"engines":{"node":"18.16.1","fdk":"9.0.3"}}.[0m
2023-08-17 13:37:32.013 +0530 [debug] ([34mmanifest.js[0m) [31mInferred db,backend as features.[0m
2023-08-17 13:37:32.015 +0530 [debug] ([34mdata.js[0m) [31mRead {"version_details":{"cli":{"deprecated":{"version":"<9","message":"This FDK version will be deprecated by September 30, 2023 There will be no further feature updates to this version. For a seamless app building experience, ensure to move to the latest FDK version. For more information, see https://developers.freshdesk.com/v2/docs/migration-overview/#latest_platform_version_migration."},"forced":{"version":"7.0.0","command":"npm install https://dl.freshdev.io/cli/fdk-7.0.0.tgz -g","message":"Your FDK version has been forced updated to v7.0.0, please visit https://community.developers.freshworks.com/t/fdk-v7-0-announcing-node-js-v12-and-es6-support/3606 to know more"},"latest":{"version":"9.0.4","command":"npm install https://cdn.freshdev.io/fdk/latest.tgz -g","message":"You are on the latest FDK version. For information on the features available as part of this FDK version, see https://developers.freshdesk.com/v2/docs/what's-new/ ."}},"addon":{"version":"1.13.5","url":"https://cdn.freshdev.io/assets/fdk/addons/addon.zip"}},"last_updated":{"time_stamp":1692254042377}}[0m
2023-08-17 13:37:32.027 +0530 [debug] ([34mdata.js[0m) [31mRead {"version_details":{"cli":{"deprecated":{"version":"<9","message":"This FDK version will be deprecated by September 30, 2023 There will be no further feature updates to this version. For a seamless app building experience, ensure to move to the latest FDK version. For more information, see https://developers.freshdesk.com/v2/docs/migration-overview/#latest_platform_version_migration."},"forced":{"version":"7.0.0","command":"npm install https://dl.freshdev.io/cli/fdk-7.0.0.tgz -g","message":"Your FDK version has been forced updated to v7.0.0, please visit https://community.developers.freshworks.com/t/fdk-v7-0-announcing-node-js-v12-and-es6-support/3606 to know more"},"latest":{"version":"9.0.4","command":"npm install https://cdn.freshdev.io/fdk/latest.tgz -g","message":"You are on the latest FDK version. For information on the features available as part of this FDK version, see https://developers.freshdesk.com/v2/docs/what's-new/ ."}},"addon":{"version":"1.13.5","url":"https://cdn.freshdev.io/assets/fdk/addons/addon.zip"}},"last_updated":{"time_stamp":1692254042377}}[0m
2023-08-17 13:37:32.855 +0530 [debug] ([34mdata.js[0m) [31mRead {"version_details":{"cli":{"deprecated":{"version":"<9","message":"This FDK version will be deprecated by September 30, 2023 There will be no further feature updates to this version. For a seamless app building experience, ensure to move to the latest FDK version. For more information, see https://developers.freshdesk.com/v2/docs/migration-overview/#latest_platform_version_migration."},"forced":{"version":"7.0.0","command":"npm install https://dl.freshdev.io/cli/fdk-7.0.0.tgz -g","message":"Your FDK version has been forced updated to v7.0.0, please visit https://community.developers.freshworks.com/t/fdk-v7-0-announcing-node-js-v12-and-es6-support/3606 to know more"},"latest":{"version":"9.0.4","command":"npm install https://cdn.freshdev.io/fdk/latest.tgz -g","message":"You are on the latest FDK version. For information on the features available as part of this FDK version, see https://developers.freshdesk.com/v2/docs/what's-new/ ."}},"addon":{"version":"1.13.5","url":"https://cdn.freshdev.io/assets/fdk/addons/addon.zip"}},"last_updated":{"time_stamp":1692254042377}}[0m
2023-08-17 13:37:33.604 +0530 [debug] ([34mvalidate.js[0m) [31masked to skip the following validations, [0m
2023-08-17 13:37:33.605 +0530 [debug] ([34mvalidate.js[0m) [31mrunning validator actions[0m
2023-08-17 13:37:33.605 +0530 [debug] ([34mvalidate.js[0m) [31mrunning validator requests[0m
2023-08-17 13:37:33.605 +0530 [debug] ([34mvalidate.js[0m) [31mrunning validator app-dir[0m
2023-08-17 13:37:33.605 +0530 [debug] ([34mvalidate.js[0m) [31mrunning validator config-dir[0m
2023-08-17 13:37:33.605 +0530 [debug] ([34mconfig-dir.js[0m) [31mChecking to see if C:\Users\Hariharan\Documents\freshdeskServerLessSamples\product-events/config/ exists.[0m
2023-08-17 13:37:33.606 +0530 [debug] ([34mconfig-dir.js[0m) [31mFetched the following config files iparams.json[0m
2023-08-17 13:37:33.606 +0530 [debug] ([34mvalidate.js[0m) [31mrunning validator custom-objects[0m
2023-08-17 13:37:33.606 +0530 [debug] ([34mvalidate.js[0m) [31mrunning validator event[0m
2023-08-17 13:37:33.614 +0530 [debug] ([34mevent.js[0m) [31mFound ["onTicketCreateHandler","onTicketUpdateHandler","onConversationCreateHandler","onContactCreateHandler","onContactUpdateHandler","onCompanyCreateHandler","onCompanyUpdateHandler","onCompanyDeleteHandler","onTimeEntryCreateHandler","onTimeEntryUpdateHandler","onTimeEntryDeleteHandler"] as exported functions.[0m
2023-08-17 13:37:33.614 +0530 [debug] ([34mvalidate.js[0m) [31mrunning validator iparam[0m
2023-08-17 13:37:33.616 +0530 [debug] ([34mvalidate.js[0m) [31mrunning validator lint[0m
2023-08-17 13:37:33.616 +0530 [debug] ([34mlint.js[0m) [31mpassed fix flag: undefined[0m
2023-08-17 13:37:33.617 +0530 [debug] ([34mlint.js[0m) [31mRunning the following lints on the file server\server.js : no-caller,no-process-env,complexity,max-nested-callbacks,handle-callback-err,no-eval,no-alert,no-debugger,no-unreachable,no-unhandled-promise,no-logging-rejections,no-non-client-request-model,no-deprecated-apis,no-proxy-requests,no-dependency-mismatch,no-empty-function,no-unused-vars[0m
2023-08-17 13:37:33.644 +0530 [debug] ([34mvalidate.js[0m) [31mrunning validator manifest[0m
2023-08-17 13:37:33.645 +0530 [debug] ([34mvalidate.js[0m) [31mskipping validator manifest-dependency[0m
2023-08-17 13:37:33.645 +0530 [debug] ([34mvalidate.js[0m) [31mrunning validator oauth[0m
2023-08-17 13:37:33.645 +0530 [debug] ([34mvalidate.js[0m) [31mskipping validator pkgsize[0m
2023-08-17 13:37:33.645 +0530 [debug] ([34mvalidate.js[0m) [31mrunning validator schema[0m
2023-08-17 13:37:33.645 +0530 [debug] ([34mvalidate.js[0m) [31mrunning validator version-check[0m
2023-08-17 13:37:33.647 +0530 [debug] ([34mwatcher.js[0m) [31mPreparing to watch the following files ./config,./manifest.json[0m
2023-08-17 13:37:33.651 +0530 [debug] ([34minstall.js[0m) [31mdependency installer called with {}[0m
2023-08-17 13:37:33.651 +0530 [debug] ([34mdata.js[0m) [31mRead {}[0m
2023-08-17 13:37:33.651 +0530 [debug] ([34mcustom-objects.js[0m) [31mto force or not? undefined[0m
2023-08-17 13:37:33.651 +0530 [debug] ([34mcustom-objects.js[0m) [31mbeginning to re-sync db[0m
2023-08-17 13:37:33.788 +0530 [debug] ([34mindex.js[0m) [31mloading model at "C:\Users\Hariharan\AppData\Roaming\npm\node_modules\fdk\lib\models\bigint-pivot.js"[0m
2023-08-17 13:37:33.790 +0530 [debug] ([34mindex.js[0m) [31mloading model at "C:\Users\Hariharan\AppData\Roaming\npm\node_modules\fdk\lib\models\entity-field-choice.js"[0m
2023-08-17 13:37:33.791 +0530 [debug] ([34mindex.js[0m) [31mloading model at "C:\Users\Hariharan\AppData\Roaming\npm\node_modules\fdk\lib\models\entity-field.js"[0m
2023-08-17 13:37:33.791 +0530 [debug] ([34mindex.js[0m) [31mloading model at "C:\Users\Hariharan\AppData\Roaming\npm\node_modules\fdk\lib\models\entity.js"[0m
2023-08-17 13:37:33.792 +0530 [debug] ([34mindex.js[0m) [31mloading model at "C:\Users\Hariharan\AppData\Roaming\npm\node_modules\fdk\lib\models\record.js"[0m
2023-08-17 13:37:33.793 +0530 [debug] ([34mindex.js[0m) [31mloading model at "C:\Users\Hariharan\AppData\Roaming\npm\node_modules\fdk\lib\models\string-pivot.js"[0m
2023-08-17 13:37:33.805 +0530 [debug] ([34mdata.js[0m) [31mRead {}[0m
2023-08-17 13:37:33.806 +0530 [debug] ([34mcustom-objects.js[0m) [31mupdated local store with latest entity hash[0m
2023-08-17 13:37:33.806 +0530 [info] Starting local testing server at http://*:10001/    
Append 'dev=true' to your Freshdesk account URL to start testing    
e.g. https://domain.freshdesk.com/a/tickets/1?dev=true    
Quit the server with Control-C.
2023-08-17 13:37:33.807 +0530 [info] 
To simulate product, app setup, and external events, visit - http://localhost:10001/web/test
2023-08-17 13:37:33.807 +0530 [info] Populating test data with events found in the app
2023-08-17 19:43:51.200 +0530 [debug] ([34mconfigs.js[0m) [31mloaded default configs as "{"updates":{"manifest_url":"https://cdn.freshdev.io/assets/fdk/updates.json","period":24},"log":{"level":"info"},"javascript":{"ecma_version":2020},"request":{"timeout":5000}}"[0m
2023-08-17 19:43:51.202 +0530 [debug] ([34mfile.js[0m) [31mError while requiring C:\Users\Hariharan/.fdk/configs.json: Cannot find module 'C:\Users\Hariharan/.fdk/configs.json'
Require stack:
- C:\Users\Hariharan\AppData\Roaming\npm\node_modules\fdk\lib\utils\file.js
- C:\Users\Hariharan\AppData\Roaming\npm\node_modules\fdk\lib\configs.js
- C:\Users\Hariharan\AppData\Roaming\npm\node_modules\fdk\lib\logger.js
- C:\Users\Hariharan\AppData\Roaming\npm\node_modules\fdk\index.js[0m
2023-08-17 19:43:51.202 +0530 [debug] ([34mconfigs.js[0m) [31mloaded global configs as "{}"[0m
2023-08-17 19:43:51.202 +0530 [debug] ([34mfile.js[0m) [31mError while requiring C:\Users\Hariharan\Documents\freshdeskServerLessSamples\product-events/.fdk/configs.json: Cannot find module 'C:\Users\Hariharan\Documents\freshdeskServerLessSamples\product-events/.fdk/configs.json'
Require stack:
- C:\Users\Hariharan\AppData\Roaming\npm\node_modules\fdk\lib\utils\file.js
- C:\Users\Hariharan\AppData\Roaming\npm\node_modules\fdk\lib\configs.js
- C:\Users\Hariharan\AppData\Roaming\npm\node_modules\fdk\lib\logger.js
- C:\Users\Hariharan\AppData\Roaming\npm\node_modules\fdk\index.js[0m
2023-08-17 19:43:51.202 +0530 [debug] ([34mconfigs.js[0m) [31mloaded local configs as "{}"[0m
2023-08-17 19:43:51.202 +0530 [debug] ([34mconfigs.js[0m) [31mloaded env configs as "{"updates":{},"log":{},"javascript":{},"request":{"timeout":5000}}"[0m
2023-08-17 19:43:51.202 +0530 [debug] ([34mconfigs.js[0m) [31mloaded resolved configs as "{"updates":{"manifest_url":"https://cdn.freshdev.io/assets/fdk/updates.json","period":24},"log":{"level":"info"},"javascript":{"ecma_version":2020},"request":{"timeout":5000}}"[0m
2023-08-17 19:43:51.202 +0530 [debug] ([34mlogger.js[0m) [31mStarting FDK in node v18.16.1 on win32[0m
2023-08-17 19:43:51.202 +0530 [debug] ([34msequelize.js[0m) [31msetting up sqilite at "C:\Users\Hariharan\Documents\freshdeskServerLessSamples\product-events/.fdk/store.sqlite"[0m
2023-08-17 19:43:51.203 +0530 [debug] ([34mdata.js[0m) [31mRead {"version_details":{"cli":{"deprecated":{"version":"<9","message":"This FDK version will be deprecated by September 30, 2023 There will be no further feature updates to this version. For a seamless app building experience, ensure to move to the latest FDK version. For more information, see https://developers.freshdesk.com/v2/docs/migration-overview/#latest_platform_version_migration."},"forced":{"version":"7.0.0","command":"npm install https://dl.freshdev.io/cli/fdk-7.0.0.tgz -g","message":"Your FDK version has been forced updated to v7.0.0, please visit https://community.developers.freshworks.com/t/fdk-v7-0-announcing-node-js-v12-and-es6-support/3606 to know more"},"latest":{"version":"9.0.4","command":"npm install https://cdn.freshdev.io/fdk/latest.tgz -g","message":"You are on the latest FDK version. For information on the features available as part of this FDK version, see https://developers.freshdesk.com/v2/docs/what's-new/ ."}},"addon":{"version":"1.13.5","url":"https://cdn.freshdev.io/assets/fdk/addons/addon.zip"}},"last_updated":{"time_stamp":1692254042377}}[0m
2023-08-17 19:43:51.203 +0530 [debug] ([34mupdater.js[0m) [31mlast check less than 24 hours ago, not looking for updates[0m
2023-08-17 19:43:51.205 +0530 [debug] ([34mindex.js[0m) [31mrunning with opts {}[0m
2023-08-17 19:43:51.368 +0530 [debug] ([34mmanifest.js[0m) [31mReloading manifest with {"platform-version":"2.3","product":{"freshdesk":{"events":{"onTicketCreate":{"handler":"onTicketCreateHandler"},"onTicketUpdate":{"handler":"onTicketUpdateHandler"},"onConversationCreate":{"handler":"onConversationCreateHandler"},"onContactCreate":{"handler":"onContactCreateHandler"},"onContactUpdate":{"handler":"onContactUpdateHandler"},"onCompanyCreate":{"handler":"onCompanyCreateHandler"},"onCompanyUpdate":{"handler":"onCompanyUpdateHandler"},"onCompanyDelete":{"handler":"onCompanyDeleteHandler"},"onTimeEntryCreate":{"handler":"onTimeEntryCreateHandler"},"onTimeEntryUpdate":{"handler":"onTimeEntryUpdateHandler"},"onTimeEntryDelete":{"handler":"onTimeEntryDeleteHandler"}}}},"engines":{"node":"18.16.1","fdk":"9.0.3"}}.[0m
2023-08-17 19:43:51.369 +0530 [debug] ([34mmanifest.js[0m) [31mInferred db,backend as features.[0m
2023-08-17 19:43:51.370 +0530 [debug] ([34mdata.js[0m) [31mRead {"version_details":{"cli":{"deprecated":{"version":"<9","message":"This FDK version will be deprecated by September 30, 2023 There will be no further feature updates to this version. For a seamless app building experience, ensure to move to the latest FDK version. For more information, see https://developers.freshdesk.com/v2/docs/migration-overview/#latest_platform_version_migration."},"forced":{"version":"7.0.0","command":"npm install https://dl.freshdev.io/cli/fdk-7.0.0.tgz -g","message":"Your FDK version has been forced updated to v7.0.0, please visit https://community.developers.freshworks.com/t/fdk-v7-0-announcing-node-js-v12-and-es6-support/3606 to know more"},"latest":{"version":"9.0.4","command":"npm install https://cdn.freshdev.io/fdk/latest.tgz -g","message":"You are on the latest FDK version. For information on the features available as part of this FDK version, see https://developers.freshdesk.com/v2/docs/what's-new/ ."}},"addon":{"version":"1.13.5","url":"https://cdn.freshdev.io/assets/fdk/addons/addon.zip"}},"last_updated":{"time_stamp":1692254042377}}[0m
2023-08-17 19:43:51.384 +0530 [debug] ([34mdata.js[0m) [31mRead {"version_details":{"cli":{"deprecated":{"version":"<9","message":"This FDK version will be deprecated by September 30, 2023 There will be no further feature updates to this version. For a seamless app building experience, ensure to move to the latest FDK version. For more information, see https://developers.freshdesk.com/v2/docs/migration-overview/#latest_platform_version_migration."},"forced":{"version":"7.0.0","command":"npm install https://dl.freshdev.io/cli/fdk-7.0.0.tgz -g","message":"Your FDK version has been forced updated to v7.0.0, please visit https://community.developers.freshworks.com/t/fdk-v7-0-announcing-node-js-v12-and-es6-support/3606 to know more"},"latest":{"version":"9.0.4","command":"npm install https://cdn.freshdev.io/fdk/latest.tgz -g","message":"You are on the latest FDK version. For information on the features available as part of this FDK version, see https://developers.freshdesk.com/v2/docs/what's-new/ ."}},"addon":{"version":"1.13.5","url":"https://cdn.freshdev.io/assets/fdk/addons/addon.zip"}},"last_updated":{"time_stamp":1692254042377}}[0m
2023-08-17 19:43:52.215 +0530 [debug] ([34mdata.js[0m) [31mRead {"version_details":{"cli":{"deprecated":{"version":"<9","message":"This FDK version will be deprecated by September 30, 2023 There will be no further feature updates to this version. For a seamless app building experience, ensure to move to the latest FDK version. For more information, see https://developers.freshdesk.com/v2/docs/migration-overview/#latest_platform_version_migration."},"forced":{"version":"7.0.0","command":"npm install https://dl.freshdev.io/cli/fdk-7.0.0.tgz -g","message":"Your FDK version has been forced updated to v7.0.0, please visit https://community.developers.freshworks.com/t/fdk-v7-0-announcing-node-js-v12-and-es6-support/3606 to know more"},"latest":{"version":"9.0.4","command":"npm install https://cdn.freshdev.io/fdk/latest.tgz -g","message":"You are on the latest FDK version. For information on the features available as part of this FDK version, see https://developers.freshdesk.com/v2/docs/what's-new/ ."}},"addon":{"version":"1.13.5","url":"https://cdn.freshdev.io/assets/fdk/addons/addon.zip"}},"last_updated":{"time_stamp":1692254042377}}[0m
2023-08-17 19:43:52.974 +0530 [debug] ([34mvalidate.js[0m) [31masked to skip the following validations, [0m
2023-08-17 19:43:52.975 +0530 [debug] ([34mvalidate.js[0m) [31mrunning validator actions[0m
2023-08-17 19:43:52.975 +0530 [debug] ([34mvalidate.js[0m) [31mrunning validator requests[0m
2023-08-17 19:43:52.975 +0530 [debug] ([34mvalidate.js[0m) [31mrunning validator app-dir[0m
2023-08-17 19:43:52.975 +0530 [debug] ([34mvalidate.js[0m) [31mrunning validator config-dir[0m
2023-08-17 19:43:52.975 +0530 [debug] ([34mconfig-dir.js[0m) [31mChecking to see if C:\Users\Hariharan\Documents\freshdeskServerLessSamples\product-events/config/ exists.[0m
2023-08-17 19:43:52.975 +0530 [debug] ([34mconfig-dir.js[0m) [31mFetched the following config files iparams.json[0m
2023-08-17 19:43:52.975 +0530 [debug] ([34mvalidate.js[0m) [31mrunning validator custom-objects[0m
2023-08-17 19:43:52.975 +0530 [debug] ([34mvalidate.js[0m) [31mrunning validator event[0m
2023-08-17 19:43:52.983 +0530 [debug] ([34mevent.js[0m) [31mFound ["onTicketCreateHandler","onTicketUpdateHandler","onConversationCreateHandler","onContactCreateHandler","onContactUpdateHandler","onCompanyCreateHandler","onCompanyUpdateHandler","onCompanyDeleteHandler","onTimeEntryCreateHandler","onTimeEntryUpdateHandler","onTimeEntryDeleteHandler"] as exported functions.[0m
2023-08-17 19:43:52.984 +0530 [debug] ([34mvalidate.js[0m) [31mrunning validator iparam[0m
2023-08-17 19:43:52.986 +0530 [debug] ([34mvalidate.js[0m) [31mrunning validator lint[0m
2023-08-17 19:43:52.986 +0530 [debug] ([34mlint.js[0m) [31mpassed fix flag: undefined[0m
2023-08-17 19:43:52.987 +0530 [debug] ([34mlint.js[0m) [31mRunning the following lints on the file server\server.js : no-caller,no-process-env,complexity,max-nested-callbacks,handle-callback-err,no-eval,no-alert,no-debugger,no-unreachable,no-unhandled-promise,no-logging-rejections,no-non-client-request-model,no-deprecated-apis,no-proxy-requests,no-dependency-mismatch,no-empty-function,no-unused-vars[0m
2023-08-17 19:43:53.016 +0530 [debug] ([34mvalidate.js[0m) [31mrunning validator manifest[0m
2023-08-17 19:43:53.016 +0530 [debug] ([34mvalidate.js[0m) [31mskipping validator manifest-dependency[0m
2023-08-17 19:43:53.016 +0530 [debug] ([34mvalidate.js[0m) [31mrunning validator oauth[0m
2023-08-17 19:43:53.017 +0530 [debug] ([34mvalidate.js[0m) [31mskipping validator pkgsize[0m
2023-08-17 19:43:53.017 +0530 [debug] ([34mvalidate.js[0m) [31mrunning validator schema[0m
2023-08-17 19:43:53.017 +0530 [debug] ([34mvalidate.js[0m) [31mrunning validator version-check[0m
2023-08-17 19:43:53.019 +0530 [debug] ([34mwatcher.js[0m) [31mPreparing to watch the following files ./config,./manifest.json[0m
2023-08-17 19:43:53.024 +0530 [debug] ([34minstall.js[0m) [31mdependency installer called with {}[0m
2023-08-17 19:43:53.024 +0530 [debug] ([34mdata.js[0m) [31mRead {}[0m
2023-08-17 19:43:53.025 +0530 [debug] ([34mcustom-objects.js[0m) [31mto force or not? undefined[0m
2023-08-17 19:43:53.025 +0530 [debug] ([34mcustom-objects.js[0m) [31mbeginning to re-sync db[0m
2023-08-17 19:43:53.199 +0530 [debug] ([34mindex.js[0m) [31mloading model at "C:\Users\Hariharan\AppData\Roaming\npm\node_modules\fdk\lib\models\bigint-pivot.js"[0m
2023-08-17 19:43:53.200 +0530 [debug] ([34mindex.js[0m) [31mloading model at "C:\Users\Hariharan\AppData\Roaming\npm\node_modules\fdk\lib\models\entity-field-choice.js"[0m
2023-08-17 19:43:53.201 +0530 [debug] ([34mindex.js[0m) [31mloading model at "C:\Users\Hariharan\AppData\Roaming\npm\node_modules\fdk\lib\models\entity-field.js"[0m
2023-08-17 19:43:53.202 +0530 [debug] ([34mindex.js[0m) [31mloading model at "C:\Users\Hariharan\AppData\Roaming\npm\node_modules\fdk\lib\models\entity.js"[0m
2023-08-17 19:43:53.203 +0530 [debug] ([34mindex.js[0m) [31mloading model at "C:\Users\Hariharan\AppData\Roaming\npm\node_modules\fdk\lib\models\record.js"[0m
2023-08-17 19:43:53.203 +0530 [debug] ([34mindex.js[0m) [31mloading model at "C:\Users\Hariharan\AppData\Roaming\npm\node_modules\fdk\lib\models\string-pivot.js"[0m
2023-08-17 19:43:53.216 +0530 [debug] ([34mdata.js[0m) [31mRead {}[0m
2023-08-17 19:43:53.217 +0530 [debug] ([34mcustom-objects.js[0m) [31mupdated local store with latest entity hash[0m
2023-08-17 19:43:53.217 +0530 [info] Starting local testing server at http://*:10001/    
Append 'dev=true' to your Freshdesk account URL to start testing    
e.g. https://domain.freshdesk.com/a/tickets/1?dev=true    
Quit the server with Control-C.
2023-08-17 19:43:53.218 +0530 [info] 
To simulate product, app setup, and external events, visit - http://localhost:10001/web/test
2023-08-17 19:43:53.218 +0530 [info] Populating test data with events found in the app
2023-08-18 15:30:40.548 +0530 [debug] ([34mconfigs.js[0m) [31mloaded default configs as "{"updates":{"manifest_url":"https://cdn.freshdev.io/assets/fdk/updates.json","period":24},"log":{"level":"info"},"javascript":{"ecma_version":2020},"request":{"timeout":5000}}"[0m
2023-08-18 15:30:40.549 +0530 [debug] ([34mfile.js[0m) [31mError while requiring C:\Users\Hariharan/.fdk/configs.json: Cannot find module 'C:\Users\Hariharan/.fdk/configs.json'
Require stack:
- C:\Users\Hariharan\AppData\Roaming\npm\node_modules\fdk\lib\utils\file.js
- C:\Users\Hariharan\AppData\Roaming\npm\node_modules\fdk\lib\configs.js
- C:\Users\Hariharan\AppData\Roaming\npm\node_modules\fdk\lib\logger.js
- C:\Users\Hariharan\AppData\Roaming\npm\node_modules\fdk\index.js[0m
2023-08-18 15:30:40.550 +0530 [debug] ([34mconfigs.js[0m) [31mloaded global configs as "{}"[0m
2023-08-18 15:30:40.550 +0530 [debug] ([34mfile.js[0m) [31mError while requiring C:\Users\Hariharan\Documents\freshdeskServerLessSamples\product-events/.fdk/configs.json: Cannot find module 'C:\Users\Hariharan\Documents\freshdeskServerLessSamples\product-events/.fdk/configs.json'
Require stack:
- C:\Users\Hariharan\AppData\Roaming\npm\node_modules\fdk\lib\utils\file.js
- C:\Users\Hariharan\AppData\Roaming\npm\node_modules\fdk\lib\configs.js
- C:\Users\Hariharan\AppData\Roaming\npm\node_modules\fdk\lib\logger.js
- C:\Users\Hariharan\AppData\Roaming\npm\node_modules\fdk\index.js[0m
2023-08-18 15:30:40.550 +0530 [debug] ([34mconfigs.js[0m) [31mloaded local configs as "{}"[0m
2023-08-18 15:30:40.550 +0530 [debug] ([34mconfigs.js[0m) [31mloaded env configs as "{"updates":{},"log":{},"javascript":{},"request":{"timeout":5000}}"[0m
2023-08-18 15:30:40.550 +0530 [debug] ([34mconfigs.js[0m) [31mloaded resolved configs as "{"updates":{"manifest_url":"https://cdn.freshdev.io/assets/fdk/updates.json","period":24},"log":{"level":"info"},"javascript":{"ecma_version":2020},"request":{"timeout":5000}}"[0m
2023-08-18 15:30:40.550 +0530 [debug] ([34mlogger.js[0m) [31mStarting FDK in node v18.16.1 on win32[0m
2023-08-18 15:30:40.550 +0530 [debug] ([34msequelize.js[0m) [31msetting up sqilite at "C:\Users\Hariharan\Documents\freshdeskServerLessSamples\product-events/.fdk/store.sqlite"[0m
2023-08-18 15:30:40.551 +0530 [debug] ([34mdata.js[0m) [31mRead {"version_details":{"cli":{"deprecated":{"version":"<9","message":"This FDK version will be deprecated by September 30, 2023 There will be no further feature updates to this version. For a seamless app building experience, ensure to move to the latest FDK version. For more information, see https://developers.freshdesk.com/v2/docs/migration-overview/#latest_platform_version_migration."},"forced":{"version":"7.0.0","command":"npm install https://dl.freshdev.io/cli/fdk-7.0.0.tgz -g","message":"Your FDK version has been forced updated to v7.0.0, please visit https://community.developers.freshworks.com/t/fdk-v7-0-announcing-node-js-v12-and-es6-support/3606 to know more"},"latest":{"version":"9.0.4","command":"npm install https://cdn.freshdev.io/fdk/latest.tgz -g","message":"You are on the latest FDK version. For information on the features available as part of this FDK version, see https://developers.freshdesk.com/v2/docs/what's-new/ ."}},"addon":{"version":"1.13.5","url":"https://cdn.freshdev.io/assets/fdk/addons/addon.zip"}},"last_updated":{"time_stamp":1692342171511}}[0m
2023-08-18 15:30:40.551 +0530 [debug] ([34mupdater.js[0m) [31mlast check less than 24 hours ago, not looking for updates[0m
2023-08-18 15:30:40.554 +0530 [debug] ([34mindex.js[0m) [31mrunning with opts {}[0m
2023-08-18 15:30:40.744 +0530 [debug] ([34mmanifest.js[0m) [31mReloading manifest with {"platform-version":"2.3","product":{"freshdesk":{"events":{"onTicketCreate":{"handler":"onTicketCreateHandler"},"onTicketUpdate":{"handler":"onTicketUpdateHandler"},"onConversationCreate":{"handler":"onConversationCreateHandler"},"onContactCreate":{"handler":"onContactCreateHandler"},"onContactUpdate":{"handler":"onContactUpdateHandler"},"onCompanyCreate":{"handler":"onCompanyCreateHandler"},"onCompanyUpdate":{"handler":"onCompanyUpdateHandler"},"onCompanyDelete":{"handler":"onCompanyDeleteHandler"},"onTimeEntryCreate":{"handler":"onTimeEntryCreateHandler"},"onTimeEntryUpdate":{"handler":"onTimeEntryUpdateHandler"},"onTimeEntryDelete":{"handler":"onTimeEntryDeleteHandler"}}}},"engines":{"node":"18.16.1","fdk":"9.0.3"}}.[0m
2023-08-18 15:30:40.746 +0530 [debug] ([34mmanifest.js[0m) [31mInferred db,backend as features.[0m
2023-08-18 15:30:40.748 +0530 [debug] ([34mdata.js[0m) [31mRead {"version_details":{"cli":{"deprecated":{"version":"<9","message":"This FDK version will be deprecated by September 30, 2023 There will be no further feature updates to this version. For a seamless app building experience, ensure to move to the latest FDK version. For more information, see https://developers.freshdesk.com/v2/docs/migration-overview/#latest_platform_version_migration."},"forced":{"version":"7.0.0","command":"npm install https://dl.freshdev.io/cli/fdk-7.0.0.tgz -g","message":"Your FDK version has been forced updated to v7.0.0, please visit https://community.developers.freshworks.com/t/fdk-v7-0-announcing-node-js-v12-and-es6-support/3606 to know more"},"latest":{"version":"9.0.4","command":"npm install https://cdn.freshdev.io/fdk/latest.tgz -g","message":"You are on the latest FDK version. For information on the features available as part of this FDK version, see https://developers.freshdesk.com/v2/docs/what's-new/ ."}},"addon":{"version":"1.13.5","url":"https://cdn.freshdev.io/assets/fdk/addons/addon.zip"}},"last_updated":{"time_stamp":1692342171511}}[0m
2023-08-18 15:30:40.766 +0530 [debug] ([34mdata.js[0m) [31mRead {"version_details":{"cli":{"deprecated":{"version":"<9","message":"This FDK version will be deprecated by September 30, 2023 There will be no further feature updates to this version. For a seamless app building experience, ensure to move to the latest FDK version. For more information, see https://developers.freshdesk.com/v2/docs/migration-overview/#latest_platform_version_migration."},"forced":{"version":"7.0.0","command":"npm install https://dl.freshdev.io/cli/fdk-7.0.0.tgz -g","message":"Your FDK version has been forced updated to v7.0.0, please visit https://community.developers.freshworks.com/t/fdk-v7-0-announcing-node-js-v12-and-es6-support/3606 to know more"},"latest":{"version":"9.0.4","command":"npm install https://cdn.freshdev.io/fdk/latest.tgz -g","message":"You are on the latest FDK version. For information on the features available as part of this FDK version, see https://developers.freshdesk.com/v2/docs/what's-new/ ."}},"addon":{"version":"1.13.5","url":"https://cdn.freshdev.io/assets/fdk/addons/addon.zip"}},"last_updated":{"time_stamp":1692342171511}}[0m
2023-08-18 15:30:41.707 +0530 [debug] ([34mdata.js[0m) [31mRead {"version_details":{"cli":{"deprecated":{"version":"<9","message":"This FDK version will be deprecated by September 30, 2023 There will be no further feature updates to this version. For a seamless app building experience, ensure to move to the latest FDK version. For more information, see https://developers.freshdesk.com/v2/docs/migration-overview/#latest_platform_version_migration."},"forced":{"version":"7.0.0","command":"npm install https://dl.freshdev.io/cli/fdk-7.0.0.tgz -g","message":"Your FDK version has been forced updated to v7.0.0, please visit https://community.developers.freshworks.com/t/fdk-v7-0-announcing-node-js-v12-and-es6-support/3606 to know more"},"latest":{"version":"9.0.4","command":"npm install https://cdn.freshdev.io/fdk/latest.tgz -g","message":"You are on the latest FDK version. For information on the features available as part of this FDK version, see https://developers.freshdesk.com/v2/docs/what's-new/ ."}},"addon":{"version":"1.13.5","url":"https://cdn.freshdev.io/assets/fdk/addons/addon.zip"}},"last_updated":{"time_stamp":1692342171511}}[0m
2023-08-18 15:30:42.564 +0530 [debug] ([34mvalidate.js[0m) [31masked to skip the following validations, [0m
2023-08-18 15:30:42.565 +0530 [debug] ([34mvalidate.js[0m) [31mrunning validator actions[0m
2023-08-18 15:30:42.565 +0530 [debug] ([34mvalidate.js[0m) [31mrunning validator requests[0m
2023-08-18 15:30:42.565 +0530 [debug] ([34mvalidate.js[0m) [31mrunning validator app-dir[0m
2023-08-18 15:30:42.565 +0530 [debug] ([34mvalidate.js[0m) [31mrunning validator config-dir[0m
2023-08-18 15:30:42.565 +0530 [debug] ([34mconfig-dir.js[0m) [31mChecking to see if C:\Users\Hariharan\Documents\freshdeskServerLessSamples\product-events/config/ exists.[0m
2023-08-18 15:30:42.565 +0530 [debug] ([34mconfig-dir.js[0m) [31mFetched the following config files iparams.json[0m
2023-08-18 15:30:42.566 +0530 [debug] ([34mvalidate.js[0m) [31mrunning validator custom-objects[0m
2023-08-18 15:30:42.566 +0530 [debug] ([34mvalidate.js[0m) [31mrunning validator event[0m
2023-08-18 15:30:42.575 +0530 [debug] ([34mevent.js[0m) [31mFound ["onTicketCreateHandler","onTicketUpdateHandler","onConversationCreateHandler","onContactCreateHandler","onContactUpdateHandler","onCompanyCreateHandler","onCompanyUpdateHandler","onCompanyDeleteHandler","onTimeEntryCreateHandler","onTimeEntryUpdateHandler","onTimeEntryDeleteHandler"] as exported functions.[0m
2023-08-18 15:30:42.576 +0530 [debug] ([34mvalidate.js[0m) [31mrunning validator iparam[0m
2023-08-18 15:30:42.578 +0530 [debug] ([34mvalidate.js[0m) [31mrunning validator lint[0m
2023-08-18 15:30:42.579 +0530 [debug] ([34mlint.js[0m) [31mpassed fix flag: undefined[0m
2023-08-18 15:30:42.580 +0530 [debug] ([34mlint.js[0m) [31mRunning the following lints on the file server\server.js : no-caller,no-process-env,complexity,max-nested-callbacks,handle-callback-err,no-eval,no-alert,no-debugger,no-unreachable,no-unhandled-promise,no-logging-rejections,no-non-client-request-model,no-deprecated-apis,no-proxy-requests,no-dependency-mismatch,no-empty-function,no-unused-vars[0m
2023-08-18 15:30:42.611 +0530 [debug] ([34mvalidate.js[0m) [31mrunning validator manifest[0m
2023-08-18 15:30:42.611 +0530 [debug] ([34mvalidate.js[0m) [31mskipping validator manifest-dependency[0m
2023-08-18 15:30:42.611 +0530 [debug] ([34mvalidate.js[0m) [31mrunning validator oauth[0m
2023-08-18 15:30:42.611 +0530 [debug] ([34mvalidate.js[0m) [31mskipping validator pkgsize[0m
2023-08-18 15:30:42.611 +0530 [debug] ([34mvalidate.js[0m) [31mrunning validator schema[0m
2023-08-18 15:30:42.611 +0530 [debug] ([34mvalidate.js[0m) [31mrunning validator version-check[0m
2023-08-18 15:30:42.614 +0530 [debug] ([34mwatcher.js[0m) [31mPreparing to watch the following files ./config,./manifest.json[0m
2023-08-18 15:30:42.619 +0530 [debug] ([34minstall.js[0m) [31mdependency installer called with {}[0m
2023-08-18 15:30:42.620 +0530 [debug] ([34mdata.js[0m) [31mRead {}[0m
2023-08-18 15:30:42.620 +0530 [debug] ([34mcustom-objects.js[0m) [31mto force or not? undefined[0m
2023-08-18 15:30:42.620 +0530 [debug] ([34mcustom-objects.js[0m) [31mbeginning to re-sync db[0m
2023-08-18 15:30:42.951 +0530 [debug] ([34mindex.js[0m) [31mloading model at "C:\Users\Hariharan\AppData\Roaming\npm\node_modules\fdk\lib\models\bigint-pivot.js"[0m
2023-08-18 15:30:42.953 +0530 [debug] ([34mindex.js[0m) [31mloading model at "C:\Users\Hariharan\AppData\Roaming\npm\node_modules\fdk\lib\models\entity-field-choice.js"[0m
2023-08-18 15:30:42.953 +0530 [debug] ([34mindex.js[0m) [31mloading model at "C:\Users\Hariharan\AppData\Roaming\npm\node_modules\fdk\lib\models\entity-field.js"[0m
2023-08-18 15:30:42.954 +0530 [debug] ([34mindex.js[0m) [31mloading model at "C:\Users\Hariharan\AppData\Roaming\npm\node_modules\fdk\lib\models\entity.js"[0m
2023-08-18 15:30:42.955 +0530 [debug] ([34mindex.js[0m) [31mloading model at "C:\Users\Hariharan\AppData\Roaming\npm\node_modules\fdk\lib\models\record.js"[0m
2023-08-18 15:30:42.956 +0530 [debug] ([34mindex.js[0m) [31mloading model at "C:\Users\Hariharan\AppData\Roaming\npm\node_modules\fdk\lib\models\string-pivot.js"[0m
2023-08-18 15:30:42.968 +0530 [debug] ([34mdata.js[0m) [31mRead {}[0m
2023-08-18 15:30:42.969 +0530 [debug] ([34mcustom-objects.js[0m) [31mupdated local store with latest entity hash[0m
2023-08-18 15:30:42.970 +0530 [info] Starting local testing server at http://*:10001/    
Append 'dev=true' to your Freshdesk account URL to start testing    
e.g. https://domain.freshdesk.com/a/tickets/1?dev=true    
Quit the server with Control-C.
2023-08-18 15:30:42.971 +0530 [info] 
To simulate product, app setup, and external events, visit - http://localhost:10001/web/test
2023-08-18 15:30:42.971 +0530 [info] Populating test data with events found in the app
2023-08-18 15:33:26.533 +0530 [debug] ([34mdata.js[0m) [31mRead {}[0m
2023-08-18 15:33:26.535 +0530 [debug] ([34miframe.js[0m) [31mResponding to product with {"configs":{},"displayName":"product-events","product":{"freshdesk":{"events":{"onTicketCreate":{"handler":"onTicketCreateHandler"},"onTicketUpdate":{"handler":"onTicketUpdateHandler"},"onConversationCreate":{"handler":"onConversationCreateHandler"},"onContactCreate":{"handler":"onContactCreateHandler"},"onContactUpdate":{"handler":"onContactUpdateHandler"},"onCompanyCreate":{"handler":"onCompanyCreateHandler"},"onCompanyUpdate":{"handler":"onCompanyUpdateHandler"},"onCompanyDelete":{"handler":"onCompanyDeleteHandler"},"onTimeEntryCreate":{"handler":"onTimeEntryCreateHandler"},"onTimeEntryUpdate":{"handler":"onTimeEntryUpdateHandler"},"onTimeEntryDelete":{"handler":"onTimeEntryDeleteHandler"}}}},"features":["db","backend"],"actions":false,"omni":false,"products":["freshdesk"],"platform":"2.3","isInstall":false,"v2":[]}[0m
2023-08-18 15:33:27.482 +0530 [debug] ([34mdata.js[0m) [31mRead {}[0m
2023-08-18 15:33:27.484 +0530 [debug] ([34miframe.js[0m) [31mResponding to product with {"configs":{},"displayName":"product-events","product":{"freshdesk":{"events":{"onTicketCreate":{"handler":"onTicketCreateHandler"},"onTicketUpdate":{"handler":"onTicketUpdateHandler"},"onConversationCreate":{"handler":"onConversationCreateHandler"},"onContactCreate":{"handler":"onContactCreateHandler"},"onContactUpdate":{"handler":"onContactUpdateHandler"},"onCompanyCreate":{"handler":"onCompanyCreateHandler"},"onCompanyUpdate":{"handler":"onCompanyUpdateHandler"},"onCompanyDelete":{"handler":"onCompanyDeleteHandler"},"onTimeEntryCreate":{"handler":"onTimeEntryCreateHandler"},"onTimeEntryUpdate":{"handler":"onTimeEntryUpdateHandler"},"onTimeEntryDelete":{"handler":"onTimeEntryDeleteHandler"}}}},"features":["db","backend"],"actions":false,"omni":false,"products":["freshdesk"],"platform":"2.3","isInstall":false,"v2":[]}[0m
2023-08-18 15:33:27.996 +0530 [debug] ([34mdata.js[0m) [31mRead {}[0m
2023-08-18 15:33:27.998 +0530 [debug] ([34miframe.js[0m) [31mResponding to product with {"configs":{},"displayName":"product-events","product":{"freshdesk":{"events":{"onTicketCreate":{"handler":"onTicketCreateHandler"},"onTicketUpdate":{"handler":"onTicketUpdateHandler"},"onConversationCreate":{"handler":"onConversationCreateHandler"},"onContactCreate":{"handler":"onContactCreateHandler"},"onContactUpdate":{"handler":"onContactUpdateHandler"},"onCompanyCreate":{"handler":"onCompanyCreateHandler"},"onCompanyUpdate":{"handler":"onCompanyUpdateHandler"},"onCompanyDelete":{"handler":"onCompanyDeleteHandler"},"onTimeEntryCreate":{"handler":"onTimeEntryCreateHandler"},"onTimeEntryUpdate":{"handler":"onTimeEntryUpdateHandler"},"onTimeEntryDelete":{"handler":"onTimeEntryDeleteHandler"}}}},"features":["db","backend"],"actions":false,"omni":false,"products":["freshdesk"],"platform":"2.3","isInstall":false,"v2":[]}[0m
2023-08-18 15:33:28.481 +0530 [debug] ([34mdata.js[0m) [31mRead {}[0m
2023-08-18 15:33:28.482 +0530 [debug] ([34miframe.js[0m) [31mResponding to product with {"configs":{},"displayName":"product-events","product":{"freshdesk":{"events":{"onTicketCreate":{"handler":"onTicketCreateHandler"},"onTicketUpdate":{"handler":"onTicketUpdateHandler"},"onConversationCreate":{"handler":"onConversationCreateHandler"},"onContactCreate":{"handler":"onContactCreateHandler"},"onContactUpdate":{"handler":"onContactUpdateHandler"},"onCompanyCreate":{"handler":"onCompanyCreateHandler"},"onCompanyUpdate":{"handler":"onCompanyUpdateHandler"},"onCompanyDelete":{"handler":"onCompanyDeleteHandler"},"onTimeEntryCreate":{"handler":"onTimeEntryCreateHandler"},"onTimeEntryUpdate":{"handler":"onTimeEntryUpdateHandler"},"onTimeEntryDelete":{"handler":"onTimeEntryDeleteHandler"}}}},"features":["db","backend"],"actions":false,"omni":false,"products":["freshdesk"],"platform":"2.3","isInstall":false,"v2":[]}[0m
2023-08-18 15:33:28.987 +0530 [debug] ([34mdata.js[0m) [31mRead {}[0m
2023-08-18 15:33:28.987 +0530 [debug] ([34miframe.js[0m) [31mResponding to product with {"configs":{},"displayName":"product-events","product":{"freshdesk":{"events":{"onTicketCreate":{"handler":"onTicketCreateHandler"},"onTicketUpdate":{"handler":"onTicketUpdateHandler"},"onConversationCreate":{"handler":"onConversationCreateHandler"},"onContactCreate":{"handler":"onContactCreateHandler"},"onContactUpdate":{"handler":"onContactUpdateHandler"},"onCompanyCreate":{"handler":"onCompanyCreateHandler"},"onCompanyUpdate":{"handler":"onCompanyUpdateHandler"},"onCompanyDelete":{"handler":"onCompanyDeleteHandler"},"onTimeEntryCreate":{"handler":"onTimeEntryCreateHandler"},"onTimeEntryUpdate":{"handler":"onTimeEntryUpdateHandler"},"onTimeEntryDelete":{"handler":"onTimeEntryDeleteHandler"}}}},"features":["db","backend"],"actions":false,"omni":false,"products":["freshdesk"],"platform":"2.3","isInstall":false,"v2":[]}[0m
2023-08-18 15:33:29.463 +0530 [debug] ([34mdata.js[0m) [31mRead {}[0m
2023-08-18 15:33:29.464 +0530 [debug] ([34miframe.js[0m) [31mResponding to product with {"configs":{},"displayName":"product-events","product":{"freshdesk":{"events":{"onTicketCreate":{"handler":"onTicketCreateHandler"},"onTicketUpdate":{"handler":"onTicketUpdateHandler"},"onConversationCreate":{"handler":"onConversationCreateHandler"},"onContactCreate":{"handler":"onContactCreateHandler"},"onContactUpdate":{"handler":"onContactUpdateHandler"},"onCompanyCreate":{"handler":"onCompanyCreateHandler"},"onCompanyUpdate":{"handler":"onCompanyUpdateHandler"},"onCompanyDelete":{"handler":"onCompanyDeleteHandler"},"onTimeEntryCreate":{"handler":"onTimeEntryCreateHandler"},"onTimeEntryUpdate":{"handler":"onTimeEntryUpdateHandler"},"onTimeEntryDelete":{"handler":"onTimeEntryDeleteHandler"}}}},"features":["db","backend"],"actions":false,"omni":false,"products":["freshdesk"],"platform":"2.3","isInstall":false,"v2":[]}[0m
2023-08-18 15:33:29.946 +0530 [debug] ([34mdata.js[0m) [31mRead {}[0m
2023-08-18 15:33:29.947 +0530 [debug] ([34miframe.js[0m) [31mResponding to product with {"configs":{},"displayName":"product-events","product":{"freshdesk":{"events":{"onTicketCreate":{"handler":"onTicketCreateHandler"},"onTicketUpdate":{"handler":"onTicketUpdateHandler"},"onConversationCreate":{"handler":"onConversationCreateHandler"},"onContactCreate":{"handler":"onContactCreateHandler"},"onContactUpdate":{"handler":"onContactUpdateHandler"},"onCompanyCreate":{"handler":"onCompanyCreateHandler"},"onCompanyUpdate":{"handler":"onCompanyUpdateHandler"},"onCompanyDelete":{"handler":"onCompanyDeleteHandler"},"onTimeEntryCreate":{"handler":"onTimeEntryCreateHandler"},"onTimeEntryUpdate":{"handler":"onTimeEntryUpdateHandler"},"onTimeEntryDelete":{"handler":"onTimeEntryDeleteHandler"}}}},"features":["db","backend"],"actions":false,"omni":false,"products":["freshdesk"],"platform":"2.3","isInstall":false,"v2":[]}[0m
2023-08-18 15:33:30.431 +0530 [debug] ([34mdata.js[0m) [31mRead {}[0m
2023-08-18 15:33:30.433 +0530 [debug] ([34miframe.js[0m) [31mResponding to product with {"configs":{},"displayName":"product-events","product":{"freshdesk":{"events":{"onTicketCreate":{"handler":"onTicketCreateHandler"},"onTicketUpdate":{"handler":"onTicketUpdateHandler"},"onConversationCreate":{"handler":"onConversationCreateHandler"},"onContactCreate":{"handler":"onContactCreateHandler"},"onContactUpdate":{"handler":"onContactUpdateHandler"},"onCompanyCreate":{"handler":"onCompanyCreateHandler"},"onCompanyUpdate":{"handler":"onCompanyUpdateHandler"},"onCompanyDelete":{"handler":"onCompanyDeleteHandler"},"onTimeEntryCreate":{"handler":"onTimeEntryCreateHandler"},"onTimeEntryUpdate":{"handler":"onTimeEntryUpdateHandler"},"onTimeEntryDelete":{"handler":"onTimeEntryDeleteHandler"}}}},"features":["db","backend"],"actions":false,"omni":false,"products":["freshdesk"],"platform":"2.3","isInstall":false,"v2":[]}[0m
2023-08-18 15:33:30.911 +0530 [debug] ([34mdata.js[0m) [31mRead {}[0m
2023-08-18 15:33:30.912 +0530 [debug] ([34miframe.js[0m) [31mResponding to product with {"configs":{},"displayName":"product-events","product":{"freshdesk":{"events":{"onTicketCreate":{"handler":"onTicketCreateHandler"},"onTicketUpdate":{"handler":"onTicketUpdateHandler"},"onConversationCreate":{"handler":"onConversationCreateHandler"},"onContactCreate":{"handler":"onContactCreateHandler"},"onContactUpdate":{"handler":"onContactUpdateHandler"},"onCompanyCreate":{"handler":"onCompanyCreateHandler"},"onCompanyUpdate":{"handler":"onCompanyUpdateHandler"},"onCompanyDelete":{"handler":"onCompanyDeleteHandler"},"onTimeEntryCreate":{"handler":"onTimeEntryCreateHandler"},"onTimeEntryUpdate":{"handler":"onTimeEntryUpdateHandler"},"onTimeEntryDelete":{"handler":"onTimeEntryDeleteHandler"}}}},"features":["db","backend"],"actions":false,"omni":false,"products":["freshdesk"],"platform":"2.3","isInstall":false,"v2":[]}[0m
2023-08-18 15:34:06.335 +0530 [debug] ([34mdata.js[0m) [31mRead {}[0m
2023-08-18 15:34:06.336 +0530 [debug] ([34miframe.js[0m) [31mResponding to product with {"configs":{},"displayName":"product-events","product":{"freshdesk":{"events":{"onTicketCreate":{"handler":"onTicketCreateHandler"},"onTicketUpdate":{"handler":"onTicketUpdateHandler"},"onConversationCreate":{"handler":"onConversationCreateHandler"},"onContactCreate":{"handler":"onContactCreateHandler"},"onContactUpdate":{"handler":"onContactUpdateHandler"},"onCompanyCreate":{"handler":"onCompanyCreateHandler"},"onCompanyUpdate":{"handler":"onCompanyUpdateHandler"},"onCompanyDelete":{"handler":"onCompanyDeleteHandler"},"onTimeEntryCreate":{"handler":"onTimeEntryCreateHandler"},"onTimeEntryUpdate":{"handler":"onTimeEntryUpdateHandler"},"onTimeEntryDelete":{"handler":"onTimeEntryDeleteHandler"}}}},"features":["db","backend"],"actions":false,"omni":false,"products":["freshdesk"],"platform":"2.3","isInstall":false,"v2":[]}[0m
2023-08-18 15:34:06.816 +0530 [debug] ([34mdata.js[0m) [31mRead {}[0m
2023-08-18 15:34:06.816 +0530 [debug] ([34miframe.js[0m) [31mResponding to product with {"configs":{},"displayName":"product-events","product":{"freshdesk":{"events":{"onTicketCreate":{"handler":"onTicketCreateHandler"},"onTicketUpdate":{"handler":"onTicketUpdateHandler"},"onConversationCreate":{"handler":"onConversationCreateHandler"},"onContactCreate":{"handler":"onContactCreateHandler"},"onContactUpdate":{"handler":"onContactUpdateHandler"},"onCompanyCreate":{"handler":"onCompanyCreateHandler"},"onCompanyUpdate":{"handler":"onCompanyUpdateHandler"},"onCompanyDelete":{"handler":"onCompanyDeleteHandler"},"onTimeEntryCreate":{"handler":"onTimeEntryCreateHandler"},"onTimeEntryUpdate":{"handler":"onTimeEntryUpdateHandler"},"onTimeEntryDelete":{"handler":"onTimeEntryDeleteHandler"}}}},"features":["db","backend"],"actions":false,"omni":false,"products":["freshdesk"],"platform":"2.3","isInstall":false,"v2":[]}[0m
2023-08-18 15:34:25.399 +0530 [debug] ([34mdata.js[0m) [31mRead {}[0m
2023-08-18 15:34:25.401 +0530 [debug] ([34miframe.js[0m) [31mResponding to product with {"configs":{},"displayName":"product-events","product":{"freshdesk":{"events":{"onTicketCreate":{"handler":"onTicketCreateHandler"},"onTicketUpdate":{"handler":"onTicketUpdateHandler"},"onConversationCreate":{"handler":"onConversationCreateHandler"},"onContactCreate":{"handler":"onContactCreateHandler"},"onContactUpdate":{"handler":"onContactUpdateHandler"},"onCompanyCreate":{"handler":"onCompanyCreateHandler"},"onCompanyUpdate":{"handler":"onCompanyUpdateHandler"},"onCompanyDelete":{"handler":"onCompanyDeleteHandler"},"onTimeEntryCreate":{"handler":"onTimeEntryCreateHandler"},"onTimeEntryUpdate":{"handler":"onTimeEntryUpdateHandler"},"onTimeEntryDelete":{"handler":"onTimeEntryDeleteHandler"}}}},"features":["db","backend"],"actions":false,"omni":false,"products":["freshdesk"],"platform":"2.3","isInstall":false,"v2":[]}[0m
2023-08-18 15:34:57.117 +0530 [debug] ([34mdata.js[0m) [31mRead {}[0m
2023-08-18 15:34:57.118 +0530 [debug] ([34miframe.js[0m) [31mResponding to product with {"configs":{},"displayName":"product-events","product":{"freshdesk":{"events":{"onTicketCreate":{"handler":"onTicketCreateHandler"},"onTicketUpdate":{"handler":"onTicketUpdateHandler"},"onConversationCreate":{"handler":"onConversationCreateHandler"},"onContactCreate":{"handler":"onContactCreateHandler"},"onContactUpdate":{"handler":"onContactUpdateHandler"},"onCompanyCreate":{"handler":"onCompanyCreateHandler"},"onCompanyUpdate":{"handler":"onCompanyUpdateHandler"},"onCompanyDelete":{"handler":"onCompanyDeleteHandler"},"onTimeEntryCreate":{"handler":"onTimeEntryCreateHandler"},"onTimeEntryUpdate":{"handler":"onTimeEntryUpdateHandler"},"onTimeEntryDelete":{"handler":"onTimeEntryDeleteHandler"}}}},"features":["db","backend"],"actions":false,"omni":false,"products":["freshdesk"],"platform":"2.3","isInstall":false,"v2":[]}[0m
2023-08-18 15:34:58.012 +0530 [debug] ([34mdata.js[0m) [31mRead {}[0m
2023-08-18 15:34:58.013 +0530 [debug] ([34miframe.js[0m) [31mResponding to product with {"configs":{},"displayName":"product-events","product":{"freshdesk":{"events":{"onTicketCreate":{"handler":"onTicketCreateHandler"},"onTicketUpdate":{"handler":"onTicketUpdateHandler"},"onConversationCreate":{"handler":"onConversationCreateHandler"},"onContactCreate":{"handler":"onContactCreateHandler"},"onContactUpdate":{"handler":"onContactUpdateHandler"},"onCompanyCreate":{"handler":"onCompanyCreateHandler"},"onCompanyUpdate":{"handler":"onCompanyUpdateHandler"},"onCompanyDelete":{"handler":"onCompanyDeleteHandler"},"onTimeEntryCreate":{"handler":"onTimeEntryCreateHandler"},"onTimeEntryUpdate":{"handler":"onTimeEntryUpdateHandler"},"onTimeEntryDelete":{"handler":"onTimeEntryDeleteHandler"}}}},"features":["db","backend"],"actions":false,"omni":false,"products":["freshdesk"],"platform":"2.3","isInstall":false,"v2":[]}[0m
2023-08-18 15:34:58.535 +0530 [debug] ([34mdata.js[0m) [31mRead {}[0m
2023-08-18 15:34:58.536 +0530 [debug] ([34miframe.js[0m) [31mResponding to product with {"configs":{},"displayName":"product-events","product":{"freshdesk":{"events":{"onTicketCreate":{"handler":"onTicketCreateHandler"},"onTicketUpdate":{"handler":"onTicketUpdateHandler"},"onConversationCreate":{"handler":"onConversationCreateHandler"},"onContactCreate":{"handler":"onContactCreateHandler"},"onContactUpdate":{"handler":"onContactUpdateHandler"},"onCompanyCreate":{"handler":"onCompanyCreateHandler"},"onCompanyUpdate":{"handler":"onCompanyUpdateHandler"},"onCompanyDelete":{"handler":"onCompanyDeleteHandler"},"onTimeEntryCreate":{"handler":"onTimeEntryCreateHandler"},"onTimeEntryUpdate":{"handler":"onTimeEntryUpdateHandler"},"onTimeEntryDelete":{"handler":"onTimeEntryDeleteHandler"}}}},"features":["db","backend"],"actions":false,"omni":false,"products":["freshdesk"],"platform":"2.3","isInstall":false,"v2":[]}[0m
2023-08-18 15:34:59.015 +0530 [debug] ([34mdata.js[0m) [31mRead {}[0m
2023-08-18 15:34:59.016 +0530 [debug] ([34miframe.js[0m) [31mResponding to product with {"configs":{},"displayName":"product-events","product":{"freshdesk":{"events":{"onTicketCreate":{"handler":"onTicketCreateHandler"},"onTicketUpdate":{"handler":"onTicketUpdateHandler"},"onConversationCreate":{"handler":"onConversationCreateHandler"},"onContactCreate":{"handler":"onContactCreateHandler"},"onContactUpdate":{"handler":"onContactUpdateHandler"},"onCompanyCreate":{"handler":"onCompanyCreateHandler"},"onCompanyUpdate":{"handler":"onCompanyUpdateHandler"},"onCompanyDelete":{"handler":"onCompanyDeleteHandler"},"onTimeEntryCreate":{"handler":"onTimeEntryCreateHandler"},"onTimeEntryUpdate":{"handler":"onTimeEntryUpdateHandler"},"onTimeEntryDelete":{"handler":"onTimeEntryDeleteHandler"}}}},"features":["db","backend"],"actions":false,"omni":false,"products":["freshdesk"],"platform":"2.3","isInstall":false,"v2":[]}[0m
2023-08-18 15:34:59.537 +0530 [debug] ([34mdata.js[0m) [31mRead {}[0m
2023-08-18 15:34:59.538 +0530 [debug] ([34miframe.js[0m) [31mResponding to product with {"configs":{},"displayName":"product-events","product":{"freshdesk":{"events":{"onTicketCreate":{"handler":"onTicketCreateHandler"},"onTicketUpdate":{"handler":"onTicketUpdateHandler"},"onConversationCreate":{"handler":"onConversationCreateHandler"},"onContactCreate":{"handler":"onContactCreateHandler"},"onContactUpdate":{"handler":"onContactUpdateHandler"},"onCompanyCreate":{"handler":"onCompanyCreateHandler"},"onCompanyUpdate":{"handler":"onCompanyUpdateHandler"},"onCompanyDelete":{"handler":"onCompanyDeleteHandler"},"onTimeEntryCreate":{"handler":"onTimeEntryCreateHandler"},"onTimeEntryUpdate":{"handler":"onTimeEntryUpdateHandler"},"onTimeEntryDelete":{"handler":"onTimeEntryDeleteHandler"}}}},"features":["db","backend"],"actions":false,"omni":false,"products":["freshdesk"],"platform":"2.3","isInstall":false,"v2":[]}[0m
2023-08-18 15:35:00.030 +0530 [debug] ([34mdata.js[0m) [31mRead {}[0m
2023-08-18 15:35:00.031 +0530 [debug] ([34miframe.js[0m) [31mResponding to product with {"configs":{},"displayName":"product-events","product":{"freshdesk":{"events":{"onTicketCreate":{"handler":"onTicketCreateHandler"},"onTicketUpdate":{"handler":"onTicketUpdateHandler"},"onConversationCreate":{"handler":"onConversationCreateHandler"},"onContactCreate":{"handler":"onContactCreateHandler"},"onContactUpdate":{"handler":"onContactUpdateHandler"},"onCompanyCreate":{"handler":"onCompanyCreateHandler"},"onCompanyUpdate":{"handler":"onCompanyUpdateHandler"},"onCompanyDelete":{"handler":"onCompanyDeleteHandler"},"onTimeEntryCreate":{"handler":"onTimeEntryCreateHandler"},"onTimeEntryUpdate":{"handler":"onTimeEntryUpdateHandler"},"onTimeEntryDelete":{"handler":"onTimeEntryDeleteHandler"}}}},"features":["db","backend"],"actions":false,"omni":false,"products":["freshdesk"],"platform":"2.3","isInstall":false,"v2":[]}[0m
2023-08-18 15:35:00.513 +0530 [debug] ([34mdata.js[0m) [31mRead {}[0m
2023-08-18 15:35:00.513 +0530 [debug] ([34miframe.js[0m) [31mResponding to product with {"configs":{},"displayName":"product-events","product":{"freshdesk":{"events":{"onTicketCreate":{"handler":"onTicketCreateHandler"},"onTicketUpdate":{"handler":"onTicketUpdateHandler"},"onConversationCreate":{"handler":"onConversationCreateHandler"},"onContactCreate":{"handler":"onContactCreateHandler"},"onContactUpdate":{"handler":"onContactUpdateHandler"},"onCompanyCreate":{"handler":"onCompanyCreateHandler"},"onCompanyUpdate":{"handler":"onCompanyUpdateHandler"},"onCompanyDelete":{"handler":"onCompanyDeleteHandler"},"onTimeEntryCreate":{"handler":"onTimeEntryCreateHandler"},"onTimeEntryUpdate":{"handler":"onTimeEntryUpdateHandler"},"onTimeEntryDelete":{"handler":"onTimeEntryDeleteHandler"}}}},"features":["db","backend"],"actions":false,"omni":false,"products":["freshdesk"],"platform":"2.3","isInstall":false,"v2":[]}[0m
2023-08-18 15:35:00.993 +0530 [debug] ([34mdata.js[0m) [31mRead {}[0m
2023-08-18 15:35:00.994 +0530 [debug] ([34miframe.js[0m) [31mResponding to product with {"configs":{},"displayName":"product-events","product":{"freshdesk":{"events":{"onTicketCreate":{"handler":"onTicketCreateHandler"},"onTicketUpdate":{"handler":"onTicketUpdateHandler"},"onConversationCreate":{"handler":"onConversationCreateHandler"},"onContactCreate":{"handler":"onContactCreateHandler"},"onContactUpdate":{"handler":"onContactUpdateHandler"},"onCompanyCreate":{"handler":"onCompanyCreateHandler"},"onCompanyUpdate":{"handler":"onCompanyUpdateHandler"},"onCompanyDelete":{"handler":"onCompanyDeleteHandler"},"onTimeEntryCreate":{"handler":"onTimeEntryCreateHandler"},"onTimeEntryUpdate":{"handler":"onTimeEntryUpdateHandler"},"onTimeEntryDelete":{"handler":"onTimeEntryDeleteHandler"}}}},"features":["db","backend"],"actions":false,"omni":false,"products":["freshdesk"],"platform":"2.3","isInstall":false,"v2":[]}[0m
2023-08-18 15:35:01.476 +0530 [debug] ([34mdata.js[0m) [31mRead {}[0m
2023-08-18 15:35:01.477 +0530 [debug] ([34miframe.js[0m) [31mResponding to product with {"configs":{},"displayName":"product-events","product":{"freshdesk":{"events":{"onTicketCreate":{"handler":"onTicketCreateHandler"},"onTicketUpdate":{"handler":"onTicketUpdateHandler"},"onConversationCreate":{"handler":"onConversationCreateHandler"},"onContactCreate":{"handler":"onContactCreateHandler"},"onContactUpdate":{"handler":"onContactUpdateHandler"},"onCompanyCreate":{"handler":"onCompanyCreateHandler"},"onCompanyUpdate":{"handler":"onCompanyUpdateHandler"},"onCompanyDelete":{"handler":"onCompanyDeleteHandler"},"onTimeEntryCreate":{"handler":"onTimeEntryCreateHandler"},"onTimeEntryUpdate":{"handler":"onTimeEntryUpdateHandler"},"onTimeEntryDelete":{"handler":"onTimeEntryDeleteHandler"}}}},"features":["db","backend"],"actions":false,"omni":false,"products":["freshdesk"],"platform":"2.3","isInstall":false,"v2":[]}[0m
2023-08-18 15:35:06.400 +0530 [debug] ([34mdata.js[0m) [31mRead {}[0m
2023-08-18 15:35:06.401 +0530 [debug] ([34miframe.js[0m) [31mResponding to product with {"configs":{},"displayName":"product-events","product":{"freshdesk":{"events":{"onTicketCreate":{"handler":"onTicketCreateHandler"},"onTicketUpdate":{"handler":"onTicketUpdateHandler"},"onConversationCreate":{"handler":"onConversationCreateHandler"},"onContactCreate":{"handler":"onContactCreateHandler"},"onContactUpdate":{"handler":"onContactUpdateHandler"},"onCompanyCreate":{"handler":"onCompanyCreateHandler"},"onCompanyUpdate":{"handler":"onCompanyUpdateHandler"},"onCompanyDelete":{"handler":"onCompanyDeleteHandler"},"onTimeEntryCreate":{"handler":"onTimeEntryCreateHandler"},"onTimeEntryUpdate":{"handler":"onTimeEntryUpdateHandler"},"onTimeEntryDelete":{"handler":"onTimeEntryDeleteHandler"}}}},"features":["db","backend"],"actions":false,"omni":false,"products":["freshdesk"],"platform":"2.3","isInstall":false,"v2":[]}[0m
2023-08-18 15:36:10.986 +0530 [debug] ([34mdata.js[0m) [31mRead {}[0m
2023-08-18 15:36:10.987 +0530 [debug] ([34miframe.js[0m) [31mResponding to product with {"configs":{},"displayName":"product-events","product":{"freshdesk":{"events":{"onTicketCreate":{"handler":"onTicketCreateHandler"},"onTicketUpdate":{"handler":"onTicketUpdateHandler"},"onConversationCreate":{"handler":"onConversationCreateHandler"},"onContactCreate":{"handler":"onContactCreateHandler"},"onContactUpdate":{"handler":"onContactUpdateHandler"},"onCompanyCreate":{"handler":"onCompanyCreateHandler"},"onCompanyUpdate":{"handler":"onCompanyUpdateHandler"},"onCompanyDelete":{"handler":"onCompanyDeleteHandler"},"onTimeEntryCreate":{"handler":"onTimeEntryCreateHandler"},"onTimeEntryUpdate":{"handler":"onTimeEntryUpdateHandler"},"onTimeEntryDelete":{"handler":"onTimeEntryDeleteHandler"}}}},"features":["db","backend"],"actions":false,"omni":false,"products":["freshdesk"],"platform":"2.3","isInstall":false,"v2":[]}[0m
2023-08-18 15:36:11.901 +0530 [debug] ([34mdata.js[0m) [31mRead {}[0m
2023-08-18 15:36:11.902 +0530 [debug] ([34miframe.js[0m) [31mResponding to product with {"configs":{},"displayName":"product-events","product":{"freshdesk":{"events":{"onTicketCreate":{"handler":"onTicketCreateHandler"},"onTicketUpdate":{"handler":"onTicketUpdateHandler"},"onConversationCreate":{"handler":"onConversationCreateHandler"},"onContactCreate":{"handler":"onContactCreateHandler"},"onContactUpdate":{"handler":"onContactUpdateHandler"},"onCompanyCreate":{"handler":"onCompanyCreateHandler"},"onCompanyUpdate":{"handler":"onCompanyUpdateHandler"},"onCompanyDelete":{"handler":"onCompanyDeleteHandler"},"onTimeEntryCreate":{"handler":"onTimeEntryCreateHandler"},"onTimeEntryUpdate":{"handler":"onTimeEntryUpdateHandler"},"onTimeEntryDelete":{"handler":"onTimeEntryDeleteHandler"}}}},"features":["db","backend"],"actions":false,"omni":false,"products":["freshdesk"],"platform":"2.3","isInstall":false,"v2":[]}[0m
2023-08-18 15:36:12.433 +0530 [debug] ([34mdata.js[0m) [31mRead {}[0m
2023-08-18 15:36:12.434 +0530 [debug] ([34miframe.js[0m) [31mResponding to product with {"configs":{},"displayName":"product-events","product":{"freshdesk":{"events":{"onTicketCreate":{"handler":"onTicketCreateHandler"},"onTicketUpdate":{"handler":"onTicketUpdateHandler"},"onConversationCreate":{"handler":"onConversationCreateHandler"},"onContactCreate":{"handler":"onContactCreateHandler"},"onContactUpdate":{"handler":"onContactUpdateHandler"},"onCompanyCreate":{"handler":"onCompanyCreateHandler"},"onCompanyUpdate":{"handler":"onCompanyUpdateHandler"},"onCompanyDelete":{"handler":"onCompanyDeleteHandler"},"onTimeEntryCreate":{"handler":"onTimeEntryCreateHandler"},"onTimeEntryUpdate":{"handler":"onTimeEntryUpdateHandler"},"onTimeEntryDelete":{"handler":"onTimeEntryDeleteHandler"}}}},"features":["db","backend"],"actions":false,"omni":false,"products":["freshdesk"],"platform":"2.3","isInstall":false,"v2":[]}[0m
2023-08-18 15:36:12.939 +0530 [debug] ([34mdata.js[0m) [31mRead {}[0m
2023-08-18 15:36:12.940 +0530 [debug] ([34miframe.js[0m) [31mResponding to product with {"configs":{},"displayName":"product-events","product":{"freshdesk":{"events":{"onTicketCreate":{"handler":"onTicketCreateHandler"},"onTicketUpdate":{"handler":"onTicketUpdateHandler"},"onConversationCreate":{"handler":"onConversationCreateHandler"},"onContactCreate":{"handler":"onContactCreateHandler"},"onContactUpdate":{"handler":"onContactUpdateHandler"},"onCompanyCreate":{"handler":"onCompanyCreateHandler"},"onCompanyUpdate":{"handler":"onCompanyUpdateHandler"},"onCompanyDelete":{"handler":"onCompanyDeleteHandler"},"onTimeEntryCreate":{"handler":"onTimeEntryCreateHandler"},"onTimeEntryUpdate":{"handler":"onTimeEntryUpdateHandler"},"onTimeEntryDelete":{"handler":"onTimeEntryDeleteHandler"}}}},"features":["db","backend"],"actions":false,"omni":false,"products":["freshdesk"],"platform":"2.3","isInstall":false,"v2":[]}[0m
2023-08-18 15:36:13.472 +0530 [debug] ([34mdata.js[0m) [31mRead {}[0m
2023-08-18 15:36:13.473 +0530 [debug] ([34miframe.js[0m) [31mResponding to product with {"configs":{},"displayName":"product-events","product":{"freshdesk":{"events":{"onTicketCreate":{"handler":"onTicketCreateHandler"},"onTicketUpdate":{"handler":"onTicketUpdateHandler"},"onConversationCreate":{"handler":"onConversationCreateHandler"},"onContactCreate":{"handler":"onContactCreateHandler"},"onContactUpdate":{"handler":"onContactUpdateHandler"},"onCompanyCreate":{"handler":"onCompanyCreateHandler"},"onCompanyUpdate":{"handler":"onCompanyUpdateHandler"},"onCompanyDelete":{"handler":"onCompanyDeleteHandler"},"onTimeEntryCreate":{"handler":"onTimeEntryCreateHandler"},"onTimeEntryUpdate":{"handler":"onTimeEntryUpdateHandler"},"onTimeEntryDelete":{"handler":"onTimeEntryDeleteHandler"}}}},"features":["db","backend"],"actions":false,"omni":false,"products":["freshdesk"],"platform":"2.3","isInstall":false,"v2":[]}[0m
2023-08-18 15:36:13.970 +0530 [debug] ([34mdata.js[0m) [31mRead {}[0m
2023-08-18 15:36:13.972 +0530 [debug] ([34miframe.js[0m) [31mResponding to product with {"configs":{},"displayName":"product-events","product":{"freshdesk":{"events":{"onTicketCreate":{"handler":"onTicketCreateHandler"},"onTicketUpdate":{"handler":"onTicketUpdateHandler"},"onConversationCreate":{"handler":"onConversationCreateHandler"},"onContactCreate":{"handler":"onContactCreateHandler"},"onContactUpdate":{"handler":"onContactUpdateHandler"},"onCompanyCreate":{"handler":"onCompanyCreateHandler"},"onCompanyUpdate":{"handler":"onCompanyUpdateHandler"},"onCompanyDelete":{"handler":"onCompanyDeleteHandler"},"onTimeEntryCreate":{"handler":"onTimeEntryCreateHandler"},"onTimeEntryUpdate":{"handler":"onTimeEntryUpdateHandler"},"onTimeEntryDelete":{"handler":"onTimeEntryDeleteHandler"}}}},"features":["db","backend"],"actions":false,"omni":false,"products":["freshdesk"],"platform":"2.3","isInstall":false,"v2":[]}[0m
2023-08-18 15:36:14.478 +0530 [debug] ([34mdata.js[0m) [31mRead {}[0m
2023-08-18 15:36:14.479 +0530 [debug] ([34miframe.js[0m) [31mResponding to product with {"configs":{},"displayName":"product-events","product":{"freshdesk":{"events":{"onTicketCreate":{"handler":"onTicketCreateHandler"},"onTicketUpdate":{"handler":"onTicketUpdateHandler"},"onConversationCreate":{"handler":"onConversationCreateHandler"},"onContactCreate":{"handler":"onContactCreateHandler"},"onContactUpdate":{"handler":"onContactUpdateHandler"},"onCompanyCreate":{"handler":"onCompanyCreateHandler"},"onCompanyUpdate":{"handler":"onCompanyUpdateHandler"},"onCompanyDelete":{"handler":"onCompanyDeleteHandler"},"onTimeEntryCreate":{"handler":"onTimeEntryCreateHandler"},"onTimeEntryUpdate":{"handler":"onTimeEntryUpdateHandler"},"onTimeEntryDelete":{"handler":"onTimeEntryDeleteHandler"}}}},"features":["db","backend"],"actions":false,"omni":false,"products":["freshdesk"],"platform":"2.3","isInstall":false,"v2":[]}[0m
2023-08-18 15:36:14.986 +0530 [debug] ([34mdata.js[0m) [31mRead {}[0m
2023-08-18 15:36:14.986 +0530 [debug] ([34miframe.js[0m) [31mResponding to product with {"configs":{},"displayName":"product-events","product":{"freshdesk":{"events":{"onTicketCreate":{"handler":"onTicketCreateHandler"},"onTicketUpdate":{"handler":"onTicketUpdateHandler"},"onConversationCreate":{"handler":"onConversationCreateHandler"},"onContactCreate":{"handler":"onContactCreateHandler"},"onContactUpdate":{"handler":"onContactUpdateHandler"},"onCompanyCreate":{"handler":"onCompanyCreateHandler"},"onCompanyUpdate":{"handler":"onCompanyUpdateHandler"},"onCompanyDelete":{"handler":"onCompanyDeleteHandler"},"onTimeEntryCreate":{"handler":"onTimeEntryCreateHandler"},"onTimeEntryUpdate":{"handler":"onTimeEntryUpdateHandler"},"onTimeEntryDelete":{"handler":"onTimeEntryDeleteHandler"}}}},"features":["db","backend"],"actions":false,"omni":false,"products":["freshdesk"],"platform":"2.3","isInstall":false,"v2":[]}[0m
2023-08-18 15:38:20.259 +0530 [debug] ([34mdata.js[0m) [31mRead {}[0m
2023-08-18 15:38:20.260 +0530 [debug] ([34miframe.js[0m) [31mResponding to product with {"configs":{},"displayName":"product-events","product":{"freshdesk":{"events":{"onTicketCreate":{"handler":"onTicketCreateHandler"},"onTicketUpdate":{"handler":"onTicketUpdateHandler"},"onConversationCreate":{"handler":"onConversationCreateHandler"},"onContactCreate":{"handler":"onContactCreateHandler"},"onContactUpdate":{"handler":"onContactUpdateHandler"},"onCompanyCreate":{"handler":"onCompanyCreateHandler"},"onCompanyUpdate":{"handler":"onCompanyUpdateHandler"},"onCompanyDelete":{"handler":"onCompanyDeleteHandler"},"onTimeEntryCreate":{"handler":"onTimeEntryCreateHandler"},"onTimeEntryUpdate":{"handler":"onTimeEntryUpdateHandler"},"onTimeEntryDelete":{"handler":"onTimeEntryDeleteHandler"}}}},"features":["db","backend"],"actions":false,"omni":false,"products":["freshdesk"],"platform":"2.3","isInstall":false,"v2":[]}[0m
2023-08-18 15:38:21.061 +0530 [debug] ([34mdata.js[0m) [31mRead {}[0m
2023-08-18 15:38:21.063 +0530 [debug] ([34miframe.js[0m) [31mResponding to product with {"configs":{},"displayName":"product-events","product":{"freshdesk":{"events":{"onTicketCreate":{"handler":"onTicketCreateHandler"},"onTicketUpdate":{"handler":"onTicketUpdateHandler"},"onConversationCreate":{"handler":"onConversationCreateHandler"},"onContactCreate":{"handler":"onContactCreateHandler"},"onContactUpdate":{"handler":"onContactUpdateHandler"},"onCompanyCreate":{"handler":"onCompanyCreateHandler"},"onCompanyUpdate":{"handler":"onCompanyUpdateHandler"},"onCompanyDelete":{"handler":"onCompanyDeleteHandler"},"onTimeEntryCreate":{"handler":"onTimeEntryCreateHandler"},"onTimeEntryUpdate":{"handler":"onTimeEntryUpdateHandler"},"onTimeEntryDelete":{"handler":"onTimeEntryDeleteHandler"}}}},"features":["db","backend"],"actions":false,"omni":false,"products":["freshdesk"],"platform":"2.3","isInstall":false,"v2":[]}[0m
2023-08-18 15:38:21.615 +0530 [debug] ([34mdata.js[0m) [31mRead {}[0m
2023-08-18 15:38:21.617 +0530 [debug] ([34miframe.js[0m) [31mResponding to product with {"configs":{},"displayName":"product-events","product":{"freshdesk":{"events":{"onTicketCreate":{"handler":"onTicketCreateHandler"},"onTicketUpdate":{"handler":"onTicketUpdateHandler"},"onConversationCreate":{"handler":"onConversationCreateHandler"},"onContactCreate":{"handler":"onContactCreateHandler"},"onContactUpdate":{"handler":"onContactUpdateHandler"},"onCompanyCreate":{"handler":"onCompanyCreateHandler"},"onCompanyUpdate":{"handler":"onCompanyUpdateHandler"},"onCompanyDelete":{"handler":"onCompanyDeleteHandler"},"onTimeEntryCreate":{"handler":"onTimeEntryCreateHandler"},"onTimeEntryUpdate":{"handler":"onTimeEntryUpdateHandler"},"onTimeEntryDelete":{"handler":"onTimeEntryDeleteHandler"}}}},"features":["db","backend"],"actions":false,"omni":false,"products":["freshdesk"],"platform":"2.3","isInstall":false,"v2":[]}[0m
2023-08-18 15:38:22.100 +0530 [debug] ([34mdata.js[0m) [31mRead {}[0m
2023-08-18 15:38:22.101 +0530 [debug] ([34miframe.js[0m) [31mResponding to product with {"configs":{},"displayName":"product-events","product":{"freshdesk":{"events":{"onTicketCreate":{"handler":"onTicketCreateHandler"},"onTicketUpdate":{"handler":"onTicketUpdateHandler"},"onConversationCreate":{"handler":"onConversationCreateHandler"},"onContactCreate":{"handler":"onContactCreateHandler"},"onContactUpdate":{"handler":"onContactUpdateHandler"},"onCompanyCreate":{"handler":"onCompanyCreateHandler"},"onCompanyUpdate":{"handler":"onCompanyUpdateHandler"},"onCompanyDelete":{"handler":"onCompanyDeleteHandler"},"onTimeEntryCreate":{"handler":"onTimeEntryCreateHandler"},"onTimeEntryUpdate":{"handler":"onTimeEntryUpdateHandler"},"onTimeEntryDelete":{"handler":"onTimeEntryDeleteHandler"}}}},"features":["db","backend"],"actions":false,"omni":false,"products":["freshdesk"],"platform":"2.3","isInstall":false,"v2":[]}[0m
2023-08-18 15:38:22.608 +0530 [debug] ([34mdata.js[0m) [31mRead {}[0m
2023-08-18 15:38:22.609 +0530 [debug] ([34miframe.js[0m) [31mResponding to product with {"configs":{},"displayName":"product-events","product":{"freshdesk":{"events":{"onTicketCreate":{"handler":"onTicketCreateHandler"},"onTicketUpdate":{"handler":"onTicketUpdateHandler"},"onConversationCreate":{"handler":"onConversationCreateHandler"},"onContactCreate":{"handler":"onContactCreateHandler"},"onContactUpdate":{"handler":"onContactUpdateHandler"},"onCompanyCreate":{"handler":"onCompanyCreateHandler"},"onCompanyUpdate":{"handler":"onCompanyUpdateHandler"},"onCompanyDelete":{"handler":"onCompanyDeleteHandler"},"onTimeEntryCreate":{"handler":"onTimeEntryCreateHandler"},"onTimeEntryUpdate":{"handler":"onTimeEntryUpdateHandler"},"onTimeEntryDelete":{"handler":"onTimeEntryDeleteHandler"}}}},"features":["db","backend"],"actions":false,"omni":false,"products":["freshdesk"],"platform":"2.3","isInstall":false,"v2":[]}[0m
2023-08-18 15:38:23.089 +0530 [debug] ([34mdata.js[0m) [31mRead {}[0m
2023-08-18 15:38:23.091 +0530 [debug] ([34miframe.js[0m) [31mResponding to product with {"configs":{},"displayName":"product-events","product":{"freshdesk":{"events":{"onTicketCreate":{"handler":"onTicketCreateHandler"},"onTicketUpdate":{"handler":"onTicketUpdateHandler"},"onConversationCreate":{"handler":"onConversationCreateHandler"},"onContactCreate":{"handler":"onContactCreateHandler"},"onContactUpdate":{"handler":"onContactUpdateHandler"},"onCompanyCreate":{"handler":"onCompanyCreateHandler"},"onCompanyUpdate":{"handler":"onCompanyUpdateHandler"},"onCompanyDelete":{"handler":"onCompanyDeleteHandler"},"onTimeEntryCreate":{"handler":"onTimeEntryCreateHandler"},"onTimeEntryUpdate":{"handler":"onTimeEntryUpdateHandler"},"onTimeEntryDelete":{"handler":"onTimeEntryDeleteHandler"}}}},"features":["db","backend"],"actions":false,"omni":false,"products":["freshdesk"],"platform":"2.3","isInstall":false,"v2":[]}[0m
2023-08-18 15:38:23.570 +0530 [debug] ([34mdata.js[0m) [31mRead {}[0m
2023-08-18 15:38:23.571 +0530 [debug] ([34miframe.js[0m) [31mResponding to product with {"configs":{},"displayName":"product-events","product":{"freshdesk":{"events":{"onTicketCreate":{"handler":"onTicketCreateHandler"},"onTicketUpdate":{"handler":"onTicketUpdateHandler"},"onConversationCreate":{"handler":"onConversationCreateHandler"},"onContactCreate":{"handler":"onContactCreateHandler"},"onContactUpdate":{"handler":"onContactUpdateHandler"},"onCompanyCreate":{"handler":"onCompanyCreateHandler"},"onCompanyUpdate":{"handler":"onCompanyUpdateHandler"},"onCompanyDelete":{"handler":"onCompanyDeleteHandler"},"onTimeEntryCreate":{"handler":"onTimeEntryCreateHandler"},"onTimeEntryUpdate":{"handler":"onTimeEntryUpdateHandler"},"onTimeEntryDelete":{"handler":"onTimeEntryDeleteHandler"}}}},"features":["db","backend"],"actions":false,"omni":false,"products":["freshdesk"],"platform":"2.3","isInstall":false,"v2":[]}[0m
2023-08-18 15:38:24.049 +0530 [debug] ([34mdata.js[0m) [31mRead {}[0m
2023-08-18 15:38:24.049 +0530 [debug] ([34miframe.js[0m) [31mResponding to product with {"configs":{},"displayName":"product-events","product":{"freshdesk":{"events":{"onTicketCreate":{"handler":"onTicketCreateHandler"},"onTicketUpdate":{"handler":"onTicketUpdateHandler"},"onConversationCreate":{"handler":"onConversationCreateHandler"},"onContactCreate":{"handler":"onContactCreateHandler"},"onContactUpdate":{"handler":"onContactUpdateHandler"},"onCompanyCreate":{"handler":"onCompanyCreateHandler"},"onCompanyUpdate":{"handler":"onCompanyUpdateHandler"},"onCompanyDelete":{"handler":"onCompanyDeleteHandler"},"onTimeEntryCreate":{"handler":"onTimeEntryCreateHandler"},"onTimeEntryUpdate":{"handler":"onTimeEntryUpdateHandler"},"onTimeEntryDelete":{"handler":"onTimeEntryDeleteHandler"}}}},"features":["db","backend"],"actions":false,"omni":false,"products":["freshdesk"],"platform":"2.3","isInstall":false,"v2":[]}[0m
2023-08-18 15:38:24.538 +0530 [debug] ([34mdata.js[0m) [31mRead {}[0m
2023-08-18 15:38:24.539 +0530 [debug] ([34miframe.js[0m) [31mResponding to product with {"configs":{},"displayName":"product-events","product":{"freshdesk":{"events":{"onTicketCreate":{"handler":"onTicketCreateHandler"},"onTicketUpdate":{"handler":"onTicketUpdateHandler"},"onConversationCreate":{"handler":"onConversationCreateHandler"},"onContactCreate":{"handler":"onContactCreateHandler"},"onContactUpdate":{"handler":"onContactUpdateHandler"},"onCompanyCreate":{"handler":"onCompanyCreateHandler"},"onCompanyUpdate":{"handler":"onCompanyUpdateHandler"},"onCompanyDelete":{"handler":"onCompanyDeleteHandler"},"onTimeEntryCreate":{"handler":"onTimeEntryCreateHandler"},"onTimeEntryUpdate":{"handler":"onTimeEntryUpdateHandler"},"onTimeEntryDelete":{"handler":"onTimeEntryDeleteHandler"}}}},"features":["db","backend"],"actions":false,"omni":false,"products":["freshdesk"],"platform":"2.3","isInstall":false,"v2":[]}[0m
2023-08-18 15:38:59.269 +0530 [debug] ([34mdata.js[0m) [31mRead {}[0m
2023-08-18 15:38:59.270 +0530 [debug] ([34miframe.js[0m) [31mResponding to product with {"configs":{},"displayName":"product-events","product":{"freshdesk":{"events":{"onTicketCreate":{"handler":"onTicketCreateHandler"},"onTicketUpdate":{"handler":"onTicketUpdateHandler"},"onConversationCreate":{"handler":"onConversationCreateHandler"},"onContactCreate":{"handler":"onContactCreateHandler"},"onContactUpdate":{"handler":"onContactUpdateHandler"},"onCompanyCreate":{"handler":"onCompanyCreateHandler"},"onCompanyUpdate":{"handler":"onCompanyUpdateHandler"},"onCompanyDelete":{"handler":"onCompanyDeleteHandler"},"onTimeEntryCreate":{"handler":"onTimeEntryCreateHandler"},"onTimeEntryUpdate":{"handler":"onTimeEntryUpdateHandler"},"onTimeEntryDelete":{"handler":"onTimeEntryDeleteHandler"}}}},"features":["db","backend"],"actions":false,"omni":false,"products":["freshdesk"],"platform":"2.3","isInstall":false,"v2":[]}[0m
