2023-08-18 16:39:23.733 +0530 [debug] ([34mconfigs.js[0m) [31mloaded default configs as "{"updates":{"manifest_url":"https://cdn.freshdev.io/assets/fdk/updates.json","period":24},"log":{"level":"info"},"javascript":{"ecma_version":2020},"request":{"timeout":5000}}"[0m
2023-08-18 16:39:23.734 +0530 [debug] ([34mfile.js[0m) [31mError while requiring C:\Users\Hariharan/.fdk/configs.json: Cannot find module 'C:\Users\Hariharan/.fdk/configs.json'
Require stack:
- C:\Users\Hariharan\AppData\Roaming\npm\node_modules\fdk\lib\utils\file.js
- C:\Users\Hariharan\AppData\Roaming\npm\node_modules\fdk\lib\configs.js
- C:\Users\Hariharan\AppData\Roaming\npm\node_modules\fdk\lib\logger.js
- C:\Users\Hariharan\AppData\Roaming\npm\node_modules\fdk\index.js[0m
2023-08-18 16:39:23.734 +0530 [debug] ([34mconfigs.js[0m) [31mloaded global configs as "{}"[0m
2023-08-18 16:39:23.734 +0530 [debug] ([34mfile.js[0m) [31mError while requiring C:\Users\Hariharan\Documents\freshdeskServerLessSamples\app-setup-and-external-events/.fdk/configs.json: Cannot find module 'C:\Users\Hariharan\Documents\freshdeskServerLessSamples\app-setup-and-external-events/.fdk/configs.json'
Require stack:
- C:\Users\Hariharan\AppData\Roaming\npm\node_modules\fdk\lib\utils\file.js
- C:\Users\Hariharan\AppData\Roaming\npm\node_modules\fdk\lib\configs.js
- C:\Users\Hariharan\AppData\Roaming\npm\node_modules\fdk\lib\logger.js
- C:\Users\Hariharan\AppData\Roaming\npm\node_modules\fdk\index.js[0m
2023-08-18 16:39:23.735 +0530 [debug] ([34mconfigs.js[0m) [31mloaded local configs as "{}"[0m
2023-08-18 16:39:23.735 +0530 [debug] ([34mconfigs.js[0m) [31mloaded env configs as "{"updates":{},"log":{},"javascript":{},"request":{"timeout":5000}}"[0m
2023-08-18 16:39:23.735 +0530 [debug] ([34mconfigs.js[0m) [31mloaded resolved configs as "{"updates":{"manifest_url":"https://cdn.freshdev.io/assets/fdk/updates.json","period":24},"log":{"level":"info"},"javascript":{"ecma_version":2020},"request":{"timeout":5000}}"[0m
2023-08-18 16:39:23.735 +0530 [debug] ([34mlogger.js[0m) [31mStarting FDK in node v18.16.1 on win32[0m
2023-08-18 16:39:23.735 +0530 [debug] ([34msequelize.js[0m) [31msetting up sqilite at "C:\Users\Hariharan\Documents\freshdeskServerLessSamples\app-setup-and-external-events/.fdk/store.sqlite"[0m
2023-08-18 16:39:23.735 +0530 [debug] ([34mdata.js[0m) [31mRead {"version_details":{"cli":{"deprecated":{"version":"<9","message":"This FDK version will be deprecated by September 30, 2023 There will be no further feature updates to this version. For a seamless app building experience, ensure to move to the latest FDK version. For more information, see https://developers.freshdesk.com/v2/docs/migration-overview/#latest_platform_version_migration."},"forced":{"version":"7.0.0","command":"npm install https://dl.freshdev.io/cli/fdk-7.0.0.tgz -g","message":"Your FDK version has been forced updated to v7.0.0, please visit https://community.developers.freshworks.com/t/fdk-v7-0-announcing-node-js-v12-and-es6-support/3606 to know more"},"latest":{"version":"9.0.4","command":"npm install https://cdn.freshdev.io/fdk/latest.tgz -g","message":"You are on the latest FDK version. For information on the features available as part of this FDK version, see https://developers.freshdesk.com/v2/docs/what's-new/ ."}},"addon":{"version":"1.13.5","url":"https://cdn.freshdev.io/assets/fdk/addons/addon.zip"}},"last_updated":{"time_stamp":1692342171511}}[0m
2023-08-18 16:39:23.735 +0530 [debug] ([34mupdater.js[0m) [31mlast check less than 24 hours ago, not looking for updates[0m
2023-08-18 16:39:23.738 +0530 [debug] ([34mindex.js[0m) [31mrunning with opts {}[0m
2023-08-18 16:39:23.923 +0530 [debug] ([34mmanifest.js[0m) [31mReloading manifest with {"platform-version":"2.3","product":{"freshdesk":{"location":{"ticket_background":{"url":"ticket_background.html"}},"events":{"onAppInstall":{"handler":"onInstallHandler"},"onAppUninstall":{"handler":"onUninstallHandler"},"afterAppUpdate":{"handler":"afterAppUpdateHandler"},"onExternalEvent":{"handler":"onExternalEventHandler"}}}},"engines":{"node":"18.16.1","fdk":"9.0.3"}}.[0m
2023-08-18 16:39:23.924 +0530 [debug] ([34mmanifest.js[0m) [31mInferred db,backend as features.[0m
2023-08-18 16:39:23.926 +0530 [debug] ([34mdata.js[0m) [31mRead {"version_details":{"cli":{"deprecated":{"version":"<9","message":"This FDK version will be deprecated by September 30, 2023 There will be no further feature updates to this version. For a seamless app building experience, ensure to move to the latest FDK version. For more information, see https://developers.freshdesk.com/v2/docs/migration-overview/#latest_platform_version_migration."},"forced":{"version":"7.0.0","command":"npm install https://dl.freshdev.io/cli/fdk-7.0.0.tgz -g","message":"Your FDK version has been forced updated to v7.0.0, please visit https://community.developers.freshworks.com/t/fdk-v7-0-announcing-node-js-v12-and-es6-support/3606 to know more"},"latest":{"version":"9.0.4","command":"npm install https://cdn.freshdev.io/fdk/latest.tgz -g","message":"You are on the latest FDK version. For information on the features available as part of this FDK version, see https://developers.freshdesk.com/v2/docs/what's-new/ ."}},"addon":{"version":"1.13.5","url":"https://cdn.freshdev.io/assets/fdk/addons/addon.zip"}},"last_updated":{"time_stamp":1692342171511}}[0m
2023-08-18 16:39:23.944 +0530 [debug] ([34mdata.js[0m) [31mRead {"version_details":{"cli":{"deprecated":{"version":"<9","message":"This FDK version will be deprecated by September 30, 2023 There will be no further feature updates to this version. For a seamless app building experience, ensure to move to the latest FDK version. For more information, see https://developers.freshdesk.com/v2/docs/migration-overview/#latest_platform_version_migration."},"forced":{"version":"7.0.0","command":"npm install https://dl.freshdev.io/cli/fdk-7.0.0.tgz -g","message":"Your FDK version has been forced updated to v7.0.0, please visit https://community.developers.freshworks.com/t/fdk-v7-0-announcing-node-js-v12-and-es6-support/3606 to know more"},"latest":{"version":"9.0.4","command":"npm install https://cdn.freshdev.io/fdk/latest.tgz -g","message":"You are on the latest FDK version. For information on the features available as part of this FDK version, see https://developers.freshdesk.com/v2/docs/what's-new/ ."}},"addon":{"version":"1.13.5","url":"https://cdn.freshdev.io/assets/fdk/addons/addon.zip"}},"last_updated":{"time_stamp":1692342171511}}[0m
2023-08-18 16:39:24.848 +0530 [debug] ([34mdata.js[0m) [31mRead {"version_details":{"cli":{"deprecated":{"version":"<9","message":"This FDK version will be deprecated by September 30, 2023 There will be no further feature updates to this version. For a seamless app building experience, ensure to move to the latest FDK version. For more information, see https://developers.freshdesk.com/v2/docs/migration-overview/#latest_platform_version_migration."},"forced":{"version":"7.0.0","command":"npm install https://dl.freshdev.io/cli/fdk-7.0.0.tgz -g","message":"Your FDK version has been forced updated to v7.0.0, please visit https://community.developers.freshworks.com/t/fdk-v7-0-announcing-node-js-v12-and-es6-support/3606 to know more"},"latest":{"version":"9.0.4","command":"npm install https://cdn.freshdev.io/fdk/latest.tgz -g","message":"You are on the latest FDK version. For information on the features available as part of this FDK version, see https://developers.freshdesk.com/v2/docs/what's-new/ ."}},"addon":{"version":"1.13.5","url":"https://cdn.freshdev.io/assets/fdk/addons/addon.zip"}},"last_updated":{"time_stamp":1692342171511}}[0m
2023-08-18 16:39:25.682 +0530 [debug] ([34mvalidate.js[0m) [31masked to skip the following validations, [0m
2023-08-18 16:39:25.683 +0530 [debug] ([34mvalidate.js[0m) [31mrunning validator actions[0m
2023-08-18 16:39:25.683 +0530 [debug] ([34mvalidate.js[0m) [31mrunning validator requests[0m
2023-08-18 16:39:25.683 +0530 [debug] ([34mrequests.js[0m) [31mvalidating request template for "handler"[0m
2023-08-18 16:39:25.683 +0530 [debug] ([34mvalidate.js[0m) [31mrunning validator app-dir[0m
2023-08-18 16:39:25.684 +0530 [debug] ([34mvalidate.js[0m) [31mrunning validator config-dir[0m
2023-08-18 16:39:25.684 +0530 [debug] ([34mconfig-dir.js[0m) [31mChecking to see if C:\Users\Hariharan\Documents\freshdeskServerLessSamples\app-setup-and-external-events/config/ exists.[0m
2023-08-18 16:39:25.684 +0530 [debug] ([34mconfig-dir.js[0m) [31mFetched the following config files iparams.json,requests.json[0m
2023-08-18 16:39:25.684 +0530 [debug] ([34mvalidate.js[0m) [31mrunning validator custom-objects[0m
2023-08-18 16:39:25.685 +0530 [debug] ([34mvalidate.js[0m) [31mrunning validator event[0m
2023-08-18 16:39:25.693 +0530 [debug] ([34mevent.js[0m) [31mFound ["onInstallHandler","onUninstallHandler","afterAppUpdateHandler","onExternalEventHandler"] as exported functions.[0m
2023-08-18 16:39:25.693 +0530 [debug] ([34mvalidate.js[0m) [31mrunning validator iparam[0m
2023-08-18 16:39:25.695 +0530 [debug] ([34mvalidate.js[0m) [31mrunning validator lint[0m
2023-08-18 16:39:25.695 +0530 [debug] ([34mlint.js[0m) [31mpassed fix flag: undefined[0m
2023-08-18 16:39:25.697 +0530 [debug] ([34mlint.js[0m) [31mRunning the following lints on the file server\server.js : no-caller,no-process-env,complexity,max-nested-callbacks,handle-callback-err,no-eval,no-alert,no-debugger,no-unreachable,no-unhandled-promise,no-logging-rejections,no-non-client-request-model,no-deprecated-apis,no-proxy-requests,no-dependency-mismatch,no-empty-function,no-unused-vars[0m
2023-08-18 16:39:25.726 +0530 [debug] ([34mvalidate.js[0m) [31mrunning validator manifest[0m
2023-08-18 16:39:25.726 +0530 [debug] ([34mvalidate.js[0m) [31mskipping validator manifest-dependency[0m
2023-08-18 16:39:25.726 +0530 [debug] ([34mvalidate.js[0m) [31mrunning validator oauth[0m
2023-08-18 16:39:25.726 +0530 [debug] ([34mvalidate.js[0m) [31mskipping validator pkgsize[0m
2023-08-18 16:39:25.726 +0530 [debug] ([34mvalidate.js[0m) [31mrunning validator schema[0m
2023-08-18 16:39:25.726 +0530 [debug] ([34mvalidate.js[0m) [31mrunning validator version-check[0m
2023-08-18 16:39:25.730 +0530 [warn] Please ensure that the following are addressed for quick review process:
2023-08-18 16:39:25.730 +0530 [warn] [33m‼[39m request template 'handler' is declared but not associated with any product
2023-08-18 16:39:25.730 +0530 [error] 
2023-08-18 16:39:25.731 +0530 [debug] ([34mwatcher.js[0m) [31mPreparing to watch the following files ./app,./config,./manifest.json[0m
2023-08-18 16:39:25.736 +0530 [debug] ([34minstall.js[0m) [31mdependency installer called with {}[0m
2023-08-18 16:39:25.736 +0530 [debug] ([34mdata.js[0m) [31mRead {}[0m
2023-08-18 16:39:25.736 +0530 [debug] ([34mcustom-objects.js[0m) [31mto force or not? undefined[0m
2023-08-18 16:39:25.736 +0530 [debug] ([34mcustom-objects.js[0m) [31mbeginning to re-sync db[0m
2023-08-18 16:39:25.917 +0530 [debug] ([34mindex.js[0m) [31mloading model at "C:\Users\Hariharan\AppData\Roaming\npm\node_modules\fdk\lib\models\bigint-pivot.js"[0m
2023-08-18 16:39:25.919 +0530 [debug] ([34mindex.js[0m) [31mloading model at "C:\Users\Hariharan\AppData\Roaming\npm\node_modules\fdk\lib\models\entity-field-choice.js"[0m
2023-08-18 16:39:25.920 +0530 [debug] ([34mindex.js[0m) [31mloading model at "C:\Users\Hariharan\AppData\Roaming\npm\node_modules\fdk\lib\models\entity-field.js"[0m
2023-08-18 16:39:25.920 +0530 [debug] ([34mindex.js[0m) [31mloading model at "C:\Users\Hariharan\AppData\Roaming\npm\node_modules\fdk\lib\models\entity.js"[0m
2023-08-18 16:39:25.921 +0530 [debug] ([34mindex.js[0m) [31mloading model at "C:\Users\Hariharan\AppData\Roaming\npm\node_modules\fdk\lib\models\record.js"[0m
2023-08-18 16:39:25.922 +0530 [debug] ([34mindex.js[0m) [31mloading model at "C:\Users\Hariharan\AppData\Roaming\npm\node_modules\fdk\lib\models\string-pivot.js"[0m
2023-08-18 16:39:25.934 +0530 [debug] ([34mdata.js[0m) [31mRead {}[0m
2023-08-18 16:39:25.935 +0530 [debug] ([34mcustom-objects.js[0m) [31mupdated local store with latest entity hash[0m
2023-08-18 16:39:25.935 +0530 [info] Starting local testing server at http://*:10001/    
Append 'dev=true' to your Freshdesk account URL to start testing    
e.g. https://domain.freshdesk.com/a/tickets/1?dev=true    
Quit the server with Control-C.
2023-08-18 16:39:25.936 +0530 [info] 
To simulate product, app setup, and external events, visit - http://localhost:10001/web/test
2023-08-18 16:39:25.936 +0530 [info] Populating test data with events found in the app
2023-08-18 16:40:04.112 +0530 [debug] ([34mdata.js[0m) [31mRead {}[0m
2023-08-18 16:40:04.115 +0530 [debug] ([34miframe.js[0m) [31mResponding to product with {"configs":{},"displayName":"app-setup-and-external-events","product":{"freshdesk":{"location":{"ticket_background":{"url":"agent/ticket_background.html","icon":"agent/undefined"}},"events":{"onAppInstall":{"handler":"onInstallHandler"},"onAppUninstall":{"handler":"onUninstallHandler"},"afterAppUpdate":{"handler":"afterAppUpdateHandler"},"onExternalEvent":{"handler":"onExternalEventHandler"}}}},"features":["db","backend"],"actions":false,"omni":false,"products":["freshdesk"],"platform":"2.3","isInstall":false,"v2":[]}[0m
2023-08-18 16:40:04.715 +0530 [debug] ([34mdata.js[0m) [31mRead {}[0m
2023-08-18 16:40:04.716 +0530 [debug] ([34miframe.js[0m) [31mResponding to product with {"configs":{},"displayName":"app-setup-and-external-events","product":{"freshdesk":{"location":{"ticket_background":{"url":"agent/ticket_background.html","icon":"agent/undefined"}},"events":{"onAppInstall":{"handler":"onInstallHandler"},"onAppUninstall":{"handler":"onUninstallHandler"},"afterAppUpdate":{"handler":"afterAppUpdateHandler"},"onExternalEvent":{"handler":"onExternalEventHandler"}}}},"features":["db","backend"],"actions":false,"omni":false,"products":["freshdesk"],"platform":"2.3","isInstall":false,"v2":[]}[0m
2023-08-18 16:40:05.005 +0530 [debug] ([34mdata.js[0m) [31mRead {}[0m
2023-08-18 16:40:05.006 +0530 [debug] ([34miframe.js[0m) [31mResponding to product with {"configs":{},"displayName":"app-setup-and-external-events","product":{"freshdesk":{"location":{"ticket_background":{"url":"agent/ticket_background.html","icon":"agent/undefined"}},"events":{"onAppInstall":{"handler":"onInstallHandler"},"onAppUninstall":{"handler":"onUninstallHandler"},"afterAppUpdate":{"handler":"afterAppUpdateHandler"},"onExternalEvent":{"handler":"onExternalEventHandler"}}}},"features":["db","backend"],"actions":false,"omni":false,"products":["freshdesk"],"platform":"2.3","isInstall":false,"v2":[]}[0m
2023-08-18 16:40:05.251 +0530 [debug] ([34mdata.js[0m) [31mRead {}[0m
2023-08-18 16:40:05.252 +0530 [debug] ([34miframe.js[0m) [31mResponding to product with {"configs":{},"displayName":"app-setup-and-external-events","product":{"freshdesk":{"location":{"ticket_background":{"url":"agent/ticket_background.html","icon":"agent/undefined"}},"events":{"onAppInstall":{"handler":"onInstallHandler"},"onAppUninstall":{"handler":"onUninstallHandler"},"afterAppUpdate":{"handler":"afterAppUpdateHandler"},"onExternalEvent":{"handler":"onExternalEventHandler"}}}},"features":["db","backend"],"actions":false,"omni":false,"products":["freshdesk"],"platform":"2.3","isInstall":false,"v2":[]}[0m
2023-08-18 16:40:05.551 +0530 [debug] ([34mdata.js[0m) [31mRead {}[0m
2023-08-18 16:40:05.552 +0530 [debug] ([34miframe.js[0m) [31mResponding to product with {"configs":{},"displayName":"app-setup-and-external-events","product":{"freshdesk":{"location":{"ticket_background":{"url":"agent/ticket_background.html","icon":"agent/undefined"}},"events":{"onAppInstall":{"handler":"onInstallHandler"},"onAppUninstall":{"handler":"onUninstallHandler"},"afterAppUpdate":{"handler":"afterAppUpdateHandler"},"onExternalEvent":{"handler":"onExternalEventHandler"}}}},"features":["db","backend"],"actions":false,"omni":false,"products":["freshdesk"],"platform":"2.3","isInstall":false,"v2":[]}[0m
2023-08-18 16:40:05.792 +0530 [debug] ([34mdata.js[0m) [31mRead {}[0m
2023-08-18 16:40:05.793 +0530 [debug] ([34miframe.js[0m) [31mResponding to product with {"configs":{},"displayName":"app-setup-and-external-events","product":{"freshdesk":{"location":{"ticket_background":{"url":"agent/ticket_background.html","icon":"agent/undefined"}},"events":{"onAppInstall":{"handler":"onInstallHandler"},"onAppUninstall":{"handler":"onUninstallHandler"},"afterAppUpdate":{"handler":"afterAppUpdateHandler"},"onExternalEvent":{"handler":"onExternalEventHandler"}}}},"features":["db","backend"],"actions":false,"omni":false,"products":["freshdesk"],"platform":"2.3","isInstall":false,"v2":[]}[0m
2023-08-18 16:40:05.823 +0530 [debug] ([34miframe.js[0m) [31mResponding with contents of /ticket_background.html[0m
2023-08-18 16:40:06.054 +0530 [debug] ([34mdata.js[0m) [31mRead {}[0m
2023-08-18 16:40:06.055 +0530 [debug] ([34miframe.js[0m) [31mResponding to product with {"configs":{},"displayName":"app-setup-and-external-events","product":{"freshdesk":{"location":{"ticket_background":{"url":"agent/ticket_background.html","icon":"agent/undefined"}},"events":{"onAppInstall":{"handler":"onInstallHandler"},"onAppUninstall":{"handler":"onUninstallHandler"},"afterAppUpdate":{"handler":"afterAppUpdateHandler"},"onExternalEvent":{"handler":"onExternalEventHandler"}}}},"features":["db","backend"],"actions":false,"omni":false,"products":["freshdesk"],"platform":"2.3","isInstall":false,"v2":[]}[0m
2023-08-18 16:40:06.302 +0530 [debug] ([34mdata.js[0m) [31mRead {}[0m
2023-08-18 16:40:06.304 +0530 [debug] ([34miframe.js[0m) [31mResponding to product with {"configs":{},"displayName":"app-setup-and-external-events","product":{"freshdesk":{"location":{"ticket_background":{"url":"agent/ticket_background.html","icon":"agent/undefined"}},"events":{"onAppInstall":{"handler":"onInstallHandler"},"onAppUninstall":{"handler":"onUninstallHandler"},"afterAppUpdate":{"handler":"afterAppUpdateHandler"},"onExternalEvent":{"handler":"onExternalEventHandler"}}}},"features":["db","backend"],"actions":false,"omni":false,"products":["freshdesk"],"platform":"2.3","isInstall":false,"v2":[]}[0m
2023-08-18 16:40:06.549 +0530 [debug] ([34mdata.js[0m) [31mRead {}[0m
2023-08-18 16:40:06.550 +0530 [debug] ([34miframe.js[0m) [31mResponding to product with {"configs":{},"displayName":"app-setup-and-external-events","product":{"freshdesk":{"location":{"ticket_background":{"url":"agent/ticket_background.html","icon":"agent/undefined"}},"events":{"onAppInstall":{"handler":"onInstallHandler"},"onAppUninstall":{"handler":"onUninstallHandler"},"afterAppUpdate":{"handler":"afterAppUpdateHandler"},"onExternalEvent":{"handler":"onExternalEventHandler"}}}},"features":["db","backend"],"actions":false,"omni":false,"products":["freshdesk"],"platform":"2.3","isInstall":false,"v2":[]}[0m
2023-08-18 16:41:21.370 +0530 [debug] ([34mmanifest.js[0m) [31mReloading manifest with {"platform-version":"2.3","product":{"freshdesk":{"location":{"ticket_background":{"url":"ticket_background.html"}},"events":{"onAppInstall":{"handler":"onInstallHandler"},"onAppUninstall":{"handler":"onUninstallHandler"},"afterAppUpdate":{"handler":"afterAppUpdateHandler"},"onExternalEvent":{"handler":"onExternalEventHandler"}}}},"engines":{"node":"18.16.1","fdk":"9.0.3"},"requests":{"handler":{}}}.[0m
2023-08-18 16:41:21.371 +0530 [debug] ([34mmanifest.js[0m) [31mInferred db,backend as features.[0m
2023-08-18 16:41:21.373 +0530 [debug] ([34mwatcher.js[0m) [31mBroadcasted "{"file":"manifest.json"}" to all listeners.[0m
2023-08-18 16:41:21.400 +0530 [debug] ([34miframe.js[0m) [31mResponding with contents of /ticket_background.html[0m
2023-08-18 16:41:21.805 +0530 [debug] ([34mmanifest.js[0m) [31mReloading manifest with {"platform-version":"2.3","product":{"freshdesk":{"location":{"ticket_background":{"url":"ticket_background.html"}},"events":{"onAppInstall":{"handler":"onInstallHandler"},"onAppUninstall":{"handler":"onUninstallHandler"},"afterAppUpdate":{"handler":"afterAppUpdateHandler"},"onExternalEvent":{"handler":"onExternalEventHandler"}}}},"engines":{"node":"18.16.1","fdk":"9.0.3"},"requests":{"handler":{}}}.[0m
2023-08-18 16:41:21.806 +0530 [debug] ([34mmanifest.js[0m) [31mInferred db,backend as features.[0m
2023-08-18 16:41:21.808 +0530 [debug] ([34mwatcher.js[0m) [31mBroadcasted "{"file":"manifest.json"}" to all listeners.[0m
2023-08-18 16:41:21.819 +0530 [debug] ([34miframe.js[0m) [31mResponding with contents of /ticket_background.html[0m
2023-08-18 16:41:21.916 +0530 [debug] ([34mmanifest.js[0m) [31mReloading manifest with {"platform-version":"2.3","product":{"freshdesk":{"location":{"ticket_background":{"url":"ticket_background.html"}},"events":{"onAppInstall":{"handler":"onInstallHandler"},"onAppUninstall":{"handler":"onUninstallHandler"},"afterAppUpdate":{"handler":"afterAppUpdateHandler"},"onExternalEvent":{"handler":"onExternalEventHandler"}}}},"engines":{"node":"18.16.1","fdk":"9.0.3"},"requests":{"handler":{}}}.[0m
2023-08-18 16:41:21.917 +0530 [debug] ([34mmanifest.js[0m) [31mInferred db,backend as features.[0m
2023-08-18 16:41:21.918 +0530 [debug] ([34mwatcher.js[0m) [31mBroadcasted "{"file":"manifest.json"}" to all listeners.[0m
2023-08-18 16:41:21.928 +0530 [debug] ([34miframe.js[0m) [31mResponding with contents of /ticket_background.html[0m
2023-08-18 16:41:38.031 +0530 [debug] ([34mconfigs.js[0m) [31mloaded default configs as "{"updates":{"manifest_url":"https://cdn.freshdev.io/assets/fdk/updates.json","period":24},"log":{"level":"info"},"javascript":{"ecma_version":2020},"request":{"timeout":5000}}"[0m
2023-08-18 16:41:38.033 +0530 [debug] ([34mfile.js[0m) [31mError while requiring C:\Users\Hariharan/.fdk/configs.json: Cannot find module 'C:\Users\Hariharan/.fdk/configs.json'
Require stack:
- C:\Users\Hariharan\AppData\Roaming\npm\node_modules\fdk\lib\utils\file.js
- C:\Users\Hariharan\AppData\Roaming\npm\node_modules\fdk\lib\configs.js
- C:\Users\Hariharan\AppData\Roaming\npm\node_modules\fdk\lib\logger.js
- C:\Users\Hariharan\AppData\Roaming\npm\node_modules\fdk\index.js[0m
2023-08-18 16:41:38.033 +0530 [debug] ([34mconfigs.js[0m) [31mloaded global configs as "{}"[0m
2023-08-18 16:41:38.033 +0530 [debug] ([34mfile.js[0m) [31mError while requiring C:\Users\Hariharan\Documents\freshdeskServerLessSamples\app-setup-and-external-events/.fdk/configs.json: Cannot find module 'C:\Users\Hariharan\Documents\freshdeskServerLessSamples\app-setup-and-external-events/.fdk/configs.json'
Require stack:
- C:\Users\Hariharan\AppData\Roaming\npm\node_modules\fdk\lib\utils\file.js
- C:\Users\Hariharan\AppData\Roaming\npm\node_modules\fdk\lib\configs.js
- C:\Users\Hariharan\AppData\Roaming\npm\node_modules\fdk\lib\logger.js
- C:\Users\Hariharan\AppData\Roaming\npm\node_modules\fdk\index.js[0m
2023-08-18 16:41:38.033 +0530 [debug] ([34mconfigs.js[0m) [31mloaded local configs as "{}"[0m
2023-08-18 16:41:38.034 +0530 [debug] ([34mconfigs.js[0m) [31mloaded env configs as "{"updates":{},"log":{},"javascript":{},"request":{"timeout":5000}}"[0m
2023-08-18 16:41:38.034 +0530 [debug] ([34mconfigs.js[0m) [31mloaded resolved configs as "{"updates":{"manifest_url":"https://cdn.freshdev.io/assets/fdk/updates.json","period":24},"log":{"level":"info"},"javascript":{"ecma_version":2020},"request":{"timeout":5000}}"[0m
2023-08-18 16:41:38.034 +0530 [debug] ([34mlogger.js[0m) [31mStarting FDK in node v18.16.1 on win32[0m
2023-08-18 16:41:38.034 +0530 [debug] ([34msequelize.js[0m) [31msetting up sqilite at "C:\Users\Hariharan\Documents\freshdeskServerLessSamples\app-setup-and-external-events/.fdk/store.sqlite"[0m
2023-08-18 16:41:38.034 +0530 [debug] ([34mdata.js[0m) [31mRead {"version_details":{"cli":{"deprecated":{"version":"<9","message":"This FDK version will be deprecated by September 30, 2023 There will be no further feature updates to this version. For a seamless app building experience, ensure to move to the latest FDK version. For more information, see https://developers.freshdesk.com/v2/docs/migration-overview/#latest_platform_version_migration."},"forced":{"version":"7.0.0","command":"npm install https://dl.freshdev.io/cli/fdk-7.0.0.tgz -g","message":"Your FDK version has been forced updated to v7.0.0, please visit https://community.developers.freshworks.com/t/fdk-v7-0-announcing-node-js-v12-and-es6-support/3606 to know more"},"latest":{"version":"9.0.4","command":"npm install https://cdn.freshdev.io/fdk/latest.tgz -g","message":"You are on the latest FDK version. For information on the features available as part of this FDK version, see https://developers.freshdesk.com/v2/docs/what's-new/ ."}},"addon":{"version":"1.13.5","url":"https://cdn.freshdev.io/assets/fdk/addons/addon.zip"}},"last_updated":{"time_stamp":1692342171511}}[0m
2023-08-18 16:41:38.034 +0530 [debug] ([34mupdater.js[0m) [31mlast check less than 24 hours ago, not looking for updates[0m
2023-08-18 16:41:38.037 +0530 [debug] ([34mindex.js[0m) [31mrunning with opts {}[0m
2023-08-18 16:41:38.222 +0530 [debug] ([34mmanifest.js[0m) [31mReloading manifest with {"platform-version":"2.3","product":{"freshdesk":{"location":{"ticket_background":{"url":"ticket_background.html"}},"events":{"onAppInstall":{"handler":"onInstallHandler"},"onAppUninstall":{"handler":"onUninstallHandler"},"afterAppUpdate":{"handler":"afterAppUpdateHandler"},"onExternalEvent":{"handler":"onExternalEventHandler"}}}},"engines":{"node":"18.16.1","fdk":"9.0.3"},"requests":{"handler":{}}}.[0m
2023-08-18 16:41:38.223 +0530 [debug] ([34mmanifest.js[0m) [31mInferred db,backend as features.[0m
2023-08-18 16:41:38.225 +0530 [debug] ([34mdata.js[0m) [31mRead {"version_details":{"cli":{"deprecated":{"version":"<9","message":"This FDK version will be deprecated by September 30, 2023 There will be no further feature updates to this version. For a seamless app building experience, ensure to move to the latest FDK version. For more information, see https://developers.freshdesk.com/v2/docs/migration-overview/#latest_platform_version_migration."},"forced":{"version":"7.0.0","command":"npm install https://dl.freshdev.io/cli/fdk-7.0.0.tgz -g","message":"Your FDK version has been forced updated to v7.0.0, please visit https://community.developers.freshworks.com/t/fdk-v7-0-announcing-node-js-v12-and-es6-support/3606 to know more"},"latest":{"version":"9.0.4","command":"npm install https://cdn.freshdev.io/fdk/latest.tgz -g","message":"You are on the latest FDK version. For information on the features available as part of this FDK version, see https://developers.freshdesk.com/v2/docs/what's-new/ ."}},"addon":{"version":"1.13.5","url":"https://cdn.freshdev.io/assets/fdk/addons/addon.zip"}},"last_updated":{"time_stamp":1692342171511}}[0m
2023-08-18 16:41:38.238 +0530 [debug] ([34mdata.js[0m) [31mRead {"version_details":{"cli":{"deprecated":{"version":"<9","message":"This FDK version will be deprecated by September 30, 2023 There will be no further feature updates to this version. For a seamless app building experience, ensure to move to the latest FDK version. For more information, see https://developers.freshdesk.com/v2/docs/migration-overview/#latest_platform_version_migration."},"forced":{"version":"7.0.0","command":"npm install https://dl.freshdev.io/cli/fdk-7.0.0.tgz -g","message":"Your FDK version has been forced updated to v7.0.0, please visit https://community.developers.freshworks.com/t/fdk-v7-0-announcing-node-js-v12-and-es6-support/3606 to know more"},"latest":{"version":"9.0.4","command":"npm install https://cdn.freshdev.io/fdk/latest.tgz -g","message":"You are on the latest FDK version. For information on the features available as part of this FDK version, see https://developers.freshdesk.com/v2/docs/what's-new/ ."}},"addon":{"version":"1.13.5","url":"https://cdn.freshdev.io/assets/fdk/addons/addon.zip"}},"last_updated":{"time_stamp":1692342171511}}[0m
2023-08-18 16:41:39.149 +0530 [debug] ([34mdata.js[0m) [31mRead {"version_details":{"cli":{"deprecated":{"version":"<9","message":"This FDK version will be deprecated by September 30, 2023 There will be no further feature updates to this version. For a seamless app building experience, ensure to move to the latest FDK version. For more information, see https://developers.freshdesk.com/v2/docs/migration-overview/#latest_platform_version_migration."},"forced":{"version":"7.0.0","command":"npm install https://dl.freshdev.io/cli/fdk-7.0.0.tgz -g","message":"Your FDK version has been forced updated to v7.0.0, please visit https://community.developers.freshworks.com/t/fdk-v7-0-announcing-node-js-v12-and-es6-support/3606 to know more"},"latest":{"version":"9.0.4","command":"npm install https://cdn.freshdev.io/fdk/latest.tgz -g","message":"You are on the latest FDK version. For information on the features available as part of this FDK version, see https://developers.freshdesk.com/v2/docs/what's-new/ ."}},"addon":{"version":"1.13.5","url":"https://cdn.freshdev.io/assets/fdk/addons/addon.zip"}},"last_updated":{"time_stamp":1692342171511}}[0m
2023-08-18 16:41:39.984 +0530 [debug] ([34mvalidate.js[0m) [31masked to skip the following validations, [0m
2023-08-18 16:41:39.985 +0530 [debug] ([34mvalidate.js[0m) [31mrunning validator actions[0m
2023-08-18 16:41:39.985 +0530 [debug] ([34mvalidate.js[0m) [31mrunning validator requests[0m
2023-08-18 16:41:39.985 +0530 [debug] ([34mrequests.js[0m) [31mvalidating request template for "handler"[0m
2023-08-18 16:41:39.985 +0530 [debug] ([34mvalidate.js[0m) [31mrunning validator app-dir[0m
2023-08-18 16:41:39.986 +0530 [debug] ([34mvalidate.js[0m) [31mrunning validator config-dir[0m
2023-08-18 16:41:39.986 +0530 [debug] ([34mconfig-dir.js[0m) [31mChecking to see if C:\Users\Hariharan\Documents\freshdeskServerLessSamples\app-setup-and-external-events/config/ exists.[0m
2023-08-18 16:41:39.986 +0530 [debug] ([34mconfig-dir.js[0m) [31mFetched the following config files iparams.json,requests.json[0m
2023-08-18 16:41:39.986 +0530 [debug] ([34mvalidate.js[0m) [31mrunning validator custom-objects[0m
2023-08-18 16:41:39.986 +0530 [debug] ([34mvalidate.js[0m) [31mrunning validator event[0m
2023-08-18 16:41:39.995 +0530 [debug] ([34mevent.js[0m) [31mFound ["onInstallHandler","onUninstallHandler","afterAppUpdateHandler","onExternalEventHandler"] as exported functions.[0m
2023-08-18 16:41:39.995 +0530 [debug] ([34mvalidate.js[0m) [31mrunning validator iparam[0m
2023-08-18 16:41:39.997 +0530 [debug] ([34mvalidate.js[0m) [31mrunning validator lint[0m
2023-08-18 16:41:39.997 +0530 [debug] ([34mlint.js[0m) [31mpassed fix flag: undefined[0m
2023-08-18 16:41:39.998 +0530 [debug] ([34mlint.js[0m) [31mRunning the following lints on the file server\server.js : no-caller,no-process-env,complexity,max-nested-callbacks,handle-callback-err,no-eval,no-alert,no-debugger,no-unreachable,no-unhandled-promise,no-logging-rejections,no-non-client-request-model,no-deprecated-apis,no-proxy-requests,no-dependency-mismatch,no-empty-function,no-unused-vars[0m
2023-08-18 16:41:40.027 +0530 [debug] ([34mvalidate.js[0m) [31mrunning validator manifest[0m
2023-08-18 16:41:40.027 +0530 [debug] ([34mvalidate.js[0m) [31mskipping validator manifest-dependency[0m
2023-08-18 16:41:40.027 +0530 [debug] ([34mvalidate.js[0m) [31mrunning validator oauth[0m
2023-08-18 16:41:40.027 +0530 [debug] ([34mvalidate.js[0m) [31mskipping validator pkgsize[0m
2023-08-18 16:41:40.028 +0530 [debug] ([34mvalidate.js[0m) [31mrunning validator schema[0m
2023-08-18 16:41:40.028 +0530 [debug] ([34mvalidate.js[0m) [31mrunning validator version-check[0m
2023-08-18 16:41:40.032 +0530 [warn] Please ensure that the following are addressed for quick review process:
2023-08-18 16:41:40.032 +0530 [warn] [33m‼[39m request template 'handler' is declared but not associated with any product
2023-08-18 16:41:40.033 +0530 [error] 
2023-08-18 16:41:40.034 +0530 [debug] ([34mwatcher.js[0m) [31mPreparing to watch the following files ./app,./config,./manifest.json[0m
2023-08-18 16:41:40.040 +0530 [debug] ([34minstall.js[0m) [31mdependency installer called with {}[0m
2023-08-18 16:41:40.041 +0530 [debug] ([34mdata.js[0m) [31mRead {}[0m
2023-08-18 16:41:40.041 +0530 [debug] ([34mcustom-objects.js[0m) [31mto force or not? undefined[0m
2023-08-18 16:41:40.041 +0530 [debug] ([34mcustom-objects.js[0m) [31mbeginning to re-sync db[0m
2023-08-18 16:41:40.403 +0530 [debug] ([34mindex.js[0m) [31mloading model at "C:\Users\Hariharan\AppData\Roaming\npm\node_modules\fdk\lib\models\bigint-pivot.js"[0m
2023-08-18 16:41:40.405 +0530 [debug] ([34mindex.js[0m) [31mloading model at "C:\Users\Hariharan\AppData\Roaming\npm\node_modules\fdk\lib\models\entity-field-choice.js"[0m
2023-08-18 16:41:40.406 +0530 [debug] ([34mindex.js[0m) [31mloading model at "C:\Users\Hariharan\AppData\Roaming\npm\node_modules\fdk\lib\models\entity-field.js"[0m
2023-08-18 16:41:40.406 +0530 [debug] ([34mindex.js[0m) [31mloading model at "C:\Users\Hariharan\AppData\Roaming\npm\node_modules\fdk\lib\models\entity.js"[0m
2023-08-18 16:41:40.407 +0530 [debug] ([34mindex.js[0m) [31mloading model at "C:\Users\Hariharan\AppData\Roaming\npm\node_modules\fdk\lib\models\record.js"[0m
2023-08-18 16:41:40.408 +0530 [debug] ([34mindex.js[0m) [31mloading model at "C:\Users\Hariharan\AppData\Roaming\npm\node_modules\fdk\lib\models\string-pivot.js"[0m
2023-08-18 16:41:40.420 +0530 [debug] ([34mdata.js[0m) [31mRead {}[0m
2023-08-18 16:41:40.421 +0530 [debug] ([34mcustom-objects.js[0m) [31mupdated local store with latest entity hash[0m
2023-08-18 16:41:40.422 +0530 [info] Starting local testing server at http://*:10001/    
Append 'dev=true' to your Freshdesk account URL to start testing    
e.g. https://domain.freshdesk.com/a/tickets/1?dev=true    
Quit the server with Control-C.
2023-08-18 16:41:40.423 +0530 [info] 
To simulate product, app setup, and external events, visit - http://localhost:10001/web/test
2023-08-18 16:41:40.423 +0530 [info] Populating test data with events found in the app
2023-08-18 16:43:43.827 +0530 [debug] ([34mdata.js[0m) [31mRead {}[0m
2023-08-18 16:43:43.829 +0530 [debug] ([34miframe.js[0m) [31mResponding to product with {"configs":{},"displayName":"app-setup-and-external-events","product":{"freshdesk":{"location":{"ticket_background":{"url":"agent/ticket_background.html","icon":"agent/undefined"}},"events":{"onAppInstall":{"handler":"onInstallHandler"},"onAppUninstall":{"handler":"onUninstallHandler"},"afterAppUpdate":{"handler":"afterAppUpdateHandler"},"onExternalEvent":{"handler":"onExternalEventHandler"}}}},"features":["db","backend"],"actions":false,"omni":false,"products":["freshdesk"],"platform":"2.3","isInstall":false,"v2":[]}[0m
2023-08-18 16:43:44.793 +0530 [debug] ([34mdata.js[0m) [31mRead {}[0m
2023-08-18 16:43:44.794 +0530 [debug] ([34miframe.js[0m) [31mResponding to product with {"configs":{},"displayName":"app-setup-and-external-events","product":{"freshdesk":{"location":{"ticket_background":{"url":"agent/ticket_background.html","icon":"agent/undefined"}},"events":{"onAppInstall":{"handler":"onInstallHandler"},"onAppUninstall":{"handler":"onUninstallHandler"},"afterAppUpdate":{"handler":"afterAppUpdateHandler"},"onExternalEvent":{"handler":"onExternalEventHandler"}}}},"features":["db","backend"],"actions":false,"omni":false,"products":["freshdesk"],"platform":"2.3","isInstall":false,"v2":[]}[0m
2023-08-18 16:43:45.331 +0530 [debug] ([34mdata.js[0m) [31mRead {}[0m
2023-08-18 16:43:45.332 +0530 [debug] ([34miframe.js[0m) [31mResponding to product with {"configs":{},"displayName":"app-setup-and-external-events","product":{"freshdesk":{"location":{"ticket_background":{"url":"agent/ticket_background.html","icon":"agent/undefined"}},"events":{"onAppInstall":{"handler":"onInstallHandler"},"onAppUninstall":{"handler":"onUninstallHandler"},"afterAppUpdate":{"handler":"afterAppUpdateHandler"},"onExternalEvent":{"handler":"onExternalEventHandler"}}}},"features":["db","backend"],"actions":false,"omni":false,"products":["freshdesk"],"platform":"2.3","isInstall":false,"v2":[]}[0m
2023-08-18 16:43:45.837 +0530 [debug] ([34mdata.js[0m) [31mRead {}[0m
2023-08-18 16:43:45.838 +0530 [debug] ([34miframe.js[0m) [31mResponding to product with {"configs":{},"displayName":"app-setup-and-external-events","product":{"freshdesk":{"location":{"ticket_background":{"url":"agent/ticket_background.html","icon":"agent/undefined"}},"events":{"onAppInstall":{"handler":"onInstallHandler"},"onAppUninstall":{"handler":"onUninstallHandler"},"afterAppUpdate":{"handler":"afterAppUpdateHandler"},"onExternalEvent":{"handler":"onExternalEventHandler"}}}},"features":["db","backend"],"actions":false,"omni":false,"products":["freshdesk"],"platform":"2.3","isInstall":false,"v2":[]}[0m
2023-08-18 16:43:46.363 +0530 [debug] ([34mdata.js[0m) [31mRead {}[0m
2023-08-18 16:43:46.366 +0530 [debug] ([34miframe.js[0m) [31mResponding to product with {"configs":{},"displayName":"app-setup-and-external-events","product":{"freshdesk":{"location":{"ticket_background":{"url":"agent/ticket_background.html","icon":"agent/undefined"}},"events":{"onAppInstall":{"handler":"onInstallHandler"},"onAppUninstall":{"handler":"onUninstallHandler"},"afterAppUpdate":{"handler":"afterAppUpdateHandler"},"onExternalEvent":{"handler":"onExternalEventHandler"}}}},"features":["db","backend"],"actions":false,"omni":false,"products":["freshdesk"],"platform":"2.3","isInstall":false,"v2":[]}[0m
2023-08-18 16:43:46.869 +0530 [debug] ([34mdata.js[0m) [31mRead {}[0m
2023-08-18 16:43:46.870 +0530 [debug] ([34miframe.js[0m) [31mResponding to product with {"configs":{},"displayName":"app-setup-and-external-events","product":{"freshdesk":{"location":{"ticket_background":{"url":"agent/ticket_background.html","icon":"agent/undefined"}},"events":{"onAppInstall":{"handler":"onInstallHandler"},"onAppUninstall":{"handler":"onUninstallHandler"},"afterAppUpdate":{"handler":"afterAppUpdateHandler"},"onExternalEvent":{"handler":"onExternalEventHandler"}}}},"features":["db","backend"],"actions":false,"omni":false,"products":["freshdesk"],"platform":"2.3","isInstall":false,"v2":[]}[0m
2023-08-18 16:43:46.897 +0530 [debug] ([34miframe.js[0m) [31mResponding with contents of /ticket_background.html[0m
2023-08-18 16:43:47.380 +0530 [debug] ([34mdata.js[0m) [31mRead {}[0m
2023-08-18 16:43:47.381 +0530 [debug] ([34miframe.js[0m) [31mResponding to product with {"configs":{},"displayName":"app-setup-and-external-events","product":{"freshdesk":{"location":{"ticket_background":{"url":"agent/ticket_background.html","icon":"agent/undefined"}},"events":{"onAppInstall":{"handler":"onInstallHandler"},"onAppUninstall":{"handler":"onUninstallHandler"},"afterAppUpdate":{"handler":"afterAppUpdateHandler"},"onExternalEvent":{"handler":"onExternalEventHandler"}}}},"features":["db","backend"],"actions":false,"omni":false,"products":["freshdesk"],"platform":"2.3","isInstall":false,"v2":[]}[0m
2023-08-18 16:43:47.879 +0530 [debug] ([34mdata.js[0m) [31mRead {}[0m
2023-08-18 16:43:47.880 +0530 [debug] ([34miframe.js[0m) [31mResponding to product with {"configs":{},"displayName":"app-setup-and-external-events","product":{"freshdesk":{"location":{"ticket_background":{"url":"agent/ticket_background.html","icon":"agent/undefined"}},"events":{"onAppInstall":{"handler":"onInstallHandler"},"onAppUninstall":{"handler":"onUninstallHandler"},"afterAppUpdate":{"handler":"afterAppUpdateHandler"},"onExternalEvent":{"handler":"onExternalEventHandler"}}}},"features":["db","backend"],"actions":false,"omni":false,"products":["freshdesk"],"platform":"2.3","isInstall":false,"v2":[]}[0m
2023-08-18 16:43:48.377 +0530 [debug] ([34mdata.js[0m) [31mRead {}[0m
2023-08-18 16:43:48.378 +0530 [debug] ([34miframe.js[0m) [31mResponding to product with {"configs":{},"displayName":"app-setup-and-external-events","product":{"freshdesk":{"location":{"ticket_background":{"url":"agent/ticket_background.html","icon":"agent/undefined"}},"events":{"onAppInstall":{"handler":"onInstallHandler"},"onAppUninstall":{"handler":"onUninstallHandler"},"afterAppUpdate":{"handler":"afterAppUpdateHandler"},"onExternalEvent":{"handler":"onExternalEventHandler"}}}},"features":["db","backend"],"actions":false,"omni":false,"products":["freshdesk"],"platform":"2.3","isInstall":false,"v2":[]}[0m
