2023-08-16 18:45:11.033 +0530 [debug] ([34mconfigs.js[0m) [31mloaded default configs as "{"updates":{"manifest_url":"https://cdn.freshdev.io/assets/fdk/updates.json","period":24},"log":{"level":"info"},"javascript":{"ecma_version":2020},"request":{"timeout":5000}}"[0m
2023-08-16 18:45:11.034 +0530 [debug] ([34mfile.js[0m) [31mError while requiring C:\Users\Hariharan/.fdk/configs.json: Cannot find module 'C:\Users\Hariharan/.fdk/configs.json'
Require stack:
- C:\Users\Hariharan\AppData\Roaming\npm\node_modules\fdk\lib\utils\file.js
- C:\Users\Hariharan\AppData\Roaming\npm\node_modules\fdk\lib\configs.js
- C:\Users\Hariharan\AppData\Roaming\npm\node_modules\fdk\lib\logger.js
- C:\Users\Hariharan\AppData\Roaming\npm\node_modules\fdk\index.js[0m
2023-08-16 18:45:11.034 +0530 [debug] ([34mconfigs.js[0m) [31mloaded global configs as "{}"[0m
2023-08-16 18:45:11.035 +0530 [debug] ([34mfile.js[0m) [31mError while requiring C:\Users\Hariharan\Documents\freshdeskOAuthSamples/.fdk/configs.json: Cannot find module 'C:\Users\Hariharan\Documents\freshdeskOAuthSamples/.fdk/configs.json'
Require stack:
- C:\Users\Hariharan\AppData\Roaming\npm\node_modules\fdk\lib\utils\file.js
- C:\Users\Hariharan\AppData\Roaming\npm\node_modules\fdk\lib\configs.js
- C:\Users\Hariharan\AppData\Roaming\npm\node_modules\fdk\lib\logger.js
- C:\Users\Hariharan\AppData\Roaming\npm\node_modules\fdk\index.js[0m
2023-08-16 18:45:11.035 +0530 [debug] ([34mconfigs.js[0m) [31mloaded local configs as "{}"[0m
2023-08-16 18:45:11.035 +0530 [debug] ([34mconfigs.js[0m) [31mloaded env configs as "{"updates":{},"log":{},"javascript":{},"request":{"timeout":5000}}"[0m
2023-08-16 18:45:11.035 +0530 [debug] ([34mconfigs.js[0m) [31mloaded resolved configs as "{"updates":{"manifest_url":"https://cdn.freshdev.io/assets/fdk/updates.json","period":24},"log":{"level":"info"},"javascript":{"ecma_version":2020},"request":{"timeout":5000}}"[0m
2023-08-16 18:45:11.035 +0530 [debug] ([34mlogger.js[0m) [31mStarting FDK in node v18.16.1 on win32[0m
2023-08-16 18:45:11.035 +0530 [debug] ([34msequelize.js[0m) [31msetting up sqilite at "C:\Users\Hariharan\Documents\freshdeskOAuthSamples/.fdk/store.sqlite"[0m
2023-08-16 18:45:11.035 +0530 [debug] ([34mdata.js[0m) [31mRead {"version_details":{"cli":{"deprecated":{"version":"<9","message":"This FDK version will be deprecated by September 30, 2023 There will be no further feature updates to this version. For a seamless app building experience, ensure to move to the latest FDK version. For more information, see https://developers.freshdesk.com/v2/docs/migration-overview/#latest_platform_version_migration."},"forced":{"version":"7.0.0","command":"npm install https://dl.freshdev.io/cli/fdk-7.0.0.tgz -g","message":"Your FDK version has been forced updated to v7.0.0, please visit https://community.developers.freshworks.com/t/fdk-v7-0-announcing-node-js-v12-and-es6-support/3606 to know more"},"latest":{"version":"9.0.4","command":"npm install https://cdn.freshdev.io/fdk/latest.tgz -g","message":"You are on the latest FDK version. For information on the features available as part of this FDK version, see https://developers.freshdesk.com/v2/docs/what's-new/ ."}},"addon":{"version":"1.13.5","url":"https://cdn.freshdev.io/assets/fdk/addons/addon.zip"}},"last_updated":{"time_stamp":1692165748434}}[0m
2023-08-16 18:45:11.035 +0530 [debug] ([34mupdater.js[0m) [31mlast check less than 24 hours ago, not looking for updates[0m
2023-08-16 18:45:11.038 +0530 [debug] ([34mindex.js[0m) [31mrunning with opts {}[0m
2023-08-16 18:45:11.216 +0530 [debug] ([34mmanifest.js[0m) [31mReloading manifest with {"platform-version":"2.2","product":{"freshdesk":{"events":{"onTicketCreate":{"handler":"onTicketCreateHandler"}}}},"whitelisted-domains":["https://app.asana.com"]}.[0m
2023-08-16 18:45:11.217 +0530 [debug] ([34mmanifest.js[0m) [31mInferred db,backend,oauth as features.[0m
2023-08-16 18:45:11.219 +0530 [debug] ([34mdata.js[0m) [31mRead {"version_details":{"cli":{"deprecated":{"version":"<9","message":"This FDK version will be deprecated by September 30, 2023 There will be no further feature updates to this version. For a seamless app building experience, ensure to move to the latest FDK version. For more information, see https://developers.freshdesk.com/v2/docs/migration-overview/#latest_platform_version_migration."},"forced":{"version":"7.0.0","command":"npm install https://dl.freshdev.io/cli/fdk-7.0.0.tgz -g","message":"Your FDK version has been forced updated to v7.0.0, please visit https://community.developers.freshworks.com/t/fdk-v7-0-announcing-node-js-v12-and-es6-support/3606 to know more"},"latest":{"version":"9.0.4","command":"npm install https://cdn.freshdev.io/fdk/latest.tgz -g","message":"You are on the latest FDK version. For information on the features available as part of this FDK version, see https://developers.freshdesk.com/v2/docs/what's-new/ ."}},"addon":{"version":"1.13.5","url":"https://cdn.freshdev.io/assets/fdk/addons/addon.zip"}},"last_updated":{"time_stamp":1692165748434}}[0m
2023-08-16 18:45:11.236 +0530 [debug] ([34mdata.js[0m) [31mRead {"version_details":{"cli":{"deprecated":{"version":"<9","message":"This FDK version will be deprecated by September 30, 2023 There will be no further feature updates to this version. For a seamless app building experience, ensure to move to the latest FDK version. For more information, see https://developers.freshdesk.com/v2/docs/migration-overview/#latest_platform_version_migration."},"forced":{"version":"7.0.0","command":"npm install https://dl.freshdev.io/cli/fdk-7.0.0.tgz -g","message":"Your FDK version has been forced updated to v7.0.0, please visit https://community.developers.freshworks.com/t/fdk-v7-0-announcing-node-js-v12-and-es6-support/3606 to know more"},"latest":{"version":"9.0.4","command":"npm install https://cdn.freshdev.io/fdk/latest.tgz -g","message":"You are on the latest FDK version. For information on the features available as part of this FDK version, see https://developers.freshdesk.com/v2/docs/what's-new/ ."}},"addon":{"version":"1.13.5","url":"https://cdn.freshdev.io/assets/fdk/addons/addon.zip"}},"last_updated":{"time_stamp":1692165748434}}[0m
2023-08-16 18:45:11.420 +0530 [debug] ([34mfile.js[0m) [31mError while requiring C:\Users\Hariharan\Documents\freshdeskOAuthSamples/.report.json: Cannot find module 'C:\Users\Hariharan\Documents\freshdeskOAuthSamples/.report.json'
Require stack:
- C:\Users\Hariharan\AppData\Roaming\npm\node_modules\fdk\lib\utils\file.js
- C:\Users\Hariharan\AppData\Roaming\npm\node_modules\fdk\lib\configs.js
- C:\Users\Hariharan\AppData\Roaming\npm\node_modules\fdk\lib\logger.js
- C:\Users\Hariharan\AppData\Roaming\npm\node_modules\fdk\index.js[0m
2023-08-16 18:45:12.114 +0530 [debug] ([34mdata.js[0m) [31mRead {"version_details":{"cli":{"deprecated":{"version":"<9","message":"This FDK version will be deprecated by September 30, 2023 There will be no further feature updates to this version. For a seamless app building experience, ensure to move to the latest FDK version. For more information, see https://developers.freshdesk.com/v2/docs/migration-overview/#latest_platform_version_migration."},"forced":{"version":"7.0.0","command":"npm install https://dl.freshdev.io/cli/fdk-7.0.0.tgz -g","message":"Your FDK version has been forced updated to v7.0.0, please visit https://community.developers.freshworks.com/t/fdk-v7-0-announcing-node-js-v12-and-es6-support/3606 to know more"},"latest":{"version":"9.0.4","command":"npm install https://cdn.freshdev.io/fdk/latest.tgz -g","message":"You are on the latest FDK version. For information on the features available as part of this FDK version, see https://developers.freshdesk.com/v2/docs/what's-new/ ."}},"addon":{"version":"1.13.5","url":"https://cdn.freshdev.io/assets/fdk/addons/addon.zip"}},"last_updated":{"time_stamp":1692165748434}}[0m
2023-08-16 18:45:12.890 +0530 [debug] ([34mvalidate.js[0m) [31masked to skip the following validations, [0m
2023-08-16 18:45:12.890 +0530 [debug] ([34mvalidate.js[0m) [31mrunning validator actions[0m
2023-08-16 18:45:12.890 +0530 [debug] ([34mvalidate.js[0m) [31mrunning validator requests[0m
2023-08-16 18:45:12.890 +0530 [debug] ([34mvalidate.js[0m) [31mrunning validator app-dir[0m
2023-08-16 18:45:12.891 +0530 [debug] ([34mvalidate.js[0m) [31mrunning validator config-dir[0m
2023-08-16 18:45:12.891 +0530 [debug] ([34mconfig-dir.js[0m) [31mChecking to see if C:\Users\Hariharan\Documents\freshdeskOAuthSamples/config/ exists.[0m
2023-08-16 18:45:12.891 +0530 [debug] ([34mconfig-dir.js[0m) [31mFetched the following config files iparams.html,oauth_config.json[0m
2023-08-16 18:45:12.891 +0530 [debug] ([34mvalidate.js[0m) [31mrunning validator custom-objects[0m
2023-08-16 18:45:12.891 +0530 [debug] ([34mvalidate.js[0m) [31mrunning validator event[0m
2023-08-16 18:45:12.897 +0530 [debug] ([34mevent.js[0m) [31mFound ["onTicketCreateHandler"] as exported functions.[0m
2023-08-16 18:45:12.898 +0530 [debug] ([34mvalidate.js[0m) [31mrunning validator iparam[0m
2023-08-16 18:45:12.908 +0530 [debug] ([34mvalidate.js[0m) [31mrunning validator lint[0m
2023-08-16 18:45:12.908 +0530 [debug] ([34mlint.js[0m) [31mpassed fix flag: undefined[0m
2023-08-16 18:45:12.909 +0530 [debug] ([34mlint.js[0m) [31mRunning the following lints on the file server\server.js : no-caller,no-process-env,complexity,max-nested-callbacks,handle-callback-err,no-eval,no-alert,no-debugger,no-unreachable,no-unhandled-promise,no-logging-rejections,no-non-client-request-model,no-deprecated-apis,no-proxy-requests,no-dependency-mismatch,no-empty-function,no-unused-vars[0m
2023-08-16 18:45:12.933 +0530 [debug] ([34mvalidate.js[0m) [31mrunning validator manifest[0m
2023-08-16 18:45:12.933 +0530 [debug] ([34mvalidate.js[0m) [31mskipping validator manifest-dependency[0m
2023-08-16 18:45:12.934 +0530 [debug] ([34mvalidate.js[0m) [31mrunning validator oauth[0m
2023-08-16 18:45:12.934 +0530 [debug] ([34mvalidate.js[0m) [31mskipping validator pkgsize[0m
2023-08-16 18:45:12.934 +0530 [debug] ([34mvalidate.js[0m) [31mrunning validator schema[0m
2023-08-16 18:45:12.934 +0530 [debug] ([34mvalidate.js[0m) [31mrunning validator version-check[0m
2023-08-16 18:45:12.935 +0530 [warn] [33m[WARN][0m App was developed in Node.js runtime 10 or below, and is currently being executed in v18.16.1
2023-08-16 18:46:19.908 +0530 [warn] Please ensure that the following are addressed for quick review process:
2023-08-17 12:04:02.150 +0530 [debug] ([34mconfigs.js[0m) [31mloaded default configs as "{"updates":{"manifest_url":"https://cdn.freshdev.io/assets/fdk/updates.json","period":24},"log":{"level":"info"},"javascript":{"ecma_version":2020},"request":{"timeout":5000}}"[0m
2023-08-17 12:04:02.152 +0530 [debug] ([34mfile.js[0m) [31mError while requiring C:\Users\Hariharan/.fdk/configs.json: Cannot find module 'C:\Users\Hariharan/.fdk/configs.json'
Require stack:
- C:\Users\Hariharan\AppData\Roaming\npm\node_modules\fdk\lib\utils\file.js
- C:\Users\Hariharan\AppData\Roaming\npm\node_modules\fdk\lib\configs.js
- C:\Users\Hariharan\AppData\Roaming\npm\node_modules\fdk\lib\logger.js
- C:\Users\Hariharan\AppData\Roaming\npm\node_modules\fdk\index.js[0m
2023-08-17 12:04:02.152 +0530 [debug] ([34mconfigs.js[0m) [31mloaded global configs as "{}"[0m
2023-08-17 12:04:02.152 +0530 [debug] ([34mfile.js[0m) [31mError while requiring C:\Users\Hariharan\Documents\freshdeskOAuthSamples/.fdk/configs.json: Cannot find module 'C:\Users\Hariharan\Documents\freshdeskOAuthSamples/.fdk/configs.json'
Require stack:
- C:\Users\Hariharan\AppData\Roaming\npm\node_modules\fdk\lib\utils\file.js
- C:\Users\Hariharan\AppData\Roaming\npm\node_modules\fdk\lib\configs.js
- C:\Users\Hariharan\AppData\Roaming\npm\node_modules\fdk\lib\logger.js
- C:\Users\Hariharan\AppData\Roaming\npm\node_modules\fdk\index.js[0m
2023-08-17 12:04:02.152 +0530 [debug] ([34mconfigs.js[0m) [31mloaded local configs as "{}"[0m
2023-08-17 12:04:02.152 +0530 [debug] ([34mconfigs.js[0m) [31mloaded env configs as "{"updates":{},"log":{},"javascript":{},"request":{"timeout":5000}}"[0m
2023-08-17 12:04:02.152 +0530 [debug] ([34mconfigs.js[0m) [31mloaded resolved configs as "{"updates":{"manifest_url":"https://cdn.freshdev.io/assets/fdk/updates.json","period":24},"log":{"level":"info"},"javascript":{"ecma_version":2020},"request":{"timeout":5000}}"[0m
2023-08-17 12:04:02.152 +0530 [debug] ([34mlogger.js[0m) [31mStarting FDK in node v18.16.1 on win32[0m
2023-08-17 12:04:02.153 +0530 [debug] ([34msequelize.js[0m) [31msetting up sqilite at "C:\Users\Hariharan\Documents\freshdeskOAuthSamples/.fdk/store.sqlite"[0m
2023-08-17 12:04:02.153 +0530 [debug] ([34mdata.js[0m) [31mRead {"version_details":{"cli":{"deprecated":{"version":"<9","message":"This FDK version will be deprecated by September 30, 2023 There will be no further feature updates to this version. For a seamless app building experience, ensure to move to the latest FDK version. For more information, see https://developers.freshdesk.com/v2/docs/migration-overview/#latest_platform_version_migration."},"forced":{"version":"7.0.0","command":"npm install https://dl.freshdev.io/cli/fdk-7.0.0.tgz -g","message":"Your FDK version has been forced updated to v7.0.0, please visit https://community.developers.freshworks.com/t/fdk-v7-0-announcing-node-js-v12-and-es6-support/3606 to know more"},"latest":{"version":"9.0.4","command":"npm install https://cdn.freshdev.io/fdk/latest.tgz -g","message":"You are on the latest FDK version. For information on the features available as part of this FDK version, see https://developers.freshdesk.com/v2/docs/what's-new/ ."}},"addon":{"version":"1.13.5","url":"https://cdn.freshdev.io/assets/fdk/addons/addon.zip"}},"last_updated":{"time_stamp":1692165748434}}[0m
2023-08-17 12:04:02.153 +0530 [debug] ([34mupdater.js[0m) [31mlast check more than 24 hours ago, looking for updates again[0m
2023-08-17 12:04:02.374 +0530 [debug] ([34mupdater.js[0m) [31mdownloaded update manifest as {"cli":{"deprecated":{"version":"<9","message":"This FDK version will be deprecated by September 30, 2023 There will be no further feature updates to this version. For a seamless app building experience, ensure to move to the latest FDK version. For more information, see https://developers.freshdesk.com/v2/docs/migration-overview/#latest_platform_version_migration."},"forced":{"version":"7.0.0","command":"npm install https://dl.freshdev.io/cli/fdk-7.0.0.tgz -g","message":"Your FDK version has been forced updated to v7.0.0, please visit https://community.developers.freshworks.com/t/fdk-v7-0-announcing-node-js-v12-and-es6-support/3606 to know more"},"latest":{"version":"9.0.4","command":"npm install https://cdn.freshdev.io/fdk/latest.tgz -g","message":"You are on the latest FDK version. For information on the features available as part of this FDK version, see https://developers.freshdesk.com/v2/docs/what's-new/ ."}},"addon":{"version":"1.13.5","url":"https://cdn.freshdev.io/assets/fdk/addons/addon.zip"}}[0m
2023-08-17 12:04:02.375 +0530 [debug] ([34mdata.js[0m) [31mRead {"version_details":{"cli":{"deprecated":{"version":"<9","message":"This FDK version will be deprecated by September 30, 2023 There will be no further feature updates to this version. For a seamless app building experience, ensure to move to the latest FDK version. For more information, see https://developers.freshdesk.com/v2/docs/migration-overview/#latest_platform_version_migration."},"forced":{"version":"7.0.0","command":"npm install https://dl.freshdev.io/cli/fdk-7.0.0.tgz -g","message":"Your FDK version has been forced updated to v7.0.0, please visit https://community.developers.freshworks.com/t/fdk-v7-0-announcing-node-js-v12-and-es6-support/3606 to know more"},"latest":{"version":"9.0.4","command":"npm install https://cdn.freshdev.io/fdk/latest.tgz -g","message":"You are on the latest FDK version. For information on the features available as part of this FDK version, see https://developers.freshdesk.com/v2/docs/what's-new/ ."}},"addon":{"version":"1.13.5","url":"https://cdn.freshdev.io/assets/fdk/addons/addon.zip"}},"last_updated":{"time_stamp":1692165748434}}[0m
2023-08-17 12:04:02.376 +0530 [debug] ([34mdata.js[0m) [31mRead {"version_details":{"cli":{"deprecated":{"version":"<9","message":"This FDK version will be deprecated by September 30, 2023 There will be no further feature updates to this version. For a seamless app building experience, ensure to move to the latest FDK version. For more information, see https://developers.freshdesk.com/v2/docs/migration-overview/#latest_platform_version_migration."},"forced":{"version":"7.0.0","command":"npm install https://dl.freshdev.io/cli/fdk-7.0.0.tgz -g","message":"Your FDK version has been forced updated to v7.0.0, please visit https://community.developers.freshworks.com/t/fdk-v7-0-announcing-node-js-v12-and-es6-support/3606 to know more"},"latest":{"version":"9.0.4","command":"npm install https://cdn.freshdev.io/fdk/latest.tgz -g","message":"You are on the latest FDK version. For information on the features available as part of this FDK version, see https://developers.freshdesk.com/v2/docs/what's-new/ ."}},"addon":{"version":"1.13.5","url":"https://cdn.freshdev.io/assets/fdk/addons/addon.zip"}},"last_updated":{"time_stamp":1692165748434}}[0m
2023-08-17 12:04:02.377 +0530 [debug] ([34mdata.js[0m) [31mRead {"version_details":{"cli":{"deprecated":{"version":"<9","message":"This FDK version will be deprecated by September 30, 2023 There will be no further feature updates to this version. For a seamless app building experience, ensure to move to the latest FDK version. For more information, see https://developers.freshdesk.com/v2/docs/migration-overview/#latest_platform_version_migration."},"forced":{"version":"7.0.0","command":"npm install https://dl.freshdev.io/cli/fdk-7.0.0.tgz -g","message":"Your FDK version has been forced updated to v7.0.0, please visit https://community.developers.freshworks.com/t/fdk-v7-0-announcing-node-js-v12-and-es6-support/3606 to know more"},"latest":{"version":"9.0.4","command":"npm install https://cdn.freshdev.io/fdk/latest.tgz -g","message":"You are on the latest FDK version. For information on the features available as part of this FDK version, see https://developers.freshdesk.com/v2/docs/what's-new/ ."}},"addon":{"version":"1.13.5","url":"https://cdn.freshdev.io/assets/fdk/addons/addon.zip"}},"last_updated":{"time_stamp":1692165748434}}[0m
2023-08-17 12:04:05.851 +0530 [debug] ([34mupdater.js[0m) [31muser responded to update prompt with "false"[0m
2023-08-18 13:01:40.145 +0530 [debug] ([34mconfigs.js[0m) [31mloaded default configs as "{"updates":{"manifest_url":"https://cdn.freshdev.io/assets/fdk/updates.json","period":24},"log":{"level":"info"},"javascript":{"ecma_version":2020},"request":{"timeout":5000}}"[0m
2023-08-18 13:01:40.147 +0530 [debug] ([34mfile.js[0m) [31mError while requiring C:\Users\Hariharan/.fdk/configs.json: Cannot find module 'C:\Users\Hariharan/.fdk/configs.json'
Require stack:
- C:\Users\Hariharan\AppData\Roaming\npm\node_modules\fdk\lib\utils\file.js
- C:\Users\Hariharan\AppData\Roaming\npm\node_modules\fdk\lib\configs.js
- C:\Users\Hariharan\AppData\Roaming\npm\node_modules\fdk\lib\logger.js
- C:\Users\Hariharan\AppData\Roaming\npm\node_modules\fdk\index.js[0m
2023-08-18 13:01:40.147 +0530 [debug] ([34mconfigs.js[0m) [31mloaded global configs as "{}"[0m
2023-08-18 13:01:40.147 +0530 [debug] ([34mfile.js[0m) [31mError while requiring C:\Users\Hariharan\Documents\freshdeskOAuthSamples/.fdk/configs.json: Cannot find module 'C:\Users\Hariharan\Documents\freshdeskOAuthSamples/.fdk/configs.json'
Require stack:
- C:\Users\Hariharan\AppData\Roaming\npm\node_modules\fdk\lib\utils\file.js
- C:\Users\Hariharan\AppData\Roaming\npm\node_modules\fdk\lib\configs.js
- C:\Users\Hariharan\AppData\Roaming\npm\node_modules\fdk\lib\logger.js
- C:\Users\Hariharan\AppData\Roaming\npm\node_modules\fdk\index.js[0m
2023-08-18 13:01:40.147 +0530 [debug] ([34mconfigs.js[0m) [31mloaded local configs as "{}"[0m
2023-08-18 13:01:40.147 +0530 [debug] ([34mconfigs.js[0m) [31mloaded env configs as "{"updates":{},"log":{},"javascript":{},"request":{"timeout":5000}}"[0m
2023-08-18 13:01:40.147 +0530 [debug] ([34mconfigs.js[0m) [31mloaded resolved configs as "{"updates":{"manifest_url":"https://cdn.freshdev.io/assets/fdk/updates.json","period":24},"log":{"level":"info"},"javascript":{"ecma_version":2020},"request":{"timeout":5000}}"[0m
2023-08-18 13:01:40.147 +0530 [debug] ([34mlogger.js[0m) [31mStarting FDK in node v18.16.1 on win32[0m
2023-08-18 13:01:40.147 +0530 [debug] ([34msequelize.js[0m) [31msetting up sqilite at "C:\Users\Hariharan\Documents\freshdeskOAuthSamples/.fdk/store.sqlite"[0m
2023-08-18 13:01:40.148 +0530 [debug] ([34mdata.js[0m) [31mRead {"version_details":{"cli":{"deprecated":{"version":"<9","message":"This FDK version will be deprecated by September 30, 2023 There will be no further feature updates to this version. For a seamless app building experience, ensure to move to the latest FDK version. For more information, see https://developers.freshdesk.com/v2/docs/migration-overview/#latest_platform_version_migration."},"forced":{"version":"7.0.0","command":"npm install https://dl.freshdev.io/cli/fdk-7.0.0.tgz -g","message":"Your FDK version has been forced updated to v7.0.0, please visit https://community.developers.freshworks.com/t/fdk-v7-0-announcing-node-js-v12-and-es6-support/3606 to know more"},"latest":{"version":"9.0.4","command":"npm install https://cdn.freshdev.io/fdk/latest.tgz -g","message":"You are on the latest FDK version. For information on the features available as part of this FDK version, see https://developers.freshdesk.com/v2/docs/what's-new/ ."}},"addon":{"version":"1.13.5","url":"https://cdn.freshdev.io/assets/fdk/addons/addon.zip"}},"last_updated":{"time_stamp":1692342171511}}[0m
2023-08-18 13:01:40.148 +0530 [debug] ([34mupdater.js[0m) [31mlast check less than 24 hours ago, not looking for updates[0m
2023-08-18 13:01:40.151 +0530 [debug] ([34mindex.js[0m) [31mrunning with opts {}[0m
2023-08-18 13:01:40.330 +0530 [debug] ([34mmanifest.js[0m) [31mReloading manifest with {"platform-version":"2.3","product":{"freshdesk":{"events":{"onTicketCreate":{"handler":"onTicketCreateHandler"}}}},"requests":{"createTicket":{}},"engines":{"node":"18.16.1","fdk":"9.0.3"}}.[0m
2023-08-18 13:01:40.331 +0530 [debug] ([34mmanifest.js[0m) [31mInferred db,backend,oauth as features.[0m
2023-08-18 13:01:40.333 +0530 [debug] ([34mdata.js[0m) [31mRead {"version_details":{"cli":{"deprecated":{"version":"<9","message":"This FDK version will be deprecated by September 30, 2023 There will be no further feature updates to this version. For a seamless app building experience, ensure to move to the latest FDK version. For more information, see https://developers.freshdesk.com/v2/docs/migration-overview/#latest_platform_version_migration."},"forced":{"version":"7.0.0","command":"npm install https://dl.freshdev.io/cli/fdk-7.0.0.tgz -g","message":"Your FDK version has been forced updated to v7.0.0, please visit https://community.developers.freshworks.com/t/fdk-v7-0-announcing-node-js-v12-and-es6-support/3606 to know more"},"latest":{"version":"9.0.4","command":"npm install https://cdn.freshdev.io/fdk/latest.tgz -g","message":"You are on the latest FDK version. For information on the features available as part of this FDK version, see https://developers.freshdesk.com/v2/docs/what's-new/ ."}},"addon":{"version":"1.13.5","url":"https://cdn.freshdev.io/assets/fdk/addons/addon.zip"}},"last_updated":{"time_stamp":1692342171511}}[0m
2023-08-18 13:01:40.349 +0530 [debug] ([34mdata.js[0m) [31mRead {"version_details":{"cli":{"deprecated":{"version":"<9","message":"This FDK version will be deprecated by September 30, 2023 There will be no further feature updates to this version. For a seamless app building experience, ensure to move to the latest FDK version. For more information, see https://developers.freshdesk.com/v2/docs/migration-overview/#latest_platform_version_migration."},"forced":{"version":"7.0.0","command":"npm install https://dl.freshdev.io/cli/fdk-7.0.0.tgz -g","message":"Your FDK version has been forced updated to v7.0.0, please visit https://community.developers.freshworks.com/t/fdk-v7-0-announcing-node-js-v12-and-es6-support/3606 to know more"},"latest":{"version":"9.0.4","command":"npm install https://cdn.freshdev.io/fdk/latest.tgz -g","message":"You are on the latest FDK version. For information on the features available as part of this FDK version, see https://developers.freshdesk.com/v2/docs/what's-new/ ."}},"addon":{"version":"1.13.5","url":"https://cdn.freshdev.io/assets/fdk/addons/addon.zip"}},"last_updated":{"time_stamp":1692342171511}}[0m
2023-08-18 13:01:41.231 +0530 [debug] ([34mdata.js[0m) [31mRead {"version_details":{"cli":{"deprecated":{"version":"<9","message":"This FDK version will be deprecated by September 30, 2023 There will be no further feature updates to this version. For a seamless app building experience, ensure to move to the latest FDK version. For more information, see https://developers.freshdesk.com/v2/docs/migration-overview/#latest_platform_version_migration."},"forced":{"version":"7.0.0","command":"npm install https://dl.freshdev.io/cli/fdk-7.0.0.tgz -g","message":"Your FDK version has been forced updated to v7.0.0, please visit https://community.developers.freshworks.com/t/fdk-v7-0-announcing-node-js-v12-and-es6-support/3606 to know more"},"latest":{"version":"9.0.4","command":"npm install https://cdn.freshdev.io/fdk/latest.tgz -g","message":"You are on the latest FDK version. For information on the features available as part of this FDK version, see https://developers.freshdesk.com/v2/docs/what's-new/ ."}},"addon":{"version":"1.13.5","url":"https://cdn.freshdev.io/assets/fdk/addons/addon.zip"}},"last_updated":{"time_stamp":1692342171511}}[0m
2023-08-18 13:01:42.061 +0530 [debug] ([34mvalidate.js[0m) [31masked to skip the following validations, [0m
2023-08-18 13:01:42.061 +0530 [debug] ([34mvalidate.js[0m) [31mrunning validator actions[0m
2023-08-18 13:01:42.061 +0530 [debug] ([34mvalidate.js[0m) [31mrunning validator requests[0m
2023-08-18 13:01:42.061 +0530 [debug] ([34mrequests.js[0m) [31mvalidating request template for "createTicket"[0m
2023-08-18 13:01:42.062 +0530 [debug] ([34mvalidate.js[0m) [31mrunning validator app-dir[0m
2023-08-18 13:01:42.062 +0530 [debug] ([34mvalidate.js[0m) [31mrunning validator config-dir[0m
2023-08-18 13:01:42.062 +0530 [debug] ([34mconfig-dir.js[0m) [31mChecking to see if C:\Users\Hariharan\Documents\freshdeskOAuthSamples/config/ exists.[0m
2023-08-18 13:01:42.062 +0530 [debug] ([34mconfig-dir.js[0m) [31mFetched the following config files iparams.html,oauth_config.json,requests.json[0m
2023-08-18 13:01:42.062 +0530 [debug] ([34mvalidate.js[0m) [31mrunning validator custom-objects[0m
2023-08-18 13:01:42.062 +0530 [debug] ([34mvalidate.js[0m) [31mrunning validator event[0m
2023-08-18 13:01:42.068 +0530 [debug] ([34mevent.js[0m) [31mFound ["onTicketCreateHandler"] as exported functions.[0m
2023-08-18 13:01:42.069 +0530 [debug] ([34mvalidate.js[0m) [31mrunning validator iparam[0m
2023-08-18 13:01:42.079 +0530 [debug] ([34mvalidate.js[0m) [31mrunning validator lint[0m
2023-08-18 13:01:42.080 +0530 [debug] ([34mlint.js[0m) [31mpassed fix flag: undefined[0m
2023-08-18 13:01:42.081 +0530 [debug] ([34mlint.js[0m) [31mRunning the following lints on the file server\server.js : no-caller,no-process-env,complexity,max-nested-callbacks,handle-callback-err,no-eval,no-alert,no-debugger,no-unreachable,no-unhandled-promise,no-logging-rejections,no-non-client-request-model,no-deprecated-apis,no-proxy-requests,no-dependency-mismatch,no-empty-function,no-unused-vars[0m
2023-08-18 13:01:42.106 +0530 [debug] ([34mvalidate.js[0m) [31mrunning validator manifest[0m
2023-08-18 13:01:42.106 +0530 [debug] ([34mvalidate.js[0m) [31mskipping validator manifest-dependency[0m
2023-08-18 13:01:42.106 +0530 [debug] ([34mvalidate.js[0m) [31mrunning validator oauth[0m
2023-08-18 13:01:42.107 +0530 [debug] ([34mvalidate.js[0m) [31mskipping validator pkgsize[0m
2023-08-18 13:01:42.107 +0530 [debug] ([34mvalidate.js[0m) [31mrunning validator schema[0m
2023-08-18 13:01:42.107 +0530 [debug] ([34mvalidate.js[0m) [31mrunning validator version-check[0m
2023-08-18 13:01:42.110 +0530 [warn] Please ensure that the following are addressed for quick review process:
2023-08-18 13:01:42.111 +0530 [warn] [33m‼[39m request template 'createTicket' is declared but not associated with any product
2023-08-18 13:01:42.111 +0530 [error] 
2023-08-18 13:01:42.112 +0530 [debug] ([34mwatcher.js[0m) [31mPreparing to watch the following files ./config,./manifest.json[0m
2023-08-18 13:01:42.119 +0530 [debug] ([34minstall.js[0m) [31mdependency installer called with {}[0m
2023-08-18 13:01:42.120 +0530 [debug] ([34mdata.js[0m) [31mRead {}[0m
2023-08-18 13:01:42.121 +0530 [debug] ([34mcustom-objects.js[0m) [31mto force or not? undefined[0m
2023-08-18 13:01:42.121 +0530 [debug] ([34mcustom-objects.js[0m) [31mbeginning to re-sync db[0m
2023-08-18 13:01:42.320 +0530 [debug] ([34mindex.js[0m) [31mloading model at "C:\Users\Hariharan\AppData\Roaming\npm\node_modules\fdk\lib\models\bigint-pivot.js"[0m
2023-08-18 13:01:42.322 +0530 [debug] ([34mindex.js[0m) [31mloading model at "C:\Users\Hariharan\AppData\Roaming\npm\node_modules\fdk\lib\models\entity-field-choice.js"[0m
2023-08-18 13:01:42.323 +0530 [debug] ([34mindex.js[0m) [31mloading model at "C:\Users\Hariharan\AppData\Roaming\npm\node_modules\fdk\lib\models\entity-field.js"[0m
2023-08-18 13:01:42.323 +0530 [debug] ([34mindex.js[0m) [31mloading model at "C:\Users\Hariharan\AppData\Roaming\npm\node_modules\fdk\lib\models\entity.js"[0m
2023-08-18 13:01:42.324 +0530 [debug] ([34mindex.js[0m) [31mloading model at "C:\Users\Hariharan\AppData\Roaming\npm\node_modules\fdk\lib\models\record.js"[0m
2023-08-18 13:01:42.325 +0530 [debug] ([34mindex.js[0m) [31mloading model at "C:\Users\Hariharan\AppData\Roaming\npm\node_modules\fdk\lib\models\string-pivot.js"[0m
2023-08-18 13:01:42.338 +0530 [debug] ([34mdata.js[0m) [31mRead {}[0m
2023-08-18 13:01:42.338 +0530 [debug] ([34mcustom-objects.js[0m) [31mupdated local store with latest entity hash[0m
2023-08-18 13:01:42.339 +0530 [info] Starting local testing server at http://*:10001/    
Append 'dev=true' to your Freshdesk account URL to start testing    
e.g. https://domain.freshdesk.com/a/tickets/1?dev=true    
Quit the server with Control-C.
2023-08-18 13:01:42.340 +0530 [info] 
To simulate product, app setup, and external events, visit - http://localhost:10001/web/test
2023-08-18 13:01:42.340 +0530 [info] Populating test data with events found in the app
2023-08-18 13:01:42.341 +0530 [info] To test the installation page, visit - http://localhost:10001/custom_configs
2023-08-18 13:02:09.506 +0530 [debug] ([34mmanifest.js[0m) [31mReloading manifest with {"platform-version":"2.3","product":{"freshdesk":{"events":{"onTicketCreate":{"handler":"onTicketCreateHandler"}}}},"requests":{"createTicket":{}},"engines":{"node":"18.16.1","fdk":"9.0.3"}}.[0m
2023-08-18 13:02:09.507 +0530 [debug] ([34mmanifest.js[0m) [31mInferred db,backend,oauth as features.[0m
2023-08-18 13:02:09.510 +0530 [debug] ([34mwatcher.js[0m) [31mBroadcasted "{"file":"manifest.json"}" to all listeners.[0m
2023-08-18 13:02:09.542 +0530 [debug] ([34miframe.js[0m) [31mResponding with contents of /index.html[0m
2023-08-18 13:02:27.912 +0530 [debug] ([34mdata.js[0m) [31mRead {}[0m
2023-08-18 13:02:27.914 +0530 [debug] ([34mdata.js[0m) [31mRead {}[0m
2023-08-18 13:02:27.916 +0530 [debug] ([34mdata.js[0m) [31mRead {}[0m
2023-08-18 13:02:27.916 +0530 [debug] ([34miframe.js[0m) [31mResponding to product with {"configs":{},"displayName":"freshdeskOAuthSamples","product":{"freshdesk":{"events":{"onTicketCreate":{"handler":"onTicketCreateHandler"}}}},"features":["db","backend","oauth"],"actions":false,"omni":false,"products":["freshdesk"],"platform":"2.3","isInstall":true,"isAuthorized":false,"v2":[]}[0m
2023-08-18 13:02:28.393 +0530 [debug] ([34mdata.js[0m) [31mRead {}[0m
2023-08-18 13:02:28.395 +0530 [debug] ([34mdata.js[0m) [31mRead {}[0m
2023-08-18 13:02:28.396 +0530 [debug] ([34mdata.js[0m) [31mRead {}[0m
2023-08-18 13:02:28.396 +0530 [debug] ([34miframe.js[0m) [31mResponding to product with {"configs":{},"displayName":"freshdeskOAuthSamples","product":{"freshdesk":{"events":{"onTicketCreate":{"handler":"onTicketCreateHandler"}}}},"features":["db","backend","oauth"],"actions":false,"omni":false,"products":["freshdesk"],"platform":"2.3","isInstall":true,"isAuthorized":false,"v2":[]}[0m
2023-08-18 13:02:28.888 +0530 [debug] ([34mdata.js[0m) [31mRead {}[0m
2023-08-18 13:02:28.889 +0530 [debug] ([34mdata.js[0m) [31mRead {}[0m
2023-08-18 13:02:28.891 +0530 [debug] ([34mdata.js[0m) [31mRead {}[0m
2023-08-18 13:02:28.891 +0530 [debug] ([34miframe.js[0m) [31mResponding to product with {"configs":{},"displayName":"freshdeskOAuthSamples","product":{"freshdesk":{"events":{"onTicketCreate":{"handler":"onTicketCreateHandler"}}}},"features":["db","backend","oauth"],"actions":false,"omni":false,"products":["freshdesk"],"platform":"2.3","isInstall":true,"isAuthorized":false,"v2":[]}[0m
2023-08-18 13:02:33.197 +0530 [debug] ([34mdata.js[0m) [31mRead {}[0m
2023-08-18 13:02:33.199 +0530 [debug] ([34mdata.js[0m) [31mRead {}[0m
2023-08-18 13:02:33.199 +0530 [debug] ([34mdata.js[0m) [31mRead {}[0m
2023-08-18 13:02:33.200 +0530 [debug] ([34miframe.js[0m) [31mResponding to product with {"configs":{},"displayName":"freshdeskOAuthSamples","product":{"freshdesk":{"events":{"onTicketCreate":{"handler":"onTicketCreateHandler"}}}},"features":["db","backend","oauth"],"actions":false,"omni":false,"products":["freshdesk"],"platform":"2.3","isInstall":true,"isAuthorized":false,"v2":[]}[0m
2023-08-18 13:05:07.149 +0530 [debug] ([34mdata.js[0m) [31mRead {}[0m
2023-08-18 13:05:07.151 +0530 [debug] ([34mdata.js[0m) [31mRead {}[0m
2023-08-18 13:05:07.152 +0530 [debug] ([34mdata.js[0m) [31mRead {}[0m
2023-08-18 13:05:07.153 +0530 [debug] ([34miframe.js[0m) [31mResponding to product with {"configs":{},"displayName":"freshdeskOAuthSamples","product":{"freshdesk":{"events":{"onTicketCreate":{"handler":"onTicketCreateHandler"}}}},"features":["db","backend","oauth"],"actions":false,"omni":false,"products":["freshdesk"],"platform":"2.3","isInstall":true,"isAuthorized":false,"v2":[]}[0m
2023-08-18 13:05:08.055 +0530 [debug] ([34mdata.js[0m) [31mRead {}[0m
2023-08-18 13:05:08.056 +0530 [debug] ([34mdata.js[0m) [31mRead {}[0m
2023-08-18 13:05:08.057 +0530 [debug] ([34mdata.js[0m) [31mRead {}[0m
2023-08-18 13:05:08.058 +0530 [debug] ([34miframe.js[0m) [31mResponding to product with {"configs":{},"displayName":"freshdeskOAuthSamples","product":{"freshdesk":{"events":{"onTicketCreate":{"handler":"onTicketCreateHandler"}}}},"features":["db","backend","oauth"],"actions":false,"omni":false,"products":["freshdesk"],"platform":"2.3","isInstall":true,"isAuthorized":false,"v2":[]}[0m
2023-08-18 13:05:08.557 +0530 [debug] ([34mdata.js[0m) [31mRead {}[0m
2023-08-18 13:05:08.559 +0530 [debug] ([34mdata.js[0m) [31mRead {}[0m
2023-08-18 13:05:08.560 +0530 [debug] ([34mdata.js[0m) [31mRead {}[0m
2023-08-18 13:05:08.562 +0530 [debug] ([34miframe.js[0m) [31mResponding to product with {"configs":{},"displayName":"freshdeskOAuthSamples","product":{"freshdesk":{"events":{"onTicketCreate":{"handler":"onTicketCreateHandler"}}}},"features":["db","backend","oauth"],"actions":false,"omni":false,"products":["freshdesk"],"platform":"2.3","isInstall":true,"isAuthorized":false,"v2":[]}[0m
2023-08-18 13:05:09.036 +0530 [debug] ([34mdata.js[0m) [31mRead {}[0m
2023-08-18 13:05:09.037 +0530 [debug] ([34mdata.js[0m) [31mRead {}[0m
2023-08-18 13:05:09.038 +0530 [debug] ([34mdata.js[0m) [31mRead {}[0m
2023-08-18 13:05:09.038 +0530 [debug] ([34miframe.js[0m) [31mResponding to product with {"configs":{},"displayName":"freshdeskOAuthSamples","product":{"freshdesk":{"events":{"onTicketCreate":{"handler":"onTicketCreateHandler"}}}},"features":["db","backend","oauth"],"actions":false,"omni":false,"products":["freshdesk"],"platform":"2.3","isInstall":true,"isAuthorized":false,"v2":[]}[0m
2023-08-18 13:05:09.539 +0530 [debug] ([34mdata.js[0m) [31mRead {}[0m
2023-08-18 13:05:09.541 +0530 [debug] ([34mdata.js[0m) [31mRead {}[0m
2023-08-18 13:05:09.542 +0530 [debug] ([34mdata.js[0m) [31mRead {}[0m
2023-08-18 13:05:09.542 +0530 [debug] ([34miframe.js[0m) [31mResponding to product with {"configs":{},"displayName":"freshdeskOAuthSamples","product":{"freshdesk":{"events":{"onTicketCreate":{"handler":"onTicketCreateHandler"}}}},"features":["db","backend","oauth"],"actions":false,"omni":false,"products":["freshdesk"],"platform":"2.3","isInstall":true,"isAuthorized":false,"v2":[]}[0m
2023-08-18 13:05:10.011 +0530 [debug] ([34mdata.js[0m) [31mRead {}[0m
2023-08-18 13:05:10.012 +0530 [debug] ([34mdata.js[0m) [31mRead {}[0m
2023-08-18 13:05:10.013 +0530 [debug] ([34mdata.js[0m) [31mRead {}[0m
2023-08-18 13:05:10.013 +0530 [debug] ([34miframe.js[0m) [31mResponding to product with {"configs":{},"displayName":"freshdeskOAuthSamples","product":{"freshdesk":{"events":{"onTicketCreate":{"handler":"onTicketCreateHandler"}}}},"features":["db","backend","oauth"],"actions":false,"omni":false,"products":["freshdesk"],"platform":"2.3","isInstall":true,"isAuthorized":false,"v2":[]}[0m
2023-08-18 13:05:10.567 +0530 [debug] ([34mdata.js[0m) [31mRead {}[0m
2023-08-18 13:05:10.569 +0530 [debug] ([34mdata.js[0m) [31mRead {}[0m
2023-08-18 13:05:10.571 +0530 [debug] ([34mdata.js[0m) [31mRead {}[0m
2023-08-18 13:05:10.572 +0530 [debug] ([34miframe.js[0m) [31mResponding to product with {"configs":{},"displayName":"freshdeskOAuthSamples","product":{"freshdesk":{"events":{"onTicketCreate":{"handler":"onTicketCreateHandler"}}}},"features":["db","backend","oauth"],"actions":false,"omni":false,"products":["freshdesk"],"platform":"2.3","isInstall":true,"isAuthorized":false,"v2":[]}[0m
2023-08-18 13:05:11.040 +0530 [debug] ([34mdata.js[0m) [31mRead {}[0m
2023-08-18 13:05:11.041 +0530 [debug] ([34mdata.js[0m) [31mRead {}[0m
2023-08-18 13:05:11.042 +0530 [debug] ([34mdata.js[0m) [31mRead {}[0m
2023-08-18 13:05:11.042 +0530 [debug] ([34miframe.js[0m) [31mResponding to product with {"configs":{},"displayName":"freshdeskOAuthSamples","product":{"freshdesk":{"events":{"onTicketCreate":{"handler":"onTicketCreateHandler"}}}},"features":["db","backend","oauth"],"actions":false,"omni":false,"products":["freshdesk"],"platform":"2.3","isInstall":true,"isAuthorized":false,"v2":[]}[0m
2023-08-18 13:07:08.217 +0530 [debug] ([34mdata.js[0m) [31mRead {}[0m
2023-08-18 13:07:08.218 +0530 [debug] ([34mdata.js[0m) [31mRead {}[0m
2023-08-18 13:07:08.219 +0530 [debug] ([34mdata.js[0m) [31mRead {}[0m
2023-08-18 13:07:08.220 +0530 [debug] ([34miframe.js[0m) [31mResponding to product with {"configs":{},"displayName":"freshdeskOAuthSamples","product":{"freshdesk":{"events":{"onTicketCreate":{"handler":"onTicketCreateHandler"}}}},"features":["db","backend","oauth"],"actions":false,"omni":false,"products":["freshdesk"],"platform":"2.3","isInstall":true,"isAuthorized":false,"v2":[]}[0m
2023-08-18 13:07:09.063 +0530 [debug] ([34mdata.js[0m) [31mRead {}[0m
2023-08-18 13:07:09.065 +0530 [debug] ([34mdata.js[0m) [31mRead {}[0m
2023-08-18 13:07:09.066 +0530 [debug] ([34mdata.js[0m) [31mRead {}[0m
2023-08-18 13:07:09.066 +0530 [debug] ([34miframe.js[0m) [31mResponding to product with {"configs":{},"displayName":"freshdeskOAuthSamples","product":{"freshdesk":{"events":{"onTicketCreate":{"handler":"onTicketCreateHandler"}}}},"features":["db","backend","oauth"],"actions":false,"omni":false,"products":["freshdesk"],"platform":"2.3","isInstall":true,"isAuthorized":false,"v2":[]}[0m
2023-08-18 13:07:09.568 +0530 [debug] ([34mdata.js[0m) [31mRead {}[0m
2023-08-18 13:07:09.569 +0530 [debug] ([34mdata.js[0m) [31mRead {}[0m
2023-08-18 13:07:09.570 +0530 [debug] ([34mdata.js[0m) [31mRead {}[0m
2023-08-18 13:07:09.570 +0530 [debug] ([34miframe.js[0m) [31mResponding to product with {"configs":{},"displayName":"freshdeskOAuthSamples","product":{"freshdesk":{"events":{"onTicketCreate":{"handler":"onTicketCreateHandler"}}}},"features":["db","backend","oauth"],"actions":false,"omni":false,"products":["freshdesk"],"platform":"2.3","isInstall":true,"isAuthorized":false,"v2":[]}[0m
2023-08-18 13:07:10.033 +0530 [debug] ([34mdata.js[0m) [31mRead {}[0m
2023-08-18 13:07:10.035 +0530 [debug] ([34mdata.js[0m) [31mRead {}[0m
2023-08-18 13:07:10.035 +0530 [debug] ([34mdata.js[0m) [31mRead {}[0m
2023-08-18 13:07:10.036 +0530 [debug] ([34miframe.js[0m) [31mResponding to product with {"configs":{},"displayName":"freshdeskOAuthSamples","product":{"freshdesk":{"events":{"onTicketCreate":{"handler":"onTicketCreateHandler"}}}},"features":["db","backend","oauth"],"actions":false,"omni":false,"products":["freshdesk"],"platform":"2.3","isInstall":true,"isAuthorized":false,"v2":[]}[0m
2023-08-18 13:07:10.530 +0530 [debug] ([34mdata.js[0m) [31mRead {}[0m
2023-08-18 13:07:10.531 +0530 [debug] ([34mdata.js[0m) [31mRead {}[0m
2023-08-18 13:07:10.532 +0530 [debug] ([34mdata.js[0m) [31mRead {}[0m
2023-08-18 13:07:10.532 +0530 [debug] ([34miframe.js[0m) [31mResponding to product with {"configs":{},"displayName":"freshdeskOAuthSamples","product":{"freshdesk":{"events":{"onTicketCreate":{"handler":"onTicketCreateHandler"}}}},"features":["db","backend","oauth"],"actions":false,"omni":false,"products":["freshdesk"],"platform":"2.3","isInstall":true,"isAuthorized":false,"v2":[]}[0m
2023-08-18 13:07:11.001 +0530 [debug] ([34mdata.js[0m) [31mRead {}[0m
2023-08-18 13:07:11.002 +0530 [debug] ([34mdata.js[0m) [31mRead {}[0m
2023-08-18 13:07:11.002 +0530 [debug] ([34mdata.js[0m) [31mRead {}[0m
2023-08-18 13:07:11.003 +0530 [debug] ([34miframe.js[0m) [31mResponding to product with {"configs":{},"displayName":"freshdeskOAuthSamples","product":{"freshdesk":{"events":{"onTicketCreate":{"handler":"onTicketCreateHandler"}}}},"features":["db","backend","oauth"],"actions":false,"omni":false,"products":["freshdesk"],"platform":"2.3","isInstall":true,"isAuthorized":false,"v2":[]}[0m
2023-08-18 13:07:11.471 +0530 [debug] ([34mdata.js[0m) [31mRead {}[0m
2023-08-18 13:07:11.472 +0530 [debug] ([34mdata.js[0m) [31mRead {}[0m
2023-08-18 13:07:11.473 +0530 [debug] ([34mdata.js[0m) [31mRead {}[0m
2023-08-18 13:07:11.473 +0530 [debug] ([34miframe.js[0m) [31mResponding to product with {"configs":{},"displayName":"freshdeskOAuthSamples","product":{"freshdesk":{"events":{"onTicketCreate":{"handler":"onTicketCreateHandler"}}}},"features":["db","backend","oauth"],"actions":false,"omni":false,"products":["freshdesk"],"platform":"2.3","isInstall":true,"isAuthorized":false,"v2":[]}[0m
2023-08-18 13:07:11.937 +0530 [debug] ([34mdata.js[0m) [31mRead {}[0m
2023-08-18 13:07:11.938 +0530 [debug] ([34mdata.js[0m) [31mRead {}[0m
2023-08-18 13:07:11.939 +0530 [debug] ([34mdata.js[0m) [31mRead {}[0m
2023-08-18 13:07:11.939 +0530 [debug] ([34miframe.js[0m) [31mResponding to product with {"configs":{},"displayName":"freshdeskOAuthSamples","product":{"freshdesk":{"events":{"onTicketCreate":{"handler":"onTicketCreateHandler"}}}},"features":["db","backend","oauth"],"actions":false,"omni":false,"products":["freshdesk"],"platform":"2.3","isInstall":true,"isAuthorized":false,"v2":[]}[0m
