2023-08-16 11:32:28.201 +0530 [debug] ([34mconfigs.js[0m) [31mloaded default configs as "{"updates":{"manifest_url":"https://cdn.freshdev.io/assets/fdk/updates.json","period":24},"log":{"level":"info"},"javascript":{"ecma_version":2020},"request":{"timeout":5000}}"[0m
2023-08-16 11:32:28.205 +0530 [debug] ([34mfile.js[0m) [31mError while requiring C:\Users\Hariharan/.fdk/configs.json: Cannot find module 'C:\Users\Hariharan/.fdk/configs.json'
Require stack:
- C:\Users\Hariharan\AppData\Roaming\npm\node_modules\fdk\lib\utils\file.js
- C:\Users\Hariharan\AppData\Roaming\npm\node_modules\fdk\lib\configs.js
- C:\Users\Hariharan\AppData\Roaming\npm\node_modules\fdk\lib\logger.js
- C:\Users\Hariharan\AppData\Roaming\npm\node_modules\fdk\index.js[0m
2023-08-16 11:32:28.205 +0530 [debug] ([34mconfigs.js[0m) [31mloaded global configs as "{}"[0m
2023-08-16 11:32:28.206 +0530 [debug] ([34mfile.js[0m) [31mError while requiring C:\Users\Hariharan\Documents\freshdeskInterfaceMethods/.fdk/configs.json: Cannot find module 'C:\Users\Hariharan\Documents\freshdeskInterfaceMethods/.fdk/configs.json'
Require stack:
- C:\Users\Hariharan\AppData\Roaming\npm\node_modules\fdk\lib\utils\file.js
- C:\Users\Hariharan\AppData\Roaming\npm\node_modules\fdk\lib\configs.js
- C:\Users\Hariharan\AppData\Roaming\npm\node_modules\fdk\lib\logger.js
- C:\Users\Hariharan\AppData\Roaming\npm\node_modules\fdk\index.js[0m
2023-08-16 11:32:28.206 +0530 [debug] ([34mconfigs.js[0m) [31mloaded local configs as "{}"[0m
2023-08-16 11:32:28.206 +0530 [debug] ([34mconfigs.js[0m) [31mloaded env configs as "{"updates":{},"log":{},"javascript":{},"request":{"timeout":5000}}"[0m
2023-08-16 11:32:28.206 +0530 [debug] ([34mconfigs.js[0m) [31mloaded resolved configs as "{"updates":{"manifest_url":"https://cdn.freshdev.io/assets/fdk/updates.json","period":24},"log":{"level":"info"},"javascript":{"ecma_version":2020},"request":{"timeout":5000}}"[0m
2023-08-16 11:32:28.206 +0530 [debug] ([34mlogger.js[0m) [31mStarting FDK in node v18.16.1 on win32[0m
2023-08-16 11:32:28.206 +0530 [debug] ([34msequelize.js[0m) [31msetting up sqilite at "C:\Users\Hariharan\Documents\freshdeskInterfaceMethods/.fdk/store.sqlite"[0m
2023-08-16 11:32:28.207 +0530 [debug] ([34mdata.js[0m) [31mRead {"version_details":{"cli":{"deprecated":{"version":"<9","message":"This FDK version will be deprecated by September 30, 2023 There will be no further feature updates to this version. For a seamless app building experience, ensure to move to the latest FDK version. For more information, see https://developers.freshdesk.com/v2/docs/migration-overview/#latest_platform_version_migration."},"forced":{"version":"7.0.0","command":"npm install https://dl.freshdev.io/cli/fdk-7.0.0.tgz -g","message":"Your FDK version has been forced updated to v7.0.0, please visit https://community.developers.freshworks.com/t/fdk-v7-0-announcing-node-js-v12-and-es6-support/3606 to know more"},"latest":{"version":"9.0.4","command":"npm install https://cdn.freshdev.io/fdk/latest.tgz -g","message":"You are on the latest FDK version. For information on the features available as part of this FDK version, see https://developers.freshdesk.com/v2/docs/what's-new/ ."}},"addon":{"version":"1.13.5","url":"https://cdn.freshdev.io/assets/fdk/addons/addon.zip"}},"last_updated":{"time_stamp":1691995565659}}[0m
2023-08-16 11:32:28.207 +0530 [debug] ([34mupdater.js[0m) [31mlast check more than 24 hours ago, looking for updates again[0m
2023-08-16 11:32:28.429 +0530 [debug] ([34mupdater.js[0m) [31mdownloaded update manifest as {"cli":{"deprecated":{"version":"<9","message":"This FDK version will be deprecated by September 30, 2023 There will be no further feature updates to this version. For a seamless app building experience, ensure to move to the latest FDK version. For more information, see https://developers.freshdesk.com/v2/docs/migration-overview/#latest_platform_version_migration."},"forced":{"version":"7.0.0","command":"npm install https://dl.freshdev.io/cli/fdk-7.0.0.tgz -g","message":"Your FDK version has been forced updated to v7.0.0, please visit https://community.developers.freshworks.com/t/fdk-v7-0-announcing-node-js-v12-and-es6-support/3606 to know more"},"latest":{"version":"9.0.4","command":"npm install https://cdn.freshdev.io/fdk/latest.tgz -g","message":"You are on the latest FDK version. For information on the features available as part of this FDK version, see https://developers.freshdesk.com/v2/docs/what's-new/ ."}},"addon":{"version":"1.13.5","url":"https://cdn.freshdev.io/assets/fdk/addons/addon.zip"}}[0m
2023-08-16 11:32:28.431 +0530 [debug] ([34mdata.js[0m) [31mRead {"version_details":{"cli":{"deprecated":{"version":"<9","message":"This FDK version will be deprecated by September 30, 2023 There will be no further feature updates to this version. For a seamless app building experience, ensure to move to the latest FDK version. For more information, see https://developers.freshdesk.com/v2/docs/migration-overview/#latest_platform_version_migration."},"forced":{"version":"7.0.0","command":"npm install https://dl.freshdev.io/cli/fdk-7.0.0.tgz -g","message":"Your FDK version has been forced updated to v7.0.0, please visit https://community.developers.freshworks.com/t/fdk-v7-0-announcing-node-js-v12-and-es6-support/3606 to know more"},"latest":{"version":"9.0.4","command":"npm install https://cdn.freshdev.io/fdk/latest.tgz -g","message":"You are on the latest FDK version. For information on the features available as part of this FDK version, see https://developers.freshdesk.com/v2/docs/what's-new/ ."}},"addon":{"version":"1.13.5","url":"https://cdn.freshdev.io/assets/fdk/addons/addon.zip"}},"last_updated":{"time_stamp":1691995565659}}[0m
2023-08-16 11:32:28.432 +0530 [debug] ([34mdata.js[0m) [31mRead {"version_details":{"cli":{"deprecated":{"version":"<9","message":"This FDK version will be deprecated by September 30, 2023 There will be no further feature updates to this version. For a seamless app building experience, ensure to move to the latest FDK version. For more information, see https://developers.freshdesk.com/v2/docs/migration-overview/#latest_platform_version_migration."},"forced":{"version":"7.0.0","command":"npm install https://dl.freshdev.io/cli/fdk-7.0.0.tgz -g","message":"Your FDK version has been forced updated to v7.0.0, please visit https://community.developers.freshworks.com/t/fdk-v7-0-announcing-node-js-v12-and-es6-support/3606 to know more"},"latest":{"version":"9.0.4","command":"npm install https://cdn.freshdev.io/fdk/latest.tgz -g","message":"You are on the latest FDK version. For information on the features available as part of this FDK version, see https://developers.freshdesk.com/v2/docs/what's-new/ ."}},"addon":{"version":"1.13.5","url":"https://cdn.freshdev.io/assets/fdk/addons/addon.zip"}},"last_updated":{"time_stamp":1691995565659}}[0m
2023-08-16 11:32:28.435 +0530 [debug] ([34mdata.js[0m) [31mRead {"version_details":{"cli":{"deprecated":{"version":"<9","message":"This FDK version will be deprecated by September 30, 2023 There will be no further feature updates to this version. For a seamless app building experience, ensure to move to the latest FDK version. For more information, see https://developers.freshdesk.com/v2/docs/migration-overview/#latest_platform_version_migration."},"forced":{"version":"7.0.0","command":"npm install https://dl.freshdev.io/cli/fdk-7.0.0.tgz -g","message":"Your FDK version has been forced updated to v7.0.0, please visit https://community.developers.freshworks.com/t/fdk-v7-0-announcing-node-js-v12-and-es6-support/3606 to know more"},"latest":{"version":"9.0.4","command":"npm install https://cdn.freshdev.io/fdk/latest.tgz -g","message":"You are on the latest FDK version. For information on the features available as part of this FDK version, see https://developers.freshdesk.com/v2/docs/what's-new/ ."}},"addon":{"version":"1.13.5","url":"https://cdn.freshdev.io/assets/fdk/addons/addon.zip"}},"last_updated":{"time_stamp":1691995565659}}[0m
2023-08-16 11:32:32.921 +0530 [debug] ([34mupdater.js[0m) [31muser responded to update prompt with "false"[0m
2023-08-16 11:32:32.926 +0530 [debug] ([34mindex.js[0m) [31mrunning with opts {}[0m
2023-08-16 11:32:33.288 +0530 [debug] ([34mmanifest.js[0m) [31mReloading manifest with {"platform-version":"2.3","product":{"freshdesk":{"location":{"ticket_sidebar":{"url":"index.html","icon":"styles/images/icon.svg"}}}},"engines":{"node":"18.15.0","fdk":"9.0.0"}}.[0m
2023-08-16 11:32:33.289 +0530 [debug] ([34mmanifest.js[0m) [31mInferred db as features.[0m
2023-08-16 11:32:33.293 +0530 [debug] ([34mdata.js[0m) [31mRead {"version_details":{"cli":{"deprecated":{"version":"<9","message":"This FDK version will be deprecated by September 30, 2023 There will be no further feature updates to this version. For a seamless app building experience, ensure to move to the latest FDK version. For more information, see https://developers.freshdesk.com/v2/docs/migration-overview/#latest_platform_version_migration."},"forced":{"version":"7.0.0","command":"npm install https://dl.freshdev.io/cli/fdk-7.0.0.tgz -g","message":"Your FDK version has been forced updated to v7.0.0, please visit https://community.developers.freshworks.com/t/fdk-v7-0-announcing-node-js-v12-and-es6-support/3606 to know more"},"latest":{"version":"9.0.4","command":"npm install https://cdn.freshdev.io/fdk/latest.tgz -g","message":"You are on the latest FDK version. For information on the features available as part of this FDK version, see https://developers.freshdesk.com/v2/docs/what's-new/ ."}},"addon":{"version":"1.13.5","url":"https://cdn.freshdev.io/assets/fdk/addons/addon.zip"}},"last_updated":{"time_stamp":1692165748434}}[0m
2023-08-16 11:32:33.327 +0530 [debug] ([34mdata.js[0m) [31mRead {"version_details":{"cli":{"deprecated":{"version":"<9","message":"This FDK version will be deprecated by September 30, 2023 There will be no further feature updates to this version. For a seamless app building experience, ensure to move to the latest FDK version. For more information, see https://developers.freshdesk.com/v2/docs/migration-overview/#latest_platform_version_migration."},"forced":{"version":"7.0.0","command":"npm install https://dl.freshdev.io/cli/fdk-7.0.0.tgz -g","message":"Your FDK version has been forced updated to v7.0.0, please visit https://community.developers.freshworks.com/t/fdk-v7-0-announcing-node-js-v12-and-es6-support/3606 to know more"},"latest":{"version":"9.0.4","command":"npm install https://cdn.freshdev.io/fdk/latest.tgz -g","message":"You are on the latest FDK version. For information on the features available as part of this FDK version, see https://developers.freshdesk.com/v2/docs/what's-new/ ."}},"addon":{"version":"1.13.5","url":"https://cdn.freshdev.io/assets/fdk/addons/addon.zip"}},"last_updated":{"time_stamp":1692165748434}}[0m
2023-08-16 11:32:33.666 +0530 [debug] ([34mfile.js[0m) [31mError while requiring C:\Users\Hariharan\Documents\freshdeskInterfaceMethods/.report.json: Cannot find module 'C:\Users\Hariharan\Documents\freshdeskInterfaceMethods/.report.json'
Require stack:
- C:\Users\Hariharan\AppData\Roaming\npm\node_modules\fdk\lib\utils\file.js
- C:\Users\Hariharan\AppData\Roaming\npm\node_modules\fdk\lib\configs.js
- C:\Users\Hariharan\AppData\Roaming\npm\node_modules\fdk\lib\logger.js
- C:\Users\Hariharan\AppData\Roaming\npm\node_modules\fdk\index.js[0m
2023-08-16 11:32:35.176 +0530 [debug] ([34mdata.js[0m) [31mRead {"version_details":{"cli":{"deprecated":{"version":"<9","message":"This FDK version will be deprecated by September 30, 2023 There will be no further feature updates to this version. For a seamless app building experience, ensure to move to the latest FDK version. For more information, see https://developers.freshdesk.com/v2/docs/migration-overview/#latest_platform_version_migration."},"forced":{"version":"7.0.0","command":"npm install https://dl.freshdev.io/cli/fdk-7.0.0.tgz -g","message":"Your FDK version has been forced updated to v7.0.0, please visit https://community.developers.freshworks.com/t/fdk-v7-0-announcing-node-js-v12-and-es6-support/3606 to know more"},"latest":{"version":"9.0.4","command":"npm install https://cdn.freshdev.io/fdk/latest.tgz -g","message":"You are on the latest FDK version. For information on the features available as part of this FDK version, see https://developers.freshdesk.com/v2/docs/what's-new/ ."}},"addon":{"version":"1.13.5","url":"https://cdn.freshdev.io/assets/fdk/addons/addon.zip"}},"last_updated":{"time_stamp":1692165748434}}[0m
2023-08-16 11:32:36.494 +0530 [debug] ([34mvalidate.js[0m) [31masked to skip the following validations, [0m
2023-08-16 11:32:36.494 +0530 [debug] ([34mvalidate.js[0m) [31mrunning validator actions[0m
2023-08-16 11:32:36.495 +0530 [debug] ([34mvalidate.js[0m) [31mrunning validator requests[0m
2023-08-16 11:32:36.495 +0530 [debug] ([34mvalidate.js[0m) [31mrunning validator app-dir[0m
2023-08-16 11:32:36.496 +0530 [debug] ([34mvalidate.js[0m) [31mrunning validator config-dir[0m
2023-08-16 11:32:36.496 +0530 [debug] ([34mconfig-dir.js[0m) [31mChecking to see if C:\Users\Hariharan\Documents\freshdeskInterfaceMethods/config/ exists.[0m
2023-08-16 11:32:36.497 +0530 [debug] ([34mconfig-dir.js[0m) [31mFetched the following config files iparams.json[0m
2023-08-16 11:32:36.497 +0530 [debug] ([34mvalidate.js[0m) [31mrunning validator custom-objects[0m
2023-08-16 11:32:36.497 +0530 [debug] ([34mvalidate.js[0m) [31mrunning validator event[0m
2023-08-16 11:32:36.497 +0530 [debug] ([34mvalidate.js[0m) [31mrunning validator iparam[0m
2023-08-16 11:32:36.500 +0530 [debug] ([34mvalidate.js[0m) [31mrunning validator lint[0m
2023-08-16 11:32:36.500 +0530 [debug] ([34mlint.js[0m) [31mpassed fix flag: undefined[0m
2023-08-16 11:32:36.502 +0530 [debug] ([34mlint.js[0m) [31mRunning the following lints on the file app\scripts\app.js : no-caller,no-process-env,complexity,max-nested-callbacks,handle-callback-err,no-eval,no-alert,no-debugger,no-unreachable,no-unhandled-promise,no-logging-rejections,no-non-client-request-model,no-deprecated-apis,no-proxy-requests,no-cross-scope-assign,no-empty-function,no-unused-vars[0m
2023-08-16 11:32:36.562 +0530 [debug] ([34mvalidate.js[0m) [31mrunning validator manifest[0m
2023-08-16 11:32:36.562 +0530 [debug] ([34mvalidate.js[0m) [31mskipping validator manifest-dependency[0m
2023-08-16 11:32:36.563 +0530 [debug] ([34mvalidate.js[0m) [31mrunning validator oauth[0m
2023-08-16 11:32:36.563 +0530 [debug] ([34mvalidate.js[0m) [31mskipping validator pkgsize[0m
2023-08-16 11:32:36.563 +0530 [debug] ([34mvalidate.js[0m) [31mrunning validator schema[0m
2023-08-16 11:32:36.563 +0530 [debug] ([34mvalidate.js[0m) [31mrunning validator version-check[0m
2023-08-16 11:32:36.564 +0530 [info] Minor Node.js mistmatch. App was developed in 18.15.0 and is being run in v18.16.1.
2023-08-16 11:32:36.564 +0530 [info] Node.js version in manfiest is being updated to the current version.
2023-08-16 11:32:36.565 +0530 [debug] ([34mmanifest.js[0m) [31mReloading manifest with {"platform-version":"2.3","product":{"freshdesk":{"location":{"ticket_sidebar":{"url":"index.html","icon":"styles/images/icon.svg"}}}},"engines":{"node":"18.16.1","fdk":"9.0.3"}}.[0m
2023-08-16 11:32:36.565 +0530 [debug] ([34mmanifest.js[0m) [31mInferred db as features.[0m
2023-08-16 11:32:36.570 +0530 [warn] Please ensure that the following are addressed for quick review process:
2023-08-16 11:32:36.571 +0530 [warn] [33m‼[39m app\scripts\app.js::1: Expected rejection to be handled.
2023-08-16 11:32:36.571 +0530 [warn] [33m‼[39m app\scripts\app.js::13: refrain from simply logging errors.
2023-08-16 11:32:36.571 +0530 [warn] [33m‼[39m app\scripts\app.js::27: refrain from simply logging errors.
2023-08-16 11:32:36.571 +0530 [warn] [33m‼[39m app\scripts\app.js::42: refrain from simply logging errors.
2023-08-16 11:32:36.571 +0530 [warn] [33m‼[39m app\scripts\app.js::55: refrain from simply logging errors.
2023-08-16 11:32:36.572 +0530 [error] 
2023-08-16 11:32:36.573 +0530 [debug] ([34mwatcher.js[0m) [31mPreparing to watch the following files ./app,./config,./manifest.json[0m
2023-08-16 11:32:36.580 +0530 [debug] ([34mdata.js[0m) [31mRead {}[0m
2023-08-16 11:32:36.580 +0530 [debug] ([34mcustom-objects.js[0m) [31mto force or not? undefined[0m
2023-08-16 11:32:36.580 +0530 [debug] ([34mcustom-objects.js[0m) [31mbeginning to re-sync db[0m
2023-08-16 11:32:36.745 +0530 [debug] ([34mindex.js[0m) [31mloading model at "C:\Users\Hariharan\AppData\Roaming\npm\node_modules\fdk\lib\models\bigint-pivot.js"[0m
2023-08-16 11:32:36.748 +0530 [debug] ([34mindex.js[0m) [31mloading model at "C:\Users\Hariharan\AppData\Roaming\npm\node_modules\fdk\lib\models\entity-field-choice.js"[0m
2023-08-16 11:32:36.750 +0530 [debug] ([34mindex.js[0m) [31mloading model at "C:\Users\Hariharan\AppData\Roaming\npm\node_modules\fdk\lib\models\entity-field.js"[0m
2023-08-16 11:32:36.751 +0530 [debug] ([34mindex.js[0m) [31mloading model at "C:\Users\Hariharan\AppData\Roaming\npm\node_modules\fdk\lib\models\entity.js"[0m
2023-08-16 11:32:36.752 +0530 [debug] ([34mindex.js[0m) [31mloading model at "C:\Users\Hariharan\AppData\Roaming\npm\node_modules\fdk\lib\models\record.js"[0m
2023-08-16 11:32:36.753 +0530 [debug] ([34mindex.js[0m) [31mloading model at "C:\Users\Hariharan\AppData\Roaming\npm\node_modules\fdk\lib\models\string-pivot.js"[0m
2023-08-16 11:32:36.765 +0530 [debug] ([34mdata.js[0m) [31mRead {}[0m
2023-08-16 11:32:36.766 +0530 [debug] ([34mcustom-objects.js[0m) [31mupdated local store with latest entity hash[0m
2023-08-16 11:32:36.766 +0530 [info] Starting local testing server at http://*:10001/    
Append 'dev=true' to your Freshdesk account URL to start testing    
e.g. https://domain.freshdesk.com/a/tickets/1?dev=true    
Quit the server with Control-C.
2023-08-16 11:34:46.613 +0530 [debug] ([34mdata.js[0m) [31mRead {}[0m
2023-08-16 11:34:46.615 +0530 [debug] ([34miframe.js[0m) [31mResponding to product with {"configs":{},"displayName":"freshdeskInterfaceMethods","product":{"freshdesk":{"location":{"ticket_sidebar":{"url":"agent/index.html","icon":"agent/styles/images/icon.svg"}}}},"features":["db"],"actions":false,"omni":false,"products":["freshdesk"],"platform":"2.3","isInstall":false,"v2":[]}[0m
2023-08-16 11:34:46.859 +0530 [debug] ([34mdata.js[0m) [31mRead {}[0m
2023-08-16 11:34:46.859 +0530 [debug] ([34miframe.js[0m) [31mResponding to product with {"configs":{},"displayName":"freshdeskInterfaceMethods","product":{"freshdesk":{"location":{"ticket_sidebar":{"url":"agent/index.html","icon":"agent/styles/images/icon.svg"}}}},"features":["db"],"actions":false,"omni":false,"products":["freshdesk"],"platform":"2.3","isInstall":false,"v2":[]}[0m
2023-08-16 11:34:47.102 +0530 [debug] ([34mdata.js[0m) [31mRead {}[0m
2023-08-16 11:34:47.103 +0530 [debug] ([34miframe.js[0m) [31mResponding to product with {"configs":{},"displayName":"freshdeskInterfaceMethods","product":{"freshdesk":{"location":{"ticket_sidebar":{"url":"agent/index.html","icon":"agent/styles/images/icon.svg"}}}},"features":["db"],"actions":false,"omni":false,"products":["freshdesk"],"platform":"2.3","isInstall":false,"v2":[]}[0m
2023-08-16 11:35:06.845 +0530 [debug] ([34mdata.js[0m) [31mRead {}[0m
2023-08-16 11:35:06.846 +0530 [debug] ([34miframe.js[0m) [31mResponding to product with {"configs":{},"displayName":"freshdeskInterfaceMethods","product":{"freshdesk":{"location":{"ticket_sidebar":{"url":"agent/index.html","icon":"agent/styles/images/icon.svg"}}}},"features":["db"],"actions":false,"omni":false,"products":["freshdesk"],"platform":"2.3","isInstall":false,"v2":[]}[0m
2023-08-16 11:35:07.502 +0530 [debug] ([34mdata.js[0m) [31mRead {}[0m
2023-08-16 11:35:07.503 +0530 [debug] ([34miframe.js[0m) [31mResponding to product with {"configs":{},"displayName":"freshdeskInterfaceMethods","product":{"freshdesk":{"location":{"ticket_sidebar":{"url":"agent/index.html","icon":"agent/styles/images/icon.svg"}}}},"features":["db"],"actions":false,"omni":false,"products":["freshdesk"],"platform":"2.3","isInstall":false,"v2":[]}[0m
2023-08-16 11:35:07.808 +0530 [debug] ([34mdata.js[0m) [31mRead {}[0m
2023-08-16 11:35:07.808 +0530 [debug] ([34miframe.js[0m) [31mResponding to product with {"configs":{},"displayName":"freshdeskInterfaceMethods","product":{"freshdesk":{"location":{"ticket_sidebar":{"url":"agent/index.html","icon":"agent/styles/images/icon.svg"}}}},"features":["db"],"actions":false,"omni":false,"products":["freshdesk"],"platform":"2.3","isInstall":false,"v2":[]}[0m
2023-08-16 11:35:08.042 +0530 [debug] ([34mdata.js[0m) [31mRead {}[0m
2023-08-16 11:35:08.043 +0530 [debug] ([34miframe.js[0m) [31mResponding to product with {"configs":{},"displayName":"freshdeskInterfaceMethods","product":{"freshdesk":{"location":{"ticket_sidebar":{"url":"agent/index.html","icon":"agent/styles/images/icon.svg"}}}},"features":["db"],"actions":false,"omni":false,"products":["freshdesk"],"platform":"2.3","isInstall":false,"v2":[]}[0m
2023-08-16 11:35:08.300 +0530 [debug] ([34mdata.js[0m) [31mRead {}[0m
2023-08-16 11:35:08.301 +0530 [debug] ([34miframe.js[0m) [31mResponding to product with {"configs":{},"displayName":"freshdeskInterfaceMethods","product":{"freshdesk":{"location":{"ticket_sidebar":{"url":"agent/index.html","icon":"agent/styles/images/icon.svg"}}}},"features":["db"],"actions":false,"omni":false,"products":["freshdesk"],"platform":"2.3","isInstall":false,"v2":[]}[0m
2023-08-16 11:35:08.537 +0530 [debug] ([34mdata.js[0m) [31mRead {}[0m
2023-08-16 11:35:08.538 +0530 [debug] ([34miframe.js[0m) [31mResponding to product with {"configs":{},"displayName":"freshdeskInterfaceMethods","product":{"freshdesk":{"location":{"ticket_sidebar":{"url":"agent/index.html","icon":"agent/styles/images/icon.svg"}}}},"features":["db"],"actions":false,"omni":false,"products":["freshdesk"],"platform":"2.3","isInstall":false,"v2":[]}[0m
2023-08-16 11:35:08.771 +0530 [debug] ([34mdata.js[0m) [31mRead {}[0m
2023-08-16 11:35:08.772 +0530 [debug] ([34miframe.js[0m) [31mResponding to product with {"configs":{},"displayName":"freshdeskInterfaceMethods","product":{"freshdesk":{"location":{"ticket_sidebar":{"url":"agent/index.html","icon":"agent/styles/images/icon.svg"}}}},"features":["db"],"actions":false,"omni":false,"products":["freshdesk"],"platform":"2.3","isInstall":false,"v2":[]}[0m
2023-08-16 11:35:09.002 +0530 [debug] ([34mdata.js[0m) [31mRead {}[0m
2023-08-16 11:35:09.003 +0530 [debug] ([34miframe.js[0m) [31mResponding to product with {"configs":{},"displayName":"freshdeskInterfaceMethods","product":{"freshdesk":{"location":{"ticket_sidebar":{"url":"agent/index.html","icon":"agent/styles/images/icon.svg"}}}},"features":["db"],"actions":false,"omni":false,"products":["freshdesk"],"platform":"2.3","isInstall":false,"v2":[]}[0m
2023-08-16 11:35:09.243 +0530 [debug] ([34mdata.js[0m) [31mRead {}[0m
2023-08-16 11:35:09.243 +0530 [debug] ([34miframe.js[0m) [31mResponding to product with {"configs":{},"displayName":"freshdeskInterfaceMethods","product":{"freshdesk":{"location":{"ticket_sidebar":{"url":"agent/index.html","icon":"agent/styles/images/icon.svg"}}}},"features":["db"],"actions":false,"omni":false,"products":["freshdesk"],"platform":"2.3","isInstall":false,"v2":[]}[0m
2023-08-16 11:35:09.265 +0530 [debug] ([34miframe.js[0m) [31mResponding with contents of /index.html[0m
2023-08-16 11:46:25.999 +0530 [debug] ([34mwatcher.js[0m) [31mBroadcasted "{"file":"app\\index.html"}" to all listeners.[0m
2023-08-16 11:46:26.016 +0530 [debug] ([34miframe.js[0m) [31mResponding with contents of /index.html[0m
2023-08-16 11:46:26.435 +0530 [debug] ([34mwatcher.js[0m) [31mBroadcasted "{"file":"app\\index.html"}" to all listeners.[0m
2023-08-16 11:46:26.444 +0530 [debug] ([34miframe.js[0m) [31mResponding with contents of /index.html[0m
2023-08-16 11:46:26.544 +0530 [debug] ([34mwatcher.js[0m) [31mBroadcasted "{"file":"app\\index.html"}" to all listeners.[0m
2023-08-16 11:46:26.571 +0530 [debug] ([34miframe.js[0m) [31mResponding with contents of /index.html[0m
2023-08-16 11:46:26.652 +0530 [debug] ([34mwatcher.js[0m) [31mBroadcasted "{"file":"app\\index.html"}" to all listeners.[0m
2023-08-16 11:46:26.659 +0530 [debug] ([34miframe.js[0m) [31mResponding with contents of /index.html[0m
2023-08-16 11:46:26.759 +0530 [debug] ([34mwatcher.js[0m) [31mBroadcasted "{"file":"app\\index.html"}" to all listeners.[0m
2023-08-16 11:46:26.767 +0530 [debug] ([34miframe.js[0m) [31mResponding with contents of /index.html[0m
2023-08-16 11:46:44.719 +0530 [debug] ([34mwatcher.js[0m) [31mBroadcasted "{"file":"app\\index.html"}" to all listeners.[0m
2023-08-16 11:46:44.727 +0530 [debug] ([34miframe.js[0m) [31mResponding with contents of /index.html[0m
2023-08-16 11:46:45.155 +0530 [debug] ([34mwatcher.js[0m) [31mBroadcasted "{"file":"app\\index.html"}" to all listeners.[0m
2023-08-16 11:46:45.163 +0530 [debug] ([34miframe.js[0m) [31mResponding with contents of /index.html[0m
2023-08-16 11:47:31.984 +0530 [debug] ([34mwatcher.js[0m) [31mBroadcasted "{"file":"app\\index.html"}" to all listeners.[0m
2023-08-16 11:47:31.996 +0530 [debug] ([34miframe.js[0m) [31mResponding with contents of /index.html[0m
2023-08-16 11:47:32.421 +0530 [debug] ([34mwatcher.js[0m) [31mBroadcasted "{"file":"app\\index.html"}" to all listeners.[0m
2023-08-16 11:47:32.426 +0530 [debug] ([34miframe.js[0m) [31mResponding with contents of /index.html[0m
2023-08-16 11:47:32.529 +0530 [debug] ([34mwatcher.js[0m) [31mBroadcasted "{"file":"app\\index.html"}" to all listeners.[0m
2023-08-16 11:47:32.536 +0530 [debug] ([34miframe.js[0m) [31mResponding with contents of /index.html[0m
2023-08-16 11:47:32.639 +0530 [debug] ([34mwatcher.js[0m) [31mBroadcasted "{"file":"app\\index.html"}" to all listeners.[0m
2023-08-16 11:47:32.647 +0530 [debug] ([34miframe.js[0m) [31mResponding with contents of /index.html[0m
2023-08-16 11:47:32.749 +0530 [debug] ([34mwatcher.js[0m) [31mBroadcasted "{"file":"app\\index.html"}" to all listeners.[0m
2023-08-16 11:47:32.758 +0530 [debug] ([34miframe.js[0m) [31mResponding with contents of /index.html[0m
2023-08-16 11:48:27.581 +0530 [debug] ([34mwatcher.js[0m) [31mBroadcasted "{"file":"app\\index.html"}" to all listeners.[0m
2023-08-16 11:48:27.588 +0530 [debug] ([34miframe.js[0m) [31mResponding with contents of /index.html[0m
2023-08-16 11:48:27.602 +0530 [debug] ([34miframe.js[0m) [31mResponding with contents of /scripts/app.js[0m
2023-08-16 11:48:27.603 +0530 [debug] ([34mcoverage.js[0m) [31mInstrumenting C:\Users\Hariharan\Documents\freshdeskInterfaceMethods\app\scripts\app.js[0m
2023-08-16 11:48:28.036 +0530 [debug] ([34mwatcher.js[0m) [31mBroadcasted "{"file":"app\\index.html"}" to all listeners.[0m
2023-08-16 11:48:28.042 +0530 [debug] ([34miframe.js[0m) [31mResponding with contents of /index.html[0m
2023-08-16 11:48:28.143 +0530 [debug] ([34mwatcher.js[0m) [31mBroadcasted "{"file":"app\\index.html"}" to all listeners.[0m
2023-08-16 11:48:28.151 +0530 [debug] ([34miframe.js[0m) [31mResponding with contents of /index.html[0m
2023-08-16 11:48:28.169 +0530 [debug] ([34miframe.js[0m) [31mResponding with contents of /scripts/app.js[0m
2023-08-16 11:48:28.170 +0530 [debug] ([34mcoverage.js[0m) [31mInstrumenting C:\Users\Hariharan\Documents\freshdeskInterfaceMethods\app\scripts\app.js[0m
2023-08-16 11:48:28.252 +0530 [debug] ([34mwatcher.js[0m) [31mBroadcasted "{"file":"app\\index.html"}" to all listeners.[0m
2023-08-16 11:48:28.259 +0530 [debug] ([34miframe.js[0m) [31mResponding with contents of /index.html[0m
2023-08-16 11:48:28.276 +0530 [debug] ([34miframe.js[0m) [31mResponding with contents of /scripts/app.js[0m
2023-08-16 11:48:28.277 +0530 [debug] ([34mcoverage.js[0m) [31mInstrumenting C:\Users\Hariharan\Documents\freshdeskInterfaceMethods\app\scripts\app.js[0m
2023-08-16 11:48:28.363 +0530 [debug] ([34mwatcher.js[0m) [31mBroadcasted "{"file":"app\\index.html"}" to all listeners.[0m
2023-08-16 11:48:28.370 +0530 [debug] ([34miframe.js[0m) [31mResponding with contents of /index.html[0m
2023-08-16 11:48:28.390 +0530 [debug] ([34miframe.js[0m) [31mResponding with contents of /scripts/app.js[0m
2023-08-16 11:48:28.391 +0530 [debug] ([34mcoverage.js[0m) [31mInstrumenting C:\Users\Hariharan\Documents\freshdeskInterfaceMethods\app\scripts\app.js[0m
2023-08-16 11:48:30.730 +0530 [debug] ([34mcoverage.js[0m) [31mWriting coverage.[0m
2023-08-16 11:48:44.467 +0530 [debug] ([34mcoverage.js[0m) [31mWriting coverage.[0m
2023-08-16 11:49:21.810 +0530 [debug] ([34mwatcher.js[0m) [31mBroadcasted "{"file":"app\\index.html"}" to all listeners.[0m
2023-08-16 11:49:21.823 +0530 [debug] ([34miframe.js[0m) [31mResponding with contents of /index.html[0m
2023-08-16 11:49:21.840 +0530 [debug] ([34miframe.js[0m) [31mResponding with contents of /scripts/app.js[0m
2023-08-16 11:49:21.841 +0530 [debug] ([34mcoverage.js[0m) [31mInstrumenting C:\Users\Hariharan\Documents\freshdeskInterfaceMethods\app\scripts\app.js[0m
2023-08-16 11:49:24.706 +0530 [debug] ([34mcoverage.js[0m) [31mWriting coverage.[0m
2023-08-16 11:51:53.131 +0530 [debug] ([34mwatcher.js[0m) [31mBroadcasted "{"file":"app\\index.html"}" to all listeners.[0m
2023-08-16 11:51:53.137 +0530 [debug] ([34miframe.js[0m) [31mResponding with contents of /index.html[0m
2023-08-16 11:51:53.154 +0530 [debug] ([34miframe.js[0m) [31mResponding with contents of /scripts/app.js[0m
2023-08-16 11:51:53.154 +0530 [debug] ([34mcoverage.js[0m) [31mInstrumenting C:\Users\Hariharan\Documents\freshdeskInterfaceMethods\app\scripts\app.js[0m
2023-08-16 11:51:53.564 +0530 [debug] ([34mwatcher.js[0m) [31mBroadcasted "{"file":"app\\index.html"}" to all listeners.[0m
2023-08-16 11:51:53.574 +0530 [debug] ([34miframe.js[0m) [31mResponding with contents of /index.html[0m
2023-08-16 11:51:53.591 +0530 [debug] ([34miframe.js[0m) [31mResponding with contents of /scripts/app.js[0m
2023-08-16 11:51:53.592 +0530 [debug] ([34mcoverage.js[0m) [31mInstrumenting C:\Users\Hariharan\Documents\freshdeskInterfaceMethods\app\scripts\app.js[0m
2023-08-16 11:51:53.674 +0530 [debug] ([34mwatcher.js[0m) [31mBroadcasted "{"file":"app\\index.html"}" to all listeners.[0m
2023-08-16 11:51:53.693 +0530 [debug] ([34miframe.js[0m) [31mResponding with contents of /index.html[0m
2023-08-16 11:51:53.711 +0530 [debug] ([34miframe.js[0m) [31mResponding with contents of /scripts/app.js[0m
2023-08-16 11:51:53.712 +0530 [debug] ([34mcoverage.js[0m) [31mInstrumenting C:\Users\Hariharan\Documents\freshdeskInterfaceMethods\app\scripts\app.js[0m
2023-08-16 11:51:55.744 +0530 [debug] ([34mcoverage.js[0m) [31mWriting coverage.[0m
2023-08-16 11:52:01.748 +0530 [debug] ([34mcoverage.js[0m) [31mWriting coverage.[0m
2023-08-16 11:53:45.741 +0530 [debug] ([34mcoverage.js[0m) [31mWriting coverage.[0m
2023-08-16 12:00:34.207 +0530 [debug] ([34mwatcher.js[0m) [31mBroadcasted "{"file":"app\\scripts\\app.js"}" to all listeners.[0m
2023-08-16 12:00:34.219 +0530 [debug] ([34miframe.js[0m) [31mResponding with contents of /index.html[0m
2023-08-16 12:00:34.241 +0530 [debug] ([34miframe.js[0m) [31mResponding with contents of /scripts/app.js[0m
2023-08-16 12:00:34.242 +0530 [debug] ([34mcoverage.js[0m) [31mInstrumenting C:\Users\Hariharan\Documents\freshdeskInterfaceMethods\app\scripts\app.js[0m
2023-08-16 12:00:36.706 +0530 [debug] ([34mcoverage.js[0m) [31mWriting coverage.[0m
2023-08-16 12:00:54.284 +0530 [debug] ([34mcoverage.js[0m) [31mWriting coverage.[0m
2023-08-16 12:01:17.124 +0530 [debug] ([34mwatcher.js[0m) [31mBroadcasted "{"file":"app\\scripts\\app.js"}" to all listeners.[0m
2023-08-16 12:01:17.141 +0530 [debug] ([34miframe.js[0m) [31mResponding with contents of /index.html[0m
2023-08-16 12:01:17.158 +0530 [debug] ([34miframe.js[0m) [31mResponding with contents of /scripts/app.js[0m
2023-08-16 12:01:17.159 +0530 [debug] ([34mcoverage.js[0m) [31mInstrumenting C:\Users\Hariharan\Documents\freshdeskInterfaceMethods\app\scripts\app.js[0m
2023-08-16 12:01:17.543 +0530 [debug] ([34mwatcher.js[0m) [31mBroadcasted "{"file":"app\\scripts\\app.js"}" to all listeners.[0m
2023-08-16 12:01:17.552 +0530 [debug] ([34miframe.js[0m) [31mResponding with contents of /index.html[0m
2023-08-16 12:01:17.568 +0530 [debug] ([34miframe.js[0m) [31mResponding with contents of /scripts/app.js[0m
2023-08-16 12:01:17.568 +0530 [debug] ([34mcoverage.js[0m) [31mInstrumenting C:\Users\Hariharan\Documents\freshdeskInterfaceMethods\app\scripts\app.js[0m
2023-08-16 12:01:17.654 +0530 [debug] ([34mwatcher.js[0m) [31mBroadcasted "{"file":"app\\scripts\\app.js"}" to all listeners.[0m
2023-08-16 12:01:19.705 +0530 [debug] ([34mcoverage.js[0m) [31mWriting coverage.[0m
2023-08-16 12:07:57.983 +0530 [debug] ([34mwatcher.js[0m) [31mBroadcasted "{"file":"app\\index.html"}" to all listeners.[0m
2023-08-16 12:07:57.998 +0530 [debug] ([34miframe.js[0m) [31mResponding with contents of /index.html[0m
2023-08-16 12:07:58.018 +0530 [debug] ([34miframe.js[0m) [31mResponding with contents of /scripts/app.js[0m
2023-08-16 12:07:58.018 +0530 [debug] ([34mcoverage.js[0m) [31mInstrumenting C:\Users\Hariharan\Documents\freshdeskInterfaceMethods\app\scripts\app.js[0m
2023-08-16 12:07:58.419 +0530 [debug] ([34mwatcher.js[0m) [31mBroadcasted "{"file":"app\\index.html"}" to all listeners.[0m
2023-08-16 12:07:58.427 +0530 [debug] ([34miframe.js[0m) [31mResponding with contents of /index.html[0m
2023-08-16 12:07:58.444 +0530 [debug] ([34miframe.js[0m) [31mResponding with contents of /scripts/app.js[0m
2023-08-16 12:07:58.445 +0530 [debug] ([34mcoverage.js[0m) [31mInstrumenting C:\Users\Hariharan\Documents\freshdeskInterfaceMethods\app\scripts\app.js[0m
2023-08-16 12:07:58.527 +0530 [debug] ([34mwatcher.js[0m) [31mBroadcasted "{"file":"app\\index.html"}" to all listeners.[0m
2023-08-16 12:08:00.696 +0530 [debug] ([34mcoverage.js[0m) [31mWriting coverage.[0m
2023-08-16 12:08:21.631 +0530 [debug] ([34mwatcher.js[0m) [31mBroadcasted "{"file":"app\\index.html"}" to all listeners.[0m
2023-08-16 12:08:21.639 +0530 [debug] ([34miframe.js[0m) [31mResponding with contents of /index.html[0m
2023-08-16 12:08:21.655 +0530 [debug] ([34miframe.js[0m) [31mResponding with contents of /scripts/app.js[0m
2023-08-16 12:08:21.656 +0530 [debug] ([34mcoverage.js[0m) [31mInstrumenting C:\Users\Hariharan\Documents\freshdeskInterfaceMethods\app\scripts\app.js[0m
2023-08-16 12:08:22.181 +0530 [debug] ([34mwatcher.js[0m) [31mBroadcasted "{"file":"app\\index.html"}" to all listeners.[0m
2023-08-16 12:08:22.191 +0530 [debug] ([34miframe.js[0m) [31mResponding with contents of /index.html[0m
2023-08-16 12:08:22.207 +0530 [debug] ([34miframe.js[0m) [31mResponding with contents of /scripts/app.js[0m
2023-08-16 12:08:22.208 +0530 [debug] ([34mcoverage.js[0m) [31mInstrumenting C:\Users\Hariharan\Documents\freshdeskInterfaceMethods\app\scripts\app.js[0m
2023-08-16 12:08:24.255 +0530 [debug] ([34mcoverage.js[0m) [31mWriting coverage.[0m
2023-08-16 12:08:59.356 +0530 [debug] ([34mwatcher.js[0m) [31mBroadcasted "{"file":"app\\index.html"}" to all listeners.[0m
2023-08-16 12:08:59.368 +0530 [debug] ([34miframe.js[0m) [31mResponding with contents of /index.html[0m
2023-08-16 12:08:59.385 +0530 [debug] ([34miframe.js[0m) [31mResponding with contents of /scripts/app.js[0m
2023-08-16 12:08:59.386 +0530 [debug] ([34mcoverage.js[0m) [31mInstrumenting C:\Users\Hariharan\Documents\freshdeskInterfaceMethods\app\scripts\app.js[0m
2023-08-16 12:09:01.422 +0530 [debug] ([34mcoverage.js[0m) [31mWriting coverage.[0m
2023-08-16 12:09:07.424 +0530 [debug] ([34mcoverage.js[0m) [31mWriting coverage.[0m
2023-08-16 12:10:03.920 +0530 [debug] ([34mwatcher.js[0m) [31mBroadcasted "{"file":"app\\scripts\\app.js"}" to all listeners.[0m
2023-08-16 12:10:03.931 +0530 [debug] ([34miframe.js[0m) [31mResponding with contents of /index.html[0m
2023-08-16 12:10:03.944 +0530 [debug] ([34miframe.js[0m) [31mResponding with contents of /scripts/app.js[0m
2023-08-16 12:10:03.945 +0530 [debug] ([34mcoverage.js[0m) [31mInstrumenting C:\Users\Hariharan\Documents\freshdeskInterfaceMethods\app\scripts\app.js[0m
2023-08-16 12:10:06.703 +0530 [debug] ([34mcoverage.js[0m) [31mWriting coverage.[0m
2023-08-16 12:10:13.994 +0530 [debug] ([34mcoverage.js[0m) [31mWriting coverage.[0m
2023-08-16 12:10:40.913 +0530 [debug] ([34mwatcher.js[0m) [31mBroadcasted "{"file":"app\\scripts\\app.js"}" to all listeners.[0m
2023-08-16 12:10:40.921 +0530 [debug] ([34miframe.js[0m) [31mResponding with contents of /index.html[0m
2023-08-16 12:10:40.940 +0530 [debug] ([34miframe.js[0m) [31mResponding with contents of /scripts/app.js[0m
2023-08-16 12:10:40.941 +0530 [debug] ([34mcoverage.js[0m) [31mInstrumenting C:\Users\Hariharan\Documents\freshdeskInterfaceMethods\app\scripts\app.js[0m
2023-08-16 12:10:43.701 +0530 [debug] ([34mcoverage.js[0m) [31mWriting coverage.[0m
2023-08-16 12:10:50.983 +0530 [debug] ([34mcoverage.js[0m) [31mWriting coverage.[0m
2023-08-16 12:11:07.097 +0530 [debug] ([34mwatcher.js[0m) [31mBroadcasted "{"file":"app\\scripts\\app.js"}" to all listeners.[0m
2023-08-16 12:11:07.105 +0530 [debug] ([34miframe.js[0m) [31mResponding with contents of /index.html[0m
2023-08-16 12:11:07.119 +0530 [debug] ([34miframe.js[0m) [31mResponding with contents of /scripts/app.js[0m
2023-08-16 12:11:07.120 +0530 [debug] ([34mcoverage.js[0m) [31mInstrumenting C:\Users\Hariharan\Documents\freshdeskInterfaceMethods\app\scripts\app.js[0m
2023-08-16 12:11:09.704 +0530 [debug] ([34mcoverage.js[0m) [31mWriting coverage.[0m
2023-08-16 12:11:42.436 +0530 [debug] ([34mwatcher.js[0m) [31mBroadcasted "{"file":"app\\scripts\\app.js"}" to all listeners.[0m
2023-08-16 12:11:42.447 +0530 [debug] ([34miframe.js[0m) [31mResponding with contents of /index.html[0m
2023-08-16 12:11:42.459 +0530 [debug] ([34miframe.js[0m) [31mResponding with contents of /scripts/app.js[0m
2023-08-16 12:11:42.460 +0530 [debug] ([34mcoverage.js[0m) [31mInstrumenting C:\Users\Hariharan\Documents\freshdeskInterfaceMethods\app\scripts\app.js[0m
2023-08-16 12:11:44.705 +0530 [debug] ([34mcoverage.js[0m) [31mWriting coverage.[0m
2023-08-16 12:11:52.520 +0530 [debug] ([34mcoverage.js[0m) [31mWriting coverage.[0m
2023-08-16 12:12:01.322 +0530 [debug] ([34mdata.js[0m) [31mRead {}[0m
2023-08-16 12:12:01.323 +0530 [debug] ([34miframe.js[0m) [31mResponding to product with {"configs":{},"displayName":"freshdeskInterfaceMethods","product":{"freshdesk":{"location":{"ticket_sidebar":{"url":"agent/index.html","icon":"agent/styles/images/icon.svg"}}}},"features":["db"],"actions":false,"omni":false,"products":["freshdesk"],"platform":"2.3","isInstall":false,"v2":[]}[0m
2023-08-16 12:12:03.055 +0530 [debug] ([34mdata.js[0m) [31mRead {}[0m
2023-08-16 12:12:03.055 +0530 [debug] ([34miframe.js[0m) [31mResponding to product with {"configs":{},"displayName":"freshdeskInterfaceMethods","product":{"freshdesk":{"location":{"ticket_sidebar":{"url":"agent/index.html","icon":"agent/styles/images/icon.svg"}}}},"features":["db"],"actions":false,"omni":false,"products":["freshdesk"],"platform":"2.3","isInstall":false,"v2":[]}[0m
2023-08-16 12:12:03.545 +0530 [debug] ([34mdata.js[0m) [31mRead {}[0m
2023-08-16 12:12:03.545 +0530 [debug] ([34miframe.js[0m) [31mResponding to product with {"configs":{},"displayName":"freshdeskInterfaceMethods","product":{"freshdesk":{"location":{"ticket_sidebar":{"url":"agent/index.html","icon":"agent/styles/images/icon.svg"}}}},"features":["db"],"actions":false,"omni":false,"products":["freshdesk"],"platform":"2.3","isInstall":false,"v2":[]}[0m
2023-08-16 12:12:04.066 +0530 [debug] ([34mdata.js[0m) [31mRead {}[0m
2023-08-16 12:12:04.066 +0530 [debug] ([34miframe.js[0m) [31mResponding to product with {"configs":{},"displayName":"freshdeskInterfaceMethods","product":{"freshdesk":{"location":{"ticket_sidebar":{"url":"agent/index.html","icon":"agent/styles/images/icon.svg"}}}},"features":["db"],"actions":false,"omni":false,"products":["freshdesk"],"platform":"2.3","isInstall":false,"v2":[]}[0m
2023-08-16 12:12:04.561 +0530 [debug] ([34mdata.js[0m) [31mRead {}[0m
2023-08-16 12:12:04.562 +0530 [debug] ([34miframe.js[0m) [31mResponding to product with {"configs":{},"displayName":"freshdeskInterfaceMethods","product":{"freshdesk":{"location":{"ticket_sidebar":{"url":"agent/index.html","icon":"agent/styles/images/icon.svg"}}}},"features":["db"],"actions":false,"omni":false,"products":["freshdesk"],"platform":"2.3","isInstall":false,"v2":[]}[0m
2023-08-16 12:12:05.059 +0530 [debug] ([34mdata.js[0m) [31mRead {}[0m
2023-08-16 12:12:05.060 +0530 [debug] ([34miframe.js[0m) [31mResponding to product with {"configs":{},"displayName":"freshdeskInterfaceMethods","product":{"freshdesk":{"location":{"ticket_sidebar":{"url":"agent/index.html","icon":"agent/styles/images/icon.svg"}}}},"features":["db"],"actions":false,"omni":false,"products":["freshdesk"],"platform":"2.3","isInstall":false,"v2":[]}[0m
2023-08-16 12:12:05.554 +0530 [debug] ([34mdata.js[0m) [31mRead {}[0m
2023-08-16 12:12:05.554 +0530 [debug] ([34miframe.js[0m) [31mResponding to product with {"configs":{},"displayName":"freshdeskInterfaceMethods","product":{"freshdesk":{"location":{"ticket_sidebar":{"url":"agent/index.html","icon":"agent/styles/images/icon.svg"}}}},"features":["db"],"actions":false,"omni":false,"products":["freshdesk"],"platform":"2.3","isInstall":false,"v2":[]}[0m
2023-08-16 12:12:06.050 +0530 [debug] ([34mdata.js[0m) [31mRead {}[0m
2023-08-16 12:12:06.050 +0530 [debug] ([34miframe.js[0m) [31mResponding to product with {"configs":{},"displayName":"freshdeskInterfaceMethods","product":{"freshdesk":{"location":{"ticket_sidebar":{"url":"agent/index.html","icon":"agent/styles/images/icon.svg"}}}},"features":["db"],"actions":false,"omni":false,"products":["freshdesk"],"platform":"2.3","isInstall":false,"v2":[]}[0m
2023-08-16 12:12:06.080 +0530 [debug] ([34miframe.js[0m) [31mResponding with contents of /index.html[0m
2023-08-16 12:12:06.109 +0530 [debug] ([34miframe.js[0m) [31mResponding with contents of /scripts/app.js[0m
2023-08-16 12:12:06.109 +0530 [debug] ([34mcoverage.js[0m) [31mInstrumenting C:\Users\Hariharan\Documents\freshdeskInterfaceMethods\app\scripts\app.js[0m
2023-08-16 12:12:06.729 +0530 [debug] ([34mdata.js[0m) [31mRead {}[0m
2023-08-16 12:12:06.729 +0530 [debug] ([34miframe.js[0m) [31mResponding to product with {"configs":{},"displayName":"freshdeskInterfaceMethods","product":{"freshdesk":{"location":{"ticket_sidebar":{"url":"agent/index.html","icon":"agent/styles/images/icon.svg"}}}},"features":["db"],"actions":false,"omni":false,"products":["freshdesk"],"platform":"2.3","isInstall":false,"v2":[]}[0m
2023-08-16 12:12:08.700 +0530 [debug] ([34mcoverage.js[0m) [31mWriting coverage.[0m
2023-08-16 12:13:22.154 +0530 [debug] ([34mcoverage.js[0m) [31mWriting coverage.[0m
2023-08-16 12:13:28.720 +0530 [debug] ([34mwatcher.js[0m) [31mBroadcasted "{"file":"app\\scripts\\app.js"}" to all listeners.[0m
2023-08-16 12:13:28.740 +0530 [debug] ([34miframe.js[0m) [31mResponding with contents of /index.html[0m
2023-08-16 12:13:28.753 +0530 [debug] ([34miframe.js[0m) [31mResponding with contents of /scripts/app.js[0m
2023-08-16 12:13:28.754 +0530 [debug] ([34mcoverage.js[0m) [31mInstrumenting C:\Users\Hariharan\Documents\freshdeskInterfaceMethods\app\scripts\app.js[0m
2023-08-16 12:13:31.699 +0530 [debug] ([34mcoverage.js[0m) [31mWriting coverage.[0m
2023-08-17 19:40:50.508 +0530 [debug] ([34mconfigs.js[0m) [31mloaded default configs as "{"updates":{"manifest_url":"https://cdn.freshdev.io/assets/fdk/updates.json","period":24},"log":{"level":"info"},"javascript":{"ecma_version":2020},"request":{"timeout":5000}}"[0m
2023-08-17 19:40:50.509 +0530 [debug] ([34mfile.js[0m) [31mError while requiring C:\Users\Hariharan/.fdk/configs.json: Cannot find module 'C:\Users\Hariharan/.fdk/configs.json'
Require stack:
- C:\Users\Hariharan\AppData\Roaming\npm\node_modules\fdk\lib\utils\file.js
- C:\Users\Hariharan\AppData\Roaming\npm\node_modules\fdk\lib\configs.js
- C:\Users\Hariharan\AppData\Roaming\npm\node_modules\fdk\lib\logger.js
- C:\Users\Hariharan\AppData\Roaming\npm\node_modules\fdk\index.js[0m
2023-08-17 19:40:50.509 +0530 [debug] ([34mconfigs.js[0m) [31mloaded global configs as "{}"[0m
2023-08-17 19:40:50.509 +0530 [debug] ([34mfile.js[0m) [31mError while requiring C:\Users\Hariharan\Documents\freshdeskInterfaceMethods/.fdk/configs.json: Cannot find module 'C:\Users\Hariharan\Documents\freshdeskInterfaceMethods/.fdk/configs.json'
Require stack:
- C:\Users\Hariharan\AppData\Roaming\npm\node_modules\fdk\lib\utils\file.js
- C:\Users\Hariharan\AppData\Roaming\npm\node_modules\fdk\lib\configs.js
- C:\Users\Hariharan\AppData\Roaming\npm\node_modules\fdk\lib\logger.js
- C:\Users\Hariharan\AppData\Roaming\npm\node_modules\fdk\index.js[0m
2023-08-17 19:40:50.510 +0530 [debug] ([34mconfigs.js[0m) [31mloaded local configs as "{}"[0m
2023-08-17 19:40:50.510 +0530 [debug] ([34mconfigs.js[0m) [31mloaded env configs as "{"updates":{},"log":{},"javascript":{},"request":{"timeout":5000}}"[0m
2023-08-17 19:40:50.510 +0530 [debug] ([34mconfigs.js[0m) [31mloaded resolved configs as "{"updates":{"manifest_url":"https://cdn.freshdev.io/assets/fdk/updates.json","period":24},"log":{"level":"info"},"javascript":{"ecma_version":2020},"request":{"timeout":5000}}"[0m
2023-08-17 19:40:50.510 +0530 [debug] ([34mlogger.js[0m) [31mStarting FDK in node v18.16.1 on win32[0m
2023-08-17 19:40:50.510 +0530 [debug] ([34msequelize.js[0m) [31msetting up sqilite at "C:\Users\Hariharan\Documents\freshdeskInterfaceMethods/.fdk/store.sqlite"[0m
2023-08-17 19:40:50.510 +0530 [debug] ([34mdata.js[0m) [31mRead {"version_details":{"cli":{"deprecated":{"version":"<9","message":"This FDK version will be deprecated by September 30, 2023 There will be no further feature updates to this version. For a seamless app building experience, ensure to move to the latest FDK version. For more information, see https://developers.freshdesk.com/v2/docs/migration-overview/#latest_platform_version_migration."},"forced":{"version":"7.0.0","command":"npm install https://dl.freshdev.io/cli/fdk-7.0.0.tgz -g","message":"Your FDK version has been forced updated to v7.0.0, please visit https://community.developers.freshworks.com/t/fdk-v7-0-announcing-node-js-v12-and-es6-support/3606 to know more"},"latest":{"version":"9.0.4","command":"npm install https://cdn.freshdev.io/fdk/latest.tgz -g","message":"You are on the latest FDK version. For information on the features available as part of this FDK version, see https://developers.freshdesk.com/v2/docs/what's-new/ ."}},"addon":{"version":"1.13.5","url":"https://cdn.freshdev.io/assets/fdk/addons/addon.zip"}},"last_updated":{"time_stamp":1692254042377}}[0m
2023-08-17 19:40:50.510 +0530 [debug] ([34mupdater.js[0m) [31mlast check less than 24 hours ago, not looking for updates[0m
2023-08-17 19:40:50.513 +0530 [debug] ([34mindex.js[0m) [31mrunning with opts {}[0m
2023-08-17 19:40:50.678 +0530 [debug] ([34mmanifest.js[0m) [31mReloading manifest with {"platform-version":"2.3","product":{"freshdesk":{"location":{"ticket_sidebar":{"url":"index.html","icon":"styles/images/icon.svg"}}}},"engines":{"node":"18.16.1","fdk":"9.0.3"}}.[0m
2023-08-17 19:40:50.679 +0530 [debug] ([34mmanifest.js[0m) [31mInferred db as features.[0m
2023-08-17 19:40:50.680 +0530 [debug] ([34mdata.js[0m) [31mRead {"version_details":{"cli":{"deprecated":{"version":"<9","message":"This FDK version will be deprecated by September 30, 2023 There will be no further feature updates to this version. For a seamless app building experience, ensure to move to the latest FDK version. For more information, see https://developers.freshdesk.com/v2/docs/migration-overview/#latest_platform_version_migration."},"forced":{"version":"7.0.0","command":"npm install https://dl.freshdev.io/cli/fdk-7.0.0.tgz -g","message":"Your FDK version has been forced updated to v7.0.0, please visit https://community.developers.freshworks.com/t/fdk-v7-0-announcing-node-js-v12-and-es6-support/3606 to know more"},"latest":{"version":"9.0.4","command":"npm install https://cdn.freshdev.io/fdk/latest.tgz -g","message":"You are on the latest FDK version. For information on the features available as part of this FDK version, see https://developers.freshdesk.com/v2/docs/what's-new/ ."}},"addon":{"version":"1.13.5","url":"https://cdn.freshdev.io/assets/fdk/addons/addon.zip"}},"last_updated":{"time_stamp":1692254042377}}[0m
2023-08-17 19:40:50.693 +0530 [debug] ([34mdata.js[0m) [31mRead {"version_details":{"cli":{"deprecated":{"version":"<9","message":"This FDK version will be deprecated by September 30, 2023 There will be no further feature updates to this version. For a seamless app building experience, ensure to move to the latest FDK version. For more information, see https://developers.freshdesk.com/v2/docs/migration-overview/#latest_platform_version_migration."},"forced":{"version":"7.0.0","command":"npm install https://dl.freshdev.io/cli/fdk-7.0.0.tgz -g","message":"Your FDK version has been forced updated to v7.0.0, please visit https://community.developers.freshworks.com/t/fdk-v7-0-announcing-node-js-v12-and-es6-support/3606 to know more"},"latest":{"version":"9.0.4","command":"npm install https://cdn.freshdev.io/fdk/latest.tgz -g","message":"You are on the latest FDK version. For information on the features available as part of this FDK version, see https://developers.freshdesk.com/v2/docs/what's-new/ ."}},"addon":{"version":"1.13.5","url":"https://cdn.freshdev.io/assets/fdk/addons/addon.zip"}},"last_updated":{"time_stamp":1692254042377}}[0m
2023-08-17 19:40:50.874 +0530 [debug] ([34mfile.js[0m) [31mError while requiring C:\Users\Hariharan\Documents\freshdeskInterfaceMethods/.report.json: Cannot find module 'C:\Users\Hariharan\Documents\freshdeskInterfaceMethods/.report.json'
Require stack:
- C:\Users\Hariharan\AppData\Roaming\npm\node_modules\fdk\lib\utils\file.js
- C:\Users\Hariharan\AppData\Roaming\npm\node_modules\fdk\lib\configs.js
- C:\Users\Hariharan\AppData\Roaming\npm\node_modules\fdk\lib\logger.js
- C:\Users\Hariharan\AppData\Roaming\npm\node_modules\fdk\index.js[0m
2023-08-17 19:40:51.526 +0530 [debug] ([34mdata.js[0m) [31mRead {"version_details":{"cli":{"deprecated":{"version":"<9","message":"This FDK version will be deprecated by September 30, 2023 There will be no further feature updates to this version. For a seamless app building experience, ensure to move to the latest FDK version. For more information, see https://developers.freshdesk.com/v2/docs/migration-overview/#latest_platform_version_migration."},"forced":{"version":"7.0.0","command":"npm install https://dl.freshdev.io/cli/fdk-7.0.0.tgz -g","message":"Your FDK version has been forced updated to v7.0.0, please visit https://community.developers.freshworks.com/t/fdk-v7-0-announcing-node-js-v12-and-es6-support/3606 to know more"},"latest":{"version":"9.0.4","command":"npm install https://cdn.freshdev.io/fdk/latest.tgz -g","message":"You are on the latest FDK version. For information on the features available as part of this FDK version, see https://developers.freshdesk.com/v2/docs/what's-new/ ."}},"addon":{"version":"1.13.5","url":"https://cdn.freshdev.io/assets/fdk/addons/addon.zip"}},"last_updated":{"time_stamp":1692254042377}}[0m
2023-08-17 19:40:52.275 +0530 [debug] ([34mvalidate.js[0m) [31masked to skip the following validations, [0m
2023-08-17 19:40:52.276 +0530 [debug] ([34mvalidate.js[0m) [31mrunning validator actions[0m
2023-08-17 19:40:52.276 +0530 [debug] ([34mvalidate.js[0m) [31mrunning validator requests[0m
2023-08-17 19:40:52.276 +0530 [debug] ([34mvalidate.js[0m) [31mrunning validator app-dir[0m
2023-08-17 19:40:52.277 +0530 [debug] ([34mvalidate.js[0m) [31mrunning validator config-dir[0m
2023-08-17 19:40:52.277 +0530 [debug] ([34mconfig-dir.js[0m) [31mChecking to see if C:\Users\Hariharan\Documents\freshdeskInterfaceMethods/config/ exists.[0m
2023-08-17 19:40:52.277 +0530 [debug] ([34mconfig-dir.js[0m) [31mFetched the following config files iparams.json[0m
2023-08-17 19:40:52.277 +0530 [debug] ([34mvalidate.js[0m) [31mrunning validator custom-objects[0m
2023-08-17 19:40:52.277 +0530 [debug] ([34mvalidate.js[0m) [31mrunning validator event[0m
2023-08-17 19:40:52.277 +0530 [debug] ([34mvalidate.js[0m) [31mrunning validator iparam[0m
2023-08-17 19:40:52.281 +0530 [debug] ([34mvalidate.js[0m) [31mrunning validator lint[0m
2023-08-17 19:40:52.281 +0530 [debug] ([34mlint.js[0m) [31mpassed fix flag: undefined[0m
2023-08-17 19:40:52.285 +0530 [debug] ([34mlint.js[0m) [31mRunning the following lints on the file app\scripts\app.js : no-caller,no-process-env,complexity,max-nested-callbacks,handle-callback-err,no-eval,no-alert,no-debugger,no-unreachable,no-unhandled-promise,no-logging-rejections,no-non-client-request-model,no-deprecated-apis,no-proxy-requests,no-cross-scope-assign,no-empty-function,no-unused-vars[0m
2023-08-17 19:40:52.320 +0530 [debug] ([34mvalidate.js[0m) [31mrunning validator manifest[0m
2023-08-17 19:40:52.320 +0530 [debug] ([34mvalidate.js[0m) [31mskipping validator manifest-dependency[0m
2023-08-17 19:40:52.320 +0530 [debug] ([34mvalidate.js[0m) [31mrunning validator oauth[0m
2023-08-17 19:40:52.320 +0530 [debug] ([34mvalidate.js[0m) [31mskipping validator pkgsize[0m
2023-08-17 19:40:52.320 +0530 [debug] ([34mvalidate.js[0m) [31mrunning validator schema[0m
2023-08-17 19:40:52.320 +0530 [debug] ([34mvalidate.js[0m) [31mrunning validator version-check[0m
2023-08-17 19:40:52.324 +0530 [warn] Please ensure that the following are addressed for quick review process:
2023-08-17 19:40:52.324 +0530 [warn] [33m‼[39m app\scripts\app.js::1: Expected rejection to be handled.
2023-08-17 19:40:52.324 +0530 [warn] [33m‼[39m app\scripts\app.js::14: refrain from simply logging errors.
2023-08-17 19:40:52.324 +0530 [warn] [33m‼[39m app\scripts\app.js::29: refrain from simply logging errors.
2023-08-17 19:40:52.325 +0530 [warn] [33m‼[39m app\scripts\app.js::44: refrain from simply logging errors.
2023-08-17 19:40:52.325 +0530 [warn] [33m‼[39m app\scripts\app.js::58: refrain from simply logging errors.
2023-08-17 19:40:52.325 +0530 [error] 
2023-08-17 19:40:52.326 +0530 [debug] ([34mwatcher.js[0m) [31mPreparing to watch the following files ./app,./config,./manifest.json[0m
2023-08-17 19:40:52.330 +0530 [debug] ([34mdata.js[0m) [31mRead {}[0m
2023-08-17 19:40:52.330 +0530 [debug] ([34mcustom-objects.js[0m) [31mto force or not? undefined[0m
2023-08-17 19:40:52.330 +0530 [debug] ([34mcustom-objects.js[0m) [31mbeginning to re-sync db[0m
2023-08-17 19:40:52.519 +0530 [debug] ([34mindex.js[0m) [31mloading model at "C:\Users\Hariharan\AppData\Roaming\npm\node_modules\fdk\lib\models\bigint-pivot.js"[0m
2023-08-17 19:40:52.520 +0530 [debug] ([34mindex.js[0m) [31mloading model at "C:\Users\Hariharan\AppData\Roaming\npm\node_modules\fdk\lib\models\entity-field-choice.js"[0m
2023-08-17 19:40:52.521 +0530 [debug] ([34mindex.js[0m) [31mloading model at "C:\Users\Hariharan\AppData\Roaming\npm\node_modules\fdk\lib\models\entity-field.js"[0m
2023-08-17 19:40:52.522 +0530 [debug] ([34mindex.js[0m) [31mloading model at "C:\Users\Hariharan\AppData\Roaming\npm\node_modules\fdk\lib\models\entity.js"[0m
2023-08-17 19:40:52.522 +0530 [debug] ([34mindex.js[0m) [31mloading model at "C:\Users\Hariharan\AppData\Roaming\npm\node_modules\fdk\lib\models\record.js"[0m
2023-08-17 19:40:52.523 +0530 [debug] ([34mindex.js[0m) [31mloading model at "C:\Users\Hariharan\AppData\Roaming\npm\node_modules\fdk\lib\models\string-pivot.js"[0m
2023-08-17 19:40:52.535 +0530 [debug] ([34mdata.js[0m) [31mRead {}[0m
2023-08-17 19:40:52.535 +0530 [debug] ([34mcustom-objects.js[0m) [31mupdated local store with latest entity hash[0m
2023-08-17 19:40:52.536 +0530 [info] Starting local testing server at http://*:10001/    
Append 'dev=true' to your Freshdesk account URL to start testing    
e.g. https://domain.freshdesk.com/a/tickets/1?dev=true    
Quit the server with Control-C.
